05-Apr-2022 19:02:08.086 INFO [main] org.apache.catalina.startup.VersionLoggerListener.log Nombre de la versión del servidor: Apache Tomcat/10.0.7
05-Apr-2022 19:02:08.109 INFO [main] org.apache.catalina.startup.VersionLoggerListener.log Server built:                      Jun 8 2021 16:31:06 UTC
05-Apr-2022 19:02:08.109 INFO [main] org.apache.catalina.startup.VersionLoggerListener.log Número de versión de servidor:     10.0.7.0
05-Apr-2022 19:02:08.109 INFO [main] org.apache.catalina.startup.VersionLoggerListener.log OS Name:                           Windows 10
05-Apr-2022 19:02:08.109 INFO [main] org.apache.catalina.startup.VersionLoggerListener.log Versión de Systema Operativo:      10.0
05-Apr-2022 19:02:08.109 INFO [main] org.apache.catalina.startup.VersionLoggerListener.log Arquitectura:                      amd64
05-Apr-2022 19:02:08.110 INFO [main] org.apache.catalina.startup.VersionLoggerListener.log Java Home:                         C:\Program Files\Java\jdk-12
05-Apr-2022 19:02:08.110 INFO [main] org.apache.catalina.startup.VersionLoggerListener.log JVM Version:                       12+33
05-Apr-2022 19:02:08.110 INFO [main] org.apache.catalina.startup.VersionLoggerListener.log Vededor JVM:                       Oracle Corporation
05-Apr-2022 19:02:08.110 INFO [main] org.apache.catalina.startup.VersionLoggerListener.log CATALINA_BASE:                     C:\apache-tomcat-10.0.7
05-Apr-2022 19:02:08.110 INFO [main] org.apache.catalina.startup.VersionLoggerListener.log CATALINA_HOME:                     C:\apache-tomcat-10.0.7
05-Apr-2022 19:02:08.136 INFO [main] org.apache.catalina.startup.VersionLoggerListener.log Command line argument:             --add-opens=java.base/java.lang=ALL-UNNAMED
05-Apr-2022 19:02:08.137 INFO [main] org.apache.catalina.startup.VersionLoggerListener.log Command line argument:             --add-opens=java.base/java.io=ALL-UNNAMED
05-Apr-2022 19:02:08.137 INFO [main] org.apache.catalina.startup.VersionLoggerListener.log Command line argument:             --add-opens=java.base/java.util=ALL-UNNAMED
05-Apr-2022 19:02:08.137 INFO [main] org.apache.catalina.startup.VersionLoggerListener.log Command line argument:             --add-opens=java.base/java.util.concurrent=ALL-UNNAMED
05-Apr-2022 19:02:08.138 INFO [main] org.apache.catalina.startup.VersionLoggerListener.log Command line argument:             --add-opens=java.rmi/sun.rmi.transport=ALL-UNNAMED
05-Apr-2022 19:02:08.138 INFO [main] org.apache.catalina.startup.VersionLoggerListener.log Command line argument:             -Djava.util.logging.config.file=C:\apache-tomcat-10.0.7\conf\logging.properties
05-Apr-2022 19:02:08.138 INFO [main] org.apache.catalina.startup.VersionLoggerListener.log Command line argument:             -Djava.util.logging.manager=org.apache.juli.ClassLoaderLogManager
05-Apr-2022 19:02:08.138 INFO [main] org.apache.catalina.startup.VersionLoggerListener.log Command line argument:             -Dhttp.nonProxyHosts=localhost|127.0.0.1|DESKTOP-EEAA2SF
05-Apr-2022 19:02:08.139 INFO [main] org.apache.catalina.startup.VersionLoggerListener.log Command line argument:             -Djdk.tls.ephemeralDHKeySize=2048
05-Apr-2022 19:02:08.139 INFO [main] org.apache.catalina.startup.VersionLoggerListener.log Command line argument:             -Djava.protocol.handler.pkgs=org.apache.catalina.webresources
05-Apr-2022 19:02:08.139 INFO [main] org.apache.catalina.startup.VersionLoggerListener.log Command line argument:             -Dignore.endorsed.dirs=
05-Apr-2022 19:02:08.139 INFO [main] org.apache.catalina.startup.VersionLoggerListener.log Command line argument:             -Dcatalina.base=C:\apache-tomcat-10.0.7
05-Apr-2022 19:02:08.139 INFO [main] org.apache.catalina.startup.VersionLoggerListener.log Command line argument:             -Dcatalina.home=C:\apache-tomcat-10.0.7
05-Apr-2022 19:02:08.140 INFO [main] org.apache.catalina.startup.VersionLoggerListener.log Command line argument:             -Djava.io.tmpdir=C:\apache-tomcat-10.0.7\temp
05-Apr-2022 19:02:08.509 INFO [main] org.apache.catalina.core.AprLifecycleListener.lifecycleEvent Cargada la biblioteca nativa APR de Apache Tomcat [1.2.30] con la versión APR [1.7.0].
05-Apr-2022 19:02:08.509 INFO [main] org.apache.catalina.core.AprLifecycleListener.lifecycleEvent Capacidades APR: IPv6 [true], enviar fichero [true], aceptar filtros [false], aleatorio [true], UDS [true].
05-Apr-2022 19:02:09.034 INFO [main] org.apache.catalina.core.AprLifecycleListener.initializeSSL OpenSSL inicializado correctamente [OpenSSL 1.1.1k  25 Mar 2021]
05-Apr-2022 19:02:09.962 INFO [main] org.apache.coyote.AbstractProtocol.init Inicializando el manejador de protocolo ["http-nio-8090"]

05-Apr-2022 19:02:10.198 INFO [main] org.apache.catalina.startup.Catalina.load Server initialization in [3071] milliseconds
05-Apr-2022 19:02:10.506 INFO [main] org.apache.catalina.core.StandardService.startInternal Arrancando servicio [Catalina]
05-Apr-2022 19:02:10.507 INFO [main] org.apache.catalina.core.StandardEngine.startInternal Starting Servlet engine: [Apache Tomcat/10.0.7]
05-Apr-2022 19:02:10.580 INFO [main] org.apache.catalina.startup.HostConfig.deployDescriptor Desplieque del descriptor de configuración [C:\apache-tomcat-10.0.7\conf\Catalina\localhost\devTest.xml]
05-Apr-2022 19:02:10.739 WARNING [main] org.apache.catalina.startup.HostConfig.deployDescriptor The path attribute with value [/devTest] in deployment descriptor [C:\apache-tomcat-10.0.7\conf\Catalina\localhost\devTest.xml] has been ignored
05-Apr-2022 19:02:12.583 WARNING [main] org.apache.catalina.util.SessionIdGeneratorBase.createSecureRandom Creation of SecureRandom instance for session ID generation using [SHA1PRNG] took [302] milliseconds.
05-Apr-2022 19:02:12.623 INFO [main] org.apache.catalina.startup.HostConfig.deployDescriptor Deployment of deployment descriptor [C:\apache-tomcat-10.0.7\conf\Catalina\localhost\devTest.xml] has finished in [2.042] ms
05-Apr-2022 19:02:12.624 INFO [main] org.apache.catalina.startup.HostConfig.deployDescriptor Desplieque del descriptor de configuración [C:\apache-tomcat-10.0.7\conf\Catalina\localhost\ROOT.xml]
05-Apr-2022 19:02:12.641 WARNING [main] org.apache.catalina.startup.HostConfig.deployDescriptor The path attribute with value [] in deployment descriptor [C:\apache-tomcat-10.0.7\conf\Catalina\localhost\ROOT.xml] has been ignored
05-Apr-2022 19:02:14.680 INFO [main] org.apache.jasper.servlet.TldScanner.scanJars Al menos un JAR, que se ha explorado buscando TLDs, aún no contenía TLDs. Activar historial de depuración para este historiador para una completa lista de los JARs que fueron explorados y de los que nos se halló TLDs. Saltarse JARs no necesarios durante la exploración puede dar lugar a una mejora de tiempo significativa en el arranque y compilación de JSP .
05-Apr-2022 19:02:14.686 INFO [main] org.apache.catalina.startup.HostConfig.deployDescriptor Deployment of deployment descriptor [C:\apache-tomcat-10.0.7\conf\Catalina\localhost\ROOT.xml] has finished in [2.061] ms
05-Apr-2022 19:02:14.686 INFO [main] org.apache.catalina.startup.HostConfig.deployDescriptor Desplieque del descriptor de configuración [C:\apache-tomcat-10.0.7\conf\Catalina\localhost\sadad.xml]
05-Apr-2022 19:02:14.704 WARNING [main] org.apache.catalina.startup.HostConfig.deployDescriptor The path attribute with value [/sadad] in deployment descriptor [C:\apache-tomcat-10.0.7\conf\Catalina\localhost\sadad.xml] has been ignored
05-Apr-2022 19:02:15.690 INFO [main] org.apache.jasper.servlet.TldScanner.scanJars Al menos un JAR, que se ha explorado buscando TLDs, aún no contenía TLDs. Activar historial de depuración para este historiador para una completa lista de los JARs que fueron explorados y de los que nos se halló TLDs. Saltarse JARs no necesarios durante la exploración puede dar lugar a una mejora de tiempo significativa en el arranque y compilación de JSP .
05-Apr-2022 19:02:15.697 INFO [main] org.apache.catalina.startup.HostConfig.deployDescriptor Deployment of deployment descriptor [C:\apache-tomcat-10.0.7\conf\Catalina\localhost\sadad.xml] has finished in [1.010] ms
05-Apr-2022 19:02:15.697 INFO [main] org.apache.catalina.startup.HostConfig.deployDescriptor Desplieque del descriptor de configuración [C:\apache-tomcat-10.0.7\conf\Catalina\localhost\SERVICIO.xml]
05-Apr-2022 19:02:15.720 WARNING [main] org.apache.catalina.startup.HostConfig.deployDescriptor The path attribute with value [/SERVICIO] in deployment descriptor [C:\apache-tomcat-10.0.7\conf\Catalina\localhost\SERVICIO.xml] has been ignored
05-Apr-2022 19:02:20.653 INFO [main] org.apache.jasper.servlet.TldScanner.scanJars Al menos un JAR, que se ha explorado buscando TLDs, aún no contenía TLDs. Activar historial de depuración para este historiador para una completa lista de los JARs que fueron explorados y de los que nos se halló TLDs. Saltarse JARs no necesarios durante la exploración puede dar lugar a una mejora de tiempo significativa en el arranque y compilación de JSP .
05-Apr-2022 19:02:20.677 SEVERE [main] org.apache.catalina.core.StandardContext.startInternal One or more listeners failed to start. Full details will be found in the appropriate container log file
05-Apr-2022 19:02:20.680 SEVERE [main] org.apache.catalina.core.StandardContext.startInternal Falló en arranque del Contexto [/SERVICIO] debido a errores previos
05-Apr-2022 19:02:20.729 INFO [main] org.apache.catalina.startup.HostConfig.deployDescriptor Deployment of deployment descriptor [C:\apache-tomcat-10.0.7\conf\Catalina\localhost\SERVICIO.xml] has finished in [5.031] ms
05-Apr-2022 19:02:20.729 INFO [main] org.apache.catalina.startup.HostConfig.deployDescriptor Desplieque del descriptor de configuración [C:\apache-tomcat-10.0.7\conf\Catalina\localhost\SOAP.xml]
05-Apr-2022 19:02:20.751 WARNING [main] org.apache.catalina.startup.HostConfig.deployDescriptor The path attribute with value [/SOAP] in deployment descriptor [C:\apache-tomcat-10.0.7\conf\Catalina\localhost\SOAP.xml] has been ignored
05-Apr-2022 19:02:24.743 INFO [main] org.apache.jasper.servlet.TldScanner.scanJars Al menos un JAR, que se ha explorado buscando TLDs, aún no contenía TLDs. Activar historial de depuración para este historiador para una completa lista de los JARs que fueron explorados y de los que nos se halló TLDs. Saltarse JARs no necesarios durante la exploración puede dar lugar a una mejora de tiempo significativa en el arranque y compilación de JSP .
05-Apr-2022 19:02:24.747 SEVERE [main] org.apache.catalina.core.StandardContext.startInternal One or more listeners failed to start. Full details will be found in the appropriate container log file
05-Apr-2022 19:02:24.748 SEVERE [main] org.apache.catalina.core.StandardContext.startInternal Falló en arranque del Contexto [/SOAP] debido a errores previos
05-Apr-2022 19:02:24.764 INFO [main] org.apache.catalina.startup.HostConfig.deployDescriptor Deployment of deployment descriptor [C:\apache-tomcat-10.0.7\conf\Catalina\localhost\SOAP.xml] has finished in [4.035] ms
05-Apr-2022 19:02:24.765 INFO [main] org.apache.catalina.startup.HostConfig.deployDescriptor Desplieque del descriptor de configuración [C:\apache-tomcat-10.0.7\conf\Catalina\localhost\Store.xml]
05-Apr-2022 19:02:24.768 WARNING [main] org.apache.catalina.startup.HostConfig.deployDescriptor The path attribute with value [/Store] in deployment descriptor [C:\apache-tomcat-10.0.7\conf\Catalina\localhost\Store.xml] has been ignored
05-Apr-2022 19:02:27.312 INFO [main] org.apache.jasper.servlet.TldScanner.scanJars Al menos un JAR, que se ha explorado buscando TLDs, aún no contenía TLDs. Activar historial de depuración para este historiador para una completa lista de los JARs que fueron explorados y de los que nos se halló TLDs. Saltarse JARs no necesarios durante la exploración puede dar lugar a una mejora de tiempo significativa en el arranque y compilación de JSP .
05-Apr-2022 19:02:27.372 INFO [main] org.apache.catalina.startup.HostConfig.deployDescriptor Deployment of deployment descriptor [C:\apache-tomcat-10.0.7\conf\Catalina\localhost\Store.xml] has finished in [2.608] ms
05-Apr-2022 19:02:27.373 INFO [main] org.apache.catalina.startup.HostConfig.deployDescriptor Desplieque del descriptor de configuración [C:\apache-tomcat-10.0.7\conf\Catalina\localhost\testAPP.xml]
05-Apr-2022 19:02:27.404 WARNING [main] org.apache.catalina.startup.HostConfig.deployDescriptor The path attribute with value [/testAPP] in deployment descriptor [C:\apache-tomcat-10.0.7\conf\Catalina\localhost\testAPP.xml] has been ignored
05-Apr-2022 19:02:27.653 INFO [main] org.apache.catalina.startup.HostConfig.deployDescriptor Deployment of deployment descriptor [C:\apache-tomcat-10.0.7\conf\Catalina\localhost\testAPP.xml] has finished in [279] ms
05-Apr-2022 19:02:27.653 INFO [main] org.apache.catalina.startup.HostConfig.deployDescriptor Desplieque del descriptor de configuración [C:\apache-tomcat-10.0.7\conf\Catalina\localhost\WebApplication1.xml]
05-Apr-2022 19:02:27.655 WARNING [main] org.apache.catalina.startup.HostConfig.deployDescriptor The path attribute with value [/WebApplication1] in deployment descriptor [C:\apache-tomcat-10.0.7\conf\Catalina\localhost\WebApplication1.xml] has been ignored
05-Apr-2022 19:02:30.125 INFO [main] org.apache.jasper.servlet.TldScanner.scanJars Al menos un JAR, que se ha explorado buscando TLDs, aún no contenía TLDs. Activar historial de depuración para este historiador para una completa lista de los JARs que fueron explorados y de los que nos se halló TLDs. Saltarse JARs no necesarios durante la exploración puede dar lugar a una mejora de tiempo significativa en el arranque y compilación de JSP .
05-Apr-2022 19:02:30.131 SEVERE [main] org.apache.catalina.startup.HostConfig.deployDescriptor Error durante el despliegue del descriptor de configuración [C:\apache-tomcat-10.0.7\conf\Catalina\localhost\WebApplication1.xml]
	java.lang.IllegalStateException: Error starting child
		at org.apache.catalina.core.ContainerBase.addChildInternal(ContainerBase.java:731)
		at org.apache.catalina.core.ContainerBase.addChild(ContainerBase.java:700)
		at org.apache.catalina.core.StandardHost.addChild(StandardHost.java:747)
		at org.apache.catalina.startup.HostConfig.deployDescriptor(HostConfig.java:693)
		at org.apache.catalina.startup.HostConfig$DeployDescriptor.run(HostConfig.java:1979)
		at java.base/java.util.concurrent.Executors$RunnableAdapter.call(Executors.java:515)
		at java.base/java.util.concurrent.FutureTask.run(FutureTask.java:264)
		at org.apache.tomcat.util.threads.InlineExecutorService.execute(InlineExecutorService.java:75)
		at java.base/java.util.concurrent.AbstractExecutorService.submit(AbstractExecutorService.java:118)
		at org.apache.catalina.startup.HostConfig.deployDescriptors(HostConfig.java:586)
		at org.apache.catalina.startup.HostConfig.deployApps(HostConfig.java:476)
		at org.apache.catalina.startup.HostConfig.start(HostConfig.java:1708)
		at org.apache.catalina.startup.HostConfig.lifecycleEvent(HostConfig.java:320)
		at org.apache.catalina.util.LifecycleBase.fireLifecycleEvent(LifecycleBase.java:123)
		at org.apache.catalina.util.LifecycleBase.setStateInternal(LifecycleBase.java:423)
		at org.apache.catalina.util.LifecycleBase.setState(LifecycleBase.java:366)
		at org.apache.catalina.core.ContainerBase.startInternal(ContainerBase.java:948)
		at org.apache.catalina.core.StandardHost.startInternal(StandardHost.java:886)
		at org.apache.catalina.util.LifecycleBase.start(LifecycleBase.java:183)
		at org.apache.catalina.core.ContainerBase$StartChild.call(ContainerBase.java:1398)
		at org.apache.catalina.core.ContainerBase$StartChild.call(ContainerBase.java:1388)
		at java.base/java.util.concurrent.FutureTask.run(FutureTask.java:264)
		at org.apache.tomcat.util.threads.InlineExecutorService.execute(InlineExecutorService.java:75)
		at java.base/java.util.concurrent.AbstractExecutorService.submit(AbstractExecutorService.java:140)
		at org.apache.catalina.core.ContainerBase.startInternal(ContainerBase.java:921)
		at org.apache.catalina.core.StandardEngine.startInternal(StandardEngine.java:263)
		at org.apache.catalina.util.LifecycleBase.start(LifecycleBase.java:183)
		at org.apache.catalina.core.StandardService.startInternal(StandardService.java:437)
		at org.apache.catalina.util.LifecycleBase.start(LifecycleBase.java:183)
		at org.apache.catalina.core.StandardServer.startInternal(StandardServer.java:934)
		at org.apache.catalina.util.LifecycleBase.start(LifecycleBase.java:183)
		at org.apache.catalina.startup.Catalina.start(Catalina.java:795)
		at java.base/jdk.internal.reflect.NativeMethodAccessorImpl.invoke0(Native Method)
		at java.base/jdk.internal.reflect.NativeMethodAccessorImpl.invoke(NativeMethodAccessorImpl.java:62)
		at java.base/jdk.internal.reflect.DelegatingMethodAccessorImpl.invoke(DelegatingMethodAccessorImpl.java:43)
		at java.base/java.lang.reflect.Method.invoke(Method.java:567)
		at org.apache.catalina.startup.Bootstrap.start(Bootstrap.java:345)
		at org.apache.catalina.startup.Bootstrap.main(Bootstrap.java:476)
	Caused by: org.apache.catalina.LifecycleException: Failed to start component [StandardEngine[Catalina].StandardHost[localhost].StandardContext[/WebApplication1]]
		at org.apache.catalina.util.LifecycleBase.handleSubClassException(LifecycleBase.java:440)
		at org.apache.catalina.util.LifecycleBase.start(LifecycleBase.java:198)
		at org.apache.catalina.core.ContainerBase.addChildInternal(ContainerBase.java:728)
		... 37 more
	Caused by: java.lang.NoClassDefFoundError: javax/servlet/ServletRequestListener
		at java.base/java.lang.ClassLoader.defineClass1(Native Method)
		at java.base/java.lang.ClassLoader.defineClass(ClassLoader.java:1016)
		at java.base/java.security.SecureClassLoader.defineClass(SecureClassLoader.java:151)
		at org.apache.catalina.loader.WebappClassLoaderBase.findClassInternal(WebappClassLoaderBase.java:2517)
		at org.apache.catalina.loader.WebappClassLoaderBase.findClass(WebappClassLoaderBase.java:872)
		at org.apache.catalina.loader.WebappClassLoaderBase.loadClass(WebappClassLoaderBase.java:1408)
		at org.apache.catalina.loader.WebappClassLoaderBase.loadClass(WebappClassLoaderBase.java:1252)
		at org.apache.catalina.core.DefaultInstanceManager.loadClass(DefaultInstanceManager.java:540)
		at org.apache.catalina.core.DefaultInstanceManager.loadClassMaybePrivileged(DefaultInstanceManager.java:521)
		at org.apache.catalina.core.DefaultInstanceManager.newInstance(DefaultInstanceManager.java:151)
		at org.apache.catalina.core.ApplicationContext.addListener(ApplicationContext.java:1091)
		at org.apache.catalina.core.ApplicationContextFacade.addListener(ApplicationContextFacade.java:662)
		at org.apache.jasper.servlet.JasperInitializer.onStartup(JasperInitializer.java:92)
		at org.apache.catalina.core.StandardContext.startInternal(StandardContext.java:5168)
		at org.apache.catalina.util.LifecycleBase.start(LifecycleBase.java:183)
		... 38 more
	Caused by: java.lang.ClassNotFoundException: javax.servlet.ServletRequestListener
		at org.apache.catalina.loader.WebappClassLoaderBase.loadClass(WebappClassLoaderBase.java:1444)
		at org.apache.catalina.loader.WebappClassLoaderBase.loadClass(WebappClassLoaderBase.java:1252)
		... 53 more
05-Apr-2022 19:02:30.194 INFO [main] org.apache.catalina.startup.HostConfig.deployDescriptor Deployment of deployment descriptor [C:\apache-tomcat-10.0.7\conf\Catalina\localhost\WebApplication1.xml] has finished in [2.540] ms
05-Apr-2022 19:02:30.195 INFO [main] org.apache.catalina.startup.HostConfig.deployDescriptor Desplieque del descriptor de configuración [C:\apache-tomcat-10.0.7\conf\Catalina\localhost\WebApplication2.xml]
05-Apr-2022 19:02:30.286 WARNING [main] org.apache.catalina.startup.HostConfig.deployDescriptor The path attribute with value [/WebApplication2] in deployment descriptor [C:\apache-tomcat-10.0.7\conf\Catalina\localhost\WebApplication2.xml] has been ignored
05-Apr-2022 19:02:32.480 INFO [main] org.apache.jasper.servlet.TldScanner.scanJars Al menos un JAR, que se ha explorado buscando TLDs, aún no contenía TLDs. Activar historial de depuración para este historiador para una completa lista de los JARs que fueron explorados y de los que nos se halló TLDs. Saltarse JARs no necesarios durante la exploración puede dar lugar a una mejora de tiempo significativa en el arranque y compilación de JSP .
05-Apr-2022 19:02:32.486 SEVERE [main] org.apache.catalina.startup.HostConfig.deployDescriptor Error durante el despliegue del descriptor de configuración [C:\apache-tomcat-10.0.7\conf\Catalina\localhost\WebApplication2.xml]
	java.lang.IllegalStateException: Error starting child
		at org.apache.catalina.core.ContainerBase.addChildInternal(ContainerBase.java:731)
		at org.apache.catalina.core.ContainerBase.addChild(ContainerBase.java:700)
		at org.apache.catalina.core.StandardHost.addChild(StandardHost.java:747)
		at org.apache.catalina.startup.HostConfig.deployDescriptor(HostConfig.java:693)
		at org.apache.catalina.startup.HostConfig$DeployDescriptor.run(HostConfig.java:1979)
		at java.base/java.util.concurrent.Executors$RunnableAdapter.call(Executors.java:515)
		at java.base/java.util.concurrent.FutureTask.run(FutureTask.java:264)
		at org.apache.tomcat.util.threads.InlineExecutorService.execute(InlineExecutorService.java:75)
		at java.base/java.util.concurrent.AbstractExecutorService.submit(AbstractExecutorService.java:118)
		at org.apache.catalina.startup.HostConfig.deployDescriptors(HostConfig.java:586)
		at org.apache.catalina.startup.HostConfig.deployApps(HostConfig.java:476)
		at org.apache.catalina.startup.HostConfig.start(HostConfig.java:1708)
		at org.apache.catalina.startup.HostConfig.lifecycleEvent(HostConfig.java:320)
		at org.apache.catalina.util.LifecycleBase.fireLifecycleEvent(LifecycleBase.java:123)
		at org.apache.catalina.util.LifecycleBase.setStateInternal(LifecycleBase.java:423)
		at org.apache.catalina.util.LifecycleBase.setState(LifecycleBase.java:366)
		at org.apache.catalina.core.ContainerBase.startInternal(ContainerBase.java:948)
		at org.apache.catalina.core.StandardHost.startInternal(StandardHost.java:886)
		at org.apache.catalina.util.LifecycleBase.start(LifecycleBase.java:183)
		at org.apache.catalina.core.ContainerBase$StartChild.call(ContainerBase.java:1398)
		at org.apache.catalina.core.ContainerBase$StartChild.call(ContainerBase.java:1388)
		at java.base/java.util.concurrent.FutureTask.run(FutureTask.java:264)
		at org.apache.tomcat.util.threads.InlineExecutorService.execute(InlineExecutorService.java:75)
		at java.base/java.util.concurrent.AbstractExecutorService.submit(AbstractExecutorService.java:140)
		at org.apache.catalina.core.ContainerBase.startInternal(ContainerBase.java:921)
		at org.apache.catalina.core.StandardEngine.startInternal(StandardEngine.java:263)
		at org.apache.catalina.util.LifecycleBase.start(LifecycleBase.java:183)
		at org.apache.catalina.core.StandardService.startInternal(StandardService.java:437)
		at org.apache.catalina.util.LifecycleBase.start(LifecycleBase.java:183)
		at org.apache.catalina.core.StandardServer.startInternal(StandardServer.java:934)
		at org.apache.catalina.util.LifecycleBase.start(LifecycleBase.java:183)
		at org.apache.catalina.startup.Catalina.start(Catalina.java:795)
		at java.base/jdk.internal.reflect.NativeMethodAccessorImpl.invoke0(Native Method)
		at java.base/jdk.internal.reflect.NativeMethodAccessorImpl.invoke(NativeMethodAccessorImpl.java:62)
		at java.base/jdk.internal.reflect.DelegatingMethodAccessorImpl.invoke(DelegatingMethodAccessorImpl.java:43)
		at java.base/java.lang.reflect.Method.invoke(Method.java:567)
		at org.apache.catalina.startup.Bootstrap.start(Bootstrap.java:345)
		at org.apache.catalina.startup.Bootstrap.main(Bootstrap.java:476)
	Caused by: org.apache.catalina.LifecycleException: Failed to start component [StandardEngine[Catalina].StandardHost[localhost].StandardContext[/WebApplication2]]
		at org.apache.catalina.util.LifecycleBase.handleSubClassException(LifecycleBase.java:440)
		at org.apache.catalina.util.LifecycleBase.start(LifecycleBase.java:198)
		at org.apache.catalina.core.ContainerBase.addChildInternal(ContainerBase.java:728)
		... 37 more
	Caused by: java.lang.NoClassDefFoundError: javax/servlet/ServletRequestListener
		at java.base/java.lang.ClassLoader.defineClass1(Native Method)
		at java.base/java.lang.ClassLoader.defineClass(ClassLoader.java:1016)
		at java.base/java.security.SecureClassLoader.defineClass(SecureClassLoader.java:151)
		at org.apache.catalina.loader.WebappClassLoaderBase.findClassInternal(WebappClassLoaderBase.java:2517)
		at org.apache.catalina.loader.WebappClassLoaderBase.findClass(WebappClassLoaderBase.java:872)
		at org.apache.catalina.loader.WebappClassLoaderBase.loadClass(WebappClassLoaderBase.java:1408)
		at org.apache.catalina.loader.WebappClassLoaderBase.loadClass(WebappClassLoaderBase.java:1252)
		at org.apache.catalina.core.DefaultInstanceManager.loadClass(DefaultInstanceManager.java:540)
		at org.apache.catalina.core.DefaultInstanceManager.loadClassMaybePrivileged(DefaultInstanceManager.java:521)
		at org.apache.catalina.core.DefaultInstanceManager.newInstance(DefaultInstanceManager.java:151)
		at org.apache.catalina.core.ApplicationContext.addListener(ApplicationContext.java:1091)
		at org.apache.catalina.core.ApplicationContextFacade.addListener(ApplicationContextFacade.java:662)
		at org.apache.jasper.servlet.JasperInitializer.onStartup(JasperInitializer.java:92)
		at org.apache.catalina.core.StandardContext.startInternal(StandardContext.java:5168)
		at org.apache.catalina.util.LifecycleBase.start(LifecycleBase.java:183)
		... 38 more
	Caused by: java.lang.ClassNotFoundException: javax.servlet.ServletRequestListener
		at org.apache.catalina.loader.WebappClassLoaderBase.loadClass(WebappClassLoaderBase.java:1444)
		at org.apache.catalina.loader.WebappClassLoaderBase.loadClass(WebappClassLoaderBase.java:1252)
		... 53 more
05-Apr-2022 19:02:32.503 INFO [main] org.apache.catalina.startup.HostConfig.deployDescriptor Deployment of deployment descriptor [C:\apache-tomcat-10.0.7\conf\Catalina\localhost\WebApplication2.xml] has finished in [2.308] ms
05-Apr-2022 19:02:32.503 INFO [main] org.apache.catalina.startup.HostConfig.deployDescriptor Desplieque del descriptor de configuración [C:\apache-tomcat-10.0.7\conf\Catalina\localhost\WebApplication3.xml]
05-Apr-2022 19:02:32.568 WARNING [main] org.apache.catalina.startup.HostConfig.deployDescriptor The path attribute with value [/WebApplication3] in deployment descriptor [C:\apache-tomcat-10.0.7\conf\Catalina\localhost\WebApplication3.xml] has been ignored
05-Apr-2022 19:02:32.736 INFO [main] org.apache.jasper.servlet.TldScanner.scanJars Al menos un JAR, que se ha explorado buscando TLDs, aún no contenía TLDs. Activar historial de depuración para este historiador para una completa lista de los JARs que fueron explorados y de los que nos se halló TLDs. Saltarse JARs no necesarios durante la exploración puede dar lugar a una mejora de tiempo significativa en el arranque y compilación de JSP .
05-Apr-2022 19:02:32.746 INFO [main] org.apache.catalina.startup.HostConfig.deployDescriptor Deployment of deployment descriptor [C:\apache-tomcat-10.0.7\conf\Catalina\localhost\WebApplication3.xml] has finished in [243] ms
05-Apr-2022 19:02:32.747 INFO [main] org.apache.catalina.startup.HostConfig.deployDescriptor Desplieque del descriptor de configuración [C:\apache-tomcat-10.0.7\conf\Catalina\localhost\WebApplication4.xml]
05-Apr-2022 19:02:32.750 WARNING [main] org.apache.catalina.startup.HostConfig.deployDescriptor The path attribute with value [/WebApplication4] in deployment descriptor [C:\apache-tomcat-10.0.7\conf\Catalina\localhost\WebApplication4.xml] has been ignored
05-Apr-2022 19:02:33.648 SEVERE [main] org.apache.catalina.startup.HostConfig.deployDescriptor Error durante el despliegue del descriptor de configuración [C:\apache-tomcat-10.0.7\conf\Catalina\localhost\WebApplication4.xml]
	java.lang.IllegalStateException: Error starting child
		at org.apache.catalina.core.ContainerBase.addChildInternal(ContainerBase.java:731)
		at org.apache.catalina.core.ContainerBase.addChild(ContainerBase.java:700)
		at org.apache.catalina.core.StandardHost.addChild(StandardHost.java:747)
		at org.apache.catalina.startup.HostConfig.deployDescriptor(HostConfig.java:693)
		at org.apache.catalina.startup.HostConfig$DeployDescriptor.run(HostConfig.java:1979)
		at java.base/java.util.concurrent.Executors$RunnableAdapter.call(Executors.java:515)
		at java.base/java.util.concurrent.FutureTask.run(FutureTask.java:264)
		at org.apache.tomcat.util.threads.InlineExecutorService.execute(InlineExecutorService.java:75)
		at java.base/java.util.concurrent.AbstractExecutorService.submit(AbstractExecutorService.java:118)
		at org.apache.catalina.startup.HostConfig.deployDescriptors(HostConfig.java:586)
		at org.apache.catalina.startup.HostConfig.deployApps(HostConfig.java:476)
		at org.apache.catalina.startup.HostConfig.start(HostConfig.java:1708)
		at org.apache.catalina.startup.HostConfig.lifecycleEvent(HostConfig.java:320)
		at org.apache.catalina.util.LifecycleBase.fireLifecycleEvent(LifecycleBase.java:123)
		at org.apache.catalina.util.LifecycleBase.setStateInternal(LifecycleBase.java:423)
		at org.apache.catalina.util.LifecycleBase.setState(LifecycleBase.java:366)
		at org.apache.catalina.core.ContainerBase.startInternal(ContainerBase.java:948)
		at org.apache.catalina.core.StandardHost.startInternal(StandardHost.java:886)
		at org.apache.catalina.util.LifecycleBase.start(LifecycleBase.java:183)
		at org.apache.catalina.core.ContainerBase$StartChild.call(ContainerBase.java:1398)
		at org.apache.catalina.core.ContainerBase$StartChild.call(ContainerBase.java:1388)
		at java.base/java.util.concurrent.FutureTask.run(FutureTask.java:264)
		at org.apache.tomcat.util.threads.InlineExecutorService.execute(InlineExecutorService.java:75)
		at java.base/java.util.concurrent.AbstractExecutorService.submit(AbstractExecutorService.java:140)
		at org.apache.catalina.core.ContainerBase.startInternal(ContainerBase.java:921)
		at org.apache.catalina.core.StandardEngine.startInternal(StandardEngine.java:263)
		at org.apache.catalina.util.LifecycleBase.start(LifecycleBase.java:183)
		at org.apache.catalina.core.StandardService.startInternal(StandardService.java:437)
		at org.apache.catalina.util.LifecycleBase.start(LifecycleBase.java:183)
		at org.apache.catalina.core.StandardServer.startInternal(StandardServer.java:934)
		at org.apache.catalina.util.LifecycleBase.start(LifecycleBase.java:183)
		at org.apache.catalina.startup.Catalina.start(Catalina.java:795)
		at java.base/jdk.internal.reflect.NativeMethodAccessorImpl.invoke0(Native Method)
		at java.base/jdk.internal.reflect.NativeMethodAccessorImpl.invoke(NativeMethodAccessorImpl.java:62)
		at java.base/jdk.internal.reflect.DelegatingMethodAccessorImpl.invoke(DelegatingMethodAccessorImpl.java:43)
		at java.base/java.lang.reflect.Method.invoke(Method.java:567)
		at org.apache.catalina.startup.Bootstrap.start(Bootstrap.java:345)
		at org.apache.catalina.startup.Bootstrap.main(Bootstrap.java:476)
	Caused by: org.apache.catalina.LifecycleException: Failed to start component [StandardEngine[Catalina].StandardHost[localhost].StandardContext[/WebApplication4]]
		at org.apache.catalina.util.LifecycleBase.handleSubClassException(LifecycleBase.java:440)
		at org.apache.catalina.util.LifecycleBase.start(LifecycleBase.java:198)
		at org.apache.catalina.core.ContainerBase.addChildInternal(ContainerBase.java:728)
		... 37 more
	Caused by: java.lang.NoClassDefFoundError: javax/servlet/ServletRequestListener
		at java.base/java.lang.ClassLoader.defineClass1(Native Method)
		at java.base/java.lang.ClassLoader.defineClass(ClassLoader.java:1016)
		at java.base/java.security.SecureClassLoader.defineClass(SecureClassLoader.java:151)
		at org.apache.catalina.loader.WebappClassLoaderBase.findClassInternal(WebappClassLoaderBase.java:2517)
		at org.apache.catalina.loader.WebappClassLoaderBase.findClass(WebappClassLoaderBase.java:872)
		at org.apache.catalina.loader.WebappClassLoaderBase.loadClass(WebappClassLoaderBase.java:1408)
		at org.apache.catalina.loader.WebappClassLoaderBase.loadClass(WebappClassLoaderBase.java:1252)
		at org.apache.catalina.core.DefaultInstanceManager.loadClass(DefaultInstanceManager.java:540)
		at org.apache.catalina.core.DefaultInstanceManager.loadClassMaybePrivileged(DefaultInstanceManager.java:521)
		at org.apache.catalina.core.DefaultInstanceManager.newInstance(DefaultInstanceManager.java:151)
		at org.apache.catalina.core.ApplicationContext.addListener(ApplicationContext.java:1091)
		at org.apache.catalina.core.ApplicationContextFacade.addListener(ApplicationContextFacade.java:662)
		at org.apache.jasper.servlet.JasperInitializer.onStartup(JasperInitializer.java:92)
		at org.apache.catalina.core.StandardContext.startInternal(StandardContext.java:5168)
		at org.apache.catalina.util.LifecycleBase.start(LifecycleBase.java:183)
		... 38 more
	Caused by: java.lang.ClassNotFoundException: javax.servlet.ServletRequestListener
		at org.apache.catalina.loader.WebappClassLoaderBase.loadClass(WebappClassLoaderBase.java:1444)
		at org.apache.catalina.loader.WebappClassLoaderBase.loadClass(WebappClassLoaderBase.java:1252)
		... 53 more
05-Apr-2022 19:02:33.727 INFO [main] org.apache.catalina.startup.HostConfig.deployDescriptor Deployment of deployment descriptor [C:\apache-tomcat-10.0.7\conf\Catalina\localhost\WebApplication4.xml] has finished in [979] ms
05-Apr-2022 19:02:34.413 INFO [main] org.apache.catalina.startup.HostConfig.deployWAR Despliegue del archivo [C:\apache-tomcat-10.0.7\webapps\SimpleTestWeb.war] de la aplicación web
05-Apr-2022 19:02:35.240 INFO [main] org.apache.jasper.servlet.TldScanner.scanJars Al menos un JAR, que se ha explorado buscando TLDs, aún no contenía TLDs. Activar historial de depuración para este historiador para una completa lista de los JARs que fueron explorados y de los que nos se halló TLDs. Saltarse JARs no necesarios durante la exploración puede dar lugar a una mejora de tiempo significativa en el arranque y compilación de JSP .
05-Apr-2022 19:02:35.244 INFO [main] org.apache.catalina.startup.HostConfig.deployWAR Deployment of web application archive [C:\apache-tomcat-10.0.7\webapps\SimpleTestWeb.war] has finished in [831] ms
05-Apr-2022 19:02:35.245 INFO [main] org.apache.catalina.startup.HostConfig.deployDirectory Desplegando el directorio [C:\apache-tomcat-10.0.7\webapps\docs] de la aplicación web
05-Apr-2022 19:02:35.367 INFO [main] org.apache.catalina.startup.HostConfig.deployDirectory Deployment of web application directory [C:\apache-tomcat-10.0.7\webapps\docs] has finished in [122] ms
05-Apr-2022 19:02:35.368 INFO [main] org.apache.catalina.startup.HostConfig.deployDirectory Desplegando el directorio [C:\apache-tomcat-10.0.7\webapps\examples] de la aplicación web
05-Apr-2022 19:02:37.836 INFO [main] org.apache.catalina.startup.HostConfig.deployDirectory Deployment of web application directory [C:\apache-tomcat-10.0.7\webapps\examples] has finished in [2.468] ms
05-Apr-2022 19:02:37.837 INFO [main] org.apache.catalina.startup.HostConfig.deployDirectory Desplegando el directorio [C:\apache-tomcat-10.0.7\webapps\host-manager] de la aplicación web
05-Apr-2022 19:02:38.005 INFO [main] org.apache.catalina.startup.HostConfig.deployDirectory Deployment of web application directory [C:\apache-tomcat-10.0.7\webapps\host-manager] has finished in [169] ms
05-Apr-2022 19:02:38.006 INFO [main] org.apache.catalina.startup.HostConfig.deployDirectory Desplegando el directorio [C:\apache-tomcat-10.0.7\webapps\manager] de la aplicación web
05-Apr-2022 19:02:38.148 INFO [main] org.apache.catalina.startup.HostConfig.deployDirectory Deployment of web application directory [C:\apache-tomcat-10.0.7\webapps\manager] has finished in [142] ms
05-Apr-2022 19:02:38.158 INFO [main] org.apache.coyote.AbstractProtocol.start Starting ProtocolHandler ["http-nio-8090"]
05-Apr-2022 19:02:38.572 INFO [main] org.apache.catalina.startup.Catalina.start Server startup in [28372] milliseconds
05-Apr-2022 19:44:13.591 INFO [http-nio-8090-exec-7] org.apache.catalina.core.StandardContext.reload Ha comenzado la recarga de Contexto [/Store]
05-Apr-2022 19:44:13.726 WARNING [http-nio-8090-exec-7] org.apache.catalina.loader.WebappClassLoaderBase.clearReferencesJdbc La aplicación web [Store] registró el conductor JDBC [com.mysql.cj.jdbc.Driver] pero falló al anular el registro mientras la aplicación web estaba parada. Para prevenir un fallo de memoria, se ha anulado el registro del conductor JDBC por la fuerza.
05-Apr-2022 19:44:13.728 WARNING [http-nio-8090-exec-7] org.apache.catalina.loader.WebappClassLoaderBase.clearReferencesThreads The web application [Store] appears to have started a thread named [mysql-cj-abandoned-connection-cleanup] but has failed to stop it. This is very likely to create a memory leak. Stack trace of thread:
 java.base@12/java.lang.Object.wait(Native Method)
 java.base@12/java.lang.ref.ReferenceQueue.remove(ReferenceQueue.java:155)
 com.mysql.cj.jdbc.AbandonedConnectionCleanupThread.run(AbandonedConnectionCleanupThread.java:91)
 java.base@12/java.util.concurrent.ThreadPoolExecutor.runWorker(ThreadPoolExecutor.java:1128)
 java.base@12/java.util.concurrent.ThreadPoolExecutor$Worker.run(ThreadPoolExecutor.java:628)
 java.base@12/java.lang.Thread.run(Thread.java:835)
05-Apr-2022 19:44:17.173 INFO [mysql-cj-abandoned-connection-cleanup] org.apache.catalina.loader.WebappClassLoaderBase.checkStateForResourceLoading Acceso ilegal: esta instancia de aplicación web ya ha sido parada.  Could not load [].  La eventual traza de pila que sigue ha sido motivada por un error lanzado con motivos de depuración así como para intentar terminar el hilo que motivó el acceso ilegal y no tiene impacto funcional.
	java.lang.IllegalStateException: Acceso ilegal: esta instancia de aplicación web ya ha sido parada.  Could not load [].  La eventual traza de pila que sigue ha sido motivada por un error lanzado con motivos de depuración así como para intentar terminar el hilo que motivó el acceso ilegal y no tiene impacto funcional.
		at org.apache.catalina.loader.WebappClassLoaderBase.checkStateForResourceLoading(WebappClassLoaderBase.java:1464)
		at org.apache.catalina.loader.WebappClassLoaderBase.getResource(WebappClassLoaderBase.java:1054)
		at com.mysql.cj.jdbc.AbandonedConnectionCleanupThread.checkThreadContextClassLoader(AbandonedConnectionCleanupThread.java:123)
		at com.mysql.cj.jdbc.AbandonedConnectionCleanupThread.run(AbandonedConnectionCleanupThread.java:90)
		at java.base/java.util.concurrent.ThreadPoolExecutor.runWorker(ThreadPoolExecutor.java:1128)
		at java.base/java.util.concurrent.ThreadPoolExecutor$Worker.run(ThreadPoolExecutor.java:628)
		at java.base/java.lang.Thread.run(Thread.java:835)
05-Apr-2022 19:44:18.726 INFO [http-nio-8090-exec-7] org.apache.jasper.servlet.TldScanner.scanJars Al menos un JAR, que se ha explorado buscando TLDs, aún no contenía TLDs. Activar historial de depuración para este historiador para una completa lista de los JARs que fueron explorados y de los que nos se halló TLDs. Saltarse JARs no necesarios durante la exploración puede dar lugar a una mejora de tiempo significativa en el arranque y compilación de JSP .
05-Apr-2022 19:44:18.878 INFO [http-nio-8090-exec-7] org.apache.catalina.core.StandardContext.reload Se ha completado la recarga de este Contexto
05-Apr-2022 19:44:21.452 INFO [http-nio-8090-exec-2] org.apache.catalina.core.StandardContext.reload Ha comenzado la recarga de Contexto [/Store]
05-Apr-2022 19:44:25.050 INFO [http-nio-8090-exec-2] org.apache.jasper.servlet.TldScanner.scanJars Al menos un JAR, que se ha explorado buscando TLDs, aún no contenía TLDs. Activar historial de depuración para este historiador para una completa lista de los JARs que fueron explorados y de los que nos se halló TLDs. Saltarse JARs no necesarios durante la exploración puede dar lugar a una mejora de tiempo significativa en el arranque y compilación de JSP .
05-Apr-2022 19:44:25.122 INFO [http-nio-8090-exec-2] org.apache.catalina.core.StandardContext.reload Se ha completado la recarga de este Contexto
05-Apr-2022 19:47:49.312 INFO [http-nio-8090-exec-14] org.apache.catalina.core.StandardContext.reload Ha comenzado la recarga de Contexto [/Store]
05-Apr-2022 19:47:52.806 INFO [http-nio-8090-exec-14] org.apache.jasper.servlet.TldScanner.scanJars Al menos un JAR, que se ha explorado buscando TLDs, aún no contenía TLDs. Activar historial de depuración para este historiador para una completa lista de los JARs que fueron explorados y de los que nos se halló TLDs. Saltarse JARs no necesarios durante la exploración puede dar lugar a una mejora de tiempo significativa en el arranque y compilación de JSP .
05-Apr-2022 19:47:52.848 INFO [http-nio-8090-exec-14] org.apache.catalina.core.StandardContext.reload Se ha completado la recarga de este Contexto
05-Apr-2022 19:47:53.213 INFO [http-nio-8090-exec-18] org.apache.catalina.core.StandardContext.reload Ha comenzado la recarga de Contexto [/Store]
05-Apr-2022 19:47:55.115 INFO [http-nio-8090-exec-18] org.apache.jasper.servlet.TldScanner.scanJars Al menos un JAR, que se ha explorado buscando TLDs, aún no contenía TLDs. Activar historial de depuración para este historiador para una completa lista de los JARs que fueron explorados y de los que nos se halló TLDs. Saltarse JARs no necesarios durante la exploración puede dar lugar a una mejora de tiempo significativa en el arranque y compilación de JSP .
05-Apr-2022 19:47:55.153 INFO [http-nio-8090-exec-18] org.apache.catalina.core.StandardContext.reload Se ha completado la recarga de este Contexto
05-Apr-2022 19:48:04.488 INFO [http-nio-8090-exec-17] org.apache.catalina.core.StandardContext.reload Ha comenzado la recarga de Contexto [/Store]
05-Apr-2022 19:48:07.026 INFO [http-nio-8090-exec-17] org.apache.jasper.servlet.TldScanner.scanJars Al menos un JAR, que se ha explorado buscando TLDs, aún no contenía TLDs. Activar historial de depuración para este historiador para una completa lista de los JARs que fueron explorados y de los que nos se halló TLDs. Saltarse JARs no necesarios durante la exploración puede dar lugar a una mejora de tiempo significativa en el arranque y compilación de JSP .
05-Apr-2022 19:48:07.168 INFO [http-nio-8090-exec-17] org.apache.catalina.core.StandardContext.reload Se ha completado la recarga de este Contexto
05-Apr-2022 19:48:07.828 INFO [http-nio-8090-exec-16] org.apache.catalina.core.StandardContext.reload Ha comenzado la recarga de Contexto [/Store]
05-Apr-2022 19:48:10.196 INFO [http-nio-8090-exec-16] org.apache.jasper.servlet.TldScanner.scanJars Al menos un JAR, que se ha explorado buscando TLDs, aún no contenía TLDs. Activar historial de depuración para este historiador para una completa lista de los JARs que fueron explorados y de los que nos se halló TLDs. Saltarse JARs no necesarios durante la exploración puede dar lugar a una mejora de tiempo significativa en el arranque y compilación de JSP .
05-Apr-2022 19:48:10.255 INFO [http-nio-8090-exec-16] org.apache.catalina.core.StandardContext.reload Se ha completado la recarga de este Contexto
05-Apr-2022 19:48:10.623 INFO [http-nio-8090-exec-25] org.apache.catalina.core.StandardContext.reload Ha comenzado la recarga de Contexto [/Store]
05-Apr-2022 19:48:12.677 INFO [http-nio-8090-exec-25] org.apache.jasper.servlet.TldScanner.scanJars Al menos un JAR, que se ha explorado buscando TLDs, aún no contenía TLDs. Activar historial de depuración para este historiador para una completa lista de los JARs que fueron explorados y de los que nos se halló TLDs. Saltarse JARs no necesarios durante la exploración puede dar lugar a una mejora de tiempo significativa en el arranque y compilación de JSP .
05-Apr-2022 19:48:12.728 INFO [http-nio-8090-exec-25] org.apache.catalina.core.StandardContext.reload Se ha completado la recarga de este Contexto
05-Apr-2022 19:49:04.765 INFO [http-nio-8090-exec-6] org.apache.catalina.core.StandardContext.reload Ha comenzado la recarga de Contexto [/Store]
05-Apr-2022 19:49:06.320 INFO [http-nio-8090-exec-6] org.apache.jasper.servlet.TldScanner.scanJars Al menos un JAR, que se ha explorado buscando TLDs, aún no contenía TLDs. Activar historial de depuración para este historiador para una completa lista de los JARs que fueron explorados y de los que nos se halló TLDs. Saltarse JARs no necesarios durante la exploración puede dar lugar a una mejora de tiempo significativa en el arranque y compilación de JSP .
05-Apr-2022 19:49:06.365 INFO [http-nio-8090-exec-6] org.apache.catalina.core.StandardContext.reload Se ha completado la recarga de este Contexto
05-Apr-2022 19:49:53.829 INFO [http-nio-8090-exec-24] org.apache.catalina.core.StandardContext.reload Ha comenzado la recarga de Contexto [/Store]
05-Apr-2022 19:49:55.509 INFO [http-nio-8090-exec-24] org.apache.jasper.servlet.TldScanner.scanJars Al menos un JAR, que se ha explorado buscando TLDs, aún no contenía TLDs. Activar historial de depuración para este historiador para una completa lista de los JARs que fueron explorados y de los que nos se halló TLDs. Saltarse JARs no necesarios durante la exploración puede dar lugar a una mejora de tiempo significativa en el arranque y compilación de JSP .
05-Apr-2022 19:49:55.554 INFO [http-nio-8090-exec-24] org.apache.catalina.core.StandardContext.reload Se ha completado la recarga de este Contexto
05-Apr-2022 19:50:01.675 INFO [http-nio-8090-exec-32] org.apache.catalina.core.StandardContext.reload Ha comenzado la recarga de Contexto [/Store]
05-Apr-2022 19:50:03.386 INFO [http-nio-8090-exec-32] org.apache.jasper.servlet.TldScanner.scanJars Al menos un JAR, que se ha explorado buscando TLDs, aún no contenía TLDs. Activar historial de depuración para este historiador para una completa lista de los JARs que fueron explorados y de los que nos se halló TLDs. Saltarse JARs no necesarios durante la exploración puede dar lugar a una mejora de tiempo significativa en el arranque y compilación de JSP .
05-Apr-2022 19:50:03.426 INFO [http-nio-8090-exec-32] org.apache.catalina.core.StandardContext.reload Se ha completado la recarga de este Contexto
05-Apr-2022 19:53:09.268 INFO [http-nio-8090-exec-35] org.apache.catalina.core.StandardContext.reload Ha comenzado la recarga de Contexto [/Store]
05-Apr-2022 19:53:09.272 WARNING [http-nio-8090-exec-35] org.apache.catalina.loader.WebappClassLoaderBase.clearReferencesJdbc La aplicación web [Store] registró el conductor JDBC [com.mysql.cj.jdbc.Driver] pero falló al anular el registro mientras la aplicación web estaba parada. Para prevenir un fallo de memoria, se ha anulado el registro del conductor JDBC por la fuerza.
05-Apr-2022 19:53:09.273 WARNING [http-nio-8090-exec-35] org.apache.catalina.loader.WebappClassLoaderBase.clearReferencesThreads The web application [Store] appears to have started a thread named [mysql-cj-abandoned-connection-cleanup] but has failed to stop it. This is very likely to create a memory leak. Stack trace of thread:
 java.base@12/java.lang.Object.wait(Native Method)
 java.base@12/java.lang.ref.ReferenceQueue.remove(ReferenceQueue.java:155)
 com.mysql.cj.jdbc.AbandonedConnectionCleanupThread.run(AbandonedConnectionCleanupThread.java:91)
 java.base@12/java.util.concurrent.ThreadPoolExecutor.runWorker(ThreadPoolExecutor.java:1128)
 java.base@12/java.util.concurrent.ThreadPoolExecutor$Worker.run(ThreadPoolExecutor.java:628)
 java.base@12/java.lang.Thread.run(Thread.java:835)
05-Apr-2022 19:53:09.295 INFO [mysql-cj-abandoned-connection-cleanup] org.apache.catalina.loader.WebappClassLoaderBase.checkStateForResourceLoading Acceso ilegal: esta instancia de aplicación web ya ha sido parada.  Could not load [].  La eventual traza de pila que sigue ha sido motivada por un error lanzado con motivos de depuración así como para intentar terminar el hilo que motivó el acceso ilegal y no tiene impacto funcional.
	java.lang.IllegalStateException: Acceso ilegal: esta instancia de aplicación web ya ha sido parada.  Could not load [].  La eventual traza de pila que sigue ha sido motivada por un error lanzado con motivos de depuración así como para intentar terminar el hilo que motivó el acceso ilegal y no tiene impacto funcional.
		at org.apache.catalina.loader.WebappClassLoaderBase.checkStateForResourceLoading(WebappClassLoaderBase.java:1464)
		at org.apache.catalina.loader.WebappClassLoaderBase.getResource(WebappClassLoaderBase.java:1054)
		at com.mysql.cj.jdbc.AbandonedConnectionCleanupThread.checkThreadContextClassLoader(AbandonedConnectionCleanupThread.java:123)
		at com.mysql.cj.jdbc.AbandonedConnectionCleanupThread.run(AbandonedConnectionCleanupThread.java:90)
		at java.base/java.util.concurrent.ThreadPoolExecutor.runWorker(ThreadPoolExecutor.java:1128)
		at java.base/java.util.concurrent.ThreadPoolExecutor$Worker.run(ThreadPoolExecutor.java:628)
		at java.base/java.lang.Thread.run(Thread.java:835)
05-Apr-2022 19:53:09.296 INFO [mysql-cj-abandoned-connection-cleanup] org.apache.catalina.loader.WebappClassLoaderBase.checkStateForResourceLoading Acceso ilegal: esta instancia de aplicación web ya ha sido parada.  Could not load [].  La eventual traza de pila que sigue ha sido motivada por un error lanzado con motivos de depuración así como para intentar terminar el hilo que motivó el acceso ilegal y no tiene impacto funcional.
	java.lang.IllegalStateException: Acceso ilegal: esta instancia de aplicación web ya ha sido parada.  Could not load [].  La eventual traza de pila que sigue ha sido motivada por un error lanzado con motivos de depuración así como para intentar terminar el hilo que motivó el acceso ilegal y no tiene impacto funcional.
		at org.apache.catalina.loader.WebappClassLoaderBase.checkStateForResourceLoading(WebappClassLoaderBase.java:1464)
		at org.apache.catalina.loader.WebappClassLoaderBase.getResource(WebappClassLoaderBase.java:1054)
		at com.mysql.cj.jdbc.AbandonedConnectionCleanupThread.checkThreadContextClassLoader(AbandonedConnectionCleanupThread.java:123)
		at com.mysql.cj.jdbc.AbandonedConnectionCleanupThread.run(AbandonedConnectionCleanupThread.java:90)
		at java.base/java.util.concurrent.ThreadPoolExecutor.runWorker(ThreadPoolExecutor.java:1128)
		at java.base/java.util.concurrent.ThreadPoolExecutor$Worker.run(ThreadPoolExecutor.java:628)
		at java.base/java.lang.Thread.run(Thread.java:835)
05-Apr-2022 19:53:11.575 INFO [http-nio-8090-exec-35] org.apache.jasper.servlet.TldScanner.scanJars Al menos un JAR, que se ha explorado buscando TLDs, aún no contenía TLDs. Activar historial de depuración para este historiador para una completa lista de los JARs que fueron explorados y de los que nos se halló TLDs. Saltarse JARs no necesarios durante la exploración puede dar lugar a una mejora de tiempo significativa en el arranque y compilación de JSP .
05-Apr-2022 19:53:11.636 INFO [http-nio-8090-exec-35] org.apache.catalina.core.StandardContext.reload Se ha completado la recarga de este Contexto
05-Apr-2022 19:53:12.594 INFO [http-nio-8090-exec-40] org.apache.catalina.core.StandardContext.reload Ha comenzado la recarga de Contexto [/Store]
05-Apr-2022 19:53:14.725 INFO [http-nio-8090-exec-40] org.apache.jasper.servlet.TldScanner.scanJars Al menos un JAR, que se ha explorado buscando TLDs, aún no contenía TLDs. Activar historial de depuración para este historiador para una completa lista de los JARs que fueron explorados y de los que nos se halló TLDs. Saltarse JARs no necesarios durante la exploración puede dar lugar a una mejora de tiempo significativa en el arranque y compilación de JSP .
05-Apr-2022 19:53:14.772 INFO [http-nio-8090-exec-40] org.apache.catalina.core.StandardContext.reload Se ha completado la recarga de este Contexto
05-Apr-2022 19:53:15.409 INFO [http-nio-8090-exec-43] org.apache.catalina.core.StandardContext.reload Ha comenzado la recarga de Contexto [/Store]
05-Apr-2022 19:53:17.488 INFO [http-nio-8090-exec-43] org.apache.jasper.servlet.TldScanner.scanJars Al menos un JAR, que se ha explorado buscando TLDs, aún no contenía TLDs. Activar historial de depuración para este historiador para una completa lista de los JARs que fueron explorados y de los que nos se halló TLDs. Saltarse JARs no necesarios durante la exploración puede dar lugar a una mejora de tiempo significativa en el arranque y compilación de JSP .
05-Apr-2022 19:53:17.528 INFO [http-nio-8090-exec-43] org.apache.catalina.core.StandardContext.reload Se ha completado la recarga de este Contexto
05-Apr-2022 19:54:19.799 INFO [http-nio-8090-exec-38] org.apache.catalina.core.StandardContext.reload Ha comenzado la recarga de Contexto [/Store]
05-Apr-2022 19:54:21.674 INFO [http-nio-8090-exec-38] org.apache.jasper.servlet.TldScanner.scanJars Al menos un JAR, que se ha explorado buscando TLDs, aún no contenía TLDs. Activar historial de depuración para este historiador para una completa lista de los JARs que fueron explorados y de los que nos se halló TLDs. Saltarse JARs no necesarios durante la exploración puede dar lugar a una mejora de tiempo significativa en el arranque y compilación de JSP .
05-Apr-2022 19:54:21.715 INFO [http-nio-8090-exec-38] org.apache.catalina.core.StandardContext.reload Se ha completado la recarga de este Contexto
05-Apr-2022 19:54:23.544 INFO [http-nio-8090-exec-39] org.apache.catalina.core.StandardContext.reload Ha comenzado la recarga de Contexto [/Store]
05-Apr-2022 19:54:25.171 INFO [http-nio-8090-exec-39] org.apache.jasper.servlet.TldScanner.scanJars Al menos un JAR, que se ha explorado buscando TLDs, aún no contenía TLDs. Activar historial de depuración para este historiador para una completa lista de los JARs que fueron explorados y de los que nos se halló TLDs. Saltarse JARs no necesarios durante la exploración puede dar lugar a una mejora de tiempo significativa en el arranque y compilación de JSP .
05-Apr-2022 19:54:25.211 INFO [http-nio-8090-exec-39] org.apache.catalina.core.StandardContext.reload Se ha completado la recarga de este Contexto
05-Apr-2022 19:54:35.787 INFO [http-nio-8090-exec-46] org.apache.catalina.core.StandardContext.reload Ha comenzado la recarga de Contexto [/Store]
05-Apr-2022 19:54:37.536 INFO [http-nio-8090-exec-46] org.apache.jasper.servlet.TldScanner.scanJars Al menos un JAR, que se ha explorado buscando TLDs, aún no contenía TLDs. Activar historial de depuración para este historiador para una completa lista de los JARs que fueron explorados y de los que nos se halló TLDs. Saltarse JARs no necesarios durante la exploración puede dar lugar a una mejora de tiempo significativa en el arranque y compilación de JSP .
05-Apr-2022 19:54:37.585 INFO [http-nio-8090-exec-46] org.apache.catalina.core.StandardContext.reload Se ha completado la recarga de este Contexto
05-Apr-2022 19:57:09.481 INFO [http-nio-8090-exec-55] org.apache.catalina.core.StandardContext.reload Ha comenzado la recarga de Contexto [/Store]
05-Apr-2022 19:57:11.084 INFO [http-nio-8090-exec-55] org.apache.jasper.servlet.TldScanner.scanJars Al menos un JAR, que se ha explorado buscando TLDs, aún no contenía TLDs. Activar historial de depuración para este historiador para una completa lista de los JARs que fueron explorados y de los que nos se halló TLDs. Saltarse JARs no necesarios durante la exploración puede dar lugar a una mejora de tiempo significativa en el arranque y compilación de JSP .
05-Apr-2022 19:57:11.134 INFO [http-nio-8090-exec-55] org.apache.catalina.core.StandardContext.reload Se ha completado la recarga de este Contexto
05-Apr-2022 19:57:11.483 INFO [http-nio-8090-exec-37] org.apache.catalina.core.StandardContext.reload Ha comenzado la recarga de Contexto [/Store]
05-Apr-2022 19:57:13.045 INFO [http-nio-8090-exec-37] org.apache.jasper.servlet.TldScanner.scanJars Al menos un JAR, que se ha explorado buscando TLDs, aún no contenía TLDs. Activar historial de depuración para este historiador para una completa lista de los JARs que fueron explorados y de los que nos se halló TLDs. Saltarse JARs no necesarios durante la exploración puede dar lugar a una mejora de tiempo significativa en el arranque y compilación de JSP .
05-Apr-2022 19:57:13.095 INFO [http-nio-8090-exec-37] org.apache.catalina.core.StandardContext.reload Se ha completado la recarga de este Contexto
05-Apr-2022 19:58:06.037 INFO [http-nio-8090-exec-59] org.apache.catalina.core.StandardContext.reload Ha comenzado la recarga de Contexto [/Store]
05-Apr-2022 19:58:07.514 INFO [http-nio-8090-exec-59] org.apache.jasper.servlet.TldScanner.scanJars Al menos un JAR, que se ha explorado buscando TLDs, aún no contenía TLDs. Activar historial de depuración para este historiador para una completa lista de los JARs que fueron explorados y de los que nos se halló TLDs. Saltarse JARs no necesarios durante la exploración puede dar lugar a una mejora de tiempo significativa en el arranque y compilación de JSP .
05-Apr-2022 19:58:07.562 INFO [http-nio-8090-exec-59] org.apache.catalina.core.StandardContext.reload Se ha completado la recarga de este Contexto
05-Apr-2022 20:03:24.518 INFO [http-nio-8090-exec-64] org.apache.catalina.core.StandardContext.reload Ha comenzado la recarga de Contexto [/Store]
05-Apr-2022 20:03:26.074 INFO [http-nio-8090-exec-64] org.apache.jasper.servlet.TldScanner.scanJars Al menos un JAR, que se ha explorado buscando TLDs, aún no contenía TLDs. Activar historial de depuración para este historiador para una completa lista de los JARs que fueron explorados y de los que nos se halló TLDs. Saltarse JARs no necesarios durante la exploración puede dar lugar a una mejora de tiempo significativa en el arranque y compilación de JSP .
05-Apr-2022 20:03:26.125 INFO [http-nio-8090-exec-64] org.apache.catalina.core.StandardContext.reload Se ha completado la recarga de este Contexto
05-Apr-2022 20:03:26.487 INFO [http-nio-8090-exec-68] org.apache.catalina.core.StandardContext.reload Ha comenzado la recarga de Contexto [/Store]
05-Apr-2022 20:03:28.103 INFO [http-nio-8090-exec-68] org.apache.jasper.servlet.TldScanner.scanJars Al menos un JAR, que se ha explorado buscando TLDs, aún no contenía TLDs. Activar historial de depuración para este historiador para una completa lista de los JARs que fueron explorados y de los que nos se halló TLDs. Saltarse JARs no necesarios durante la exploración puede dar lugar a una mejora de tiempo significativa en el arranque y compilación de JSP .
05-Apr-2022 20:03:28.152 INFO [http-nio-8090-exec-68] org.apache.catalina.core.StandardContext.reload Se ha completado la recarga de este Contexto
05-Apr-2022 20:03:51.660 INFO [http-nio-8090-exec-73] org.apache.catalina.core.StandardContext.reload Ha comenzado la recarga de Contexto [/Store]
05-Apr-2022 20:03:53.294 INFO [http-nio-8090-exec-73] org.apache.jasper.servlet.TldScanner.scanJars Al menos un JAR, que se ha explorado buscando TLDs, aún no contenía TLDs. Activar historial de depuración para este historiador para una completa lista de los JARs que fueron explorados y de los que nos se halló TLDs. Saltarse JARs no necesarios durante la exploración puede dar lugar a una mejora de tiempo significativa en el arranque y compilación de JSP .
05-Apr-2022 20:03:53.393 INFO [http-nio-8090-exec-73] org.apache.catalina.core.StandardContext.reload Se ha completado la recarga de este Contexto
05-Apr-2022 20:03:53.804 INFO [http-nio-8090-exec-63] org.apache.catalina.core.StandardContext.reload Ha comenzado la recarga de Contexto [/Store]
05-Apr-2022 20:03:55.366 INFO [http-nio-8090-exec-63] org.apache.jasper.servlet.TldScanner.scanJars Al menos un JAR, que se ha explorado buscando TLDs, aún no contenía TLDs. Activar historial de depuración para este historiador para una completa lista de los JARs que fueron explorados y de los que nos se halló TLDs. Saltarse JARs no necesarios durante la exploración puede dar lugar a una mejora de tiempo significativa en el arranque y compilación de JSP .
05-Apr-2022 20:03:55.418 INFO [http-nio-8090-exec-63] org.apache.catalina.core.StandardContext.reload Se ha completado la recarga de este Contexto
05-Apr-2022 20:03:55.536 INFO [http-nio-8090-exec-65] org.apache.catalina.core.StandardContext.reload Ha comenzado la recarga de Contexto [/Store]
05-Apr-2022 20:03:57.264 INFO [http-nio-8090-exec-65] org.apache.jasper.servlet.TldScanner.scanJars Al menos un JAR, que se ha explorado buscando TLDs, aún no contenía TLDs. Activar historial de depuración para este historiador para una completa lista de los JARs que fueron explorados y de los que nos se halló TLDs. Saltarse JARs no necesarios durante la exploración puede dar lugar a una mejora de tiempo significativa en el arranque y compilación de JSP .
05-Apr-2022 20:03:57.312 INFO [http-nio-8090-exec-65] org.apache.catalina.core.StandardContext.reload Se ha completado la recarga de este Contexto
05-Apr-2022 20:10:54.889 INFO [http-nio-8090-exec-83] org.apache.catalina.core.StandardContext.reload Ha comenzado la recarga de Contexto [/Store]
05-Apr-2022 20:10:54.898 WARNING [http-nio-8090-exec-83] org.apache.catalina.loader.WebappClassLoaderBase.clearReferencesJdbc La aplicación web [Store] registró el conductor JDBC [com.mysql.cj.jdbc.Driver] pero falló al anular el registro mientras la aplicación web estaba parada. Para prevenir un fallo de memoria, se ha anulado el registro del conductor JDBC por la fuerza.
05-Apr-2022 20:10:54.906 WARNING [http-nio-8090-exec-83] org.apache.catalina.loader.WebappClassLoaderBase.clearReferencesThreads The web application [Store] appears to have started a thread named [mysql-cj-abandoned-connection-cleanup] but has failed to stop it. This is very likely to create a memory leak. Stack trace of thread:
 java.base@12/java.lang.Object.wait(Native Method)
 java.base@12/java.lang.ref.ReferenceQueue.remove(ReferenceQueue.java:155)
 com.mysql.cj.jdbc.AbandonedConnectionCleanupThread.run(AbandonedConnectionCleanupThread.java:91)
 java.base@12/java.util.concurrent.ThreadPoolExecutor.runWorker(ThreadPoolExecutor.java:1128)
 java.base@12/java.util.concurrent.ThreadPoolExecutor$Worker.run(ThreadPoolExecutor.java:628)
 java.base@12/java.lang.Thread.run(Thread.java:835)
05-Apr-2022 20:10:55.146 INFO [mysql-cj-abandoned-connection-cleanup] org.apache.catalina.loader.WebappClassLoaderBase.checkStateForResourceLoading Acceso ilegal: esta instancia de aplicación web ya ha sido parada.  Could not load [].  La eventual traza de pila que sigue ha sido motivada por un error lanzado con motivos de depuración así como para intentar terminar el hilo que motivó el acceso ilegal y no tiene impacto funcional.
	java.lang.IllegalStateException: Acceso ilegal: esta instancia de aplicación web ya ha sido parada.  Could not load [].  La eventual traza de pila que sigue ha sido motivada por un error lanzado con motivos de depuración así como para intentar terminar el hilo que motivó el acceso ilegal y no tiene impacto funcional.
		at org.apache.catalina.loader.WebappClassLoaderBase.checkStateForResourceLoading(WebappClassLoaderBase.java:1464)
		at org.apache.catalina.loader.WebappClassLoaderBase.getResource(WebappClassLoaderBase.java:1054)
		at com.mysql.cj.jdbc.AbandonedConnectionCleanupThread.checkThreadContextClassLoader(AbandonedConnectionCleanupThread.java:123)
		at com.mysql.cj.jdbc.AbandonedConnectionCleanupThread.run(AbandonedConnectionCleanupThread.java:90)
		at java.base/java.util.concurrent.ThreadPoolExecutor.runWorker(ThreadPoolExecutor.java:1128)
		at java.base/java.util.concurrent.ThreadPoolExecutor$Worker.run(ThreadPoolExecutor.java:628)
		at java.base/java.lang.Thread.run(Thread.java:835)
05-Apr-2022 20:10:56.921 INFO [http-nio-8090-exec-83] org.apache.jasper.servlet.TldScanner.scanJars Al menos un JAR, que se ha explorado buscando TLDs, aún no contenía TLDs. Activar historial de depuración para este historiador para una completa lista de los JARs que fueron explorados y de los que nos se halló TLDs. Saltarse JARs no necesarios durante la exploración puede dar lugar a una mejora de tiempo significativa en el arranque y compilación de JSP .
05-Apr-2022 20:10:56.968 INFO [http-nio-8090-exec-83] org.apache.catalina.core.StandardContext.reload Se ha completado la recarga de este Contexto
05-Apr-2022 20:12:43.204 INFO [http-nio-8090-exec-82] org.apache.catalina.core.StandardContext.reload Ha comenzado la recarga de Contexto [/Store]
05-Apr-2022 20:12:45.014 INFO [http-nio-8090-exec-82] org.apache.jasper.servlet.TldScanner.scanJars Al menos un JAR, que se ha explorado buscando TLDs, aún no contenía TLDs. Activar historial de depuración para este historiador para una completa lista de los JARs que fueron explorados y de los que nos se halló TLDs. Saltarse JARs no necesarios durante la exploración puede dar lugar a una mejora de tiempo significativa en el arranque y compilación de JSP .
05-Apr-2022 20:12:45.054 INFO [http-nio-8090-exec-82] org.apache.catalina.core.StandardContext.reload Se ha completado la recarga de este Contexto
05-Apr-2022 20:19:18.895 INFO [http-nio-8090-exec-93] org.apache.catalina.core.StandardContext.reload Ha comenzado la recarga de Contexto [/Store]
05-Apr-2022 20:19:20.787 INFO [http-nio-8090-exec-93] org.apache.jasper.servlet.TldScanner.scanJars Al menos un JAR, que se ha explorado buscando TLDs, aún no contenía TLDs. Activar historial de depuración para este historiador para una completa lista de los JARs que fueron explorados y de los que nos se halló TLDs. Saltarse JARs no necesarios durante la exploración puede dar lugar a una mejora de tiempo significativa en el arranque y compilación de JSP .
05-Apr-2022 20:19:20.835 INFO [http-nio-8090-exec-93] org.apache.catalina.core.StandardContext.reload Se ha completado la recarga de este Contexto
05-Apr-2022 20:19:34.045 INFO [http-nio-8090-exec-98] org.apache.catalina.core.StandardContext.reload Ha comenzado la recarga de Contexto [/Store]
05-Apr-2022 20:19:35.522 INFO [http-nio-8090-exec-98] org.apache.jasper.servlet.TldScanner.scanJars Al menos un JAR, que se ha explorado buscando TLDs, aún no contenía TLDs. Activar historial de depuración para este historiador para una completa lista de los JARs que fueron explorados y de los que nos se halló TLDs. Saltarse JARs no necesarios durante la exploración puede dar lugar a una mejora de tiempo significativa en el arranque y compilación de JSP .
05-Apr-2022 20:19:35.563 INFO [http-nio-8090-exec-98] org.apache.catalina.core.StandardContext.reload Se ha completado la recarga de este Contexto
05-Apr-2022 20:21:50.333 INFO [http-nio-8090-exec-107] org.apache.catalina.core.StandardContext.reload Ha comenzado la recarga de Contexto [/Store]
05-Apr-2022 20:21:52.024 INFO [http-nio-8090-exec-107] org.apache.jasper.servlet.TldScanner.scanJars Al menos un JAR, que se ha explorado buscando TLDs, aún no contenía TLDs. Activar historial de depuración para este historiador para una completa lista de los JARs que fueron explorados y de los que nos se halló TLDs. Saltarse JARs no necesarios durante la exploración puede dar lugar a una mejora de tiempo significativa en el arranque y compilación de JSP .
05-Apr-2022 20:21:52.071 INFO [http-nio-8090-exec-107] org.apache.catalina.core.StandardContext.reload Se ha completado la recarga de este Contexto
05-Apr-2022 20:21:52.429 INFO [http-nio-8090-exec-90] org.apache.catalina.core.StandardContext.reload Ha comenzado la recarga de Contexto [/Store]
05-Apr-2022 20:21:54.277 INFO [http-nio-8090-exec-90] org.apache.jasper.servlet.TldScanner.scanJars Al menos un JAR, que se ha explorado buscando TLDs, aún no contenía TLDs. Activar historial de depuración para este historiador para una completa lista de los JARs que fueron explorados y de los que nos se halló TLDs. Saltarse JARs no necesarios durante la exploración puede dar lugar a una mejora de tiempo significativa en el arranque y compilación de JSP .
05-Apr-2022 20:21:54.335 INFO [113] org.apache.catalina.core.StandardContext.reload Se ha completado la recarga de este Contexto
05-Apr-2022 20:21:55.120 INFO [http-nio-8090-exec-109] org.apache.catalina.core.StandardContext.reload Ha comenzado la recarga de Contexto [/Store]
05-Apr-2022 20:21:56.864 INFO [http-nio-8090-exec-109] org.apache.jasper.servlet.TldScanner.scanJars Al menos un JAR, que se ha explorado buscando TLDs, aún no contenía TLDs. Activar historial de depuración para este historiador para una completa lista de los JARs que fueron explorados y de los que nos se halló TLDs. Saltarse JARs no necesarios durante la exploración puede dar lugar a una mejora de tiempo significativa en el arranque y compilación de JSP .
05-Apr-2022 20:21:56.925 INFO [http-nio-8090-exec-109] org.apache.catalina.core.StandardContext.reload Se ha completado la recarga de este Contexto
05-Apr-2022 20:23:16.783 INFO [http-nio-8090-exec-110] org.apache.catalina.core.StandardContext.reload Ha comenzado la recarga de Contexto [/Store]
05-Apr-2022 20:23:18.329 INFO [http-nio-8090-exec-110] org.apache.jasper.servlet.TldScanner.scanJars Al menos un JAR, que se ha explorado buscando TLDs, aún no contenía TLDs. Activar historial de depuración para este historiador para una completa lista de los JARs que fueron explorados y de los que nos se halló TLDs. Saltarse JARs no necesarios durante la exploración puede dar lugar a una mejora de tiempo significativa en el arranque y compilación de JSP .
05-Apr-2022 20:23:18.377 INFO [http-nio-8090-exec-110] org.apache.catalina.core.StandardContext.reload Se ha completado la recarga de este Contexto
05-Apr-2022 20:23:35.649 INFO [http-nio-8090-exec-92] org.apache.catalina.core.StandardContext.reload Ha comenzado la recarga de Contexto [/Store]
05-Apr-2022 20:23:37.227 INFO [http-nio-8090-exec-92] org.apache.jasper.servlet.TldScanner.scanJars Al menos un JAR, que se ha explorado buscando TLDs, aún no contenía TLDs. Activar historial de depuración para este historiador para una completa lista de los JARs que fueron explorados y de los que nos se halló TLDs. Saltarse JARs no necesarios durante la exploración puede dar lugar a una mejora de tiempo significativa en el arranque y compilación de JSP .
05-Apr-2022 20:23:37.265 INFO [http-nio-8090-exec-92] org.apache.catalina.core.StandardContext.reload Se ha completado la recarga de este Contexto
05-Apr-2022 20:24:20.150 INFO [http-nio-8090-exec-114] org.apache.catalina.core.StandardContext.reload Ha comenzado la recarga de Contexto [/Store]
05-Apr-2022 20:24:21.953 INFO [http-nio-8090-exec-114] org.apache.jasper.servlet.TldScanner.scanJars Al menos un JAR, que se ha explorado buscando TLDs, aún no contenía TLDs. Activar historial de depuración para este historiador para una completa lista de los JARs que fueron explorados y de los que nos se halló TLDs. Saltarse JARs no necesarios durante la exploración puede dar lugar a una mejora de tiempo significativa en el arranque y compilación de JSP .
05-Apr-2022 20:24:21.997 INFO [http-nio-8090-exec-114] org.apache.catalina.core.StandardContext.reload Se ha completado la recarga de este Contexto
05-Apr-2022 20:24:33.423 INFO [http-nio-8090-exec-99] org.apache.catalina.core.StandardContext.reload Ha comenzado la recarga de Contexto [/Store]
05-Apr-2022 20:24:35.046 INFO [http-nio-8090-exec-99] org.apache.jasper.servlet.TldScanner.scanJars Al menos un JAR, que se ha explorado buscando TLDs, aún no contenía TLDs. Activar historial de depuración para este historiador para una completa lista de los JARs que fueron explorados y de los que nos se halló TLDs. Saltarse JARs no necesarios durante la exploración puede dar lugar a una mejora de tiempo significativa en el arranque y compilación de JSP .
05-Apr-2022 20:24:35.083 INFO [http-nio-8090-exec-99] org.apache.catalina.core.StandardContext.reload Se ha completado la recarga de este Contexto
05-Apr-2022 20:25:20.178 INFO [http-nio-8090-exec-113] org.apache.catalina.core.StandardContext.reload Ha comenzado la recarga de Contexto [/Store]
05-Apr-2022 20:25:21.644 INFO [http-nio-8090-exec-113] org.apache.jasper.servlet.TldScanner.scanJars Al menos un JAR, que se ha explorado buscando TLDs, aún no contenía TLDs. Activar historial de depuración para este historiador para una completa lista de los JARs que fueron explorados y de los que nos se halló TLDs. Saltarse JARs no necesarios durante la exploración puede dar lugar a una mejora de tiempo significativa en el arranque y compilación de JSP .
05-Apr-2022 20:25:21.682 INFO [http-nio-8090-exec-113] org.apache.catalina.core.StandardContext.reload Se ha completado la recarga de este Contexto
05-Apr-2022 20:26:10.925 INFO [http-nio-8090-exec-121] org.apache.catalina.core.StandardContext.reload Ha comenzado la recarga de Contexto [/Store]
05-Apr-2022 20:26:12.620 INFO [http-nio-8090-exec-121] org.apache.jasper.servlet.TldScanner.scanJars Al menos un JAR, que se ha explorado buscando TLDs, aún no contenía TLDs. Activar historial de depuración para este historiador para una completa lista de los JARs que fueron explorados y de los que nos se halló TLDs. Saltarse JARs no necesarios durante la exploración puede dar lugar a una mejora de tiempo significativa en el arranque y compilación de JSP .
05-Apr-2022 20:26:12.661 INFO [http-nio-8090-exec-121] org.apache.catalina.core.StandardContext.reload Se ha completado la recarga de este Contexto
05-Apr-2022 20:26:39.338 INFO [http-nio-8090-exec-123] org.apache.catalina.core.StandardContext.reload Ha comenzado la recarga de Contexto [/Store]
05-Apr-2022 20:26:41.304 INFO [http-nio-8090-exec-123] org.apache.jasper.servlet.TldScanner.scanJars Al menos un JAR, que se ha explorado buscando TLDs, aún no contenía TLDs. Activar historial de depuración para este historiador para una completa lista de los JARs que fueron explorados y de los que nos se halló TLDs. Saltarse JARs no necesarios durante la exploración puede dar lugar a una mejora de tiempo significativa en el arranque y compilación de JSP .
05-Apr-2022 20:26:41.355 INFO [http-nio-8090-exec-123] org.apache.catalina.core.StandardContext.reload Se ha completado la recarga de este Contexto
05-Apr-2022 20:26:41.518 INFO [http-nio-8090-exec-111] org.apache.catalina.core.StandardContext.reload Ha comenzado la recarga de Contexto [/Store]
05-Apr-2022 20:26:42.926 INFO [http-nio-8090-exec-111] org.apache.jasper.servlet.TldScanner.scanJars Al menos un JAR, que se ha explorado buscando TLDs, aún no contenía TLDs. Activar historial de depuración para este historiador para una completa lista de los JARs que fueron explorados y de los que nos se halló TLDs. Saltarse JARs no necesarios durante la exploración puede dar lugar a una mejora de tiempo significativa en el arranque y compilación de JSP .
05-Apr-2022 20:26:42.967 INFO [http-nio-8090-exec-111] org.apache.catalina.core.StandardContext.reload Se ha completado la recarga de este Contexto
05-Apr-2022 20:29:02.176 INFO [http-nio-8090-exec-132] org.apache.catalina.core.StandardContext.reload Ha comenzado la recarga de Contexto [/Store]
05-Apr-2022 20:29:04.339 INFO [http-nio-8090-exec-132] org.apache.jasper.servlet.TldScanner.scanJars Al menos un JAR, que se ha explorado buscando TLDs, aún no contenía TLDs. Activar historial de depuración para este historiador para una completa lista de los JARs que fueron explorados y de los que nos se halló TLDs. Saltarse JARs no necesarios durante la exploración puede dar lugar a una mejora de tiempo significativa en el arranque y compilación de JSP .
05-Apr-2022 20:29:04.401 INFO [http-nio-8090-exec-132] org.apache.catalina.core.StandardContext.reload Se ha completado la recarga de este Contexto
05-Apr-2022 20:29:04.766 INFO [http-nio-8090-exec-126] org.apache.catalina.core.StandardContext.reload Ha comenzado la recarga de Contexto [/Store]
05-Apr-2022 20:29:06.486 INFO [http-nio-8090-exec-126] org.apache.jasper.servlet.TldScanner.scanJars Al menos un JAR, que se ha explorado buscando TLDs, aún no contenía TLDs. Activar historial de depuración para este historiador para una completa lista de los JARs que fueron explorados y de los que nos se halló TLDs. Saltarse JARs no necesarios durante la exploración puede dar lugar a una mejora de tiempo significativa en el arranque y compilación de JSP .
05-Apr-2022 20:29:06.521 INFO [http-nio-8090-exec-126] org.apache.catalina.core.StandardContext.reload Se ha completado la recarga de este Contexto
05-Apr-2022 20:29:20.695 INFO [http-nio-8090-exec-125] org.apache.catalina.core.StandardContext.reload Ha comenzado la recarga de Contexto [/Store]
05-Apr-2022 20:29:22.132 INFO [http-nio-8090-exec-125] org.apache.jasper.servlet.TldScanner.scanJars Al menos un JAR, que se ha explorado buscando TLDs, aún no contenía TLDs. Activar historial de depuración para este historiador para una completa lista de los JARs que fueron explorados y de los que nos se halló TLDs. Saltarse JARs no necesarios durante la exploración puede dar lugar a una mejora de tiempo significativa en el arranque y compilación de JSP .
05-Apr-2022 20:29:22.168 INFO [http-nio-8090-exec-125] org.apache.catalina.core.StandardContext.reload Se ha completado la recarga de este Contexto
05-Apr-2022 20:30:17.597 INFO [http-nio-8090-exec-134] org.apache.catalina.core.StandardContext.reload Ha comenzado la recarga de Contexto [/Store]
05-Apr-2022 20:30:19.335 INFO [http-nio-8090-exec-134] org.apache.jasper.servlet.TldScanner.scanJars Al menos un JAR, que se ha explorado buscando TLDs, aún no contenía TLDs. Activar historial de depuración para este historiador para una completa lista de los JARs que fueron explorados y de los que nos se halló TLDs. Saltarse JARs no necesarios durante la exploración puede dar lugar a una mejora de tiempo significativa en el arranque y compilación de JSP .
05-Apr-2022 20:30:19.380 INFO [http-nio-8090-exec-134] org.apache.catalina.core.StandardContext.reload Se ha completado la recarga de este Contexto
05-Apr-2022 20:30:40.206 INFO [http-nio-8090-exec-127] org.apache.catalina.core.StandardContext.reload Ha comenzado la recarga de Contexto [/Store]
05-Apr-2022 20:30:41.999 INFO [http-nio-8090-exec-127] org.apache.jasper.servlet.TldScanner.scanJars Al menos un JAR, que se ha explorado buscando TLDs, aún no contenía TLDs. Activar historial de depuración para este historiador para una completa lista de los JARs que fueron explorados y de los que nos se halló TLDs. Saltarse JARs no necesarios durante la exploración puede dar lugar a una mejora de tiempo significativa en el arranque y compilación de JSP .
05-Apr-2022 20:30:42.042 INFO [http-nio-8090-exec-127] org.apache.catalina.core.StandardContext.reload Se ha completado la recarga de este Contexto
05-Apr-2022 20:30:55.128 INFO [http-nio-8090-exec-139] org.apache.catalina.core.StandardContext.reload Ha comenzado la recarga de Contexto [/Store]
05-Apr-2022 20:30:56.558 INFO [http-nio-8090-exec-139] org.apache.jasper.servlet.TldScanner.scanJars Al menos un JAR, que se ha explorado buscando TLDs, aún no contenía TLDs. Activar historial de depuración para este historiador para una completa lista de los JARs que fueron explorados y de los que nos se halló TLDs. Saltarse JARs no necesarios durante la exploración puede dar lugar a una mejora de tiempo significativa en el arranque y compilación de JSP .
05-Apr-2022 20:30:56.599 INFO [http-nio-8090-exec-139] org.apache.catalina.core.StandardContext.reload Se ha completado la recarga de este Contexto
05-Apr-2022 20:31:12.786 INFO [http-nio-8090-exec-117] org.apache.catalina.core.StandardContext.reload Ha comenzado la recarga de Contexto [/Store]
05-Apr-2022 20:31:14.552 INFO [http-nio-8090-exec-117] org.apache.jasper.servlet.TldScanner.scanJars Al menos un JAR, que se ha explorado buscando TLDs, aún no contenía TLDs. Activar historial de depuración para este historiador para una completa lista de los JARs que fueron explorados y de los que nos se halló TLDs. Saltarse JARs no necesarios durante la exploración puede dar lugar a una mejora de tiempo significativa en el arranque y compilación de JSP .
05-Apr-2022 20:31:14.600 INFO [http-nio-8090-exec-117] org.apache.catalina.core.StandardContext.reload Se ha completado la recarga de este Contexto
05-Apr-2022 20:38:46.351 INFO [http-nio-8090-exec-146] org.apache.catalina.core.StandardContext.reload Ha comenzado la recarga de Contexto [/Store]
05-Apr-2022 20:38:48.070 INFO [http-nio-8090-exec-146] org.apache.jasper.servlet.TldScanner.scanJars Al menos un JAR, que se ha explorado buscando TLDs, aún no contenía TLDs. Activar historial de depuración para este historiador para una completa lista de los JARs que fueron explorados y de los que nos se halló TLDs. Saltarse JARs no necesarios durante la exploración puede dar lugar a una mejora de tiempo significativa en el arranque y compilación de JSP .
05-Apr-2022 20:38:48.112 INFO [http-nio-8090-exec-146] org.apache.catalina.core.StandardContext.reload Se ha completado la recarga de este Contexto
05-Apr-2022 20:40:42.516 INFO [http-nio-8090-exec-151] org.apache.catalina.core.StandardContext.reload Ha comenzado la recarga de Contexto [/Store]
05-Apr-2022 20:40:44.050 INFO [http-nio-8090-exec-151] org.apache.jasper.servlet.TldScanner.scanJars Al menos un JAR, que se ha explorado buscando TLDs, aún no contenía TLDs. Activar historial de depuración para este historiador para una completa lista de los JARs que fueron explorados y de los que nos se halló TLDs. Saltarse JARs no necesarios durante la exploración puede dar lugar a una mejora de tiempo significativa en el arranque y compilación de JSP .
05-Apr-2022 20:40:44.088 INFO [http-nio-8090-exec-151] org.apache.catalina.core.StandardContext.reload Se ha completado la recarga de este Contexto
05-Apr-2022 20:42:35.237 INFO [http-nio-8090-exec-158] org.apache.catalina.core.StandardContext.reload Ha comenzado la recarga de Contexto [/Store]
05-Apr-2022 20:42:36.772 INFO [http-nio-8090-exec-158] org.apache.jasper.servlet.TldScanner.scanJars Al menos un JAR, que se ha explorado buscando TLDs, aún no contenía TLDs. Activar historial de depuración para este historiador para una completa lista de los JARs que fueron explorados y de los que nos se halló TLDs. Saltarse JARs no necesarios durante la exploración puede dar lugar a una mejora de tiempo significativa en el arranque y compilación de JSP .
05-Apr-2022 20:42:36.811 INFO [http-nio-8090-exec-158] org.apache.catalina.core.StandardContext.reload Se ha completado la recarga de este Contexto
05-Apr-2022 20:43:14.820 INFO [http-nio-8090-exec-156] org.apache.catalina.core.StandardContext.reload Ha comenzado la recarga de Contexto [/Store]
05-Apr-2022 20:43:16.349 INFO [http-nio-8090-exec-156] org.apache.jasper.servlet.TldScanner.scanJars Al menos un JAR, que se ha explorado buscando TLDs, aún no contenía TLDs. Activar historial de depuración para este historiador para una completa lista de los JARs que fueron explorados y de los que nos se halló TLDs. Saltarse JARs no necesarios durante la exploración puede dar lugar a una mejora de tiempo significativa en el arranque y compilación de JSP .
05-Apr-2022 20:43:16.397 INFO [http-nio-8090-exec-156] org.apache.catalina.core.StandardContext.reload Se ha completado la recarga de este Contexto
05-Apr-2022 20:43:16.745 INFO [http-nio-8090-exec-159] org.apache.catalina.core.StandardContext.reload Ha comenzado la recarga de Contexto [/Store]
05-Apr-2022 20:43:18.174 INFO [http-nio-8090-exec-159] org.apache.jasper.servlet.TldScanner.scanJars Al menos un JAR, que se ha explorado buscando TLDs, aún no contenía TLDs. Activar historial de depuración para este historiador para una completa lista de los JARs que fueron explorados y de los que nos se halló TLDs. Saltarse JARs no necesarios durante la exploración puede dar lugar a una mejora de tiempo significativa en el arranque y compilación de JSP .
05-Apr-2022 20:43:18.209 INFO [http-nio-8090-exec-159] org.apache.catalina.core.StandardContext.reload Se ha completado la recarga de este Contexto
05-Apr-2022 20:43:18.554 INFO [http-nio-8090-exec-161] org.apache.catalina.core.StandardContext.reload Ha comenzado la recarga de Contexto [/Store]
05-Apr-2022 20:43:19.928 INFO [http-nio-8090-exec-161] org.apache.jasper.servlet.TldScanner.scanJars Al menos un JAR, que se ha explorado buscando TLDs, aún no contenía TLDs. Activar historial de depuración para este historiador para una completa lista de los JARs que fueron explorados y de los que nos se halló TLDs. Saltarse JARs no necesarios durante la exploración puede dar lugar a una mejora de tiempo significativa en el arranque y compilación de JSP .
05-Apr-2022 20:43:19.966 INFO [http-nio-8090-exec-161] org.apache.catalina.core.StandardContext.reload Se ha completado la recarga de este Contexto
05-Apr-2022 20:43:44.218 INFO [http-nio-8090-exec-162] org.apache.catalina.core.StandardContext.reload Ha comenzado la recarga de Contexto [/Store]
05-Apr-2022 20:43:45.759 INFO [http-nio-8090-exec-162] org.apache.jasper.servlet.TldScanner.scanJars Al menos un JAR, que se ha explorado buscando TLDs, aún no contenía TLDs. Activar historial de depuración para este historiador para una completa lista de los JARs que fueron explorados y de los que nos se halló TLDs. Saltarse JARs no necesarios durante la exploración puede dar lugar a una mejora de tiempo significativa en el arranque y compilación de JSP .
05-Apr-2022 20:43:45.818 INFO [http-nio-8090-exec-162] org.apache.catalina.core.StandardContext.reload Se ha completado la recarga de este Contexto
05-Apr-2022 20:44:13.654 INFO [http-nio-8090-exec-152] org.apache.catalina.core.StandardContext.reload Ha comenzado la recarga de Contexto [/Store]
05-Apr-2022 20:44:14.983 INFO [http-nio-8090-exec-152] org.apache.jasper.servlet.TldScanner.scanJars Al menos un JAR, que se ha explorado buscando TLDs, aún no contenía TLDs. Activar historial de depuración para este historiador para una completa lista de los JARs que fueron explorados y de los que nos se halló TLDs. Saltarse JARs no necesarios durante la exploración puede dar lugar a una mejora de tiempo significativa en el arranque y compilación de JSP .
05-Apr-2022 20:44:15.019 INFO [http-nio-8090-exec-152] org.apache.catalina.core.StandardContext.reload Se ha completado la recarga de este Contexto
05-Apr-2022 20:44:17.664 INFO [http-nio-8090-exec-163] org.apache.catalina.core.StandardContext.reload Ha comenzado la recarga de Contexto [/Store]
05-Apr-2022 20:44:19.258 INFO [http-nio-8090-exec-163] org.apache.jasper.servlet.TldScanner.scanJars Al menos un JAR, que se ha explorado buscando TLDs, aún no contenía TLDs. Activar historial de depuración para este historiador para una completa lista de los JARs que fueron explorados y de los que nos se halló TLDs. Saltarse JARs no necesarios durante la exploración puede dar lugar a una mejora de tiempo significativa en el arranque y compilación de JSP .
05-Apr-2022 20:44:19.297 INFO [http-nio-8090-exec-163] org.apache.catalina.core.StandardContext.reload Se ha completado la recarga de este Contexto
05-Apr-2022 20:44:40.402 INFO [http-nio-8090-exec-167] org.apache.catalina.core.StandardContext.reload Ha comenzado la recarga de Contexto [/Store]
05-Apr-2022 20:44:42.075 INFO [http-nio-8090-exec-167] org.apache.jasper.servlet.TldScanner.scanJars Al menos un JAR, que se ha explorado buscando TLDs, aún no contenía TLDs. Activar historial de depuración para este historiador para una completa lista de los JARs que fueron explorados y de los que nos se halló TLDs. Saltarse JARs no necesarios durante la exploración puede dar lugar a una mejora de tiempo significativa en el arranque y compilación de JSP .
05-Apr-2022 20:44:42.114 INFO [http-nio-8090-exec-167] org.apache.catalina.core.StandardContext.reload Se ha completado la recarga de este Contexto
05-Apr-2022 20:44:54.115 INFO [http-nio-8090-exec-170] org.apache.catalina.core.StandardContext.reload Ha comenzado la recarga de Contexto [/Store]
05-Apr-2022 20:44:55.794 INFO [http-nio-8090-exec-170] org.apache.jasper.servlet.TldScanner.scanJars Al menos un JAR, que se ha explorado buscando TLDs, aún no contenía TLDs. Activar historial de depuración para este historiador para una completa lista de los JARs que fueron explorados y de los que nos se halló TLDs. Saltarse JARs no necesarios durante la exploración puede dar lugar a una mejora de tiempo significativa en el arranque y compilación de JSP .
05-Apr-2022 20:44:55.841 INFO [http-nio-8090-exec-170] org.apache.catalina.core.StandardContext.reload Se ha completado la recarga de este Contexto
05-Apr-2022 20:44:56.186 INFO [http-nio-8090-exec-169] org.apache.catalina.core.StandardContext.reload Ha comenzado la recarga de Contexto [/Store]
05-Apr-2022 20:44:57.815 INFO [http-nio-8090-exec-169] org.apache.jasper.servlet.TldScanner.scanJars Al menos un JAR, que se ha explorado buscando TLDs, aún no contenía TLDs. Activar historial de depuración para este historiador para una completa lista de los JARs que fueron explorados y de los que nos se halló TLDs. Saltarse JARs no necesarios durante la exploración puede dar lugar a una mejora de tiempo significativa en el arranque y compilación de JSP .
05-Apr-2022 20:44:57.870 INFO [http-nio-8090-exec-169] org.apache.catalina.core.StandardContext.reload Se ha completado la recarga de este Contexto
05-Apr-2022 20:45:00.948 INFO [http-nio-8090-exec-175] org.apache.catalina.core.StandardContext.reload Ha comenzado la recarga de Contexto [/Store]
05-Apr-2022 20:45:02.529 INFO [http-nio-8090-exec-175] org.apache.jasper.servlet.TldScanner.scanJars Al menos un JAR, que se ha explorado buscando TLDs, aún no contenía TLDs. Activar historial de depuración para este historiador para una completa lista de los JARs que fueron explorados y de los que nos se halló TLDs. Saltarse JARs no necesarios durante la exploración puede dar lugar a una mejora de tiempo significativa en el arranque y compilación de JSP .
05-Apr-2022 20:45:02.567 INFO [http-nio-8090-exec-175] org.apache.catalina.core.StandardContext.reload Se ha completado la recarga de este Contexto
05-Apr-2022 20:57:50.038 INFO [http-nio-8090-exec-181] org.apache.catalina.core.StandardContext.reload Ha comenzado la recarga de Contexto [/Store]
05-Apr-2022 20:57:51.531 INFO [http-nio-8090-exec-181] org.apache.jasper.servlet.TldScanner.scanJars Al menos un JAR, que se ha explorado buscando TLDs, aún no contenía TLDs. Activar historial de depuración para este historiador para una completa lista de los JARs que fueron explorados y de los que nos se halló TLDs. Saltarse JARs no necesarios durante la exploración puede dar lugar a una mejora de tiempo significativa en el arranque y compilación de JSP .
05-Apr-2022 20:57:51.571 INFO [http-nio-8090-exec-181] org.apache.catalina.core.StandardContext.reload Se ha completado la recarga de este Contexto
05-Apr-2022 20:58:10.801 INFO [http-nio-8090-exec-182] org.apache.catalina.core.StandardContext.reload Ha comenzado la recarga de Contexto [/Store]
05-Apr-2022 20:58:12.358 INFO [http-nio-8090-exec-182] org.apache.jasper.servlet.TldScanner.scanJars Al menos un JAR, que se ha explorado buscando TLDs, aún no contenía TLDs. Activar historial de depuración para este historiador para una completa lista de los JARs que fueron explorados y de los que nos se halló TLDs. Saltarse JARs no necesarios durante la exploración puede dar lugar a una mejora de tiempo significativa en el arranque y compilación de JSP .
05-Apr-2022 20:58:12.393 INFO [http-nio-8090-exec-182] org.apache.catalina.core.StandardContext.reload Se ha completado la recarga de este Contexto
05-Apr-2022 20:58:49.195 INFO [http-nio-8090-exec-190] org.apache.catalina.core.StandardContext.reload Ha comenzado la recarga de Contexto [/Store]
05-Apr-2022 20:58:50.603 INFO [http-nio-8090-exec-190] org.apache.jasper.servlet.TldScanner.scanJars Al menos un JAR, que se ha explorado buscando TLDs, aún no contenía TLDs. Activar historial de depuración para este historiador para una completa lista de los JARs que fueron explorados y de los que nos se halló TLDs. Saltarse JARs no necesarios durante la exploración puede dar lugar a una mejora de tiempo significativa en el arranque y compilación de JSP .
05-Apr-2022 20:58:50.642 INFO [http-nio-8090-exec-190] org.apache.catalina.core.StandardContext.reload Se ha completado la recarga de este Contexto
05-Apr-2022 20:58:52.760 INFO [http-nio-8090-exec-179] org.apache.catalina.core.StandardContext.reload Ha comenzado la recarga de Contexto [/Store]
05-Apr-2022 20:58:54.223 INFO [http-nio-8090-exec-179] org.apache.jasper.servlet.TldScanner.scanJars Al menos un JAR, que se ha explorado buscando TLDs, aún no contenía TLDs. Activar historial de depuración para este historiador para una completa lista de los JARs que fueron explorados y de los que nos se halló TLDs. Saltarse JARs no necesarios durante la exploración puede dar lugar a una mejora de tiempo significativa en el arranque y compilación de JSP .
05-Apr-2022 20:58:54.257 INFO [http-nio-8090-exec-179] org.apache.catalina.core.StandardContext.reload Se ha completado la recarga de este Contexto
05-Apr-2022 20:58:58.574 INFO [http-nio-8090-exec-183] org.apache.catalina.core.StandardContext.reload Ha comenzado la recarga de Contexto [/Store]
05-Apr-2022 20:59:00.294 INFO [http-nio-8090-exec-183] org.apache.jasper.servlet.TldScanner.scanJars Al menos un JAR, que se ha explorado buscando TLDs, aún no contenía TLDs. Activar historial de depuración para este historiador para una completa lista de los JARs que fueron explorados y de los que nos se halló TLDs. Saltarse JARs no necesarios durante la exploración puede dar lugar a una mejora de tiempo significativa en el arranque y compilación de JSP .
05-Apr-2022 20:59:00.340 INFO [http-nio-8090-exec-183] org.apache.catalina.core.StandardContext.reload Se ha completado la recarga de este Contexto
05-Apr-2022 20:59:39.054 INFO [http-nio-8090-exec-196] org.apache.catalina.core.StandardContext.reload Ha comenzado la recarga de Contexto [/Store]
05-Apr-2022 20:59:40.520 INFO [http-nio-8090-exec-196] org.apache.jasper.servlet.TldScanner.scanJars Al menos un JAR, que se ha explorado buscando TLDs, aún no contenía TLDs. Activar historial de depuración para este historiador para una completa lista de los JARs que fueron explorados y de los que nos se halló TLDs. Saltarse JARs no necesarios durante la exploración puede dar lugar a una mejora de tiempo significativa en el arranque y compilación de JSP .
05-Apr-2022 20:59:40.563 INFO [http-nio-8090-exec-196] org.apache.catalina.core.StandardContext.reload Se ha completado la recarga de este Contexto
05-Apr-2022 20:59:47.926 INFO [http-nio-8090-exec-184] org.apache.catalina.core.StandardContext.reload Ha comenzado la recarga de Contexto [/Store]
05-Apr-2022 20:59:49.431 INFO [http-nio-8090-exec-184] org.apache.jasper.servlet.TldScanner.scanJars Al menos un JAR, que se ha explorado buscando TLDs, aún no contenía TLDs. Activar historial de depuración para este historiador para una completa lista de los JARs que fueron explorados y de los que nos se halló TLDs. Saltarse JARs no necesarios durante la exploración puede dar lugar a una mejora de tiempo significativa en el arranque y compilación de JSP .
05-Apr-2022 20:59:49.470 INFO [http-nio-8090-exec-184] org.apache.catalina.core.StandardContext.reload Se ha completado la recarga de este Contexto
