21-Mar-2022 16:21:47.551 INFO [http-nio-8090-exec-8] org.apache.catalina.core.ApplicationContext.log Manager: init: Associated with Deployer 'Catalina:type=Deployer,host=localhost'
21-Mar-2022 16:21:47.551 INFO [http-nio-8090-exec-8] org.apache.catalina.core.ApplicationContext.log Manager: init: Global resources are available
21-Mar-2022 19:37:07.586 INFO [http-nio-8090-exec-7] org.apache.catalina.core.ApplicationContext.log Manager: list: Listing contexts for virtual host 'localhost'
21-Mar-2022 19:37:07.658 INFO [http-nio-8090-exec-16] org.apache.catalina.core.ApplicationContext.log Manager: list: Listing contexts for virtual host 'localhost'
21-Mar-2022 19:37:08.477 INFO [http-nio-8090-exec-2] org.apache.catalina.core.ApplicationContext.log Manager: restart: Reloading web application '/Store'
21-Mar-2022 19:46:18.644 INFO [http-nio-8090-exec-39] org.apache.catalina.core.ApplicationContext.log Manager: list: Listing contexts for virtual host 'localhost'
21-Mar-2022 19:46:27.238 INFO [http-nio-8090-exec-36] org.apache.catalina.core.ApplicationContext.log Manager: list: Listing contexts for virtual host 'localhost'
21-Mar-2022 19:47:34.148 INFO [http-nio-8090-exec-37] org.apache.catalina.core.ApplicationContext.log Manager: list: Listing contexts for virtual host 'localhost'
21-Mar-2022 19:48:30.436 INFO [http-nio-8090-exec-35] org.apache.catalina.core.ApplicationContext.log Manager: list: Listing contexts for virtual host 'localhost'
21-Mar-2022 19:49:42.840 INFO [http-nio-8090-exec-4] org.apache.catalina.core.ApplicationContext.log Manager: init: Associated with Deployer 'Catalina:type=Deployer,host=localhost'
21-Mar-2022 19:49:42.841 INFO [http-nio-8090-exec-4] org.apache.catalina.core.ApplicationContext.log Manager: init: Global resources are available
21-Mar-2022 19:49:50.229 INFO [http-nio-8090-exec-9] org.apache.catalina.core.ApplicationContext.log Manager: list: Listing contexts for virtual host 'localhost'
21-Mar-2022 19:49:50.239 INFO [http-nio-8090-exec-6] org.apache.catalina.core.ApplicationContext.log Manager: list: Listing contexts for virtual host 'localhost'
21-Mar-2022 19:49:50.319 INFO [http-nio-8090-exec-1] org.apache.catalina.core.ApplicationContext.log Manager: undeploy: Undeploying web application at '/Store'
21-Mar-2022 19:49:51.066 INFO [http-nio-8090-exec-2] org.apache.catalina.core.ApplicationContext.log Manager: install: Installing context configuration at 'file:/C:/Users/ACERES~1/AppData/Local/Temp/context4984365568288860012.xml'
21-Mar-2022 19:50:22.229 INFO [http-nio-8090-exec-4] org.apache.catalina.core.ApplicationContext.log Manager: start: Starting web application '/Store'
21-Mar-2022 19:52:21.694 INFO [http-nio-8090-exec-13] org.apache.catalina.core.ApplicationContext.log Manager: list: Listing contexts for virtual host 'localhost'
21-Mar-2022 19:52:37.546 INFO [http-nio-8090-exec-16] org.apache.catalina.core.ApplicationContext.log Manager: list: Listing contexts for virtual host 'localhost'
21-Mar-2022 19:52:37.587 INFO [http-nio-8090-exec-17] org.apache.catalina.core.ApplicationContext.log Manager: list: Listing contexts for virtual host 'localhost'
21-Mar-2022 19:52:37.624 INFO [http-nio-8090-exec-19] org.apache.catalina.core.ApplicationContext.log Manager: undeploy: Undeploying web application at '/Store'
21-Mar-2022 19:52:38.189 INFO [http-nio-8090-exec-12] org.apache.catalina.core.ApplicationContext.log Manager: install: Installing context configuration at 'file:/C:/Users/ACERES~1/AppData/Local/Temp/context9326330968274797241.xml'
21-Mar-2022 19:52:52.450 INFO [http-nio-8090-exec-16] org.apache.catalina.core.ApplicationContext.log Manager: start: Starting web application '/Store'
21-Mar-2022 20:05:27.331 INFO [http-nio-8090-exec-26] org.apache.catalina.core.ApplicationContext.log Manager: list: Listing contexts for virtual host 'localhost'
21-Mar-2022 20:05:27.421 INFO [http-nio-8090-exec-27] org.apache.catalina.core.ApplicationContext.log Manager: restart: Reloading web application '/Store'
21-Mar-2022 20:05:42.744 INFO [http-nio-8090-exec-22] org.apache.catalina.core.ApplicationContext.log Manager: list: Listing contexts for virtual host 'localhost'
21-Mar-2022 20:05:42.789 INFO [http-nio-8090-exec-31] org.apache.catalina.core.ApplicationContext.log Manager: list: Listing contexts for virtual host 'localhost'
21-Mar-2022 20:05:42.830 INFO [http-nio-8090-exec-23] org.apache.catalina.core.ApplicationContext.log Manager: undeploy: Undeploying web application at '/Store'
21-Mar-2022 20:05:43.452 INFO [http-nio-8090-exec-30] org.apache.catalina.core.ApplicationContext.log Manager: install: Installing context configuration at 'file:/C:/Users/ACERES~1/AppData/Local/Temp/context11372283313624080228.xml'
21-Mar-2022 20:06:04.690 INFO [http-nio-8090-exec-32] org.apache.catalina.core.ApplicationContext.log Manager: start: Starting web application '/Store'
21-Mar-2022 20:07:16.084 INFO [http-nio-8090-exec-37] org.apache.catalina.core.ApplicationContext.log Manager: list: Listing contexts for virtual host 'localhost'
21-Mar-2022 20:07:16.103 INFO [http-nio-8090-exec-38] org.apache.catalina.core.ApplicationContext.log Manager: restart: Reloading web application '/Store'
21-Mar-2022 20:07:23.471 INFO [http-nio-8090-exec-43] org.apache.catalina.core.ApplicationContext.log Manager: list: Listing contexts for virtual host 'localhost'
21-Mar-2022 20:07:23.485 INFO [http-nio-8090-exec-37] org.apache.catalina.core.ApplicationContext.log Manager: list: Listing contexts for virtual host 'localhost'
21-Mar-2022 20:07:23.511 INFO [http-nio-8090-exec-35] org.apache.catalina.core.ApplicationContext.log Manager: undeploy: Undeploying web application at '/Store'
21-Mar-2022 20:07:24.083 INFO [http-nio-8090-exec-39] org.apache.catalina.core.ApplicationContext.log Manager: install: Installing context configuration at 'file:/C:/Users/ACERES~1/AppData/Local/Temp/context12995774011415451373.xml'
21-Mar-2022 20:07:32.600 INFO [http-nio-8090-exec-44] org.apache.catalina.core.ApplicationContext.log Manager: start: Starting web application '/Store'
21-Mar-2022 20:16:53.547 INFO [http-nio-8090-exec-10] org.apache.catalina.core.ApplicationContext.log Manager: init: Associated with Deployer 'Catalina:type=Deployer,host=localhost'
21-Mar-2022 20:16:53.548 INFO [http-nio-8090-exec-10] org.apache.catalina.core.ApplicationContext.log Manager: init: Global resources are available
21-Mar-2022 20:16:53.678 INFO [http-nio-8090-exec-5] org.apache.catalina.core.ApplicationContext.log Manager: list: Listing contexts for virtual host 'localhost'
21-Mar-2022 20:16:53.691 INFO [http-nio-8090-exec-2] org.apache.catalina.core.ApplicationContext.log Manager: list: Listing contexts for virtual host 'localhost'
21-Mar-2022 20:16:53.830 INFO [http-nio-8090-exec-7] org.apache.catalina.core.ApplicationContext.log Manager: restart: Reloading web application '/Store'
21-Mar-2022 21:23:27.424 INFO [http-nio-8090-exec-8] org.apache.catalina.core.ApplicationContext.log Manager: init: Associated with Deployer 'Catalina:type=Deployer,host=localhost'
21-Mar-2022 21:23:27.425 INFO [http-nio-8090-exec-8] org.apache.catalina.core.ApplicationContext.log Manager: init: Global resources are available
21-Mar-2022 21:23:32.873 INFO [http-nio-8090-exec-5] org.apache.catalina.core.ApplicationContext.log Manager: list: Listing contexts for virtual host 'localhost'
21-Mar-2022 21:23:32.928 INFO [http-nio-8090-exec-3] org.apache.catalina.core.ApplicationContext.log Manager: list: Listing contexts for virtual host 'localhost'
21-Mar-2022 21:23:32.993 INFO [http-nio-8090-exec-9] org.apache.catalina.core.ApplicationContext.log Manager: undeploy: Undeploying web application at '/Store'
21-Mar-2022 21:23:33.830 INFO [http-nio-8090-exec-1] org.apache.catalina.core.ApplicationContext.log Manager: install: Installing context configuration at 'file:/C:/Users/ACERES~1/AppData/Local/Temp/context1901763463966115669.xml'
21-Mar-2022 21:24:29.724 INFO [http-nio-8090-exec-10] org.apache.catalina.core.ApplicationContext.log Manager: start: Starting web application '/Store'
21-Mar-2022 21:24:40.643 INFO [http-nio-8090-exec-19] org.apache.catalina.core.ApplicationContext.log Manager: list: Listing contexts for virtual host 'localhost'
21-Mar-2022 21:24:40.676 INFO [http-nio-8090-exec-15] org.apache.catalina.core.ApplicationContext.log Manager: list: Listing contexts for virtual host 'localhost'
21-Mar-2022 21:24:40.708 INFO [http-nio-8090-exec-14] org.apache.catalina.core.ApplicationContext.log Manager: undeploy: Undeploying web application at '/Store'
21-Mar-2022 21:24:41.315 INFO [http-nio-8090-exec-12] org.apache.catalina.core.ApplicationContext.log Manager: install: Installing context configuration at 'file:/C:/Users/ACERES~1/AppData/Local/Temp/context6179453283828294037.xml'
21-Mar-2022 21:24:48.163 INFO [http-nio-8090-exec-10] org.apache.catalina.core.ApplicationContext.log Manager: start: Starting web application '/Store'
21-Mar-2022 23:01:39.270 INFO [http-nio-8090-exec-26] org.apache.catalina.core.ApplicationContext.log Manager: list: Listing contexts for virtual host 'localhost'
21-Mar-2022 23:01:39.294 INFO [http-nio-8090-exec-28] org.apache.catalina.core.ApplicationContext.log Manager: restart: Reloading web application '/Store'
21-Mar-2022 23:05:48.790 INFO [http-nio-8090-exec-32] org.apache.catalina.core.ApplicationContext.log Manager: list: Listing contexts for virtual host 'localhost'
21-Mar-2022 23:05:48.807 INFO [http-nio-8090-exec-31] org.apache.catalina.core.ApplicationContext.log Manager: restart: Reloading web application '/Store'
