26-Apr-2022 09:42:19.164 INFO [http-nio-8090-exec-15] org.apache.catalina.core.ApplicationContext.log Manager: init: Associated with Deployer 'Catalina:type=Deployer,host=localhost'
26-Apr-2022 09:42:19.165 INFO [http-nio-8090-exec-15] org.apache.catalina.core.ApplicationContext.log Manager: init: Global resources are available
26-Apr-2022 09:42:19.518 INFO [http-nio-8090-exec-14] org.apache.catalina.core.ApplicationContext.log Manager: list: Listing contexts for virtual host 'localhost'
26-Apr-2022 09:42:19.536 INFO [http-nio-8090-exec-4] org.apache.catalina.core.ApplicationContext.log Manager: list: Listing contexts for virtual host 'localhost'
26-Apr-2022 09:50:05.071 INFO [http-nio-8090-exec-13] org.apache.catalina.core.ApplicationContext.log Manager: list: Listing contexts for virtual host 'localhost'
26-Apr-2022 09:50:05.081 INFO [http-nio-8090-exec-9] org.apache.catalina.core.ApplicationContext.log Manager: list: Listing contexts for virtual host 'localhost'
26-Apr-2022 09:50:43.623 INFO [http-nio-8090-exec-16] org.apache.catalina.core.ApplicationContext.log Manager: list: Listing contexts for virtual host 'localhost'
26-Apr-2022 09:50:43.653 INFO [http-nio-8090-exec-13] org.apache.catalina.core.ApplicationContext.log Manager: undeploy: Undeploying web application at '/Store'
26-Apr-2022 09:51:18.621 INFO [http-nio-8090-exec-15] org.apache.catalina.core.ApplicationContext.log Manager: list: Listing contexts for virtual host 'localhost'
26-Apr-2022 09:51:18.629 INFO [http-nio-8090-exec-2] org.apache.catalina.core.ApplicationContext.log Manager: list: Listing contexts for virtual host 'localhost'
26-Apr-2022 09:51:18.693 INFO [http-nio-8090-exec-20] org.apache.catalina.core.ApplicationContext.log Manager: install: Installing context configuration at 'file:/C:/Users/ACERES~1/AppData/Local/Temp/context14591543987581701423.xml'
26-Apr-2022 09:51:20.805 INFO [http-nio-8090-exec-22] org.apache.catalina.core.ApplicationContext.log Manager: start: Starting web application '/Store'
26-Apr-2022 10:13:02.555 INFO [http-nio-8090-exec-6] org.apache.catalina.core.ApplicationContext.log Manager: init: Associated with Deployer 'Catalina:type=Deployer,host=localhost'
26-Apr-2022 10:13:02.556 INFO [http-nio-8090-exec-6] org.apache.catalina.core.ApplicationContext.log Manager: init: Global resources are available
26-Apr-2022 10:13:02.812 INFO [http-nio-8090-exec-12] org.apache.catalina.core.ApplicationContext.log Manager: list: Listing contexts for virtual host 'localhost'
26-Apr-2022 10:13:02.823 INFO [http-nio-8090-exec-7] org.apache.catalina.core.ApplicationContext.log Manager: list: Listing contexts for virtual host 'localhost'
26-Apr-2022 10:25:53.214 INFO [http-nio-8090-exec-10] org.apache.catalina.core.ApplicationContext.log Manager: list: Listing contexts for virtual host 'localhost'
26-Apr-2022 10:25:59.979 INFO [http-nio-8090-exec-13] org.apache.catalina.core.ApplicationContext.log Manager: list: Listing contexts for virtual host 'localhost'
26-Apr-2022 10:25:59.989 INFO [http-nio-8090-exec-14] org.apache.catalina.core.ApplicationContext.log Manager: list: Listing contexts for virtual host 'localhost'
26-Apr-2022 10:28:02.859 INFO [http-nio-8090-exec-3] org.apache.catalina.core.ApplicationContext.log Manager: list: Listing contexts for virtual host 'localhost'
26-Apr-2022 10:28:09.362 INFO [http-nio-8090-exec-12] org.apache.catalina.core.ApplicationContext.log Manager: list: Listing contexts for virtual host 'localhost'
26-Apr-2022 10:28:27.699 INFO [http-nio-8090-exec-10] org.apache.catalina.core.ApplicationContext.log Manager: list: Listing contexts for virtual host 'localhost'
26-Apr-2022 10:28:27.705 INFO [http-nio-8090-exec-3] org.apache.catalina.core.ApplicationContext.log Manager: list: Listing contexts for virtual host 'localhost'
26-Apr-2022 10:39:18.718 INFO [http-nio-8090-exec-4] org.apache.catalina.core.ApplicationContext.log Manager: list: Listing contexts for virtual host 'localhost'
26-Apr-2022 10:41:26.934 INFO [http-nio-8090-exec-11] org.apache.catalina.core.ApplicationContext.log Manager: list: Listing contexts for virtual host 'localhost'
26-Apr-2022 11:21:45.011 INFO [http-nio-8090-exec-9] org.apache.catalina.core.ApplicationContext.log Manager: init: Associated with Deployer 'Catalina:type=Deployer,host=localhost'
26-Apr-2022 11:21:45.012 INFO [http-nio-8090-exec-9] org.apache.catalina.core.ApplicationContext.log Manager: init: Global resources are available
26-Apr-2022 11:21:52.085 INFO [http-nio-8090-exec-7] org.apache.catalina.core.ApplicationContext.log Manager: list: Listing contexts for virtual host 'localhost'
26-Apr-2022 11:21:52.105 INFO [http-nio-8090-exec-2] org.apache.catalina.core.ApplicationContext.log Manager: list: Listing contexts for virtual host 'localhost'
26-Apr-2022 11:21:52.174 INFO [http-nio-8090-exec-4] org.apache.catalina.core.ApplicationContext.log Manager: undeploy: Undeploying web application at '/Store'
26-Apr-2022 11:21:52.922 INFO [http-nio-8090-exec-1] org.apache.catalina.core.ApplicationContext.log Manager: install: Installing context configuration at 'file:/C:/Users/ACERES~1/AppData/Local/Temp/context10222110247907656144.xml'
26-Apr-2022 11:47:26.382 INFO [http-nio-8090-exec-18] org.apache.catalina.core.ApplicationContext.log Manager: list: Listing contexts for virtual host 'localhost'
26-Apr-2022 11:47:26.395 INFO [http-nio-8090-exec-18] org.apache.catalina.core.ApplicationContext.log Manager: list: Listing contexts for virtual host 'localhost'
26-Apr-2022 11:47:26.447 INFO [http-nio-8090-exec-19] org.apache.catalina.core.ApplicationContext.log Manager: undeploy: Undeploying web application at '/Store'
26-Apr-2022 11:47:27.046 INFO [http-nio-8090-exec-20] org.apache.catalina.core.ApplicationContext.log Manager: install: Installing context configuration at 'file:/C:/Users/ACERES~1/AppData/Local/Temp/context16928593368442723016.xml'
26-Apr-2022 11:47:35.627 INFO [http-nio-8090-exec-15] org.apache.catalina.core.ApplicationContext.log Manager: start: Starting web application '/Store'
26-Apr-2022 11:50:49.311 INFO [http-nio-8090-exec-21] org.apache.catalina.core.ApplicationContext.log Manager: list: Listing contexts for virtual host 'localhost'
26-Apr-2022 11:50:49.572 INFO [http-nio-8090-exec-26] org.apache.catalina.core.ApplicationContext.log Manager: list: Listing contexts for virtual host 'localhost'
26-Apr-2022 11:50:49.674 INFO [http-nio-8090-exec-28] org.apache.catalina.core.ApplicationContext.log Manager: undeploy: Undeploying web application at '/Store'
26-Apr-2022 11:50:50.376 INFO [http-nio-8090-exec-23] org.apache.catalina.core.ApplicationContext.log Manager: install: Installing context configuration at 'file:/C:/Users/ACERES~1/AppData/Local/Temp/context5719295813655124538.xml'
26-Apr-2022 11:50:57.680 INFO [http-nio-8090-exec-22] org.apache.catalina.core.ApplicationContext.log Manager: start: Starting web application '/Store'
26-Apr-2022 11:52:23.050 INFO [http-nio-8090-exec-31] org.apache.catalina.core.ApplicationContext.log Manager: list: Listing contexts for virtual host 'localhost'
26-Apr-2022 11:52:23.073 INFO [http-nio-8090-exec-37] org.apache.catalina.core.ApplicationContext.log Manager: list: Listing contexts for virtual host 'localhost'
26-Apr-2022 11:52:23.141 INFO [http-nio-8090-exec-39] org.apache.catalina.core.ApplicationContext.log Manager: undeploy: Undeploying web application at '/Store'
26-Apr-2022 11:52:24.298 INFO [http-nio-8090-exec-32] org.apache.catalina.core.ApplicationContext.log Manager: install: Installing context configuration at 'file:/C:/Users/ACERES~1/AppData/Local/Temp/context8561980331725790464.xml'
26-Apr-2022 11:52:33.189 INFO [http-nio-8090-exec-36] org.apache.catalina.core.ApplicationContext.log Manager: start: Starting web application '/Store'
26-Apr-2022 11:53:45.043 INFO [http-nio-8090-exec-49] org.apache.catalina.core.ApplicationContext.log Manager: list: Listing contexts for virtual host 'localhost'
26-Apr-2022 11:53:45.068 INFO [http-nio-8090-exec-50] org.apache.catalina.core.ApplicationContext.log Manager: undeploy: Undeploying web application at '/Store'
26-Apr-2022 11:55:19.686 INFO [http-nio-8090-exec-53] org.apache.catalina.core.ApplicationContext.log Manager: list: Listing contexts for virtual host 'localhost'
26-Apr-2022 11:55:19.708 INFO [http-nio-8090-exec-42] org.apache.catalina.core.ApplicationContext.log Manager: list: Listing contexts for virtual host 'localhost'
26-Apr-2022 11:55:19.760 INFO [http-nio-8090-exec-44] org.apache.catalina.core.ApplicationContext.log Manager: install: Installing context configuration at 'file:/C:/Users/ACERES~1/AppData/Local/Temp/context2477169639676406773.xml'
26-Apr-2022 11:55:44.457 INFO [http-nio-8090-exec-55] org.apache.catalina.core.ApplicationContext.log Manager: start: Starting web application '/Store'
26-Apr-2022 12:33:37.387 INFO [http-nio-8090-exec-56] org.apache.catalina.core.ApplicationContext.log Manager: list: Listing contexts for virtual host 'localhost'
26-Apr-2022 12:33:37.407 INFO [http-nio-8090-exec-55] org.apache.catalina.core.ApplicationContext.log Manager: restart: Reloading web application '/Store'
26-Apr-2022 12:34:04.786 INFO [http-nio-8090-exec-62] org.apache.catalina.core.ApplicationContext.log Manager: list: Listing contexts for virtual host 'localhost'
26-Apr-2022 12:34:04.813 INFO [http-nio-8090-exec-60] org.apache.catalina.core.ApplicationContext.log Manager: restart: Reloading web application '/Store'
26-Apr-2022 12:34:14.544 INFO [http-nio-8090-exec-54] org.apache.catalina.core.ApplicationContext.log Manager: list: Listing contexts for virtual host 'localhost'
26-Apr-2022 12:34:14.572 INFO [http-nio-8090-exec-51] org.apache.catalina.core.ApplicationContext.log Manager: restart: Reloading web application '/Store'
26-Apr-2022 12:34:22.880 INFO [http-nio-8090-exec-66] org.apache.catalina.core.ApplicationContext.log Manager: list: Listing contexts for virtual host 'localhost'
26-Apr-2022 12:34:22.900 INFO [http-nio-8090-exec-57] org.apache.catalina.core.ApplicationContext.log Manager: restart: Reloading web application '/Store'
26-Apr-2022 12:38:42.683 INFO [http-nio-8090-exec-73] org.apache.catalina.core.ApplicationContext.log Manager: list: Listing contexts for virtual host 'localhost'
26-Apr-2022 12:38:42.705 INFO [http-nio-8090-exec-67] org.apache.catalina.core.ApplicationContext.log Manager: restart: Reloading web application '/Store'
26-Apr-2022 12:39:05.339 INFO [http-nio-8090-exec-65] org.apache.catalina.core.ApplicationContext.log Manager: list: Listing contexts for virtual host 'localhost'
26-Apr-2022 12:39:05.355 INFO [http-nio-8090-exec-68] org.apache.catalina.core.ApplicationContext.log Manager: restart: Reloading web application '/Store'
26-Apr-2022 12:40:21.309 INFO [http-nio-8090-exec-77] org.apache.catalina.core.ApplicationContext.log Manager: list: Listing contexts for virtual host 'localhost'
26-Apr-2022 12:40:21.327 INFO [http-nio-8090-exec-75] org.apache.catalina.core.ApplicationContext.log Manager: restart: Reloading web application '/Store'
26-Apr-2022 12:41:37.294 INFO [http-nio-8090-exec-66] org.apache.catalina.core.ApplicationContext.log Manager: list: Listing contexts for virtual host 'localhost'
26-Apr-2022 12:42:15.002 INFO [http-nio-8090-exec-84] org.apache.catalina.core.ApplicationContext.log Manager: list: Listing contexts for virtual host 'localhost'
26-Apr-2022 12:43:24.751 INFO [http-nio-8090-exec-82] org.apache.catalina.core.ApplicationContext.log Manager: list: Listing contexts for virtual host 'localhost'
26-Apr-2022 12:43:28.292 INFO [http-nio-8090-exec-86] org.apache.catalina.core.ApplicationContext.log Manager: list: Listing contexts for virtual host 'localhost'
26-Apr-2022 12:46:03.123 INFO [http-nio-8090-exec-82] org.apache.catalina.core.ApplicationContext.log Manager: list: Listing contexts for virtual host 'localhost'
26-Apr-2022 12:46:23.871 INFO [http-nio-8090-exec-80] org.apache.catalina.core.ApplicationContext.log Manager: list: Listing contexts for virtual host 'localhost'
26-Apr-2022 12:47:03.675 INFO [http-nio-8090-exec-81] org.apache.catalina.core.ApplicationContext.log Manager: list: Listing contexts for virtual host 'localhost'
26-Apr-2022 12:47:03.687 INFO [http-nio-8090-exec-89] org.apache.catalina.core.ApplicationContext.log Manager: undeploy: Undeploying web application at '/Store'
26-Apr-2022 12:48:00.139 INFO [http-nio-8090-exec-85] org.apache.catalina.core.ApplicationContext.log Manager: list: Listing contexts for virtual host 'localhost'
26-Apr-2022 12:48:00.144 INFO [http-nio-8090-exec-81] org.apache.catalina.core.ApplicationContext.log Manager: list: Listing contexts for virtual host 'localhost'
26-Apr-2022 12:48:00.171 INFO [http-nio-8090-exec-87] org.apache.catalina.core.ApplicationContext.log Manager: install: Installing context configuration at 'file:/C:/Users/ACERES~1/AppData/Local/Temp/context12979868592216321468.xml'
26-Apr-2022 12:48:03.072 INFO [http-nio-8090-exec-91] org.apache.catalina.core.ApplicationContext.log Manager: start: Starting web application '/Store'
26-Apr-2022 12:48:11.805 INFO [http-nio-8090-exec-90] org.apache.catalina.core.ApplicationContext.log Manager: list: Listing contexts for virtual host 'localhost'
26-Apr-2022 12:48:11.814 INFO [http-nio-8090-exec-92] org.apache.catalina.core.ApplicationContext.log Manager: list: Listing contexts for virtual host 'localhost'
26-Apr-2022 12:48:11.859 INFO [http-nio-8090-exec-83] org.apache.catalina.core.ApplicationContext.log Manager: undeploy: Undeploying web application at '/Store'
26-Apr-2022 12:48:12.397 INFO [http-nio-8090-exec-93] org.apache.catalina.core.ApplicationContext.log Manager: install: Installing context configuration at 'file:/C:/Users/ACERES~1/AppData/Local/Temp/context11179217292935546802.xml'
26-Apr-2022 12:49:24.232 INFO [http-nio-8090-exec-95] org.apache.catalina.core.ApplicationContext.log Manager: start: Starting web application '/Store'
26-Apr-2022 12:51:59.880 INFO [http-nio-8090-exec-102] org.apache.catalina.core.ApplicationContext.log Manager: list: Listing contexts for virtual host 'localhost'
26-Apr-2022 12:51:59.890 INFO [http-nio-8090-exec-106] org.apache.catalina.core.ApplicationContext.log Manager: list: Listing contexts for virtual host 'localhost'
26-Apr-2022 12:53:32.622 INFO [http-nio-8090-exec-104] org.apache.catalina.core.ApplicationContext.log Manager: list: Listing contexts for virtual host 'localhost'
26-Apr-2022 12:53:32.632 INFO [http-nio-8090-exec-102] org.apache.catalina.core.ApplicationContext.log Manager: undeploy: Undeploying web application at '/Store'
26-Apr-2022 12:53:57.470 INFO [http-nio-8090-exec-105] org.apache.catalina.core.ApplicationContext.log Manager: list: Listing contexts for virtual host 'localhost'
26-Apr-2022 12:53:57.484 INFO [http-nio-8090-exec-100] org.apache.catalina.core.ApplicationContext.log Manager: list: Listing contexts for virtual host 'localhost'
26-Apr-2022 12:53:57.549 INFO [http-nio-8090-exec-107] org.apache.catalina.core.ApplicationContext.log Manager: install: Installing context configuration at 'file:/C:/Users/ACERES~1/AppData/Local/Temp/context17473151876665471974.xml'
26-Apr-2022 13:02:18.354 INFO [http-nio-8090-exec-108] org.apache.catalina.core.ApplicationContext.log Manager: start: Starting web application '/Store'
26-Apr-2022 13:03:38.327 INFO [http-nio-8090-exec-115] org.apache.catalina.core.ApplicationContext.log Manager: list: Listing contexts for virtual host 'localhost'
26-Apr-2022 13:03:38.334 INFO [http-nio-8090-exec-108] org.apache.catalina.core.ApplicationContext.log Manager: list: Listing contexts for virtual host 'localhost'
26-Apr-2022 13:03:38.356 INFO [http-nio-8090-exec-110] org.apache.catalina.core.ApplicationContext.log Manager: undeploy: Undeploying web application at '/Store'
26-Apr-2022 13:03:38.897 INFO [http-nio-8090-exec-108] org.apache.catalina.core.ApplicationContext.log Manager: install: Installing context configuration at 'file:/C:/Users/ACERES~1/AppData/Local/Temp/context15837249521376867508.xml'
26-Apr-2022 13:04:07.098 INFO [http-nio-8090-exec-112] org.apache.catalina.core.ApplicationContext.log Manager: start: Starting web application '/Store'
26-Apr-2022 13:07:45.071 INFO [http-nio-8090-exec-120] org.apache.catalina.core.ApplicationContext.log Manager: list: Listing contexts for virtual host 'localhost'
26-Apr-2022 13:07:45.099 INFO [http-nio-8090-exec-119] org.apache.catalina.core.ApplicationContext.log Manager: restart: Reloading web application '/Store'
26-Apr-2022 13:07:48.134 INFO [http-nio-8090-exec-118] org.apache.catalina.core.ApplicationContext.log Manager: list: Listing contexts for virtual host 'localhost'
26-Apr-2022 13:07:48.143 INFO [http-nio-8090-exec-127] org.apache.catalina.core.ApplicationContext.log Manager: list: Listing contexts for virtual host 'localhost'
26-Apr-2022 13:07:48.312 INFO [http-nio-8090-exec-121] org.apache.catalina.core.ApplicationContext.log Manager: restart: Reloading web application '/Store'
26-Apr-2022 13:15:02.362 INFO [http-nio-8090-exec-135] org.apache.catalina.core.ApplicationContext.log Manager: list: Listing contexts for virtual host 'localhost'
26-Apr-2022 13:15:02.374 INFO [http-nio-8090-exec-129] org.apache.catalina.core.ApplicationContext.log Manager: list: Listing contexts for virtual host 'localhost'
26-Apr-2022 13:15:05.518 INFO [http-nio-8090-exec-136] org.apache.catalina.core.ApplicationContext.log Manager: undeploy: Undeploying web application at '/Store'
26-Apr-2022 13:15:06.091 INFO [http-nio-8090-exec-135] org.apache.catalina.core.ApplicationContext.log Manager: install: Installing context configuration at 'file:/C:/Users/ACERES~1/AppData/Local/Temp/context17434202785772695613.xml'
26-Apr-2022 13:15:46.942 INFO [http-nio-8090-exec-133] org.apache.catalina.core.ApplicationContext.log Manager: start: Starting web application '/Store'
26-Apr-2022 13:18:47.610 INFO [http-nio-8090-exec-142] org.apache.catalina.core.ApplicationContext.log Manager: list: Listing contexts for virtual host 'localhost'
26-Apr-2022 13:18:47.618 INFO [http-nio-8090-exec-144] org.apache.catalina.core.ApplicationContext.log Manager: list: Listing contexts for virtual host 'localhost'
26-Apr-2022 13:18:47.647 INFO [http-nio-8090-exec-148] org.apache.catalina.core.ApplicationContext.log Manager: undeploy: Undeploying web application at '/Store'
26-Apr-2022 13:18:48.224 INFO [http-nio-8090-exec-146] org.apache.catalina.core.ApplicationContext.log Manager: install: Installing context configuration at 'file:/C:/Users/ACERES~1/AppData/Local/Temp/context6294561656771262227.xml'
26-Apr-2022 13:18:54.782 INFO [http-nio-8090-exec-142] org.apache.catalina.core.ApplicationContext.log Manager: start: Starting web application '/Store'
26-Apr-2022 13:22:23.460 INFO [http-nio-8090-exec-153] org.apache.catalina.core.ApplicationContext.log Manager: list: Listing contexts for virtual host 'localhost'
26-Apr-2022 13:22:23.479 INFO [http-nio-8090-exec-156] org.apache.catalina.core.ApplicationContext.log Manager: restart: Reloading web application '/Store'
26-Apr-2022 13:24:37.444 INFO [http-nio-8090-exec-160] org.apache.catalina.core.ApplicationContext.log Manager: list: Listing contexts for virtual host 'localhost'
26-Apr-2022 13:24:37.462 INFO [http-nio-8090-exec-161] org.apache.catalina.core.ApplicationContext.log Manager: restart: Reloading web application '/Store'
26-Apr-2022 13:26:55.957 INFO [http-nio-8090-exec-160] org.apache.catalina.core.ApplicationContext.log Manager: list: Listing contexts for virtual host 'localhost'
26-Apr-2022 13:26:55.974 INFO [http-nio-8090-exec-166] org.apache.catalina.core.ApplicationContext.log Manager: restart: Reloading web application '/Store'
26-Apr-2022 13:26:59.480 INFO [http-nio-8090-exec-164] org.apache.catalina.core.ApplicationContext.log Manager: list: Listing contexts for virtual host 'localhost'
26-Apr-2022 13:26:59.498 INFO [http-nio-8090-exec-160] org.apache.catalina.core.ApplicationContext.log Manager: restart: Reloading web application '/Store'
26-Apr-2022 13:27:53.749 INFO [http-nio-8090-exec-170] org.apache.catalina.core.ApplicationContext.log Manager: list: Listing contexts for virtual host 'localhost'
26-Apr-2022 13:27:53.801 INFO [http-nio-8090-exec-167] org.apache.catalina.core.ApplicationContext.log Manager: restart: Reloading web application '/Store'
26-Apr-2022 13:28:35.029 INFO [http-nio-8090-exec-170] org.apache.catalina.core.ApplicationContext.log Manager: list: Listing contexts for virtual host 'localhost'
26-Apr-2022 13:28:35.046 INFO [http-nio-8090-exec-165] org.apache.catalina.core.ApplicationContext.log Manager: restart: Reloading web application '/Store'
26-Apr-2022 13:28:45.123 INFO [http-nio-8090-exec-178] org.apache.catalina.core.ApplicationContext.log Manager: list: Listing contexts for virtual host 'localhost'
26-Apr-2022 13:28:45.134 INFO [http-nio-8090-exec-172] org.apache.catalina.core.ApplicationContext.log Manager: list: Listing contexts for virtual host 'localhost'
26-Apr-2022 13:28:45.276 INFO [http-nio-8090-exec-173] org.apache.catalina.core.ApplicationContext.log Manager: undeploy: Undeploying web application at '/Store'
26-Apr-2022 13:28:45.874 INFO [http-nio-8090-exec-176] org.apache.catalina.core.ApplicationContext.log Manager: install: Installing context configuration at 'file:/C:/Users/ACERES~1/AppData/Local/Temp/context3148597722718038084.xml'
26-Apr-2022 13:30:47.801 INFO [http-nio-8090-exec-179] org.apache.catalina.core.ApplicationContext.log Manager: start: Starting web application '/Store'
26-Apr-2022 13:39:56.094 INFO [http-nio-8090-exec-182] org.apache.catalina.core.ApplicationContext.log Manager: list: Listing contexts for virtual host 'localhost'
26-Apr-2022 13:39:56.118 INFO [http-nio-8090-exec-183] org.apache.catalina.core.ApplicationContext.log Manager: restart: Reloading web application '/Store'
26-Apr-2022 13:41:49.366 INFO [http-nio-8090-exec-190] org.apache.catalina.core.ApplicationContext.log Manager: list: Listing contexts for virtual host 'localhost'
26-Apr-2022 13:41:49.395 INFO [http-nio-8090-exec-182] org.apache.catalina.core.ApplicationContext.log Manager: restart: Reloading web application '/Store'
26-Apr-2022 13:42:03.810 INFO [http-nio-8090-exec-193] org.apache.catalina.core.ApplicationContext.log Manager: list: Listing contexts for virtual host 'localhost'
26-Apr-2022 13:42:03.825 INFO [http-nio-8090-exec-188] org.apache.catalina.core.ApplicationContext.log Manager: list: Listing contexts for virtual host 'localhost'
26-Apr-2022 13:42:03.860 INFO [http-nio-8090-exec-192] org.apache.catalina.core.ApplicationContext.log Manager: undeploy: Undeploying web application at '/Store'
26-Apr-2022 13:42:04.408 INFO [http-nio-8090-exec-189] org.apache.catalina.core.ApplicationContext.log Manager: install: Installing context configuration at 'file:/C:/Users/ACERES~1/AppData/Local/Temp/context17627568660224612763.xml'
26-Apr-2022 13:42:25.852 INFO [http-nio-8090-exec-193] org.apache.catalina.core.ApplicationContext.log Manager: start: Starting web application '/Store'
26-Apr-2022 13:43:37.623 INFO [http-nio-8090-exec-192] org.apache.catalina.core.ApplicationContext.log Manager: list: Listing contexts for virtual host 'localhost'
26-Apr-2022 13:43:37.637 INFO [http-nio-8090-exec-193] org.apache.catalina.core.ApplicationContext.log Manager: restart: Reloading web application '/Store'
26-Apr-2022 13:44:21.797 INFO [http-nio-8090-exec-197] org.apache.catalina.core.ApplicationContext.log Manager: list: Listing contexts for virtual host 'localhost'
26-Apr-2022 13:44:21.813 INFO [http-nio-8090-exec-198] org.apache.catalina.core.ApplicationContext.log Manager: restart: Reloading web application '/Store'
26-Apr-2022 13:44:26.778 INFO [http-nio-8090-exec-196] org.apache.catalina.core.ApplicationContext.log Manager: list: Listing contexts for virtual host 'localhost'
26-Apr-2022 13:44:26.796 INFO [http-nio-8090-exec-197] org.apache.catalina.core.ApplicationContext.log Manager: restart: Reloading web application '/Store'
26-Apr-2022 13:45:52.214 INFO [http-nio-8090-exec-192] org.apache.catalina.core.ApplicationContext.log Manager: list: Listing contexts for virtual host 'localhost'
26-Apr-2022 13:45:52.235 INFO [http-nio-8090-exec-210] org.apache.catalina.core.ApplicationContext.log Manager: list: Listing contexts for virtual host 'localhost'
26-Apr-2022 13:45:52.332 INFO [http-nio-8090-exec-209] org.apache.catalina.core.ApplicationContext.log Manager: undeploy: Undeploying web application at '/Store'
26-Apr-2022 13:45:52.924 INFO [http-nio-8090-exec-210] org.apache.catalina.core.ApplicationContext.log Manager: install: Installing context configuration at 'file:/C:/Users/ACERES~1/AppData/Local/Temp/context9983979385279309765.xml'
26-Apr-2022 13:46:02.523 INFO [http-nio-8090-exec-210] org.apache.catalina.core.ApplicationContext.log Manager: start: Starting web application '/Store'
26-Apr-2022 13:47:07.266 INFO [http-nio-8090-exec-217] org.apache.catalina.core.ApplicationContext.log Manager: list: Listing contexts for virtual host 'localhost'
26-Apr-2022 13:47:07.280 INFO [http-nio-8090-exec-222] org.apache.catalina.core.ApplicationContext.log Manager: restart: Reloading web application '/Store'
26-Apr-2022 13:47:21.013 INFO [http-nio-8090-exec-224] org.apache.catalina.core.ApplicationContext.log Manager: list: Listing contexts for virtual host 'localhost'
26-Apr-2022 13:47:21.020 INFO [http-nio-8090-exec-218] org.apache.catalina.core.ApplicationContext.log Manager: list: Listing contexts for virtual host 'localhost'
26-Apr-2022 13:47:21.146 INFO [http-nio-8090-exec-220] org.apache.catalina.core.ApplicationContext.log Manager: restart: Reloading web application '/Store'
26-Apr-2022 13:48:14.741 INFO [http-nio-8090-exec-224] org.apache.catalina.core.ApplicationContext.log Manager: list: Listing contexts for virtual host 'localhost'
26-Apr-2022 13:48:14.772 INFO [http-nio-8090-exec-230] org.apache.catalina.core.ApplicationContext.log Manager: list: Listing contexts for virtual host 'localhost'
26-Apr-2022 13:48:14.893 INFO [http-nio-8090-exec-229] org.apache.catalina.core.ApplicationContext.log Manager: undeploy: Undeploying web application at '/Store'
26-Apr-2022 13:48:15.449 INFO [http-nio-8090-exec-227] org.apache.catalina.core.ApplicationContext.log Manager: install: Installing context configuration at 'file:/C:/Users/ACERES~1/AppData/Local/Temp/context4722853838882312952.xml'
26-Apr-2022 13:48:20.949 INFO [http-nio-8090-exec-233] org.apache.catalina.core.ApplicationContext.log Manager: start: Starting web application '/Store'
26-Apr-2022 13:51:12.399 INFO [http-nio-8090-exec-241] org.apache.catalina.core.ApplicationContext.log Manager: list: Listing contexts for virtual host 'localhost'
26-Apr-2022 13:51:12.411 INFO [http-nio-8090-exec-229] org.apache.catalina.core.ApplicationContext.log Manager: undeploy: Undeploying web application at '/Store'
26-Apr-2022 13:51:31.462 INFO [http-nio-8090-exec-238] org.apache.catalina.core.ApplicationContext.log Manager: list: Listing contexts for virtual host 'localhost'
26-Apr-2022 13:51:31.478 INFO [http-nio-8090-exec-240] org.apache.catalina.core.ApplicationContext.log Manager: list: Listing contexts for virtual host 'localhost'
26-Apr-2022 13:51:31.609 INFO [http-nio-8090-exec-245] org.apache.catalina.core.ApplicationContext.log Manager: install: Installing context configuration at 'file:/C:/Users/ACERES~1/AppData/Local/Temp/context4833776329750884095.xml'
26-Apr-2022 13:52:05.911 INFO [http-nio-8090-exec-239] org.apache.catalina.core.ApplicationContext.log Manager: start: Starting web application '/Store'
26-Apr-2022 13:57:50.140 INFO [http-nio-8090-exec-246] org.apache.catalina.core.ApplicationContext.log Manager: list: Listing contexts for virtual host 'localhost'
26-Apr-2022 13:57:50.151 INFO [http-nio-8090-exec-248] org.apache.catalina.core.ApplicationContext.log Manager: list: Listing contexts for virtual host 'localhost'
26-Apr-2022 13:57:50.197 INFO [http-nio-8090-exec-244] org.apache.catalina.core.ApplicationContext.log Manager: undeploy: Undeploying web application at '/Store'
26-Apr-2022 13:57:50.766 INFO [http-nio-8090-exec-242] org.apache.catalina.core.ApplicationContext.log Manager: install: Installing context configuration at 'file:/C:/Users/ACERES~1/AppData/Local/Temp/context11938945282625455951.xml'
26-Apr-2022 13:58:17.714 INFO [http-nio-8090-exec-248] org.apache.catalina.core.ApplicationContext.log Manager: start: Starting web application '/Store'
26-Apr-2022 14:00:48.596 INFO [http-nio-8090-exec-259] org.apache.catalina.core.ApplicationContext.log Manager: list: Listing contexts for virtual host 'localhost'
26-Apr-2022 14:00:48.605 INFO [http-nio-8090-exec-253] org.apache.catalina.core.ApplicationContext.log Manager: list: Listing contexts for virtual host 'localhost'
26-Apr-2022 14:00:48.635 INFO [http-nio-8090-exec-255] org.apache.catalina.core.ApplicationContext.log Manager: undeploy: Undeploying web application at '/Store'
26-Apr-2022 14:00:49.704 INFO [http-nio-8090-exec-252] org.apache.catalina.core.ApplicationContext.log Manager: install: Installing context configuration at 'file:/C:/Users/ACERES~1/AppData/Local/Temp/context4245914047024672752.xml'
26-Apr-2022 14:00:51.572 INFO [http-nio-8090-exec-261] org.apache.catalina.core.ApplicationContext.log Manager: start: Starting web application '/Store'
26-Apr-2022 14:00:52.282 INFO [http-nio-8090-exec-260] org.apache.catalina.core.ApplicationContext.log Manager: list: Listing contexts for virtual host 'localhost'
26-Apr-2022 14:00:52.291 INFO [http-nio-8090-exec-263] org.apache.catalina.core.ApplicationContext.log Manager: list: Listing contexts for virtual host 'localhost'
26-Apr-2022 14:00:52.402 INFO [http-nio-8090-exec-257] org.apache.catalina.core.ApplicationContext.log Manager: restart: Reloading web application '/Store'
26-Apr-2022 14:02:10.792 INFO [http-nio-8090-exec-269] org.apache.catalina.core.ApplicationContext.log Manager: list: Listing contexts for virtual host 'localhost'
26-Apr-2022 14:02:10.803 INFO [http-nio-8090-exec-273] org.apache.catalina.core.ApplicationContext.log Manager: list: Listing contexts for virtual host 'localhost'
26-Apr-2022 14:02:10.838 INFO [http-nio-8090-exec-268] org.apache.catalina.core.ApplicationContext.log Manager: undeploy: Undeploying web application at '/Store'
26-Apr-2022 14:02:11.419 INFO [http-nio-8090-exec-271] org.apache.catalina.core.ApplicationContext.log Manager: install: Installing context configuration at 'file:/C:/Users/ACERES~1/AppData/Local/Temp/context15251742178284528673.xml'
26-Apr-2022 14:03:47.465 INFO [http-nio-8090-exec-265] org.apache.catalina.core.ApplicationContext.log Manager: start: Starting web application '/Store'
26-Apr-2022 14:07:32.264 INFO [http-nio-8090-exec-282] org.apache.catalina.core.ApplicationContext.log Manager: list: Listing contexts for virtual host 'localhost'
26-Apr-2022 14:07:32.283 INFO [http-nio-8090-exec-277] org.apache.catalina.core.ApplicationContext.log Manager: restart: Reloading web application '/Store'
26-Apr-2022 14:08:43.572 INFO [http-nio-8090-exec-282] org.apache.catalina.core.ApplicationContext.log Manager: list: Listing contexts for virtual host 'localhost'
26-Apr-2022 14:08:43.594 INFO [http-nio-8090-exec-275] org.apache.catalina.core.ApplicationContext.log Manager: restart: Reloading web application '/Store'
26-Apr-2022 14:08:44.540 INFO [http-nio-8090-exec-287] org.apache.catalina.core.ApplicationContext.log Manager: list: Listing contexts for virtual host 'localhost'
26-Apr-2022 14:08:44.549 INFO [http-nio-8090-exec-280] org.apache.catalina.core.ApplicationContext.log Manager: list: Listing contexts for virtual host 'localhost'
26-Apr-2022 14:08:45.755 INFO [http-nio-8090-exec-284] org.apache.catalina.core.ApplicationContext.log Manager: restart: Reloading web application '/Store'
26-Apr-2022 14:10:06.165 INFO [http-nio-8090-exec-296] org.apache.catalina.core.ApplicationContext.log Manager: list: Listing contexts for virtual host 'localhost'
26-Apr-2022 14:10:10.071 INFO [http-nio-8090-exec-293] org.apache.catalina.core.ApplicationContext.log Manager: list: Listing contexts for virtual host 'localhost'
26-Apr-2022 14:10:10.080 INFO [http-nio-8090-exec-296] org.apache.catalina.core.ApplicationContext.log Manager: list: Listing contexts for virtual host 'localhost'
26-Apr-2022 14:42:15.451 INFO [http-nio-8090-exec-298] org.apache.catalina.core.ApplicationContext.log Manager: list: Listing contexts for virtual host 'localhost'
26-Apr-2022 18:11:21.208 INFO [http-nio-8090-exec-297] org.apache.catalina.core.ApplicationContext.log Manager: list: Listing contexts for virtual host 'localhost'
26-Apr-2022 18:11:21.215 INFO [http-nio-8090-exec-299] org.apache.catalina.core.ApplicationContext.log Manager: list: Listing contexts for virtual host 'localhost'
26-Apr-2022 18:24:05.083 INFO [http-nio-8090-exec-294] org.apache.catalina.core.ApplicationContext.log Manager: list: Listing contexts for virtual host 'localhost'
26-Apr-2022 18:24:05.108 INFO [http-nio-8090-exec-293] org.apache.catalina.core.ApplicationContext.log Manager: restart: Reloading web application '/Store'
26-Apr-2022 18:24:08.651 INFO [http-nio-8090-exec-301] org.apache.catalina.core.ApplicationContext.log Manager: list: Listing contexts for virtual host 'localhost'
26-Apr-2022 18:24:08.673 INFO [http-nio-8090-exec-292] org.apache.catalina.core.ApplicationContext.log Manager: restart: Reloading web application '/Store'
26-Apr-2022 18:24:23.371 INFO [http-nio-8090-exec-298] org.apache.catalina.core.ApplicationContext.log Manager: list: Listing contexts for virtual host 'localhost'
26-Apr-2022 18:24:23.393 INFO [http-nio-8090-exec-299] org.apache.catalina.core.ApplicationContext.log Manager: restart: Reloading web application '/Store'
26-Apr-2022 18:25:46.873 INFO [http-nio-8090-exec-302] org.apache.catalina.core.ApplicationContext.log Manager: list: Listing contexts for virtual host 'localhost'
26-Apr-2022 18:25:46.887 INFO [http-nio-8090-exec-296] org.apache.catalina.core.ApplicationContext.log Manager: restart: Reloading web application '/Store'
26-Apr-2022 18:25:49.468 INFO [http-nio-8090-exec-297] org.apache.catalina.core.ApplicationContext.log Manager: list: Listing contexts for virtual host 'localhost'
26-Apr-2022 18:25:49.483 INFO [http-nio-8090-exec-302] org.apache.catalina.core.ApplicationContext.log Manager: restart: Reloading web application '/Store'
26-Apr-2022 18:25:52.501 INFO [http-nio-8090-exec-307] org.apache.catalina.core.ApplicationContext.log Manager: list: Listing contexts for virtual host 'localhost'
26-Apr-2022 18:25:52.516 INFO [http-nio-8090-exec-303] org.apache.catalina.core.ApplicationContext.log Manager: restart: Reloading web application '/Store'
26-Apr-2022 18:26:14.447 INFO [http-nio-8090-exec-313] org.apache.catalina.core.ApplicationContext.log Manager: list: Listing contexts for virtual host 'localhost'
26-Apr-2022 18:26:14.465 INFO [http-nio-8090-exec-311] org.apache.catalina.core.ApplicationContext.log Manager: restart: Reloading web application '/Store'
26-Apr-2022 18:26:43.234 INFO [http-nio-8090-exec-309] org.apache.catalina.core.ApplicationContext.log Manager: list: Listing contexts for virtual host 'localhost'
26-Apr-2022 18:26:43.250 INFO [http-nio-8090-exec-297] org.apache.catalina.core.ApplicationContext.log Manager: restart: Reloading web application '/Store'
26-Apr-2022 18:27:04.615 INFO [http-nio-8090-exec-314] org.apache.catalina.core.ApplicationContext.log Manager: list: Listing contexts for virtual host 'localhost'
26-Apr-2022 18:27:04.636 INFO [http-nio-8090-exec-317] org.apache.catalina.core.ApplicationContext.log Manager: restart: Reloading web application '/Store'
26-Apr-2022 18:27:06.436 INFO [http-nio-8090-exec-310] org.apache.catalina.core.ApplicationContext.log Manager: list: Listing contexts for virtual host 'localhost'
26-Apr-2022 18:27:06.451 INFO [http-nio-8090-exec-306] org.apache.catalina.core.ApplicationContext.log Manager: restart: Reloading web application '/Store'
26-Apr-2022 18:27:09.543 INFO [http-nio-8090-exec-310] org.apache.catalina.core.ApplicationContext.log Manager: list: Listing contexts for virtual host 'localhost'
26-Apr-2022 18:27:09.556 INFO [http-nio-8090-exec-318] org.apache.catalina.core.ApplicationContext.log Manager: restart: Reloading web application '/Store'
26-Apr-2022 18:27:36.099 INFO [http-nio-8090-exec-305] org.apache.catalina.core.ApplicationContext.log Manager: list: Listing contexts for virtual host 'localhost'
26-Apr-2022 18:27:36.116 INFO [http-nio-8090-exec-321] org.apache.catalina.core.ApplicationContext.log Manager: restart: Reloading web application '/Store'
26-Apr-2022 18:27:50.857 INFO [http-nio-8090-exec-305] org.apache.catalina.core.ApplicationContext.log Manager: list: Listing contexts for virtual host 'localhost'
26-Apr-2022 18:27:50.875 INFO [http-nio-8090-exec-324] org.apache.catalina.core.ApplicationContext.log Manager: restart: Reloading web application '/Store'
26-Apr-2022 18:28:17.106 INFO [http-nio-8090-exec-319] org.apache.catalina.core.ApplicationContext.log Manager: list: Listing contexts for virtual host 'localhost'
26-Apr-2022 18:28:17.124 INFO [http-nio-8090-exec-309] org.apache.catalina.core.ApplicationContext.log Manager: restart: Reloading web application '/Store'
26-Apr-2022 18:28:38.973 INFO [http-nio-8090-exec-319] org.apache.catalina.core.ApplicationContext.log Manager: list: Listing contexts for virtual host 'localhost'
26-Apr-2022 18:28:38.989 INFO [http-nio-8090-exec-305] org.apache.catalina.core.ApplicationContext.log Manager: restart: Reloading web application '/Store'
26-Apr-2022 18:28:41.194 INFO [http-nio-8090-exec-328] org.apache.catalina.core.ApplicationContext.log Manager: list: Listing contexts for virtual host 'localhost'
26-Apr-2022 18:28:41.211 INFO [http-nio-8090-exec-327] org.apache.catalina.core.ApplicationContext.log Manager: restart: Reloading web application '/Store'
26-Apr-2022 18:29:05.270 INFO [http-nio-8090-exec-331] org.apache.catalina.core.ApplicationContext.log Manager: list: Listing contexts for virtual host 'localhost'
26-Apr-2022 18:29:05.289 INFO [http-nio-8090-exec-323] org.apache.catalina.core.ApplicationContext.log Manager: restart: Reloading web application '/Store'
26-Apr-2022 18:29:11.950 INFO [http-nio-8090-exec-330] org.apache.catalina.core.ApplicationContext.log Manager: list: Listing contexts for virtual host 'localhost'
26-Apr-2022 18:29:11.966 INFO [http-nio-8090-exec-329] org.apache.catalina.core.ApplicationContext.log Manager: restart: Reloading web application '/Store'
26-Apr-2022 18:29:23.782 INFO [http-nio-8090-exec-333] org.apache.catalina.core.ApplicationContext.log Manager: list: Listing contexts for virtual host 'localhost'
26-Apr-2022 18:29:23.798 INFO [http-nio-8090-exec-319] org.apache.catalina.core.ApplicationContext.log Manager: restart: Reloading web application '/Store'
26-Apr-2022 18:29:30.034 INFO [http-nio-8090-exec-335] org.apache.catalina.core.ApplicationContext.log Manager: list: Listing contexts for virtual host 'localhost'
26-Apr-2022 18:29:30.048 INFO [http-nio-8090-exec-334] org.apache.catalina.core.ApplicationContext.log Manager: restart: Reloading web application '/Store'
26-Apr-2022 18:29:47.878 INFO [http-nio-8090-exec-335] org.apache.catalina.core.ApplicationContext.log Manager: list: Listing contexts for virtual host 'localhost'
26-Apr-2022 18:29:47.893 INFO [http-nio-8090-exec-333] org.apache.catalina.core.ApplicationContext.log Manager: restart: Reloading web application '/Store'
26-Apr-2022 18:31:33.239 INFO [http-nio-8090-exec-343] org.apache.catalina.core.ApplicationContext.log Manager: list: Listing contexts for virtual host 'localhost'
26-Apr-2022 18:31:33.254 INFO [http-nio-8090-exec-339] org.apache.catalina.core.ApplicationContext.log Manager: restart: Reloading web application '/Store'
26-Apr-2022 18:31:41.861 INFO [http-nio-8090-exec-322] org.apache.catalina.core.ApplicationContext.log Manager: list: Listing contexts for virtual host 'localhost'
26-Apr-2022 18:31:41.885 INFO [http-nio-8090-exec-336] org.apache.catalina.core.ApplicationContext.log Manager: restart: Reloading web application '/Store'
26-Apr-2022 18:31:43.987 INFO [http-nio-8090-exec-338] org.apache.catalina.core.ApplicationContext.log Manager: list: Listing contexts for virtual host 'localhost'
26-Apr-2022 18:31:44.588 INFO [http-nio-8090-exec-344] org.apache.catalina.core.ApplicationContext.log Manager: list: Listing contexts for virtual host 'localhost'
26-Apr-2022 18:31:44.603 INFO [http-nio-8090-exec-341] org.apache.catalina.core.ApplicationContext.log Manager: restart: Reloading web application '/Store'
26-Apr-2022 18:31:50.305 INFO [http-nio-8090-exec-343] org.apache.catalina.core.ApplicationContext.log Manager: list: Listing contexts for virtual host 'localhost'
26-Apr-2022 18:31:50.325 INFO [http-nio-8090-exec-344] org.apache.catalina.core.ApplicationContext.log Manager: restart: Reloading web application '/Store'
26-Apr-2022 18:31:52.600 INFO [http-nio-8090-exec-347] org.apache.catalina.core.ApplicationContext.log Manager: list: Listing contexts for virtual host 'localhost'
26-Apr-2022 18:31:52.615 INFO [http-nio-8090-exec-322] org.apache.catalina.core.ApplicationContext.log Manager: restart: Reloading web application '/Store'
26-Apr-2022 18:31:54.573 INFO [http-nio-8090-exec-343] org.apache.catalina.core.ApplicationContext.log Manager: list: Listing contexts for virtual host 'localhost'
26-Apr-2022 18:31:54.588 INFO [http-nio-8090-exec-348] org.apache.catalina.core.ApplicationContext.log Manager: restart: Reloading web application '/Store'
26-Apr-2022 18:33:08.112 INFO [http-nio-8090-exec-349] org.apache.catalina.core.ApplicationContext.log Manager: list: Listing contexts for virtual host 'localhost'
26-Apr-2022 18:33:08.128 INFO [http-nio-8090-exec-345] org.apache.catalina.core.ApplicationContext.log Manager: restart: Reloading web application '/Store'
26-Apr-2022 18:33:10.703 INFO [http-nio-8090-exec-353] org.apache.catalina.core.ApplicationContext.log Manager: list: Listing contexts for virtual host 'localhost'
26-Apr-2022 18:33:10.721 INFO [http-nio-8090-exec-338] org.apache.catalina.core.ApplicationContext.log Manager: restart: Reloading web application '/Store'
26-Apr-2022 18:33:26.866 INFO [http-nio-8090-exec-343] org.apache.catalina.core.ApplicationContext.log Manager: list: Listing contexts for virtual host 'localhost'
26-Apr-2022 18:33:26.883 INFO [http-nio-8090-exec-352] org.apache.catalina.core.ApplicationContext.log Manager: restart: Reloading web application '/Store'
26-Apr-2022 18:33:35.000 INFO [http-nio-8090-exec-356] org.apache.catalina.core.ApplicationContext.log Manager: list: Listing contexts for virtual host 'localhost'
26-Apr-2022 18:33:35.014 INFO [http-nio-8090-exec-343] org.apache.catalina.core.ApplicationContext.log Manager: restart: Reloading web application '/Store'
26-Apr-2022 18:33:55.519 INFO [http-nio-8090-exec-355] org.apache.catalina.core.ApplicationContext.log Manager: list: Listing contexts for virtual host 'localhost'
26-Apr-2022 18:33:55.543 INFO [http-nio-8090-exec-351] org.apache.catalina.core.ApplicationContext.log Manager: restart: Reloading web application '/Store'
26-Apr-2022 18:34:44.960 INFO [http-nio-8090-exec-358] org.apache.catalina.core.ApplicationContext.log Manager: list: Listing contexts for virtual host 'localhost'
26-Apr-2022 18:34:44.972 INFO [http-nio-8090-exec-360] org.apache.catalina.core.ApplicationContext.log Manager: restart: Reloading web application '/Store'
26-Apr-2022 18:34:53.078 INFO [http-nio-8090-exec-363] org.apache.catalina.core.ApplicationContext.log Manager: list: Listing contexts for virtual host 'localhost'
26-Apr-2022 18:34:53.093 INFO [http-nio-8090-exec-356] org.apache.catalina.core.ApplicationContext.log Manager: restart: Reloading web application '/Store'
26-Apr-2022 18:34:59.959 INFO [http-nio-8090-exec-363] org.apache.catalina.core.ApplicationContext.log Manager: list: Listing contexts for virtual host 'localhost'
26-Apr-2022 18:34:59.974 INFO [http-nio-8090-exec-365] org.apache.catalina.core.ApplicationContext.log Manager: restart: Reloading web application '/Store'
26-Apr-2022 18:35:16.812 INFO [http-nio-8090-exec-367] org.apache.catalina.core.ApplicationContext.log Manager: list: Listing contexts for virtual host 'localhost'
26-Apr-2022 18:35:16.825 INFO [http-nio-8090-exec-363] org.apache.catalina.core.ApplicationContext.log Manager: restart: Reloading web application '/Store'
26-Apr-2022 18:35:31.785 INFO [http-nio-8090-exec-367] org.apache.catalina.core.ApplicationContext.log Manager: list: Listing contexts for virtual host 'localhost'
26-Apr-2022 18:35:31.798 INFO [http-nio-8090-exec-369] org.apache.catalina.core.ApplicationContext.log Manager: restart: Reloading web application '/Store'
26-Apr-2022 18:35:38.153 INFO [http-nio-8090-exec-370] org.apache.catalina.core.ApplicationContext.log Manager: list: Listing contexts for virtual host 'localhost'
26-Apr-2022 18:35:38.165 INFO [http-nio-8090-exec-371] org.apache.catalina.core.ApplicationContext.log Manager: restart: Reloading web application '/Store'
26-Apr-2022 18:36:48.235 INFO [http-nio-8090-exec-377] org.apache.catalina.core.ApplicationContext.log Manager: list: Listing contexts for virtual host 'localhost'
26-Apr-2022 18:36:48.250 INFO [http-nio-8090-exec-373] org.apache.catalina.core.ApplicationContext.log Manager: restart: Reloading web application '/Store'
26-Apr-2022 18:37:01.393 INFO [http-nio-8090-exec-379] org.apache.catalina.core.ApplicationContext.log Manager: list: Listing contexts for virtual host 'localhost'
26-Apr-2022 18:37:01.409 INFO [http-nio-8090-exec-372] org.apache.catalina.core.ApplicationContext.log Manager: restart: Reloading web application '/Store'
26-Apr-2022 18:37:08.851 INFO [http-nio-8090-exec-380] org.apache.catalina.core.ApplicationContext.log Manager: list: Listing contexts for virtual host 'localhost'
26-Apr-2022 18:37:08.863 INFO [http-nio-8090-exec-379] org.apache.catalina.core.ApplicationContext.log Manager: restart: Reloading web application '/Store'
26-Apr-2022 18:37:12.069 INFO [http-nio-8090-exec-362] org.apache.catalina.core.ApplicationContext.log Manager: list: Listing contexts for virtual host 'localhost'
26-Apr-2022 18:37:12.090 INFO [http-nio-8090-exec-368] org.apache.catalina.core.ApplicationContext.log Manager: restart: Reloading web application '/Store'
26-Apr-2022 18:38:22.856 INFO [http-nio-8090-exec-381] org.apache.catalina.core.ApplicationContext.log Manager: list: Listing contexts for virtual host 'localhost'
26-Apr-2022 18:38:22.869 INFO [http-nio-8090-exec-388] org.apache.catalina.core.ApplicationContext.log Manager: restart: Reloading web application '/Store'
26-Apr-2022 18:38:42.422 INFO [http-nio-8090-exec-382] org.apache.catalina.core.ApplicationContext.log Manager: list: Listing contexts for virtual host 'localhost'
26-Apr-2022 18:38:42.436 INFO [http-nio-8090-exec-384] org.apache.catalina.core.ApplicationContext.log Manager: restart: Reloading web application '/Store'
26-Apr-2022 18:39:39.507 INFO [http-nio-8090-exec-385] org.apache.catalina.core.ApplicationContext.log Manager: list: Listing contexts for virtual host 'localhost'
26-Apr-2022 18:39:41.679 INFO [http-nio-8090-exec-375] org.apache.catalina.core.ApplicationContext.log Manager: list: Listing contexts for virtual host 'localhost'
26-Apr-2022 18:39:44.185 INFO [http-nio-8090-exec-375] org.apache.catalina.core.ApplicationContext.log Manager: list: Listing contexts for virtual host 'localhost'
26-Apr-2022 18:39:58.744 INFO [http-nio-8090-exec-375] org.apache.catalina.core.ApplicationContext.log Manager: list: Listing contexts for virtual host 'localhost'
26-Apr-2022 18:40:19.733 INFO [http-nio-8090-exec-391] org.apache.catalina.core.ApplicationContext.log Manager: list: Listing contexts for virtual host 'localhost'
26-Apr-2022 18:44:25.281 INFO [http-nio-8090-exec-391] org.apache.catalina.core.ApplicationContext.log Manager: list: Listing contexts for virtual host 'localhost'
26-Apr-2022 18:44:25.286 INFO [http-nio-8090-exec-399] org.apache.catalina.core.ApplicationContext.log Manager: list: Listing contexts for virtual host 'localhost'
26-Apr-2022 18:44:25.409 INFO [http-nio-8090-exec-395] org.apache.catalina.core.ApplicationContext.log Manager: restart: Reloading web application '/Store'
26-Apr-2022 18:45:17.126 INFO [http-nio-8090-exec-401] org.apache.catalina.core.ApplicationContext.log Manager: list: Listing contexts for virtual host 'localhost'
26-Apr-2022 18:46:06.603 INFO [http-nio-8090-exec-407] org.apache.catalina.core.ApplicationContext.log Manager: list: Listing contexts for virtual host 'localhost'
26-Apr-2022 18:46:10.404 INFO [http-nio-8090-exec-403] org.apache.catalina.core.ApplicationContext.log Manager: list: Listing contexts for virtual host 'localhost'
26-Apr-2022 18:46:10.417 INFO [http-nio-8090-exec-404] org.apache.catalina.core.ApplicationContext.log Manager: list: Listing contexts for virtual host 'localhost'
26-Apr-2022 18:47:24.159 INFO [http-nio-8090-exec-404] org.apache.catalina.core.ApplicationContext.log Manager: list: Listing contexts for virtual host 'localhost'
26-Apr-2022 18:47:44.327 INFO [http-nio-8090-exec-409] org.apache.catalina.core.ApplicationContext.log Manager: list: Listing contexts for virtual host 'localhost'
26-Apr-2022 18:48:23.925 INFO [http-nio-8090-exec-409] org.apache.catalina.core.ApplicationContext.log Manager: list: Listing contexts for virtual host 'localhost'
26-Apr-2022 18:48:26.364 INFO [http-nio-8090-exec-406] org.apache.catalina.core.ApplicationContext.log Manager: list: Listing contexts for virtual host 'localhost'
26-Apr-2022 18:48:26.370 INFO [http-nio-8090-exec-402] org.apache.catalina.core.ApplicationContext.log Manager: list: Listing contexts for virtual host 'localhost'
26-Apr-2022 18:48:52.143 INFO [http-nio-8090-exec-408] org.apache.catalina.core.ApplicationContext.log Manager: list: Listing contexts for virtual host 'localhost'
26-Apr-2022 18:48:56.599 INFO [http-nio-8090-exec-401] org.apache.catalina.core.ApplicationContext.log Manager: list: Listing contexts for virtual host 'localhost'
26-Apr-2022 18:49:13.458 INFO [http-nio-8090-exec-403] org.apache.catalina.core.ApplicationContext.log Manager: list: Listing contexts for virtual host 'localhost'
26-Apr-2022 18:49:15.730 INFO [http-nio-8090-exec-402] org.apache.catalina.core.ApplicationContext.log Manager: list: Listing contexts for virtual host 'localhost'
26-Apr-2022 20:47:29.732 INFO [http-nio-8090-exec-1] org.apache.catalina.core.ApplicationContext.log Manager: init: Associated with Deployer 'Catalina:type=Deployer,host=localhost'
26-Apr-2022 20:47:29.734 INFO [http-nio-8090-exec-1] org.apache.catalina.core.ApplicationContext.log Manager: init: Global resources are available
26-Apr-2022 20:47:29.827 INFO [http-nio-8090-exec-6] org.apache.catalina.core.ApplicationContext.log Manager: list: Listing contexts for virtual host 'localhost'
26-Apr-2022 20:47:29.836 INFO [http-nio-8090-exec-3] org.apache.catalina.core.ApplicationContext.log Manager: list: Listing contexts for virtual host 'localhost'
26-Apr-2022 20:47:29.980 INFO [http-nio-8090-exec-2] org.apache.catalina.core.ApplicationContext.log Manager: restart: Reloading web application '/Store'
26-Apr-2022 20:48:58.461 INFO [http-nio-8090-exec-17] org.apache.catalina.core.ApplicationContext.log Manager: list: Listing contexts for virtual host 'localhost'
26-Apr-2022 20:49:01.985 INFO [http-nio-8090-exec-17] org.apache.catalina.core.ApplicationContext.log Manager: list: Listing contexts for virtual host 'localhost'
26-Apr-2022 20:49:02.057 INFO [http-nio-8090-exec-21] org.apache.catalina.core.ApplicationContext.log Manager: list: Listing contexts for virtual host 'localhost'
26-Apr-2022 20:49:55.826 INFO [http-nio-8090-exec-15] org.apache.catalina.core.ApplicationContext.log Manager: list: Listing contexts for virtual host 'localhost'
26-Apr-2022 20:49:58.251 INFO [http-nio-8090-exec-17] org.apache.catalina.core.ApplicationContext.log Manager: list: Listing contexts for virtual host 'localhost'
26-Apr-2022 20:49:58.258 INFO [http-nio-8090-exec-20] org.apache.catalina.core.ApplicationContext.log Manager: list: Listing contexts for virtual host 'localhost'
26-Apr-2022 20:50:59.541 INFO [http-nio-8090-exec-17] org.apache.catalina.core.ApplicationContext.log Manager: list: Listing contexts for virtual host 'localhost'
26-Apr-2022 20:51:00.597 INFO [http-nio-8090-exec-19] org.apache.catalina.core.ApplicationContext.log Manager: list: Listing contexts for virtual host 'localhost'
26-Apr-2022 20:51:04.460 INFO [http-nio-8090-exec-20] org.apache.catalina.core.ApplicationContext.log Manager: list: Listing contexts for virtual host 'localhost'
26-Apr-2022 20:51:04.484 INFO [http-nio-8090-exec-13] org.apache.catalina.core.ApplicationContext.log Manager: list: Listing contexts for virtual host 'localhost'
26-Apr-2022 20:51:58.468 INFO [http-nio-8090-exec-20] org.apache.catalina.core.ApplicationContext.log Manager: list: Listing contexts for virtual host 'localhost'
26-Apr-2022 20:52:01.099 INFO [http-nio-8090-exec-21] org.apache.catalina.core.ApplicationContext.log Manager: list: Listing contexts for virtual host 'localhost'
26-Apr-2022 20:52:01.105 INFO [http-nio-8090-exec-18] org.apache.catalina.core.ApplicationContext.log Manager: list: Listing contexts for virtual host 'localhost'
26-Apr-2022 20:54:16.467 INFO [http-nio-8090-exec-16] org.apache.catalina.core.ApplicationContext.log Manager: list: Listing contexts for virtual host 'localhost'
26-Apr-2022 20:54:19.669 INFO [http-nio-8090-exec-19] org.apache.catalina.core.ApplicationContext.log Manager: list: Listing contexts for virtual host 'localhost'
26-Apr-2022 20:54:19.680 INFO [http-nio-8090-exec-14] org.apache.catalina.core.ApplicationContext.log Manager: list: Listing contexts for virtual host 'localhost'
26-Apr-2022 20:55:52.412 INFO [http-nio-8090-exec-17] org.apache.catalina.core.ApplicationContext.log Manager: list: Listing contexts for virtual host 'localhost'
26-Apr-2022 20:56:41.418 INFO [http-nio-8090-exec-16] org.apache.catalina.core.ApplicationContext.log Manager: list: Listing contexts for virtual host 'localhost'
26-Apr-2022 20:56:41.441 INFO [http-nio-8090-exec-12] org.apache.catalina.core.ApplicationContext.log Manager: restart: Reloading web application '/Store'
26-Apr-2022 20:56:44.939 INFO [http-nio-8090-exec-22] org.apache.catalina.core.ApplicationContext.log Manager: list: Listing contexts for virtual host 'localhost'
26-Apr-2022 20:56:44.954 INFO [http-nio-8090-exec-19] org.apache.catalina.core.ApplicationContext.log Manager: restart: Reloading web application '/Store'
26-Apr-2022 20:57:02.831 INFO [http-nio-8090-exec-21] org.apache.catalina.core.ApplicationContext.log Manager: list: Listing contexts for virtual host 'localhost'
26-Apr-2022 20:57:02.853 INFO [http-nio-8090-exec-15] org.apache.catalina.core.ApplicationContext.log Manager: restart: Reloading web application '/Store'
26-Apr-2022 20:58:16.178 INFO [http-nio-8090-exec-24] org.apache.catalina.core.ApplicationContext.log Manager: list: Listing contexts for virtual host 'localhost'
26-Apr-2022 21:00:07.261 INFO [http-nio-8090-exec-22] org.apache.catalina.core.ApplicationContext.log Manager: list: Listing contexts for virtual host 'localhost'
26-Apr-2022 21:00:15.307 INFO [http-nio-8090-exec-30] org.apache.catalina.core.ApplicationContext.log Manager: list: Listing contexts for virtual host 'localhost'
26-Apr-2022 21:00:15.325 INFO [http-nio-8090-exec-24] org.apache.catalina.core.ApplicationContext.log Manager: restart: Reloading web application '/Store'
26-Apr-2022 21:00:16.314 INFO [50] org.apache.catalina.core.ApplicationContext.log Manager: list: Listing contexts for virtual host 'localhost'
26-Apr-2022 21:00:16.335 INFO [http-nio-8090-exec-27] org.apache.catalina.core.ApplicationContext.log Manager: list: Listing contexts for virtual host 'localhost'
26-Apr-2022 21:00:17.547 INFO [http-nio-8090-exec-26] org.apache.catalina.core.ApplicationContext.log Manager: restart: Reloading web application '/Store'
26-Apr-2022 21:00:51.827 INFO [http-nio-8090-exec-41] org.apache.catalina.core.ApplicationContext.log Manager: list: Listing contexts for virtual host 'localhost'
26-Apr-2022 21:00:54.238 INFO [http-nio-8090-exec-39] org.apache.catalina.core.ApplicationContext.log Manager: list: Listing contexts for virtual host 'localhost'
26-Apr-2022 21:00:54.248 INFO [http-nio-8090-exec-28] org.apache.catalina.core.ApplicationContext.log Manager: list: Listing contexts for virtual host 'localhost'
26-Apr-2022 21:03:00.465 INFO [http-nio-8090-exec-35] org.apache.catalina.core.ApplicationContext.log Manager: list: Listing contexts for virtual host 'localhost'
26-Apr-2022 21:03:24.229 INFO [http-nio-8090-exec-40] org.apache.catalina.core.ApplicationContext.log Manager: list: Listing contexts for virtual host 'localhost'
26-Apr-2022 21:03:28.553 INFO [http-nio-8090-exec-43] org.apache.catalina.core.ApplicationContext.log Manager: list: Listing contexts for virtual host 'localhost'
26-Apr-2022 21:03:28.559 INFO [http-nio-8090-exec-36] org.apache.catalina.core.ApplicationContext.log Manager: list: Listing contexts for virtual host 'localhost'
26-Apr-2022 21:04:18.396 INFO [http-nio-8090-exec-42] org.apache.catalina.core.ApplicationContext.log Manager: list: Listing contexts for virtual host 'localhost'
26-Apr-2022 21:04:18.414 INFO [http-nio-8090-exec-39] org.apache.catalina.core.ApplicationContext.log Manager: restart: Reloading web application '/Store'
26-Apr-2022 21:04:42.837 INFO [http-nio-8090-exec-41] org.apache.catalina.core.ApplicationContext.log Manager: list: Listing contexts for virtual host 'localhost'
26-Apr-2022 21:04:42.854 INFO [http-nio-8090-exec-44] org.apache.catalina.core.ApplicationContext.log Manager: restart: Reloading web application '/Store'
26-Apr-2022 21:04:44.146 INFO [http-nio-8090-exec-35] org.apache.catalina.core.ApplicationContext.log Manager: list: Listing contexts for virtual host 'localhost'
26-Apr-2022 21:04:44.156 INFO [http-nio-8090-exec-45] org.apache.catalina.core.ApplicationContext.log Manager: list: Listing contexts for virtual host 'localhost'
26-Apr-2022 21:04:44.892 INFO [http-nio-8090-exec-35] org.apache.catalina.core.ApplicationContext.log Manager: restart: Reloading web application '/Store'
26-Apr-2022 21:05:31.525 INFO [http-nio-8090-exec-49] org.apache.catalina.core.ApplicationContext.log Manager: list: Listing contexts for virtual host 'localhost'
26-Apr-2022 21:05:31.545 INFO [http-nio-8090-exec-50] org.apache.catalina.core.ApplicationContext.log Manager: restart: Reloading web application '/Store'
26-Apr-2022 21:06:53.678 INFO [http-nio-8090-exec-8] org.apache.catalina.core.ApplicationContext.log Manager: init: Associated with Deployer 'Catalina:type=Deployer,host=localhost'
26-Apr-2022 21:06:53.679 INFO [http-nio-8090-exec-8] org.apache.catalina.core.ApplicationContext.log Manager: init: Global resources are available
26-Apr-2022 21:06:57.856 INFO [http-nio-8090-exec-6] org.apache.catalina.core.ApplicationContext.log Manager: list: Listing contexts for virtual host 'localhost'
26-Apr-2022 21:06:57.872 INFO [http-nio-8090-exec-3] org.apache.catalina.core.ApplicationContext.log Manager: list: Listing contexts for virtual host 'localhost'
26-Apr-2022 21:06:57.962 INFO [http-nio-8090-exec-5] org.apache.catalina.core.ApplicationContext.log Manager: undeploy: Undeploying web application at '/Store'
26-Apr-2022 21:06:58.602 INFO [http-nio-8090-exec-7] org.apache.catalina.core.ApplicationContext.log Manager: install: Installing context configuration at 'file:/C:/Users/ACERES~1/AppData/Local/Temp/context7491836463194817893.xml'
26-Apr-2022 21:07:08.781 INFO [http-nio-8090-exec-2] org.apache.catalina.core.ApplicationContext.log Manager: start: Starting web application '/Store'
26-Apr-2022 21:07:52.243 INFO [http-nio-8090-exec-8] org.apache.catalina.core.ApplicationContext.log Manager: list: Listing contexts for virtual host 'localhost'
26-Apr-2022 21:10:20.613 INFO [http-nio-8090-exec-15] org.apache.catalina.core.ApplicationContext.log Manager: list: Listing contexts for virtual host 'localhost'
26-Apr-2022 21:10:20.633 INFO [http-nio-8090-exec-11] org.apache.catalina.core.ApplicationContext.log Manager: restart: Reloading web application '/Store'
26-Apr-2022 21:10:45.127 INFO [http-nio-8090-exec-17] org.apache.catalina.core.ApplicationContext.log Manager: list: Listing contexts for virtual host 'localhost'
26-Apr-2022 21:10:51.408 INFO [http-nio-8090-exec-23] org.apache.catalina.core.ApplicationContext.log Manager: list: Listing contexts for virtual host 'localhost'
26-Apr-2022 21:11:27.888 INFO [http-nio-8090-exec-19] org.apache.catalina.core.ApplicationContext.log Manager: list: Listing contexts for virtual host 'localhost'
26-Apr-2022 21:11:38.773 INFO [http-nio-8090-exec-23] org.apache.catalina.core.ApplicationContext.log Manager: list: Listing contexts for virtual host 'localhost'
26-Apr-2022 21:11:38.790 INFO [http-nio-8090-exec-21] org.apache.catalina.core.ApplicationContext.log Manager: restart: Reloading web application '/Store'
26-Apr-2022 21:11:52.531 INFO [http-nio-8090-exec-27] org.apache.catalina.core.ApplicationContext.log Manager: list: Listing contexts for virtual host 'localhost'
26-Apr-2022 21:11:52.565 INFO [http-nio-8090-exec-16] org.apache.catalina.core.ApplicationContext.log Manager: list: Listing contexts for virtual host 'localhost'
26-Apr-2022 21:11:52.611 INFO [http-nio-8090-exec-23] org.apache.catalina.core.ApplicationContext.log Manager: undeploy: Undeploying web application at '/Store'
26-Apr-2022 21:11:53.182 INFO [http-nio-8090-exec-19] org.apache.catalina.core.ApplicationContext.log Manager: install: Installing context configuration at 'file:/C:/Users/ACERES~1/AppData/Local/Temp/context6451312276075227525.xml'
26-Apr-2022 21:16:46.125 INFO [http-nio-8090-exec-29] org.apache.catalina.core.ApplicationContext.log Manager: start: Starting web application '/Store'
26-Apr-2022 21:17:35.072 INFO [http-nio-8090-exec-35] org.apache.catalina.core.ApplicationContext.log Manager: list: Listing contexts for virtual host 'localhost'
26-Apr-2022 21:18:01.586 INFO [http-nio-8090-exec-36] org.apache.catalina.core.ApplicationContext.log Manager: list: Listing contexts for virtual host 'localhost'
26-Apr-2022 21:18:20.260 INFO [http-nio-8090-exec-29] org.apache.catalina.core.ApplicationContext.log Manager: list: Listing contexts for virtual host 'localhost'
26-Apr-2022 21:18:20.272 INFO [http-nio-8090-exec-32] org.apache.catalina.core.ApplicationContext.log Manager: list: Listing contexts for virtual host 'localhost'
26-Apr-2022 21:18:20.318 INFO [http-nio-8090-exec-33] org.apache.catalina.core.ApplicationContext.log Manager: undeploy: Undeploying web application at '/Store'
26-Apr-2022 21:18:20.903 INFO [http-nio-8090-exec-36] org.apache.catalina.core.ApplicationContext.log Manager: install: Installing context configuration at 'file:/C:/Users/ACERES~1/AppData/Local/Temp/context4709042396797261019.xml'
26-Apr-2022 21:18:26.056 INFO [http-nio-8090-exec-30] org.apache.catalina.core.ApplicationContext.log Manager: start: Starting web application '/Store'
26-Apr-2022 21:19:21.335 INFO [http-nio-8090-exec-43] org.apache.catalina.core.ApplicationContext.log Manager: list: Listing contexts for virtual host 'localhost'
26-Apr-2022 21:19:39.873 INFO [http-nio-8090-exec-43] org.apache.catalina.core.ApplicationContext.log Manager: list: Listing contexts for virtual host 'localhost'
26-Apr-2022 21:22:56.308 INFO [http-nio-8090-exec-48] org.apache.catalina.core.ApplicationContext.log Manager: list: Listing contexts for virtual host 'localhost'
26-Apr-2022 21:22:56.326 INFO [http-nio-8090-exec-46] org.apache.catalina.core.ApplicationContext.log Manager: restart: Reloading web application '/Store'
26-Apr-2022 21:23:01.201 INFO [http-nio-8090-exec-40] org.apache.catalina.core.ApplicationContext.log Manager: list: Listing contexts for virtual host 'localhost'
26-Apr-2022 21:23:01.219 INFO [http-nio-8090-exec-45] org.apache.catalina.core.ApplicationContext.log Manager: restart: Reloading web application '/Store'
26-Apr-2022 21:23:18.123 INFO [http-nio-8090-exec-51] org.apache.catalina.core.ApplicationContext.log Manager: list: Listing contexts for virtual host 'localhost'
26-Apr-2022 21:23:18.139 INFO [http-nio-8090-exec-39] org.apache.catalina.core.ApplicationContext.log Manager: restart: Reloading web application '/Store'
26-Apr-2022 21:23:46.056 INFO [http-nio-8090-exec-53] org.apache.catalina.core.ApplicationContext.log Manager: list: Listing contexts for virtual host 'localhost'
26-Apr-2022 21:23:46.072 INFO [http-nio-8090-exec-48] org.apache.catalina.core.ApplicationContext.log Manager: restart: Reloading web application '/Store'
26-Apr-2022 21:24:02.509 INFO [http-nio-8090-exec-53] org.apache.catalina.core.ApplicationContext.log Manager: list: Listing contexts for virtual host 'localhost'
26-Apr-2022 21:24:02.525 INFO [http-nio-8090-exec-49] org.apache.catalina.core.ApplicationContext.log Manager: restart: Reloading web application '/Store'
26-Apr-2022 21:24:08.814 INFO [http-nio-8090-exec-57] org.apache.catalina.core.ApplicationContext.log Manager: list: Listing contexts for virtual host 'localhost'
26-Apr-2022 21:24:08.856 INFO [http-nio-8090-exec-43] org.apache.catalina.core.ApplicationContext.log Manager: restart: Reloading web application '/Store'
26-Apr-2022 21:25:02.019 INFO [http-nio-8090-exec-59] org.apache.catalina.core.ApplicationContext.log Manager: list: Listing contexts for virtual host 'localhost'
26-Apr-2022 21:25:02.036 INFO [http-nio-8090-exec-54] org.apache.catalina.core.ApplicationContext.log Manager: restart: Reloading web application '/Store'
26-Apr-2022 21:25:23.821 INFO [http-nio-8090-exec-57] org.apache.catalina.core.ApplicationContext.log Manager: list: Listing contexts for virtual host 'localhost'
26-Apr-2022 21:25:23.836 INFO [http-nio-8090-exec-44] org.apache.catalina.core.ApplicationContext.log Manager: restart: Reloading web application '/Store'
26-Apr-2022 21:26:04.887 INFO [http-nio-8090-exec-57] org.apache.catalina.core.ApplicationContext.log Manager: list: Listing contexts for virtual host 'localhost'
26-Apr-2022 21:26:04.902 INFO [http-nio-8090-exec-60] org.apache.catalina.core.ApplicationContext.log Manager: restart: Reloading web application '/Store'
26-Apr-2022 21:26:16.807 INFO [http-nio-8090-exec-63] org.apache.catalina.core.ApplicationContext.log Manager: list: Listing contexts for virtual host 'localhost'
26-Apr-2022 21:26:16.826 INFO [http-nio-8090-exec-57] org.apache.catalina.core.ApplicationContext.log Manager: restart: Reloading web application '/Store'
26-Apr-2022 21:26:50.646 INFO [http-nio-8090-exec-67] org.apache.catalina.core.ApplicationContext.log Manager: list: Listing contexts for virtual host 'localhost'
26-Apr-2022 21:26:50.660 INFO [http-nio-8090-exec-63] org.apache.catalina.core.ApplicationContext.log Manager: restart: Reloading web application '/Store'
26-Apr-2022 21:27:42.755 INFO [http-nio-8090-exec-61] org.apache.catalina.core.ApplicationContext.log Manager: list: Listing contexts for virtual host 'localhost'
26-Apr-2022 21:27:42.773 INFO [http-nio-8090-exec-65] org.apache.catalina.core.ApplicationContext.log Manager: restart: Reloading web application '/Store'
26-Apr-2022 21:27:45.893 INFO [http-nio-8090-exec-61] org.apache.catalina.core.ApplicationContext.log Manager: list: Listing contexts for virtual host 'localhost'
26-Apr-2022 21:27:45.908 INFO [http-nio-8090-exec-59] org.apache.catalina.core.ApplicationContext.log Manager: restart: Reloading web application '/Store'
26-Apr-2022 21:28:05.385 INFO [http-nio-8090-exec-66] org.apache.catalina.core.ApplicationContext.log Manager: list: Listing contexts for virtual host 'localhost'
26-Apr-2022 21:28:05.401 INFO [http-nio-8090-exec-55] org.apache.catalina.core.ApplicationContext.log Manager: restart: Reloading web application '/Store'
26-Apr-2022 21:29:20.087 INFO [http-nio-8090-exec-68] org.apache.catalina.core.ApplicationContext.log Manager: list: Listing contexts for virtual host 'localhost'
26-Apr-2022 21:29:20.102 INFO [http-nio-8090-exec-77] org.apache.catalina.core.ApplicationContext.log Manager: restart: Reloading web application '/Store'
26-Apr-2022 21:31:14.620 INFO [http-nio-8090-exec-80] org.apache.catalina.core.ApplicationContext.log Manager: list: Listing contexts for virtual host 'localhost'
26-Apr-2022 21:31:14.642 INFO [http-nio-8090-exec-78] org.apache.catalina.core.ApplicationContext.log Manager: restart: Reloading web application '/Store'
26-Apr-2022 21:31:17.682 INFO [http-nio-8090-exec-75] org.apache.catalina.core.ApplicationContext.log Manager: list: Listing contexts for virtual host 'localhost'
26-Apr-2022 21:31:17.704 INFO [http-nio-8090-exec-74] org.apache.catalina.core.ApplicationContext.log Manager: list: Listing contexts for virtual host 'localhost'
26-Apr-2022 21:31:17.858 INFO [http-nio-8090-exec-76] org.apache.catalina.core.ApplicationContext.log Manager: restart: Reloading web application '/Store'
26-Apr-2022 21:32:31.817 INFO [http-nio-8090-exec-84] org.apache.catalina.core.ApplicationContext.log Manager: list: Listing contexts for virtual host 'localhost'
26-Apr-2022 21:32:31.837 INFO [http-nio-8090-exec-85] org.apache.catalina.core.ApplicationContext.log Manager: restart: Reloading web application '/Store'
26-Apr-2022 21:32:42.223 INFO [http-nio-8090-exec-92] org.apache.catalina.core.ApplicationContext.log Manager: list: Listing contexts for virtual host 'localhost'
26-Apr-2022 21:32:42.233 INFO [http-nio-8090-exec-61] org.apache.catalina.core.ApplicationContext.log Manager: list: Listing contexts for virtual host 'localhost'
26-Apr-2022 21:32:42.304 INFO [http-nio-8090-exec-95] org.apache.catalina.core.ApplicationContext.log Manager: undeploy: Undeploying web application at '/Store'
26-Apr-2022 21:32:42.875 INFO [http-nio-8090-exec-89] org.apache.catalina.core.ApplicationContext.log Manager: install: Installing context configuration at 'file:/C:/Users/ACERES~1/AppData/Local/Temp/context9702114606021911782.xml'
26-Apr-2022 21:32:48.035 INFO [http-nio-8090-exec-94] org.apache.catalina.core.ApplicationContext.log Manager: start: Starting web application '/Store'
26-Apr-2022 21:34:09.791 INFO [http-nio-8090-exec-96] org.apache.catalina.core.ApplicationContext.log Manager: list: Listing contexts for virtual host 'localhost'
26-Apr-2022 21:34:09.806 INFO [http-nio-8090-exec-102] org.apache.catalina.core.ApplicationContext.log Manager: restart: Reloading web application '/Store'
26-Apr-2022 21:34:19.320 INFO [http-nio-8090-exec-107] org.apache.catalina.core.ApplicationContext.log Manager: list: Listing contexts for virtual host 'localhost'
26-Apr-2022 21:34:19.337 INFO [http-nio-8090-exec-99] org.apache.catalina.core.ApplicationContext.log Manager: restart: Reloading web application '/Store'
26-Apr-2022 21:34:49.307 INFO [http-nio-8090-exec-107] org.apache.catalina.core.ApplicationContext.log Manager: list: Listing contexts for virtual host 'localhost'
26-Apr-2022 21:34:49.323 INFO [http-nio-8090-exec-101] org.apache.catalina.core.ApplicationContext.log Manager: restart: Reloading web application '/Store'
26-Apr-2022 21:36:19.849 INFO [http-nio-8090-exec-113] org.apache.catalina.core.ApplicationContext.log Manager: list: Listing contexts for virtual host 'localhost'
26-Apr-2022 21:36:19.865 INFO [http-nio-8090-exec-107] org.apache.catalina.core.ApplicationContext.log Manager: restart: Reloading web application '/Store'
26-Apr-2022 21:36:22.501 INFO [http-nio-8090-exec-112] org.apache.catalina.core.ApplicationContext.log Manager: list: Listing contexts for virtual host 'localhost'
26-Apr-2022 21:36:22.508 INFO [http-nio-8090-exec-114] org.apache.catalina.core.ApplicationContext.log Manager: list: Listing contexts for virtual host 'localhost'
26-Apr-2022 21:36:22.649 INFO [http-nio-8090-exec-98] org.apache.catalina.core.ApplicationContext.log Manager: restart: Reloading web application '/Store'
26-Apr-2022 21:37:12.889 INFO [http-nio-8090-exec-109] org.apache.catalina.core.ApplicationContext.log Manager: list: Listing contexts for virtual host 'localhost'
26-Apr-2022 21:37:12.899 INFO [http-nio-8090-exec-119] org.apache.catalina.core.ApplicationContext.log Manager: undeploy: Undeploying web application at '/Store'
26-Apr-2022 21:37:38.714 INFO [http-nio-8090-exec-121] org.apache.catalina.core.ApplicationContext.log Manager: list: Listing contexts for virtual host 'localhost'
26-Apr-2022 21:37:38.722 INFO [http-nio-8090-exec-126] org.apache.catalina.core.ApplicationContext.log Manager: list: Listing contexts for virtual host 'localhost'
26-Apr-2022 21:37:38.757 INFO [http-nio-8090-exec-118] org.apache.catalina.core.ApplicationContext.log Manager: install: Installing context configuration at 'file:/C:/Users/ACERES~1/AppData/Local/Temp/context12308481019018631519.xml'
26-Apr-2022 21:37:43.797 INFO [http-nio-8090-exec-123] org.apache.catalina.core.ApplicationContext.log Manager: start: Starting web application '/Store'
26-Apr-2022 21:42:31.861 INFO [http-nio-8090-exec-127] org.apache.catalina.core.ApplicationContext.log Manager: list: Listing contexts for virtual host 'localhost'
26-Apr-2022 21:42:31.878 INFO [http-nio-8090-exec-128] org.apache.catalina.core.ApplicationContext.log Manager: restart: Reloading web application '/Store'
26-Apr-2022 21:42:37.559 INFO [http-nio-8090-exec-137] org.apache.catalina.core.ApplicationContext.log Manager: list: Listing contexts for virtual host 'localhost'
26-Apr-2022 21:42:37.575 INFO [http-nio-8090-exec-130] org.apache.catalina.core.ApplicationContext.log Manager: restart: Reloading web application '/Store'
26-Apr-2022 21:42:45.579 INFO [http-nio-8090-exec-134] org.apache.catalina.core.ApplicationContext.log Manager: list: Listing contexts for virtual host 'localhost'
26-Apr-2022 21:42:45.593 INFO [http-nio-8090-exec-133] org.apache.catalina.core.ApplicationContext.log Manager: restart: Reloading web application '/Store'
26-Apr-2022 21:42:53.532 INFO [http-nio-8090-exec-129] org.apache.catalina.core.ApplicationContext.log Manager: list: Listing contexts for virtual host 'localhost'
26-Apr-2022 21:42:53.547 INFO [http-nio-8090-exec-126] org.apache.catalina.core.ApplicationContext.log Manager: restart: Reloading web application '/Store'
26-Apr-2022 21:42:58.223 INFO [http-nio-8090-exec-141] org.apache.catalina.core.ApplicationContext.log Manager: list: Listing contexts for virtual host 'localhost'
26-Apr-2022 21:42:58.237 INFO [http-nio-8090-exec-129] org.apache.catalina.core.ApplicationContext.log Manager: restart: Reloading web application '/Store'
26-Apr-2022 21:42:59.538 INFO [http-nio-8090-exec-143] org.apache.catalina.core.ApplicationContext.log Manager: list: Listing contexts for virtual host 'localhost'
26-Apr-2022 21:42:59.548 INFO [http-nio-8090-exec-144] org.apache.catalina.core.ApplicationContext.log Manager: list: Listing contexts for virtual host 'localhost'
26-Apr-2022 21:42:59.997 INFO [http-nio-8090-exec-142] org.apache.catalina.core.ApplicationContext.log Manager: restart: Reloading web application '/Store'
26-Apr-2022 21:43:53.153 INFO [http-nio-8090-exec-147] org.apache.catalina.core.ApplicationContext.log Manager: list: Listing contexts for virtual host 'localhost'
26-Apr-2022 21:43:53.170 INFO [http-nio-8090-exec-139] org.apache.catalina.core.ApplicationContext.log Manager: restart: Reloading web application '/Store'
26-Apr-2022 21:44:02.391 INFO [http-nio-8090-exec-149] org.apache.catalina.core.ApplicationContext.log Manager: list: Listing contexts for virtual host 'localhost'
26-Apr-2022 21:44:02.407 INFO [http-nio-8090-exec-151] org.apache.catalina.core.ApplicationContext.log Manager: restart: Reloading web application '/Store'
26-Apr-2022 21:44:12.985 INFO [http-nio-8090-exec-152] org.apache.catalina.core.ApplicationContext.log Manager: list: Listing contexts for virtual host 'localhost'
26-Apr-2022 21:44:13.000 INFO [http-nio-8090-exec-153] org.apache.catalina.core.ApplicationContext.log Manager: restart: Reloading web application '/Store'
26-Apr-2022 21:44:29.218 INFO [http-nio-8090-exec-151] org.apache.catalina.core.ApplicationContext.log Manager: list: Listing contexts for virtual host 'localhost'
26-Apr-2022 21:44:29.235 INFO [http-nio-8090-exec-139] org.apache.catalina.core.ApplicationContext.log Manager: restart: Reloading web application '/Store'
26-Apr-2022 21:44:36.736 INFO [http-nio-8090-exec-148] org.apache.catalina.core.ApplicationContext.log Manager: list: Listing contexts for virtual host 'localhost'
26-Apr-2022 21:44:36.755 INFO [http-nio-8090-exec-152] org.apache.catalina.core.ApplicationContext.log Manager: restart: Reloading web application '/Store'
26-Apr-2022 21:45:18.497 INFO [http-nio-8090-exec-160] org.apache.catalina.core.ApplicationContext.log Manager: list: Listing contexts for virtual host 'localhost'
26-Apr-2022 21:45:18.512 INFO [http-nio-8090-exec-151] org.apache.catalina.core.ApplicationContext.log Manager: restart: Reloading web application '/Store'
26-Apr-2022 21:45:20.622 INFO [http-nio-8090-exec-162] org.apache.catalina.core.ApplicationContext.log Manager: list: Listing contexts for virtual host 'localhost'
26-Apr-2022 21:45:20.640 INFO [http-nio-8090-exec-155] org.apache.catalina.core.ApplicationContext.log Manager: restart: Reloading web application '/Store'
26-Apr-2022 21:45:31.407 INFO [http-nio-8090-exec-148] org.apache.catalina.core.ApplicationContext.log Manager: list: Listing contexts for virtual host 'localhost'
26-Apr-2022 21:45:31.422 INFO [http-nio-8090-exec-161] org.apache.catalina.core.ApplicationContext.log Manager: restart: Reloading web application '/Store'
26-Apr-2022 21:45:33.537 INFO [http-nio-8090-exec-159] org.apache.catalina.core.ApplicationContext.log Manager: list: Listing contexts for virtual host 'localhost'
26-Apr-2022 21:45:33.552 INFO [http-nio-8090-exec-157] org.apache.catalina.core.ApplicationContext.log Manager: restart: Reloading web application '/Store'
26-Apr-2022 21:45:37.382 INFO [http-nio-8090-exec-165] org.apache.catalina.core.ApplicationContext.log Manager: list: Listing contexts for virtual host 'localhost'
26-Apr-2022 21:45:37.398 INFO [http-nio-8090-exec-166] org.apache.catalina.core.ApplicationContext.log Manager: restart: Reloading web application '/Store'
26-Apr-2022 21:46:08.450 INFO [http-nio-8090-exec-168] org.apache.catalina.core.ApplicationContext.log Manager: list: Listing contexts for virtual host 'localhost'
26-Apr-2022 21:46:08.465 INFO [http-nio-8090-exec-165] org.apache.catalina.core.ApplicationContext.log Manager: restart: Reloading web application '/Store'
26-Apr-2022 21:46:23.725 INFO [http-nio-8090-exec-168] org.apache.catalina.core.ApplicationContext.log Manager: list: Listing contexts for virtual host 'localhost'
26-Apr-2022 21:46:23.742 INFO [http-nio-8090-exec-159] org.apache.catalina.core.ApplicationContext.log Manager: restart: Reloading web application '/Store'
26-Apr-2022 21:46:28.513 INFO [http-nio-8090-exec-174] org.apache.catalina.core.ApplicationContext.log Manager: list: Listing contexts for virtual host 'localhost'
26-Apr-2022 21:46:28.530 INFO [http-nio-8090-exec-172] org.apache.catalina.core.ApplicationContext.log Manager: restart: Reloading web application '/Store'
26-Apr-2022 21:46:34.158 INFO [http-nio-8090-exec-173] org.apache.catalina.core.ApplicationContext.log Manager: list: Listing contexts for virtual host 'localhost'
26-Apr-2022 21:46:34.173 INFO [http-nio-8090-exec-167] org.apache.catalina.core.ApplicationContext.log Manager: restart: Reloading web application '/Store'
26-Apr-2022 21:47:11.113 INFO [http-nio-8090-exec-168] org.apache.catalina.core.ApplicationContext.log Manager: list: Listing contexts for virtual host 'localhost'
26-Apr-2022 21:47:11.128 INFO [http-nio-8090-exec-175] org.apache.catalina.core.ApplicationContext.log Manager: restart: Reloading web application '/Store'
26-Apr-2022 21:47:29.960 INFO [http-nio-8090-exec-177] org.apache.catalina.core.ApplicationContext.log Manager: list: Listing contexts for virtual host 'localhost'
26-Apr-2022 21:47:29.975 INFO [http-nio-8090-exec-168] org.apache.catalina.core.ApplicationContext.log Manager: restart: Reloading web application '/Store'
26-Apr-2022 21:47:32.027 INFO [http-nio-8090-exec-162] org.apache.catalina.core.ApplicationContext.log Manager: list: Listing contexts for virtual host 'localhost'
26-Apr-2022 21:47:32.042 INFO [http-nio-8090-exec-181] org.apache.catalina.core.ApplicationContext.log Manager: restart: Reloading web application '/Store'
26-Apr-2022 21:47:38.090 INFO [http-nio-8090-exec-183] org.apache.catalina.core.ApplicationContext.log Manager: list: Listing contexts for virtual host 'localhost'
26-Apr-2022 21:47:38.107 INFO [http-nio-8090-exec-173] org.apache.catalina.core.ApplicationContext.log Manager: restart: Reloading web application '/Store'
26-Apr-2022 21:48:02.823 INFO [http-nio-8090-exec-179] org.apache.catalina.core.ApplicationContext.log Manager: list: Listing contexts for virtual host 'localhost'
26-Apr-2022 21:48:02.837 INFO [http-nio-8090-exec-180] org.apache.catalina.core.ApplicationContext.log Manager: restart: Reloading web application '/Store'
26-Apr-2022 21:48:09.821 INFO [http-nio-8090-exec-176] org.apache.catalina.core.ApplicationContext.log Manager: list: Listing contexts for virtual host 'localhost'
26-Apr-2022 21:48:09.838 INFO [http-nio-8090-exec-179] org.apache.catalina.core.ApplicationContext.log Manager: restart: Reloading web application '/Store'
26-Apr-2022 21:48:13.061 INFO [http-nio-8090-exec-188] org.apache.catalina.core.ApplicationContext.log Manager: list: Listing contexts for virtual host 'localhost'
26-Apr-2022 21:48:13.074 INFO [http-nio-8090-exec-185] org.apache.catalina.core.ApplicationContext.log Manager: restart: Reloading web application '/Store'
26-Apr-2022 21:48:26.281 INFO [http-nio-8090-exec-169] org.apache.catalina.core.ApplicationContext.log Manager: list: Listing contexts for virtual host 'localhost'
26-Apr-2022 21:48:26.286 INFO [http-nio-8090-exec-163] org.apache.catalina.core.ApplicationContext.log Manager: list: Listing contexts for virtual host 'localhost'
26-Apr-2022 21:48:26.406 INFO [http-nio-8090-exec-176] org.apache.catalina.core.ApplicationContext.log Manager: restart: Reloading web application '/Store'
26-Apr-2022 21:53:06.510 INFO [http-nio-8090-exec-198] org.apache.catalina.core.ApplicationContext.log Manager: list: Listing contexts for virtual host 'localhost'
26-Apr-2022 21:53:06.528 INFO [http-nio-8090-exec-199] org.apache.catalina.core.ApplicationContext.log Manager: list: Listing contexts for virtual host 'localhost'
26-Apr-2022 21:54:04.232 INFO [http-nio-8090-exec-193] org.apache.catalina.core.ApplicationContext.log Manager: list: Listing contexts for virtual host 'localhost'
26-Apr-2022 21:54:06.053 INFO [http-nio-8090-exec-194] org.apache.catalina.core.ApplicationContext.log Manager: list: Listing contexts for virtual host 'localhost'
26-Apr-2022 21:54:09.122 INFO [http-nio-8090-exec-201] org.apache.catalina.core.ApplicationContext.log Manager: list: Listing contexts for virtual host 'localhost'
26-Apr-2022 21:54:12.962 INFO [http-nio-8090-exec-199] org.apache.catalina.core.ApplicationContext.log Manager: list: Listing contexts for virtual host 'localhost'
26-Apr-2022 21:54:17.826 INFO [http-nio-8090-exec-201] org.apache.catalina.core.ApplicationContext.log Manager: list: Listing contexts for virtual host 'localhost'
26-Apr-2022 21:54:17.832 INFO [http-nio-8090-exec-201] org.apache.catalina.core.ApplicationContext.log Manager: list: Listing contexts for virtual host 'localhost'
26-Apr-2022 21:56:21.882 INFO [http-nio-8090-exec-197] org.apache.catalina.core.ApplicationContext.log Manager: list: Listing contexts for virtual host 'localhost'
26-Apr-2022 21:56:26.496 INFO [http-nio-8090-exec-201] org.apache.catalina.core.ApplicationContext.log Manager: list: Listing contexts for virtual host 'localhost'
26-Apr-2022 21:56:26.502 INFO [http-nio-8090-exec-196] org.apache.catalina.core.ApplicationContext.log Manager: list: Listing contexts for virtual host 'localhost'
