01-Jun-2022 13:56:17.455 INFO [http-nio-8090-exec-8] org.apache.catalina.core.ApplicationContext.log Manager: init: Associated with Deployer 'Catalina:type=Deployer,host=localhost'
01-Jun-2022 13:56:17.455 INFO [http-nio-8090-exec-8] org.apache.catalina.core.ApplicationContext.log Manager: init: Global resources are available
01-Jun-2022 13:56:17.762 INFO [http-nio-8090-exec-7] org.apache.catalina.core.ApplicationContext.log Manager: list: Listing contexts for virtual host 'localhost'
01-Jun-2022 13:56:17.773 INFO [http-nio-8090-exec-9] org.apache.catalina.core.ApplicationContext.log Manager: list: Listing contexts for virtual host 'localhost'
01-Jun-2022 13:56:18.018 INFO [http-nio-8090-exec-3] org.apache.catalina.core.ApplicationContext.log Manager: restart: Reloading web application '/Store'
01-Jun-2022 13:56:36.291 INFO [http-nio-8090-exec-12] org.apache.catalina.core.ApplicationContext.log Manager: list: Listing contexts for virtual host 'localhost'
01-Jun-2022 13:56:36.326 INFO [http-nio-8090-exec-13] org.apache.catalina.core.ApplicationContext.log Manager: restart: Reloading web application '/Store'
01-Jun-2022 13:56:40.655 INFO [http-nio-8090-exec-2] org.apache.catalina.core.ApplicationContext.log Manager: list: Listing contexts for virtual host 'localhost'
01-Jun-2022 13:56:40.742 INFO [http-nio-8090-exec-15] org.apache.catalina.core.ApplicationContext.log Manager: list: Listing contexts for virtual host 'localhost'
01-Jun-2022 13:56:41.144 INFO [http-nio-8090-exec-13] org.apache.catalina.core.ApplicationContext.log Manager: restart: Reloading web application '/Store'
01-Jun-2022 14:00:15.903 INFO [http-nio-8090-exec-21] org.apache.catalina.core.ApplicationContext.log Manager: list: Listing contexts for virtual host 'localhost'
01-Jun-2022 14:00:15.923 INFO [http-nio-8090-exec-22] org.apache.catalina.core.ApplicationContext.log Manager: restart: Reloading web application '/Store'
01-Jun-2022 14:00:52.328 INFO [http-nio-8090-exec-27] org.apache.catalina.core.ApplicationContext.log Manager: list: Listing contexts for virtual host 'localhost'
01-Jun-2022 14:00:52.347 INFO [http-nio-8090-exec-23] org.apache.catalina.core.ApplicationContext.log Manager: restart: Reloading web application '/Store'
01-Jun-2022 14:00:54.862 INFO [http-nio-8090-exec-18] org.apache.catalina.core.ApplicationContext.log Manager: list: Listing contexts for virtual host 'localhost'
01-Jun-2022 14:00:54.882 INFO [http-nio-8090-exec-21] org.apache.catalina.core.ApplicationContext.log Manager: restart: Reloading web application '/Store'
01-Jun-2022 14:01:50.416 INFO [http-nio-8090-exec-30] org.apache.catalina.core.ApplicationContext.log Manager: list: Listing contexts for virtual host 'localhost'
01-Jun-2022 14:01:50.437 INFO [http-nio-8090-exec-19] org.apache.catalina.core.ApplicationContext.log Manager: restart: Reloading web application '/Store'
01-Jun-2022 14:02:12.182 INFO [http-nio-8090-exec-16] org.apache.catalina.core.ApplicationContext.log Manager: list: Listing contexts for virtual host 'localhost'
01-Jun-2022 14:02:12.191 INFO [http-nio-8090-exec-27] org.apache.catalina.core.ApplicationContext.log Manager: list: Listing contexts for virtual host 'localhost'
01-Jun-2022 14:02:12.300 INFO [http-nio-8090-exec-31] org.apache.catalina.core.ApplicationContext.log Manager: restart: Reloading web application '/Store'
01-Jun-2022 14:03:28.145 INFO [http-nio-8090-exec-36] org.apache.catalina.core.ApplicationContext.log Manager: list: Listing contexts for virtual host 'localhost'
01-Jun-2022 14:03:28.168 INFO [http-nio-8090-exec-33] org.apache.catalina.core.ApplicationContext.log Manager: restart: Reloading web application '/Store'
01-Jun-2022 14:29:50.727 INFO [http-nio-8090-exec-2] org.apache.catalina.core.ApplicationContext.log Manager: init: Associated with Deployer 'Catalina:type=Deployer,host=localhost'
01-Jun-2022 14:29:50.728 INFO [http-nio-8090-exec-2] org.apache.catalina.core.ApplicationContext.log Manager: init: Global resources are available
01-Jun-2022 14:29:50.781 INFO [http-nio-8090-exec-1] org.apache.catalina.core.ApplicationContext.log Manager: list: Listing contexts for virtual host 'localhost'
01-Jun-2022 14:29:50.802 INFO [http-nio-8090-exec-1] org.apache.catalina.core.ApplicationContext.log Manager: list: Listing contexts for virtual host 'localhost'
01-Jun-2022 14:29:50.995 INFO [http-nio-8090-exec-3] org.apache.catalina.core.ApplicationContext.log Manager: restart: Reloading web application '/Store'
01-Jun-2022 14:31:37.498 INFO [http-nio-8090-exec-18] org.apache.catalina.core.ApplicationContext.log Manager: list: Listing contexts for virtual host 'localhost'
01-Jun-2022 14:31:37.519 INFO [http-nio-8090-exec-11] org.apache.catalina.core.ApplicationContext.log Manager: restart: Reloading web application '/Store'
01-Jun-2022 14:31:58.229 INFO [http-nio-8090-exec-16] org.apache.catalina.core.ApplicationContext.log Manager: list: Listing contexts for virtual host 'localhost'
01-Jun-2022 14:31:58.283 INFO [http-nio-8090-exec-21] org.apache.catalina.core.ApplicationContext.log Manager: restart: Reloading web application '/Store'
01-Jun-2022 14:32:38.664 INFO [http-nio-8090-exec-18] org.apache.catalina.core.ApplicationContext.log Manager: list: Listing contexts for virtual host 'localhost'
01-Jun-2022 14:32:38.688 INFO [http-nio-8090-exec-23] org.apache.catalina.core.ApplicationContext.log Manager: restart: Reloading web application '/Store'
01-Jun-2022 14:32:52.080 INFO [http-nio-8090-exec-18] org.apache.catalina.core.ApplicationContext.log Manager: list: Listing contexts for virtual host 'localhost'
01-Jun-2022 14:32:52.095 INFO [http-nio-8090-exec-16] org.apache.catalina.core.ApplicationContext.log Manager: list: Listing contexts for virtual host 'localhost'
01-Jun-2022 14:32:52.207 INFO [http-nio-8090-exec-7] org.apache.catalina.core.ApplicationContext.log Manager: restart: Reloading web application '/Store'
01-Jun-2022 14:35:05.967 INFO [http-nio-8090-exec-34] org.apache.catalina.core.ApplicationContext.log Manager: list: Listing contexts for virtual host 'localhost'
01-Jun-2022 14:35:06.017 INFO [http-nio-8090-exec-27] org.apache.catalina.core.ApplicationContext.log Manager: restart: Reloading web application '/Store'
01-Jun-2022 14:35:36.516 INFO [http-nio-8090-exec-36] org.apache.catalina.core.ApplicationContext.log Manager: list: Listing contexts for virtual host 'localhost'
01-Jun-2022 14:35:36.534 INFO [http-nio-8090-exec-34] org.apache.catalina.core.ApplicationContext.log Manager: restart: Reloading web application '/Store'
01-Jun-2022 14:35:43.866 INFO [http-nio-8090-exec-38] org.apache.catalina.core.ApplicationContext.log Manager: list: Listing contexts for virtual host 'localhost'
01-Jun-2022 14:35:43.908 INFO [http-nio-8090-exec-36] org.apache.catalina.core.ApplicationContext.log Manager: restart: Reloading web application '/Store'
01-Jun-2022 14:35:47.094 INFO [http-nio-8090-exec-38] org.apache.catalina.core.ApplicationContext.log Manager: list: Listing contexts for virtual host 'localhost'
01-Jun-2022 14:35:47.107 INFO [http-nio-8090-exec-33] org.apache.catalina.core.ApplicationContext.log Manager: list: Listing contexts for virtual host 'localhost'
01-Jun-2022 14:35:47.231 INFO [http-nio-8090-exec-32] org.apache.catalina.core.ApplicationContext.log Manager: restart: Reloading web application '/Store'
01-Jun-2022 14:39:02.580 INFO [http-nio-8090-exec-41] org.apache.catalina.core.ApplicationContext.log Manager: list: Listing contexts for virtual host 'localhost'
01-Jun-2022 14:39:02.603 INFO [http-nio-8090-exec-43] org.apache.catalina.core.ApplicationContext.log Manager: restart: Reloading web application '/Store'
01-Jun-2022 14:39:37.890 INFO [http-nio-8090-exec-47] org.apache.catalina.core.ApplicationContext.log Manager: list: Listing contexts for virtual host 'localhost'
01-Jun-2022 14:39:37.915 INFO [http-nio-8090-exec-52] org.apache.catalina.core.ApplicationContext.log Manager: restart: Reloading web application '/Store'
01-Jun-2022 14:39:41.493 INFO [http-nio-8090-exec-42] org.apache.catalina.core.ApplicationContext.log Manager: list: Listing contexts for virtual host 'localhost'
01-Jun-2022 14:39:41.501 INFO [http-nio-8090-exec-46] org.apache.catalina.core.ApplicationContext.log Manager: list: Listing contexts for virtual host 'localhost'
01-Jun-2022 14:39:41.604 INFO [http-nio-8090-exec-51] org.apache.catalina.core.ApplicationContext.log Manager: restart: Reloading web application '/Store'
01-Jun-2022 14:40:58.001 INFO [http-nio-8090-exec-53] org.apache.catalina.core.ApplicationContext.log Manager: list: Listing contexts for virtual host 'localhost'
01-Jun-2022 14:40:58.017 INFO [http-nio-8090-exec-55] org.apache.catalina.core.ApplicationContext.log Manager: restart: Reloading web application '/Store'
01-Jun-2022 14:42:14.899 INFO [http-nio-8090-exec-56] org.apache.catalina.core.ApplicationContext.log Manager: list: Listing contexts for virtual host 'localhost'
01-Jun-2022 14:42:14.943 INFO [http-nio-8090-exec-58] org.apache.catalina.core.ApplicationContext.log Manager: undeploy: Undeploying web application at '/Store'
01-Jun-2022 14:46:23.222 INFO [http-nio-8090-exec-56] org.apache.catalina.core.ApplicationContext.log Manager: list: Listing contexts for virtual host 'localhost'
01-Jun-2022 14:46:23.230 INFO [http-nio-8090-exec-68] org.apache.catalina.core.ApplicationContext.log Manager: list: Listing contexts for virtual host 'localhost'
01-Jun-2022 14:46:23.274 INFO [http-nio-8090-exec-63] org.apache.catalina.core.ApplicationContext.log Manager: install: Installing context configuration at 'file:/C:/Users/ACERES~1/AppData/Local/Temp/context6141733607682392045.xml'
01-Jun-2022 14:46:25.793 INFO [http-nio-8090-exec-72] org.apache.catalina.core.ApplicationContext.log Manager: start: Starting web application '/Store'
01-Jun-2022 14:51:33.996 INFO [http-nio-8090-exec-72] org.apache.catalina.core.ApplicationContext.log Manager: list: Listing contexts for virtual host 'localhost'
01-Jun-2022 14:51:45.219 INFO [http-nio-8090-exec-71] org.apache.catalina.core.ApplicationContext.log Manager: list: Listing contexts for virtual host 'localhost'
01-Jun-2022 14:51:45.263 INFO [http-nio-8090-exec-67] org.apache.catalina.core.ApplicationContext.log Manager: restart: Reloading web application '/Store'
01-Jun-2022 14:51:58.794 INFO [http-nio-8090-exec-75] org.apache.catalina.core.ApplicationContext.log Manager: list: Listing contexts for virtual host 'localhost'
01-Jun-2022 14:51:58.814 INFO [http-nio-8090-exec-74] org.apache.catalina.core.ApplicationContext.log Manager: restart: Reloading web application '/Store'
01-Jun-2022 14:52:08.709 INFO [http-nio-8090-exec-78] org.apache.catalina.core.ApplicationContext.log Manager: list: Listing contexts for virtual host 'localhost'
01-Jun-2022 14:52:08.790 INFO [http-nio-8090-exec-80] org.apache.catalina.core.ApplicationContext.log Manager: restart: Reloading web application '/Store'
01-Jun-2022 14:52:14.507 INFO [http-nio-8090-exec-76] org.apache.catalina.core.ApplicationContext.log Manager: list: Listing contexts for virtual host 'localhost'
01-Jun-2022 14:52:14.512 INFO [http-nio-8090-exec-77] org.apache.catalina.core.ApplicationContext.log Manager: list: Listing contexts for virtual host 'localhost'
01-Jun-2022 14:52:14.608 INFO [http-nio-8090-exec-73] org.apache.catalina.core.ApplicationContext.log Manager: restart: Reloading web application '/Store'
01-Jun-2022 14:53:52.760 INFO [http-nio-8090-exec-84] org.apache.catalina.core.ApplicationContext.log Manager: list: Listing contexts for virtual host 'localhost'
01-Jun-2022 14:53:52.781 INFO [http-nio-8090-exec-85] org.apache.catalina.core.ApplicationContext.log Manager: restart: Reloading web application '/Store'
01-Jun-2022 14:53:53.695 INFO [http-nio-8090-exec-88] org.apache.catalina.core.ApplicationContext.log Manager: list: Listing contexts for virtual host 'localhost'
01-Jun-2022 14:53:53.708 INFO [http-nio-8090-exec-87] org.apache.catalina.core.ApplicationContext.log Manager: list: Listing contexts for virtual host 'localhost'
01-Jun-2022 14:53:55.062 INFO [http-nio-8090-exec-85] org.apache.catalina.core.ApplicationContext.log Manager: restart: Reloading web application '/Store'
01-Jun-2022 14:55:42.461 INFO [http-nio-8090-exec-100] org.apache.catalina.core.ApplicationContext.log Manager: list: Listing contexts for virtual host 'localhost'
01-Jun-2022 14:55:42.484 INFO [http-nio-8090-exec-94] org.apache.catalina.core.ApplicationContext.log Manager: restart: Reloading web application '/Store'
01-Jun-2022 14:55:45.620 INFO [http-nio-8090-exec-96] org.apache.catalina.core.ApplicationContext.log Manager: list: Listing contexts for virtual host 'localhost'
01-Jun-2022 14:55:45.630 INFO [http-nio-8090-exec-83] org.apache.catalina.core.ApplicationContext.log Manager: list: Listing contexts for virtual host 'localhost'
01-Jun-2022 14:55:45.770 INFO [http-nio-8090-exec-101] org.apache.catalina.core.ApplicationContext.log Manager: restart: Reloading web application '/Store'
01-Jun-2022 15:13:09.927 INFO [http-nio-8090-exec-103] org.apache.catalina.core.ApplicationContext.log Manager: list: Listing contexts for virtual host 'localhost'
01-Jun-2022 15:13:09.945 INFO [http-nio-8090-exec-104] org.apache.catalina.core.ApplicationContext.log Manager: restart: Reloading web application '/Store'
01-Jun-2022 15:14:31.800 INFO [http-nio-8090-exec-116] org.apache.catalina.core.ApplicationContext.log Manager: list: Listing contexts for virtual host 'localhost'
01-Jun-2022 15:14:31.818 INFO [http-nio-8090-exec-106] org.apache.catalina.core.ApplicationContext.log Manager: restart: Reloading web application '/Store'
01-Jun-2022 15:14:45.874 INFO [http-nio-8090-exec-109] org.apache.catalina.core.ApplicationContext.log Manager: list: Listing contexts for virtual host 'localhost'
01-Jun-2022 15:14:45.889 INFO [http-nio-8090-exec-116] org.apache.catalina.core.ApplicationContext.log Manager: restart: Reloading web application '/Store'
01-Jun-2022 15:18:18.427 INFO [http-nio-8090-exec-120] org.apache.catalina.core.ApplicationContext.log Manager: list: Listing contexts for virtual host 'localhost'
01-Jun-2022 15:18:18.432 INFO [http-nio-8090-exec-121] org.apache.catalina.core.ApplicationContext.log Manager: list: Listing contexts for virtual host 'localhost'
01-Jun-2022 15:18:18.542 INFO [http-nio-8090-exec-126] org.apache.catalina.core.ApplicationContext.log Manager: restart: Reloading web application '/Store'
01-Jun-2022 15:19:30.401 INFO [http-nio-8090-exec-9] org.apache.catalina.core.ApplicationContext.log Manager: init: Associated with Deployer 'Catalina:type=Deployer,host=localhost'
01-Jun-2022 15:19:30.401 INFO [http-nio-8090-exec-9] org.apache.catalina.core.ApplicationContext.log Manager: init: Global resources are available
01-Jun-2022 17:25:03.387 INFO [http-nio-8090-exec-7] org.apache.catalina.core.ApplicationContext.log Manager: list: Listing contexts for virtual host 'localhost'
01-Jun-2022 17:25:03.431 INFO [http-nio-8090-exec-2] org.apache.catalina.core.ApplicationContext.log Manager: list: Listing contexts for virtual host 'localhost'
01-Jun-2022 17:26:41.624 INFO [http-nio-8090-exec-5] org.apache.catalina.core.ApplicationContext.log Manager: list: Listing contexts for virtual host 'localhost'
01-Jun-2022 17:26:41.645 INFO [http-nio-8090-exec-10] org.apache.catalina.core.ApplicationContext.log Manager: restart: Reloading web application '/Store'
01-Jun-2022 17:26:52.453 INFO [http-nio-8090-exec-4] org.apache.catalina.core.ApplicationContext.log Manager: list: Listing contexts for virtual host 'localhost'
01-Jun-2022 17:26:52.473 INFO [http-nio-8090-exec-12] org.apache.catalina.core.ApplicationContext.log Manager: restart: Reloading web application '/Store'
01-Jun-2022 17:26:56.128 INFO [http-nio-8090-exec-9] org.apache.catalina.core.ApplicationContext.log Manager: list: Listing contexts for virtual host 'localhost'
01-Jun-2022 17:26:56.136 INFO [http-nio-8090-exec-2] org.apache.catalina.core.ApplicationContext.log Manager: list: Listing contexts for virtual host 'localhost'
01-Jun-2022 17:26:56.230 INFO [http-nio-8090-exec-5] org.apache.catalina.core.ApplicationContext.log Manager: restart: Reloading web application '/Store'
01-Jun-2022 17:34:30.057 INFO [http-nio-8090-exec-24] org.apache.catalina.core.ApplicationContext.log Manager: list: Listing contexts for virtual host 'localhost'
01-Jun-2022 17:34:30.076 INFO [http-nio-8090-exec-15] org.apache.catalina.core.ApplicationContext.log Manager: restart: Reloading web application '/Store'
01-Jun-2022 17:35:07.353 INFO [http-nio-8090-exec-17] org.apache.catalina.core.ApplicationContext.log Manager: list: Listing contexts for virtual host 'localhost'
01-Jun-2022 17:35:07.372 INFO [http-nio-8090-exec-20] org.apache.catalina.core.ApplicationContext.log Manager: restart: Reloading web application '/Store'
01-Jun-2022 17:36:02.902 INFO [http-nio-8090-exec-17] org.apache.catalina.core.ApplicationContext.log Manager: list: Listing contexts for virtual host 'localhost'
01-Jun-2022 17:36:02.915 INFO [http-nio-8090-exec-28] org.apache.catalina.core.ApplicationContext.log Manager: restart: Reloading web application '/Store'
01-Jun-2022 17:36:31.562 INFO [http-nio-8090-exec-21] org.apache.catalina.core.ApplicationContext.log Manager: list: Listing contexts for virtual host 'localhost'
01-Jun-2022 17:36:31.579 INFO [http-nio-8090-exec-30] org.apache.catalina.core.ApplicationContext.log Manager: restart: Reloading web application '/Store'
01-Jun-2022 17:36:58.140 INFO [http-nio-8090-exec-24] org.apache.catalina.core.ApplicationContext.log Manager: list: Listing contexts for virtual host 'localhost'
01-Jun-2022 17:36:58.158 INFO [http-nio-8090-exec-32] org.apache.catalina.core.ApplicationContext.log Manager: restart: Reloading web application '/Store'
01-Jun-2022 17:41:37.762 INFO [http-nio-8090-exec-39] org.apache.catalina.core.ApplicationContext.log Manager: list: Listing contexts for virtual host 'localhost'
01-Jun-2022 17:41:37.822 INFO [http-nio-8090-exec-33] org.apache.catalina.core.ApplicationContext.log Manager: restart: Reloading web application '/Store'
01-Jun-2022 17:41:45.992 INFO [http-nio-8090-exec-34] org.apache.catalina.core.ApplicationContext.log Manager: list: Listing contexts for virtual host 'localhost'
01-Jun-2022 17:41:46.011 INFO [http-nio-8090-exec-42] org.apache.catalina.core.ApplicationContext.log Manager: restart: Reloading web application '/Store'
01-Jun-2022 17:52:31.401 INFO [http-nio-8090-exec-52] org.apache.catalina.core.ApplicationContext.log Manager: list: Listing contexts for virtual host 'localhost'
01-Jun-2022 17:52:31.418 INFO [http-nio-8090-exec-43] org.apache.catalina.core.ApplicationContext.log Manager: restart: Reloading web application '/Store'
01-Jun-2022 17:52:37.384 INFO [http-nio-8090-exec-52] org.apache.catalina.core.ApplicationContext.log Manager: list: Listing contexts for virtual host 'localhost'
01-Jun-2022 17:52:37.405 INFO [http-nio-8090-exec-54] org.apache.catalina.core.ApplicationContext.log Manager: restart: Reloading web application '/Store'
01-Jun-2022 17:52:42.826 INFO [http-nio-8090-exec-53] org.apache.catalina.core.ApplicationContext.log Manager: list: Listing contexts for virtual host 'localhost'
01-Jun-2022 17:52:42.840 INFO [http-nio-8090-exec-56] org.apache.catalina.core.ApplicationContext.log Manager: list: Listing contexts for virtual host 'localhost'
01-Jun-2022 17:52:42.942 INFO [http-nio-8090-exec-51] org.apache.catalina.core.ApplicationContext.log Manager: restart: Reloading web application '/Store'
01-Jun-2022 17:53:54.521 INFO [http-nio-8090-exec-49] org.apache.catalina.core.ApplicationContext.log Manager: list: Listing contexts for virtual host 'localhost'
01-Jun-2022 17:53:54.539 INFO [http-nio-8090-exec-57] org.apache.catalina.core.ApplicationContext.log Manager: restart: Reloading web application '/Store'
01-Jun-2022 17:53:57.477 INFO [http-nio-8090-exec-62] org.apache.catalina.core.ApplicationContext.log Manager: list: Listing contexts for virtual host 'localhost'
01-Jun-2022 17:53:57.494 INFO [http-nio-8090-exec-63] org.apache.catalina.core.ApplicationContext.log Manager: list: Listing contexts for virtual host 'localhost'
01-Jun-2022 17:53:57.620 INFO [http-nio-8090-exec-61] org.apache.catalina.core.ApplicationContext.log Manager: restart: Reloading web application '/Store'
01-Jun-2022 17:54:20.704 INFO [http-nio-8090-exec-72] org.apache.catalina.core.ApplicationContext.log Manager: list: Listing contexts for virtual host 'localhost'
01-Jun-2022 17:54:20.710 INFO [http-nio-8090-exec-68] org.apache.catalina.core.ApplicationContext.log Manager: list: Listing contexts for virtual host 'localhost'
01-Jun-2022 17:56:30.028 INFO [http-nio-8090-exec-77] org.apache.catalina.core.ApplicationContext.log Manager: list: Listing contexts for virtual host 'localhost'
01-Jun-2022 17:56:30.033 INFO [http-nio-8090-exec-71] org.apache.catalina.core.ApplicationContext.log Manager: list: Listing contexts for virtual host 'localhost'
01-Jun-2022 17:56:48.614 INFO [http-nio-8090-exec-68] org.apache.catalina.core.ApplicationContext.log Manager: list: Listing contexts for virtual host 'localhost'
01-Jun-2022 17:56:48.631 INFO [http-nio-8090-exec-69] org.apache.catalina.core.ApplicationContext.log Manager: restart: Reloading web application '/Store'
01-Jun-2022 17:56:50.199 INFO [http-nio-8090-exec-76] org.apache.catalina.core.ApplicationContext.log Manager: list: Listing contexts for virtual host 'localhost'
01-Jun-2022 17:56:50.207 INFO [http-nio-8090-exec-70] org.apache.catalina.core.ApplicationContext.log Manager: list: Listing contexts for virtual host 'localhost'
01-Jun-2022 17:56:50.604 INFO [http-nio-8090-exec-78] org.apache.catalina.core.ApplicationContext.log Manager: restart: Reloading web application '/Store'
01-Jun-2022 17:58:16.109 INFO [http-nio-8090-exec-83] org.apache.catalina.core.ApplicationContext.log Manager: list: Listing contexts for virtual host 'localhost'
01-Jun-2022 17:58:16.116 INFO [http-nio-8090-exec-86] org.apache.catalina.core.ApplicationContext.log Manager: list: Listing contexts for virtual host 'localhost'
01-Jun-2022 18:30:25.651 INFO [http-nio-8090-exec-85] org.apache.catalina.core.ApplicationContext.log Manager: list: Listing contexts for virtual host 'localhost'
01-Jun-2022 18:30:28.538 INFO [http-nio-8090-exec-87] org.apache.catalina.core.ApplicationContext.log Manager: list: Listing contexts for virtual host 'localhost'
01-Jun-2022 18:31:07.305 INFO [http-nio-8090-exec-85] org.apache.catalina.core.ApplicationContext.log Manager: list: Listing contexts for virtual host 'localhost'
01-Jun-2022 18:31:11.046 INFO [http-nio-8090-exec-83] org.apache.catalina.core.ApplicationContext.log Manager: list: Listing contexts for virtual host 'localhost'
01-Jun-2022 18:32:44.127 INFO [http-nio-8090-exec-88] org.apache.catalina.core.ApplicationContext.log Manager: list: Listing contexts for virtual host 'localhost'
01-Jun-2022 18:32:51.208 INFO [http-nio-8090-exec-79] org.apache.catalina.core.ApplicationContext.log Manager: list: Listing contexts for virtual host 'localhost'
01-Jun-2022 18:33:16.223 INFO [http-nio-8090-exec-80] org.apache.catalina.core.ApplicationContext.log Manager: list: Listing contexts for virtual host 'localhost'
01-Jun-2022 18:33:19.060 INFO [http-nio-8090-exec-84] org.apache.catalina.core.ApplicationContext.log Manager: list: Listing contexts for virtual host 'localhost'
01-Jun-2022 18:33:19.067 INFO [http-nio-8090-exec-82] org.apache.catalina.core.ApplicationContext.log Manager: list: Listing contexts for virtual host 'localhost'
01-Jun-2022 18:41:11.442 INFO [http-nio-8090-exec-81] org.apache.catalina.core.ApplicationContext.log Manager: list: Listing contexts for virtual host 'localhost'
01-Jun-2022 18:48:27.480 INFO [http-nio-8090-exec-87] org.apache.catalina.core.ApplicationContext.log Manager: list: Listing contexts for virtual host 'localhost'
01-Jun-2022 18:53:31.210 INFO [http-nio-8090-exec-85] org.apache.catalina.core.ApplicationContext.log Manager: list: Listing contexts for virtual host 'localhost'
01-Jun-2022 18:53:52.385 INFO [http-nio-8090-exec-83] org.apache.catalina.core.ApplicationContext.log Manager: list: Listing contexts for virtual host 'localhost'
01-Jun-2022 18:53:55.897 INFO [http-nio-8090-exec-87] org.apache.catalina.core.ApplicationContext.log Manager: list: Listing contexts for virtual host 'localhost'
01-Jun-2022 18:53:55.902 INFO [http-nio-8090-exec-80] org.apache.catalina.core.ApplicationContext.log Manager: list: Listing contexts for virtual host 'localhost'
01-Jun-2022 18:55:45.712 INFO [http-nio-8090-exec-86] org.apache.catalina.core.ApplicationContext.log Manager: list: Listing contexts for virtual host 'localhost'
01-Jun-2022 18:56:05.448 INFO [http-nio-8090-exec-82] org.apache.catalina.core.ApplicationContext.log Manager: list: Listing contexts for virtual host 'localhost'
01-Jun-2022 18:56:20.689 INFO [http-nio-8090-exec-86] org.apache.catalina.core.ApplicationContext.log Manager: list: Listing contexts for virtual host 'localhost'
01-Jun-2022 18:56:22.835 INFO [http-nio-8090-exec-79] org.apache.catalina.core.ApplicationContext.log Manager: list: Listing contexts for virtual host 'localhost'
01-Jun-2022 18:56:22.842 INFO [http-nio-8090-exec-81] org.apache.catalina.core.ApplicationContext.log Manager: list: Listing contexts for virtual host 'localhost'
01-Jun-2022 22:23:35.387 INFO [http-nio-8090-exec-83] org.apache.catalina.core.ApplicationContext.log Manager: list: Listing contexts for virtual host 'localhost'
01-Jun-2022 22:23:38.927 INFO [http-nio-8090-exec-86] org.apache.catalina.core.ApplicationContext.log Manager: list: Listing contexts for virtual host 'localhost'
01-Jun-2022 22:23:38.935 INFO [http-nio-8090-exec-83] org.apache.catalina.core.ApplicationContext.log Manager: list: Listing contexts for virtual host 'localhost'
01-Jun-2022 22:25:54.318 INFO [http-nio-8090-exec-88] org.apache.catalina.core.ApplicationContext.log Manager: list: Listing contexts for virtual host 'localhost'
01-Jun-2022 22:25:58.510 INFO [http-nio-8090-exec-83] org.apache.catalina.core.ApplicationContext.log Manager: list: Listing contexts for virtual host 'localhost'
01-Jun-2022 22:26:11.865 INFO [http-nio-8090-exec-79] org.apache.catalina.core.ApplicationContext.log Manager: list: Listing contexts for virtual host 'localhost'
01-Jun-2022 22:26:13.112 INFO [http-nio-8090-exec-84] org.apache.catalina.core.ApplicationContext.log Manager: list: Listing contexts for virtual host 'localhost'
01-Jun-2022 22:26:49.376 INFO [http-nio-8090-exec-82] org.apache.catalina.core.ApplicationContext.log Manager: list: Listing contexts for virtual host 'localhost'
01-Jun-2022 22:26:52.509 INFO [http-nio-8090-exec-79] org.apache.catalina.core.ApplicationContext.log Manager: list: Listing contexts for virtual host 'localhost'
01-Jun-2022 22:26:58.823 INFO [http-nio-8090-exec-82] org.apache.catalina.core.ApplicationContext.log Manager: list: Listing contexts for virtual host 'localhost'
01-Jun-2022 22:27:08.782 INFO [http-nio-8090-exec-82] org.apache.catalina.core.ApplicationContext.log Manager: list: Listing contexts for virtual host 'localhost'
01-Jun-2022 22:27:18.822 INFO [http-nio-8090-exec-82] org.apache.catalina.core.ApplicationContext.log Manager: list: Listing contexts for virtual host 'localhost'
01-Jun-2022 22:27:21.484 INFO [http-nio-8090-exec-81] org.apache.catalina.core.ApplicationContext.log Manager: list: Listing contexts for virtual host 'localhost'
01-Jun-2022 22:27:21.493 INFO [http-nio-8090-exec-85] org.apache.catalina.core.ApplicationContext.log Manager: list: Listing contexts for virtual host 'localhost'
