08-Jun-2022 16:45:54.881 INFO [http-nio-8090-exec-23] org.apache.catalina.core.ApplicationContext.log Manager: list: Listing contexts for virtual host 'localhost'
08-Jun-2022 16:45:56.118 INFO [http-nio-8090-exec-26] org.apache.catalina.core.ApplicationContext.log Manager: undeploy: Undeploying web application at '/Store'
08-Jun-2022 16:46:06.327 INFO [http-nio-8090-exec-25] org.apache.catalina.core.ApplicationContext.log Manager: install: Installing context configuration at 'file:/C:/Users/ACERES~1/AppData/Local/Temp/context6662995259053515397.xml'
08-Jun-2022 16:46:31.679 INFO [http-nio-8090-exec-28] org.apache.catalina.core.ApplicationContext.log Manager: list: Listing contexts for virtual host 'localhost'
08-Jun-2022 16:46:31.775 INFO [http-nio-8090-exec-18] org.apache.catalina.core.ApplicationContext.log Manager: list: Listing contexts for virtual host 'localhost'
08-Jun-2022 16:46:31.806 INFO [http-nio-8090-exec-29] org.apache.catalina.core.ApplicationContext.log Manager: install: Installing context configuration at 'file:/C:/Users/ACERES~1/AppData/Local/Temp/context16919333735855254407.xml'
08-Jun-2022 16:46:37.789 INFO [http-nio-8090-exec-24] org.apache.catalina.core.ApplicationContext.log Manager: start: Starting web application '/Store'
08-Jun-2022 17:15:42.852 INFO [http-nio-8090-exec-32] org.apache.catalina.core.ApplicationContext.log Manager: list: Listing contexts for virtual host 'localhost'
08-Jun-2022 17:15:42.897 INFO [http-nio-8090-exec-37] org.apache.catalina.core.ApplicationContext.log Manager: list: Listing contexts for virtual host 'localhost'
08-Jun-2022 17:15:42.964 INFO [http-nio-8090-exec-35] org.apache.catalina.core.ApplicationContext.log Manager: undeploy: Undeploying web application at '/Store'
08-Jun-2022 17:15:43.608 INFO [http-nio-8090-exec-31] org.apache.catalina.core.ApplicationContext.log Manager: install: Installing context configuration at 'file:/C:/Users/ACERES~1/AppData/Local/Temp/context12286407674974369839.xml'
08-Jun-2022 17:15:45.161 INFO [http-nio-8090-exec-32] org.apache.catalina.core.ApplicationContext.log Manager: start: Starting web application '/Store'
08-Jun-2022 17:29:06.215 INFO [http-nio-8090-exec-45] org.apache.catalina.core.ApplicationContext.log Manager: list: Listing contexts for virtual host 'localhost'
08-Jun-2022 17:29:06.227 INFO [http-nio-8090-exec-46] org.apache.catalina.core.ApplicationContext.log Manager: undeploy: Undeploying web application at '/Store'
08-Jun-2022 17:31:03.581 INFO [http-nio-8090-exec-51] org.apache.catalina.core.ApplicationContext.log Manager: list: Listing contexts for virtual host 'localhost'
08-Jun-2022 17:31:03.594 INFO [http-nio-8090-exec-45] org.apache.catalina.core.ApplicationContext.log Manager: list: Listing contexts for virtual host 'localhost'
08-Jun-2022 17:31:03.655 INFO [http-nio-8090-exec-41] org.apache.catalina.core.ApplicationContext.log Manager: install: Installing context configuration at 'file:/C:/Users/ACERES~1/AppData/Local/Temp/context17653623112935279047.xml'
08-Jun-2022 17:31:05.157 INFO [http-nio-8090-exec-40] org.apache.catalina.core.ApplicationContext.log Manager: start: Starting web application '/Store'
08-Jun-2022 17:38:33.765 INFO [http-nio-8090-exec-48] org.apache.catalina.core.ApplicationContext.log Manager: list: Listing contexts for virtual host 'localhost'
08-Jun-2022 17:38:33.796 INFO [http-nio-8090-exec-53] org.apache.catalina.core.ApplicationContext.log Manager: restart: Reloading web application '/Store'
08-Jun-2022 17:38:38.346 INFO [http-nio-8090-exec-51] org.apache.catalina.core.ApplicationContext.log Manager: list: Listing contexts for virtual host 'localhost'
08-Jun-2022 17:38:38.372 INFO [http-nio-8090-exec-52] org.apache.catalina.core.ApplicationContext.log Manager: restart: Reloading web application '/Store'
08-Jun-2022 17:39:16.279 INFO [http-nio-8090-exec-59] org.apache.catalina.core.ApplicationContext.log Manager: list: Listing contexts for virtual host 'localhost'
08-Jun-2022 17:39:16.297 INFO [http-nio-8090-exec-61] org.apache.catalina.core.ApplicationContext.log Manager: restart: Reloading web application '/Store'
08-Jun-2022 17:43:45.702 INFO [http-nio-8090-exec-69] org.apache.catalina.core.ApplicationContext.log Manager: list: Listing contexts for virtual host 'localhost'
08-Jun-2022 17:43:45.710 INFO [http-nio-8090-exec-66] org.apache.catalina.core.ApplicationContext.log Manager: list: Listing contexts for virtual host 'localhost'
08-Jun-2022 17:43:45.744 INFO [http-nio-8090-exec-67] org.apache.catalina.core.ApplicationContext.log Manager: undeploy: Undeploying web application at '/Store'
08-Jun-2022 17:43:46.311 INFO [http-nio-8090-exec-63] org.apache.catalina.core.ApplicationContext.log Manager: install: Installing context configuration at 'file:/C:/Users/ACERES~1/AppData/Local/Temp/context7403824465211565217.xml'
08-Jun-2022 17:43:47.732 INFO [http-nio-8090-exec-65] org.apache.catalina.core.ApplicationContext.log Manager: start: Starting web application '/Store'
08-Jun-2022 18:11:02.373 INFO [http-nio-8090-exec-79] org.apache.catalina.core.ApplicationContext.log Manager: list: Listing contexts for virtual host 'localhost'
08-Jun-2022 18:11:02.387 INFO [http-nio-8090-exec-76] org.apache.catalina.core.ApplicationContext.log Manager: list: Listing contexts for virtual host 'localhost'
08-Jun-2022 18:11:02.426 INFO [http-nio-8090-exec-72] org.apache.catalina.core.ApplicationContext.log Manager: undeploy: Undeploying web application at '/Store'
08-Jun-2022 18:11:02.974 INFO [http-nio-8090-exec-79] org.apache.catalina.core.ApplicationContext.log Manager: install: Installing context configuration at 'file:/C:/Users/ACERES~1/AppData/Local/Temp/context11534766826751439708.xml'
08-Jun-2022 18:11:05.124 INFO [http-nio-8090-exec-77] org.apache.catalina.core.ApplicationContext.log Manager: start: Starting web application '/Store'
08-Jun-2022 21:30:18.618 INFO [http-nio-8090-exec-90] org.apache.catalina.core.ApplicationContext.log Manager: list: Listing contexts for virtual host 'localhost'
08-Jun-2022 21:30:18.649 INFO [http-nio-8090-exec-88] org.apache.catalina.core.ApplicationContext.log Manager: restart: Reloading web application '/Store'
08-Jun-2022 21:30:22.311 INFO [http-nio-8090-exec-85] org.apache.catalina.core.ApplicationContext.log Manager: list: Listing contexts for virtual host 'localhost'
08-Jun-2022 21:30:22.325 INFO [http-nio-8090-exec-84] org.apache.catalina.core.ApplicationContext.log Manager: restart: Reloading web application '/Store'
08-Jun-2022 21:30:40.214 INFO [http-nio-8090-exec-82] org.apache.catalina.core.ApplicationContext.log Manager: list: Listing contexts for virtual host 'localhost'
08-Jun-2022 21:30:40.406 INFO [http-nio-8090-exec-82] org.apache.catalina.core.ApplicationContext.log Manager: list: Listing contexts for virtual host 'localhost'
08-Jun-2022 21:31:04.843 INFO [http-nio-8090-exec-94] org.apache.catalina.core.ApplicationContext.log Manager: list: Listing contexts for virtual host 'localhost'
08-Jun-2022 21:31:04.870 INFO [http-nio-8090-exec-92] org.apache.catalina.core.ApplicationContext.log Manager: restart: Reloading web application '/Store'
08-Jun-2022 21:31:07.598 INFO [http-nio-8090-exec-93] org.apache.catalina.core.ApplicationContext.log Manager: list: Listing contexts for virtual host 'localhost'
08-Jun-2022 21:31:07.609 INFO [http-nio-8090-exec-91] org.apache.catalina.core.ApplicationContext.log Manager: restart: Reloading web application '/Store'
08-Jun-2022 21:32:24.741 INFO [http-nio-8090-exec-96] org.apache.catalina.core.ApplicationContext.log Manager: list: Listing contexts for virtual host 'localhost'
08-Jun-2022 21:32:24.755 INFO [http-nio-8090-exec-83] org.apache.catalina.core.ApplicationContext.log Manager: restart: Reloading web application '/Store'
08-Jun-2022 21:32:27.691 INFO [http-nio-8090-exec-81] org.apache.catalina.core.ApplicationContext.log Manager: list: Listing contexts for virtual host 'localhost'
08-Jun-2022 21:32:27.704 INFO [http-nio-8090-exec-93] org.apache.catalina.core.ApplicationContext.log Manager: restart: Reloading web application '/Store'
08-Jun-2022 22:17:19.163 INFO [http-nio-8090-exec-104] org.apache.catalina.core.ApplicationContext.log Manager: list: Listing contexts for virtual host 'localhost'
08-Jun-2022 22:17:19.185 INFO [http-nio-8090-exec-105] org.apache.catalina.core.ApplicationContext.log Manager: restart: Reloading web application '/Store'
