23-Mar-2022 09:35:39.305 INFO [http-nio-8090-exec-218] org.apache.catalina.core.ApplicationContext.log Manager: list: Listing contexts for virtual host 'localhost'
23-Mar-2022 09:35:39.371 INFO [http-nio-8090-exec-213] org.apache.catalina.core.ApplicationContext.log Manager: list: Listing contexts for virtual host 'localhost'
23-Mar-2022 12:39:10.583 INFO [http-nio-8090-exec-214] org.apache.catalina.core.ApplicationContext.log Manager: list: Listing contexts for virtual host 'localhost'
23-Mar-2022 12:39:37.761 INFO [http-nio-8090-exec-211] org.apache.catalina.core.ApplicationContext.log Manager: list: Listing contexts for virtual host 'localhost'
23-Mar-2022 12:39:38.445 INFO [http-nio-8090-exec-210] org.apache.catalina.core.ApplicationContext.log Manager: list: Listing contexts for virtual host 'localhost'
23-Mar-2022 12:44:23.748 INFO [http-nio-8090-exec-211] org.apache.catalina.core.ApplicationContext.log Manager: list: Listing contexts for virtual host 'localhost'
23-Mar-2022 12:45:22.954 INFO [http-nio-8090-exec-214] org.apache.catalina.core.ApplicationContext.log Manager: list: Listing contexts for virtual host 'localhost'
23-Mar-2022 12:46:49.832 INFO [http-nio-8090-exec-211] org.apache.catalina.core.ApplicationContext.log Manager: list: Listing contexts for virtual host 'localhost'
23-Mar-2022 12:46:49.981 INFO [http-nio-8090-exec-216] org.apache.catalina.core.ApplicationContext.log Manager: restart: Reloading web application '/Store'
23-Mar-2022 12:47:04.517 INFO [http-nio-8090-exec-213] org.apache.catalina.core.ApplicationContext.log Manager: list: Listing contexts for virtual host 'localhost'
23-Mar-2022 12:47:04.549 INFO [http-nio-8090-exec-220] org.apache.catalina.core.ApplicationContext.log Manager: restart: Reloading web application '/Store'
23-Mar-2022 12:47:13.562 INFO [http-nio-8090-exec-218] org.apache.catalina.core.ApplicationContext.log Manager: list: Listing contexts for virtual host 'localhost'
23-Mar-2022 12:47:13.590 INFO [http-nio-8090-exec-219] org.apache.catalina.core.ApplicationContext.log Manager: restart: Reloading web application '/Store'
23-Mar-2022 12:50:04.575 INFO [http-nio-8090-exec-224] org.apache.catalina.core.ApplicationContext.log Manager: list: Listing contexts for virtual host 'localhost'
23-Mar-2022 12:50:04.640 INFO [http-nio-8090-exec-217] org.apache.catalina.core.ApplicationContext.log Manager: restart: Reloading web application '/Store'
23-Mar-2022 12:50:10.821 INFO [http-nio-8090-exec-226] org.apache.catalina.core.ApplicationContext.log Manager: list: Listing contexts for virtual host 'localhost'
23-Mar-2022 12:50:10.837 INFO [http-nio-8090-exec-225] org.apache.catalina.core.ApplicationContext.log Manager: restart: Reloading web application '/Store'
23-Mar-2022 12:50:22.818 INFO [http-nio-8090-exec-230] org.apache.catalina.core.ApplicationContext.log Manager: list: Listing contexts for virtual host 'localhost'
23-Mar-2022 12:51:16.760 INFO [http-nio-8090-exec-221] org.apache.catalina.core.ApplicationContext.log Manager: list: Listing contexts for virtual host 'localhost'
23-Mar-2022 12:51:16.778 INFO [http-nio-8090-exec-233] org.apache.catalina.core.ApplicationContext.log Manager: list: Listing contexts for virtual host 'localhost'
23-Mar-2022 12:51:17.443 INFO [http-nio-8090-exec-212] org.apache.catalina.core.ApplicationContext.log Manager: restart: Reloading web application '/Store'
23-Mar-2022 13:05:03.848 INFO [http-nio-8090-exec-236] org.apache.catalina.core.ApplicationContext.log Manager: list: Listing contexts for virtual host 'localhost'
23-Mar-2022 13:07:59.625 INFO [http-nio-8090-exec-239] org.apache.catalina.core.ApplicationContext.log Manager: list: Listing contexts for virtual host 'localhost'
23-Mar-2022 13:07:59.994 INFO [http-nio-8090-exec-242] org.apache.catalina.core.ApplicationContext.log Manager: list: Listing contexts for virtual host 'localhost'
23-Mar-2022 13:08:55.975 INFO [http-nio-8090-exec-234] org.apache.catalina.core.ApplicationContext.log Manager: list: Listing contexts for virtual host 'localhost'
23-Mar-2022 13:09:20.379 INFO [http-nio-8090-exec-242] org.apache.catalina.core.ApplicationContext.log Manager: list: Listing contexts for virtual host 'localhost'
23-Mar-2022 13:09:45.927 INFO [http-nio-8090-exec-234] org.apache.catalina.core.ApplicationContext.log Manager: list: Listing contexts for virtual host 'localhost'
23-Mar-2022 13:09:50.523 INFO [http-nio-8090-exec-239] org.apache.catalina.core.ApplicationContext.log Manager: list: Listing contexts for virtual host 'localhost'
23-Mar-2022 13:10:19.135 INFO [http-nio-8090-exec-239] org.apache.catalina.core.ApplicationContext.log Manager: list: Listing contexts for virtual host 'localhost'
23-Mar-2022 13:12:55.604 INFO [http-nio-8090-exec-243] org.apache.catalina.core.ApplicationContext.log Manager: list: Listing contexts for virtual host 'localhost'
23-Mar-2022 13:12:58.779 INFO [http-nio-8090-exec-239] org.apache.catalina.core.ApplicationContext.log Manager: list: Listing contexts for virtual host 'localhost'
23-Mar-2022 13:12:58.788 INFO [http-nio-8090-exec-234] org.apache.catalina.core.ApplicationContext.log Manager: list: Listing contexts for virtual host 'localhost'
23-Mar-2022 15:20:12.176 INFO [http-nio-8090-exec-239] org.apache.catalina.core.ApplicationContext.log Manager: list: Listing contexts for virtual host 'localhost'
23-Mar-2022 15:20:18.626 INFO [http-nio-8090-exec-243] org.apache.catalina.core.ApplicationContext.log Manager: list: Listing contexts for virtual host 'localhost'
23-Mar-2022 15:20:55.603 INFO [http-nio-8090-exec-240] org.apache.catalina.core.ApplicationContext.log Manager: list: Listing contexts for virtual host 'localhost'
23-Mar-2022 15:21:10.026 INFO [http-nio-8090-exec-242] org.apache.catalina.core.ApplicationContext.log Manager: list: Listing contexts for virtual host 'localhost'
23-Mar-2022 15:21:10.051 INFO [http-nio-8090-exec-241] org.apache.catalina.core.ApplicationContext.log Manager: list: Listing contexts for virtual host 'localhost'
23-Mar-2022 15:27:03.660 INFO [http-nio-8090-exec-236] org.apache.catalina.core.ApplicationContext.log Manager: list: Listing contexts for virtual host 'localhost'
23-Mar-2022 15:27:05.124 INFO [http-nio-8090-exec-237] org.apache.catalina.core.ApplicationContext.log Manager: list: Listing contexts for virtual host 'localhost'
23-Mar-2022 15:28:21.351 INFO [http-nio-8090-exec-237] org.apache.catalina.core.ApplicationContext.log Manager: list: Listing contexts for virtual host 'localhost'
23-Mar-2022 15:28:33.558 INFO [http-nio-8090-exec-241] org.apache.catalina.core.ApplicationContext.log Manager: list: Listing contexts for virtual host 'localhost'
23-Mar-2022 15:29:19.620 INFO [http-nio-8090-exec-240] org.apache.catalina.core.ApplicationContext.log Manager: list: Listing contexts for virtual host 'localhost'
23-Mar-2022 15:29:22.638 INFO [http-nio-8090-exec-242] org.apache.catalina.core.ApplicationContext.log Manager: list: Listing contexts for virtual host 'localhost'
23-Mar-2022 15:29:33.418 INFO [http-nio-8090-exec-241] org.apache.catalina.core.ApplicationContext.log Manager: list: Listing contexts for virtual host 'localhost'
23-Mar-2022 15:29:53.887 INFO [http-nio-8090-exec-239] org.apache.catalina.core.ApplicationContext.log Manager: list: Listing contexts for virtual host 'localhost'
23-Mar-2022 15:30:09.915 INFO [http-nio-8090-exec-241] org.apache.catalina.core.ApplicationContext.log Manager: list: Listing contexts for virtual host 'localhost'
23-Mar-2022 15:30:17.193 INFO [http-nio-8090-exec-237] org.apache.catalina.core.ApplicationContext.log Manager: list: Listing contexts for virtual host 'localhost'
23-Mar-2022 15:30:26.465 INFO [http-nio-8090-exec-240] org.apache.catalina.core.ApplicationContext.log Manager: list: Listing contexts for virtual host 'localhost'
23-Mar-2022 15:31:20.174 INFO [http-nio-8090-exec-236] org.apache.catalina.core.ApplicationContext.log Manager: list: Listing contexts for virtual host 'localhost'
23-Mar-2022 15:33:55.227 INFO [http-nio-8090-exec-237] org.apache.catalina.core.ApplicationContext.log Manager: list: Listing contexts for virtual host 'localhost'
23-Mar-2022 15:39:49.588 INFO [http-nio-8090-exec-234] org.apache.catalina.core.ApplicationContext.log Manager: list: Listing contexts for virtual host 'localhost'
23-Mar-2022 15:41:06.796 INFO [http-nio-8090-exec-240] org.apache.catalina.core.ApplicationContext.log Manager: list: Listing contexts for virtual host 'localhost'
23-Mar-2022 15:41:40.884 INFO [http-nio-8090-exec-243] org.apache.catalina.core.ApplicationContext.log Manager: list: Listing contexts for virtual host 'localhost'
23-Mar-2022 15:42:09.896 INFO [http-nio-8090-exec-242] org.apache.catalina.core.ApplicationContext.log Manager: list: Listing contexts for virtual host 'localhost'
23-Mar-2022 15:42:35.754 INFO [http-nio-8090-exec-242] org.apache.catalina.core.ApplicationContext.log Manager: list: Listing contexts for virtual host 'localhost'
23-Mar-2022 15:42:40.009 INFO [http-nio-8090-exec-238] org.apache.catalina.core.ApplicationContext.log Manager: list: Listing contexts for virtual host 'localhost'
23-Mar-2022 15:42:50.531 INFO [http-nio-8090-exec-240] org.apache.catalina.core.ApplicationContext.log Manager: list: Listing contexts for virtual host 'localhost'
23-Mar-2022 15:43:05.911 INFO [http-nio-8090-exec-239] org.apache.catalina.core.ApplicationContext.log Manager: list: Listing contexts for virtual host 'localhost'
23-Mar-2022 15:44:48.315 INFO [http-nio-8090-exec-236] org.apache.catalina.core.ApplicationContext.log Manager: list: Listing contexts for virtual host 'localhost'
23-Mar-2022 15:45:04.951 INFO [http-nio-8090-exec-241] org.apache.catalina.core.ApplicationContext.log Manager: list: Listing contexts for virtual host 'localhost'
23-Mar-2022 15:45:23.819 INFO [http-nio-8090-exec-236] org.apache.catalina.core.ApplicationContext.log Manager: list: Listing contexts for virtual host 'localhost'
23-Mar-2022 15:45:42.438 INFO [http-nio-8090-exec-243] org.apache.catalina.core.ApplicationContext.log Manager: list: Listing contexts for virtual host 'localhost'
23-Mar-2022 15:46:09.802 INFO [http-nio-8090-exec-239] org.apache.catalina.core.ApplicationContext.log Manager: list: Listing contexts for virtual host 'localhost'
23-Mar-2022 15:46:16.581 INFO [http-nio-8090-exec-238] org.apache.catalina.core.ApplicationContext.log Manager: list: Listing contexts for virtual host 'localhost'
23-Mar-2022 15:46:29.666 INFO [http-nio-8090-exec-239] org.apache.catalina.core.ApplicationContext.log Manager: list: Listing contexts for virtual host 'localhost'
23-Mar-2022 15:46:52.088 INFO [http-nio-8090-exec-242] org.apache.catalina.core.ApplicationContext.log Manager: list: Listing contexts for virtual host 'localhost'
23-Mar-2022 15:47:13.018 INFO [http-nio-8090-exec-240] org.apache.catalina.core.ApplicationContext.log Manager: list: Listing contexts for virtual host 'localhost'
23-Mar-2022 15:47:39.517 INFO [http-nio-8090-exec-242] org.apache.catalina.core.ApplicationContext.log Manager: list: Listing contexts for virtual host 'localhost'
23-Mar-2022 15:47:54.254 INFO [http-nio-8090-exec-237] org.apache.catalina.core.ApplicationContext.log Manager: list: Listing contexts for virtual host 'localhost'
23-Mar-2022 15:48:01.548 INFO [http-nio-8090-exec-238] org.apache.catalina.core.ApplicationContext.log Manager: list: Listing contexts for virtual host 'localhost'
23-Mar-2022 15:48:25.394 INFO [http-nio-8090-exec-242] org.apache.catalina.core.ApplicationContext.log Manager: list: Listing contexts for virtual host 'localhost'
23-Mar-2022 15:48:43.712 INFO [http-nio-8090-exec-238] org.apache.catalina.core.ApplicationContext.log Manager: list: Listing contexts for virtual host 'localhost'
23-Mar-2022 15:49:01.664 INFO [http-nio-8090-exec-241] org.apache.catalina.core.ApplicationContext.log Manager: list: Listing contexts for virtual host 'localhost'
23-Mar-2022 15:49:11.489 INFO [http-nio-8090-exec-243] org.apache.catalina.core.ApplicationContext.log Manager: list: Listing contexts for virtual host 'localhost'
23-Mar-2022 15:49:24.188 INFO [http-nio-8090-exec-241] org.apache.catalina.core.ApplicationContext.log Manager: list: Listing contexts for virtual host 'localhost'
23-Mar-2022 15:49:36.067 INFO [http-nio-8090-exec-242] org.apache.catalina.core.ApplicationContext.log Manager: list: Listing contexts for virtual host 'localhost'
23-Mar-2022 15:50:07.059 INFO [http-nio-8090-exec-237] org.apache.catalina.core.ApplicationContext.log Manager: list: Listing contexts for virtual host 'localhost'
23-Mar-2022 15:50:27.269 INFO [http-nio-8090-exec-239] org.apache.catalina.core.ApplicationContext.log Manager: list: Listing contexts for virtual host 'localhost'
23-Mar-2022 15:50:30.479 INFO [http-nio-8090-exec-241] org.apache.catalina.core.ApplicationContext.log Manager: list: Listing contexts for virtual host 'localhost'
23-Mar-2022 15:51:14.988 INFO [http-nio-8090-exec-241] org.apache.catalina.core.ApplicationContext.log Manager: list: Listing contexts for virtual host 'localhost'
23-Mar-2022 15:51:40.195 INFO [http-nio-8090-exec-238] org.apache.catalina.core.ApplicationContext.log Manager: list: Listing contexts for virtual host 'localhost'
23-Mar-2022 16:32:07.654 INFO [http-nio-8090-exec-238] org.apache.catalina.core.ApplicationContext.log Manager: list: Listing contexts for virtual host 'localhost'
23-Mar-2022 16:32:39.248 INFO [http-nio-8090-exec-235] org.apache.catalina.core.ApplicationContext.log Manager: list: Listing contexts for virtual host 'localhost'
23-Mar-2022 16:32:55.145 INFO [http-nio-8090-exec-237] org.apache.catalina.core.ApplicationContext.log Manager: list: Listing contexts for virtual host 'localhost'
23-Mar-2022 16:33:43.168 INFO [http-nio-8090-exec-237] org.apache.catalina.core.ApplicationContext.log Manager: list: Listing contexts for virtual host 'localhost'
23-Mar-2022 16:33:52.218 INFO [http-nio-8090-exec-238] org.apache.catalina.core.ApplicationContext.log Manager: list: Listing contexts for virtual host 'localhost'
23-Mar-2022 16:34:03.809 INFO [http-nio-8090-exec-239] org.apache.catalina.core.ApplicationContext.log Manager: list: Listing contexts for virtual host 'localhost'
23-Mar-2022 16:34:08.095 INFO [http-nio-8090-exec-237] org.apache.catalina.core.ApplicationContext.log Manager: list: Listing contexts for virtual host 'localhost'
23-Mar-2022 16:34:37.747 INFO [http-nio-8090-exec-235] org.apache.catalina.core.ApplicationContext.log Manager: list: Listing contexts for virtual host 'localhost'
23-Mar-2022 16:35:07.484 INFO [http-nio-8090-exec-235] org.apache.catalina.core.ApplicationContext.log Manager: list: Listing contexts for virtual host 'localhost'
23-Mar-2022 16:35:23.958 INFO [http-nio-8090-exec-240] org.apache.catalina.core.ApplicationContext.log Manager: list: Listing contexts for virtual host 'localhost'
23-Mar-2022 16:44:11.629 INFO [http-nio-8090-exec-241] org.apache.catalina.core.ApplicationContext.log Manager: list: Listing contexts for virtual host 'localhost'
23-Mar-2022 16:44:24.899 INFO [http-nio-8090-exec-240] org.apache.catalina.core.ApplicationContext.log Manager: list: Listing contexts for virtual host 'localhost'
23-Mar-2022 16:44:24.910 INFO [http-nio-8090-exec-235] org.apache.catalina.core.ApplicationContext.log Manager: list: Listing contexts for virtual host 'localhost'
23-Mar-2022 16:51:12.136 INFO [http-nio-8090-exec-238] org.apache.catalina.core.ApplicationContext.log Manager: list: Listing contexts for virtual host 'localhost'
23-Mar-2022 16:51:49.687 INFO [http-nio-8090-exec-235] org.apache.catalina.core.ApplicationContext.log Manager: list: Listing contexts for virtual host 'localhost'
23-Mar-2022 16:53:50.367 INFO [http-nio-8090-exec-240] org.apache.catalina.core.ApplicationContext.log Manager: list: Listing contexts for virtual host 'localhost'
23-Mar-2022 16:54:59.495 INFO [http-nio-8090-exec-242] org.apache.catalina.core.ApplicationContext.log Manager: list: Listing contexts for virtual host 'localhost'
23-Mar-2022 16:55:11.711 INFO [http-nio-8090-exec-238] org.apache.catalina.core.ApplicationContext.log Manager: list: Listing contexts for virtual host 'localhost'
23-Mar-2022 16:55:15.758 INFO [http-nio-8090-exec-242] org.apache.catalina.core.ApplicationContext.log Manager: list: Listing contexts for virtual host 'localhost'
23-Mar-2022 16:55:21.024 INFO [http-nio-8090-exec-243] org.apache.catalina.core.ApplicationContext.log Manager: list: Listing contexts for virtual host 'localhost'
23-Mar-2022 16:55:30.370 INFO [http-nio-8090-exec-235] org.apache.catalina.core.ApplicationContext.log Manager: list: Listing contexts for virtual host 'localhost'
23-Mar-2022 16:55:39.321 INFO [http-nio-8090-exec-240] org.apache.catalina.core.ApplicationContext.log Manager: list: Listing contexts for virtual host 'localhost'
23-Mar-2022 16:55:41.269 INFO [http-nio-8090-exec-235] org.apache.catalina.core.ApplicationContext.log Manager: list: Listing contexts for virtual host 'localhost'
23-Mar-2022 17:01:33.296 INFO [http-nio-8090-exec-237] org.apache.catalina.core.ApplicationContext.log Manager: list: Listing contexts for virtual host 'localhost'
23-Mar-2022 17:01:33.676 INFO [http-nio-8090-exec-243] org.apache.catalina.core.ApplicationContext.log Manager: list: Listing contexts for virtual host 'localhost'
23-Mar-2022 17:02:26.623 INFO [http-nio-8090-exec-235] org.apache.catalina.core.ApplicationContext.log Manager: list: Listing contexts for virtual host 'localhost'
23-Mar-2022 17:03:26.130 INFO [http-nio-8090-exec-239] org.apache.catalina.core.ApplicationContext.log Manager: list: Listing contexts for virtual host 'localhost'
23-Mar-2022 17:03:26.159 INFO [http-nio-8090-exec-236] org.apache.catalina.core.ApplicationContext.log Manager: restart: Reloading web application '/Store'
23-Mar-2022 17:03:32.785 INFO [http-nio-8090-exec-238] org.apache.catalina.core.ApplicationContext.log Manager: list: Listing contexts for virtual host 'localhost'
23-Mar-2022 17:03:32.800 INFO [http-nio-8090-exec-241] org.apache.catalina.core.ApplicationContext.log Manager: restart: Reloading web application '/Store'
23-Mar-2022 17:03:41.366 INFO [http-nio-8090-exec-246] org.apache.catalina.core.ApplicationContext.log Manager: list: Listing contexts for virtual host 'localhost'
23-Mar-2022 17:03:41.381 INFO [http-nio-8090-exec-238] org.apache.catalina.core.ApplicationContext.log Manager: restart: Reloading web application '/Store'
23-Mar-2022 17:03:59.946 INFO [http-nio-8090-exec-248] org.apache.catalina.core.ApplicationContext.log Manager: list: Listing contexts for virtual host 'localhost'
23-Mar-2022 17:03:59.985 INFO [http-nio-8090-exec-242] org.apache.catalina.core.ApplicationContext.log Manager: restart: Reloading web application '/Store'
23-Mar-2022 17:07:05.041 INFO [http-nio-8090-exec-250] org.apache.catalina.core.ApplicationContext.log Manager: list: Listing contexts for virtual host 'localhost'
23-Mar-2022 17:07:17.944 INFO [http-nio-8090-exec-254] org.apache.catalina.core.ApplicationContext.log Manager: list: Listing contexts for virtual host 'localhost'
23-Mar-2022 17:07:20.390 INFO [http-nio-8090-exec-249] org.apache.catalina.core.ApplicationContext.log Manager: list: Listing contexts for virtual host 'localhost'
23-Mar-2022 17:07:26.881 INFO [http-nio-8090-exec-258] org.apache.catalina.core.ApplicationContext.log Manager: list: Listing contexts for virtual host 'localhost'
23-Mar-2022 17:07:30.331 INFO [http-nio-8090-exec-250] org.apache.catalina.core.ApplicationContext.log Manager: list: Listing contexts for virtual host 'localhost'
23-Mar-2022 17:07:49.533 INFO [http-nio-8090-exec-258] org.apache.catalina.core.ApplicationContext.log Manager: list: Listing contexts for virtual host 'localhost'
23-Mar-2022 17:22:47.455 INFO [http-nio-8090-exec-255] org.apache.catalina.core.ApplicationContext.log Manager: list: Listing contexts for virtual host 'localhost'
23-Mar-2022 17:23:51.676 INFO [http-nio-8090-exec-251] org.apache.catalina.core.ApplicationContext.log Manager: list: Listing contexts for virtual host 'localhost'
23-Mar-2022 17:24:28.895 INFO [http-nio-8090-exec-257] org.apache.catalina.core.ApplicationContext.log Manager: list: Listing contexts for virtual host 'localhost'
23-Mar-2022 17:24:45.736 INFO [http-nio-8090-exec-255] org.apache.catalina.core.ApplicationContext.log Manager: list: Listing contexts for virtual host 'localhost'
23-Mar-2022 17:25:21.739 INFO [http-nio-8090-exec-252] org.apache.catalina.core.ApplicationContext.log Manager: list: Listing contexts for virtual host 'localhost'
23-Mar-2022 17:25:37.654 INFO [http-nio-8090-exec-254] org.apache.catalina.core.ApplicationContext.log Manager: list: Listing contexts for virtual host 'localhost'
23-Mar-2022 17:26:02.697 INFO [http-nio-8090-exec-255] org.apache.catalina.core.ApplicationContext.log Manager: list: Listing contexts for virtual host 'localhost'
23-Mar-2022 17:26:15.744 INFO [http-nio-8090-exec-252] org.apache.catalina.core.ApplicationContext.log Manager: list: Listing contexts for virtual host 'localhost'
23-Mar-2022 17:26:27.680 INFO [http-nio-8090-exec-251] org.apache.catalina.core.ApplicationContext.log Manager: list: Listing contexts for virtual host 'localhost'
23-Mar-2022 17:26:40.072 INFO [http-nio-8090-exec-253] org.apache.catalina.core.ApplicationContext.log Manager: list: Listing contexts for virtual host 'localhost'
23-Mar-2022 17:26:41.410 INFO [http-nio-8090-exec-256] org.apache.catalina.core.ApplicationContext.log Manager: list: Listing contexts for virtual host 'localhost'
23-Mar-2022 17:26:55.457 INFO [http-nio-8090-exec-256] org.apache.catalina.core.ApplicationContext.log Manager: list: Listing contexts for virtual host 'localhost'
23-Mar-2022 17:27:06.621 INFO [http-nio-8090-exec-249] org.apache.catalina.core.ApplicationContext.log Manager: list: Listing contexts for virtual host 'localhost'
23-Mar-2022 17:27:51.593 INFO [http-nio-8090-exec-257] org.apache.catalina.core.ApplicationContext.log Manager: list: Listing contexts for virtual host 'localhost'
23-Mar-2022 17:28:08.670 INFO [http-nio-8090-exec-255] org.apache.catalina.core.ApplicationContext.log Manager: list: Listing contexts for virtual host 'localhost'
23-Mar-2022 17:28:16.266 INFO [http-nio-8090-exec-255] org.apache.catalina.core.ApplicationContext.log Manager: list: Listing contexts for virtual host 'localhost'
23-Mar-2022 17:28:16.271 INFO [http-nio-8090-exec-254] org.apache.catalina.core.ApplicationContext.log Manager: list: Listing contexts for virtual host 'localhost'
23-Mar-2022 17:28:16.390 INFO [http-nio-8090-exec-256] org.apache.catalina.core.ApplicationContext.log Manager: restart: Reloading web application '/Store'
23-Mar-2022 17:31:04.718 INFO [http-nio-8090-exec-265] org.apache.catalina.core.ApplicationContext.log Manager: list: Listing contexts for virtual host 'localhost'
23-Mar-2022 17:31:09.757 INFO [http-nio-8090-exec-262] org.apache.catalina.core.ApplicationContext.log Manager: list: Listing contexts for virtual host 'localhost'
23-Mar-2022 17:31:13.961 INFO [http-nio-8090-exec-267] org.apache.catalina.core.ApplicationContext.log Manager: list: Listing contexts for virtual host 'localhost'
23-Mar-2022 17:31:27.035 INFO [http-nio-8090-exec-263] org.apache.catalina.core.ApplicationContext.log Manager: list: Listing contexts for virtual host 'localhost'
23-Mar-2022 17:33:30.079 INFO [http-nio-8090-exec-261] org.apache.catalina.core.ApplicationContext.log Manager: list: Listing contexts for virtual host 'localhost'
23-Mar-2022 17:34:38.820 INFO [http-nio-8090-exec-268] org.apache.catalina.core.ApplicationContext.log Manager: list: Listing contexts for virtual host 'localhost'
23-Mar-2022 17:34:55.864 INFO [http-nio-8090-exec-261] org.apache.catalina.core.ApplicationContext.log Manager: list: Listing contexts for virtual host 'localhost'
23-Mar-2022 17:35:11.587 INFO [http-nio-8090-exec-266] org.apache.catalina.core.ApplicationContext.log Manager: list: Listing contexts for virtual host 'localhost'
23-Mar-2022 17:35:44.990 INFO [http-nio-8090-exec-263] org.apache.catalina.core.ApplicationContext.log Manager: list: Listing contexts for virtual host 'localhost'
23-Mar-2022 17:35:57.745 INFO [http-nio-8090-exec-259] org.apache.catalina.core.ApplicationContext.log Manager: list: Listing contexts for virtual host 'localhost'
23-Mar-2022 17:36:00.671 INFO [http-nio-8090-exec-265] org.apache.catalina.core.ApplicationContext.log Manager: list: Listing contexts for virtual host 'localhost'
23-Mar-2022 17:36:20.390 INFO [http-nio-8090-exec-259] org.apache.catalina.core.ApplicationContext.log Manager: list: Listing contexts for virtual host 'localhost'
23-Mar-2022 17:36:34.010 INFO [http-nio-8090-exec-264] org.apache.catalina.core.ApplicationContext.log Manager: list: Listing contexts for virtual host 'localhost'
23-Mar-2022 17:37:33.553 INFO [http-nio-8090-exec-260] org.apache.catalina.core.ApplicationContext.log Manager: list: Listing contexts for virtual host 'localhost'
23-Mar-2022 17:37:35.578 INFO [http-nio-8090-exec-263] org.apache.catalina.core.ApplicationContext.log Manager: list: Listing contexts for virtual host 'localhost'
23-Mar-2022 17:37:39.519 INFO [http-nio-8090-exec-262] org.apache.catalina.core.ApplicationContext.log Manager: list: Listing contexts for virtual host 'localhost'
23-Mar-2022 17:37:39.525 INFO [http-nio-8090-exec-266] org.apache.catalina.core.ApplicationContext.log Manager: list: Listing contexts for virtual host 'localhost'
23-Mar-2022 17:50:57.374 INFO [http-nio-8090-exec-261] org.apache.catalina.core.ApplicationContext.log Manager: list: Listing contexts for virtual host 'localhost'
23-Mar-2022 17:51:45.576 INFO [http-nio-8090-exec-261] org.apache.catalina.core.ApplicationContext.log Manager: list: Listing contexts for virtual host 'localhost'
23-Mar-2022 17:51:53.915 INFO [http-nio-8090-exec-268] org.apache.catalina.core.ApplicationContext.log Manager: list: Listing contexts for virtual host 'localhost'
23-Mar-2022 17:52:33.164 INFO [http-nio-8090-exec-264] org.apache.catalina.core.ApplicationContext.log Manager: list: Listing contexts for virtual host 'localhost'
23-Mar-2022 17:55:25.584 INFO [http-nio-8090-exec-265] org.apache.catalina.core.ApplicationContext.log Manager: list: Listing contexts for virtual host 'localhost'
23-Mar-2022 17:55:25.590 INFO [http-nio-8090-exec-263] org.apache.catalina.core.ApplicationContext.log Manager: list: Listing contexts for virtual host 'localhost'
23-Mar-2022 17:55:25.674 INFO [http-nio-8090-exec-262] org.apache.catalina.core.ApplicationContext.log Manager: undeploy: Undeploying web application at '/Store'
23-Mar-2022 17:55:26.313 INFO [http-nio-8090-exec-259] org.apache.catalina.core.ApplicationContext.log Manager: install: Installing context configuration at 'file:/C:/Users/ACERES~1/AppData/Local/Temp/context18062572090186842999.xml'
23-Mar-2022 17:55:32.025 INFO [http-nio-8090-exec-265] org.apache.catalina.core.ApplicationContext.log Manager: start: Starting web application '/Store'
23-Mar-2022 17:59:05.122 INFO [http-nio-8090-exec-274] org.apache.catalina.core.ApplicationContext.log Manager: list: Listing contexts for virtual host 'localhost'
23-Mar-2022 18:03:22.324 INFO [http-nio-8090-exec-276] org.apache.catalina.core.ApplicationContext.log Manager: list: Listing contexts for virtual host 'localhost'
23-Mar-2022 18:03:22.329 INFO [http-nio-8090-exec-278] org.apache.catalina.core.ApplicationContext.log Manager: list: Listing contexts for virtual host 'localhost'
23-Mar-2022 18:03:22.349 INFO [http-nio-8090-exec-270] org.apache.catalina.core.ApplicationContext.log Manager: undeploy: Undeploying web application at '/Store'
23-Mar-2022 18:03:22.934 INFO [http-nio-8090-exec-269] org.apache.catalina.core.ApplicationContext.log Manager: install: Installing context configuration at 'file:/C:/Users/ACERES~1/AppData/Local/Temp/context9367409078958623465.xml'
23-Mar-2022 18:03:49.768 INFO [http-nio-8090-exec-273] org.apache.catalina.core.ApplicationContext.log Manager: start: Starting web application '/Store'
23-Mar-2022 18:08:40.966 INFO [http-nio-8090-exec-283] org.apache.catalina.core.ApplicationContext.log Manager: list: Listing contexts for virtual host 'localhost'
23-Mar-2022 18:08:51.648 INFO [http-nio-8090-exec-288] org.apache.catalina.core.ApplicationContext.log Manager: list: Listing contexts for virtual host 'localhost'
23-Mar-2022 18:08:51.654 INFO [http-nio-8090-exec-279] org.apache.catalina.core.ApplicationContext.log Manager: list: Listing contexts for virtual host 'localhost'
23-Mar-2022 18:25:59.208 INFO [http-nio-8090-exec-283] org.apache.catalina.core.ApplicationContext.log Manager: list: Listing contexts for virtual host 'localhost'
23-Mar-2022 18:26:09.510 INFO [http-nio-8090-exec-283] org.apache.catalina.core.ApplicationContext.log Manager: list: Listing contexts for virtual host 'localhost'
23-Mar-2022 18:26:09.513 INFO [http-nio-8090-exec-286] org.apache.catalina.core.ApplicationContext.log Manager: list: Listing contexts for virtual host 'localhost'
23-Mar-2022 18:28:08.434 INFO [http-nio-8090-exec-286] org.apache.catalina.core.ApplicationContext.log Manager: list: Listing contexts for virtual host 'localhost'
23-Mar-2022 18:28:08.441 INFO [http-nio-8090-exec-287] org.apache.catalina.core.ApplicationContext.log Manager: list: Listing contexts for virtual host 'localhost'
23-Mar-2022 18:32:52.080 INFO [http-nio-8090-exec-286] org.apache.catalina.core.ApplicationContext.log Manager: list: Listing contexts for virtual host 'localhost'
23-Mar-2022 18:32:54.368 INFO [http-nio-8090-exec-288] org.apache.catalina.core.ApplicationContext.log Manager: list: Listing contexts for virtual host 'localhost'
23-Mar-2022 18:33:01.179 INFO [http-nio-8090-exec-287] org.apache.catalina.core.ApplicationContext.log Manager: list: Listing contexts for virtual host 'localhost'
23-Mar-2022 18:33:29.760 INFO [http-nio-8090-exec-283] org.apache.catalina.core.ApplicationContext.log Manager: list: Listing contexts for virtual host 'localhost'
23-Mar-2022 18:33:31.395 INFO [http-nio-8090-exec-280] org.apache.catalina.core.ApplicationContext.log Manager: list: Listing contexts for virtual host 'localhost'
23-Mar-2022 18:33:45.251 INFO [http-nio-8090-exec-288] org.apache.catalina.core.ApplicationContext.log Manager: list: Listing contexts for virtual host 'localhost'
23-Mar-2022 18:33:48.275 INFO [http-nio-8090-exec-288] org.apache.catalina.core.ApplicationContext.log Manager: list: Listing contexts for virtual host 'localhost'
23-Mar-2022 18:33:48.280 INFO [http-nio-8090-exec-287] org.apache.catalina.core.ApplicationContext.log Manager: list: Listing contexts for virtual host 'localhost'
23-Mar-2022 20:01:08.265 INFO [http-nio-8090-exec-282] org.apache.catalina.core.ApplicationContext.log Manager: list: Listing contexts for virtual host 'localhost'
23-Mar-2022 20:01:13.289 INFO [http-nio-8090-exec-287] org.apache.catalina.core.ApplicationContext.log Manager: list: Listing contexts for virtual host 'localhost'
23-Mar-2022 20:01:13.296 INFO [http-nio-8090-exec-285] org.apache.catalina.core.ApplicationContext.log Manager: list: Listing contexts for virtual host 'localhost'
