04-Jun-2022 12:52:35.627 INFO [http-nio-8090-exec-12] org.apache.catalina.core.ApplicationContext.log Manager: init: Associated with Deployer 'Catalina:type=Deployer,host=localhost'
04-Jun-2022 12:52:35.628 INFO [http-nio-8090-exec-12] org.apache.catalina.core.ApplicationContext.log Manager: init: Global resources are available
04-Jun-2022 12:52:35.946 INFO [http-nio-8090-exec-8] org.apache.catalina.core.ApplicationContext.log Manager: list: Listing contexts for virtual host 'localhost'
04-Jun-2022 12:52:35.955 INFO [http-nio-8090-exec-5] org.apache.catalina.core.ApplicationContext.log Manager: list: Listing contexts for virtual host 'localhost'
04-Jun-2022 16:12:57.643 INFO [http-nio-8090-exec-16] org.apache.catalina.core.ApplicationContext.log Manager: list: Listing contexts for virtual host 'localhost'
04-Jun-2022 16:12:57.737 INFO [http-nio-8090-exec-8] org.apache.catalina.core.ApplicationContext.log Manager: restart: Reloading web application '/Store'
04-Jun-2022 16:13:03.312 INFO [http-nio-8090-exec-1] org.apache.catalina.core.ApplicationContext.log Manager: list: Listing contexts for virtual host 'localhost'
04-Jun-2022 16:13:03.328 INFO [http-nio-8090-exec-6] org.apache.catalina.core.ApplicationContext.log Manager: restart: Reloading web application '/Store'
04-Jun-2022 16:13:27.956 INFO [http-nio-8090-exec-11] org.apache.catalina.core.ApplicationContext.log Manager: list: Listing contexts for virtual host 'localhost'
04-Jun-2022 16:15:57.406 INFO [http-nio-8090-exec-20] org.apache.catalina.core.ApplicationContext.log Manager: list: Listing contexts for virtual host 'localhost'
04-Jun-2022 16:15:57.429 INFO [http-nio-8090-exec-21] org.apache.catalina.core.ApplicationContext.log Manager: restart: Reloading web application '/Store'
04-Jun-2022 16:18:50.985 INFO [http-nio-8090-exec-29] org.apache.catalina.core.ApplicationContext.log Manager: list: Listing contexts for virtual host 'localhost'
04-Jun-2022 16:18:51.001 INFO [http-nio-8090-exec-28] org.apache.catalina.core.ApplicationContext.log Manager: restart: Reloading web application '/Store'
04-Jun-2022 16:18:54.083 INFO [http-nio-8090-exec-32] org.apache.catalina.core.ApplicationContext.log Manager: list: Listing contexts for virtual host 'localhost'
04-Jun-2022 16:18:54.101 INFO [http-nio-8090-exec-30] org.apache.catalina.core.ApplicationContext.log Manager: restart: Reloading web application '/Store'
04-Jun-2022 16:18:57.190 INFO [http-nio-8090-exec-31] org.apache.catalina.core.ApplicationContext.log Manager: list: Listing contexts for virtual host 'localhost'
04-Jun-2022 16:19:27.304 INFO [http-nio-8090-exec-32] org.apache.catalina.core.ApplicationContext.log Manager: list: Listing contexts for virtual host 'localhost'
04-Jun-2022 16:19:27.329 INFO [http-nio-8090-exec-16] org.apache.catalina.core.ApplicationContext.log Manager: restart: Reloading web application '/Store'
04-Jun-2022 16:19:50.533 INFO [http-nio-8090-exec-34] org.apache.catalina.core.ApplicationContext.log Manager: list: Listing contexts for virtual host 'localhost'
04-Jun-2022 16:19:50.548 INFO [http-nio-8090-exec-27] org.apache.catalina.core.ApplicationContext.log Manager: restart: Reloading web application '/Store'
04-Jun-2022 16:19:55.053 INFO [http-nio-8090-exec-32] org.apache.catalina.core.ApplicationContext.log Manager: list: Listing contexts for virtual host 'localhost'
04-Jun-2022 16:19:55.069 INFO [http-nio-8090-exec-24] org.apache.catalina.core.ApplicationContext.log Manager: restart: Reloading web application '/Store'
04-Jun-2022 16:20:23.665 INFO [http-nio-8090-exec-36] org.apache.catalina.core.ApplicationContext.log Manager: list: Listing contexts for virtual host 'localhost'
04-Jun-2022 16:20:23.683 INFO [http-nio-8090-exec-34] org.apache.catalina.core.ApplicationContext.log Manager: restart: Reloading web application '/Store'
04-Jun-2022 16:20:49.717 INFO [http-nio-8090-exec-42] org.apache.catalina.core.ApplicationContext.log Manager: list: Listing contexts for virtual host 'localhost'
04-Jun-2022 16:20:49.754 INFO [http-nio-8090-exec-31] org.apache.catalina.core.ApplicationContext.log Manager: list: Listing contexts for virtual host 'localhost'
04-Jun-2022 16:20:50.037 INFO [http-nio-8090-exec-41] org.apache.catalina.core.ApplicationContext.log Manager: restart: Reloading web application '/Store'
04-Jun-2022 16:21:49.754 INFO [http-nio-8090-exec-50] org.apache.catalina.core.ApplicationContext.log Manager: list: Listing contexts for virtual host 'localhost'
04-Jun-2022 16:22:33.440 INFO [http-nio-8090-exec-46] org.apache.catalina.core.ApplicationContext.log Manager: list: Listing contexts for virtual host 'localhost'
04-Jun-2022 16:23:12.141 INFO [http-nio-8090-exec-8] org.apache.catalina.core.ApplicationContext.log Manager: init: Associated with Deployer 'Catalina:type=Deployer,host=localhost'
04-Jun-2022 16:23:12.141 INFO [http-nio-8090-exec-8] org.apache.catalina.core.ApplicationContext.log Manager: init: Global resources are available
04-Jun-2022 16:23:21.766 INFO [http-nio-8090-exec-5] org.apache.catalina.core.ApplicationContext.log Manager: list: Listing contexts for virtual host 'localhost'
04-Jun-2022 16:23:21.911 INFO [http-nio-8090-exec-4] org.apache.catalina.core.ApplicationContext.log Manager: list: Listing contexts for virtual host 'localhost'
04-Jun-2022 16:23:22.303 INFO [http-nio-8090-exec-6] org.apache.catalina.core.ApplicationContext.log Manager: undeploy: Undeploying web application at '/Store'
04-Jun-2022 16:23:23.033 INFO [http-nio-8090-exec-10] org.apache.catalina.core.ApplicationContext.log Manager: install: Installing context configuration at 'file:/C:/Users/ACERES~1/AppData/Local/Temp/context11080307866183638684.xml'
04-Jun-2022 16:25:03.173 INFO [http-nio-8090-exec-11] org.apache.catalina.core.ApplicationContext.log Manager: start: Starting web application '/Store'
04-Jun-2022 16:28:09.734 INFO [http-nio-8090-exec-15] org.apache.catalina.core.ApplicationContext.log Manager: list: Listing contexts for virtual host 'localhost'
04-Jun-2022 16:28:09.752 INFO [http-nio-8090-exec-18] org.apache.catalina.core.ApplicationContext.log Manager: restart: Reloading web application '/Store'
04-Jun-2022 16:28:30.798 INFO [http-nio-8090-exec-13] org.apache.catalina.core.ApplicationContext.log Manager: list: Listing contexts for virtual host 'localhost'
04-Jun-2022 16:28:30.818 INFO [http-nio-8090-exec-19] org.apache.catalina.core.ApplicationContext.log Manager: undeploy: Undeploying web application at '/Store'
04-Jun-2022 16:28:48.057 INFO [http-nio-8090-exec-15] org.apache.catalina.core.ApplicationContext.log Manager: list: Listing contexts for virtual host 'localhost'
04-Jun-2022 16:28:48.090 INFO [http-nio-8090-exec-24] org.apache.catalina.core.ApplicationContext.log Manager: list: Listing contexts for virtual host 'localhost'
04-Jun-2022 16:28:48.172 INFO [http-nio-8090-exec-19] org.apache.catalina.core.ApplicationContext.log Manager: install: Installing context configuration at 'file:/C:/Users/ACERES~1/AppData/Local/Temp/context4788366409117047816.xml'
04-Jun-2022 16:28:56.145 INFO [http-nio-8090-exec-19] org.apache.catalina.core.ApplicationContext.log Manager: start: Starting web application '/Store'
04-Jun-2022 16:30:13.959 INFO [http-nio-8090-exec-24] org.apache.catalina.core.ApplicationContext.log Manager: list: Listing contexts for virtual host 'localhost'
04-Jun-2022 16:30:14.027 INFO [http-nio-8090-exec-29] org.apache.catalina.core.ApplicationContext.log Manager: restart: Reloading web application '/Store'
04-Jun-2022 16:30:39.933 INFO [http-nio-8090-exec-23] org.apache.catalina.core.ApplicationContext.log Manager: list: Listing contexts for virtual host 'localhost'
04-Jun-2022 16:30:39.951 INFO [http-nio-8090-exec-32] org.apache.catalina.core.ApplicationContext.log Manager: restart: Reloading web application '/Store'
04-Jun-2022 16:30:42.900 INFO [http-nio-8090-exec-25] org.apache.catalina.core.ApplicationContext.log Manager: list: Listing contexts for virtual host 'localhost'
04-Jun-2022 16:30:42.932 INFO [http-nio-8090-exec-35] org.apache.catalina.core.ApplicationContext.log Manager: restart: Reloading web application '/Store'
04-Jun-2022 16:30:50.454 INFO [http-nio-8090-exec-24] org.apache.catalina.core.ApplicationContext.log Manager: list: Listing contexts for virtual host 'localhost'
04-Jun-2022 16:30:50.459 INFO [http-nio-8090-exec-37] org.apache.catalina.core.ApplicationContext.log Manager: list: Listing contexts for virtual host 'localhost'
04-Jun-2022 16:30:50.577 INFO [http-nio-8090-exec-26] org.apache.catalina.core.ApplicationContext.log Manager: restart: Reloading web application '/Store'
04-Jun-2022 16:31:56.034 INFO [http-nio-8090-exec-47] org.apache.catalina.core.ApplicationContext.log Manager: list: Listing contexts for virtual host 'localhost'
04-Jun-2022 16:31:56.055 INFO [http-nio-8090-exec-38] org.apache.catalina.core.ApplicationContext.log Manager: list: Listing contexts for virtual host 'localhost'
04-Jun-2022 16:31:56.093 INFO [http-nio-8090-exec-43] org.apache.catalina.core.ApplicationContext.log Manager: undeploy: Undeploying web application at '/Store'
04-Jun-2022 16:31:56.642 INFO [http-nio-8090-exec-40] org.apache.catalina.core.ApplicationContext.log Manager: install: Installing context configuration at 'file:/C:/Users/ACERES~1/AppData/Local/Temp/context5523935677425038962.xml'
04-Jun-2022 16:32:03.335 INFO [http-nio-8090-exec-45] org.apache.catalina.core.ApplicationContext.log Manager: start: Starting web application '/Store'
04-Jun-2022 16:40:12.438 INFO [http-nio-8090-exec-48] org.apache.catalina.core.ApplicationContext.log Manager: list: Listing contexts for virtual host 'localhost'
04-Jun-2022 16:40:12.453 INFO [http-nio-8090-exec-54] org.apache.catalina.core.ApplicationContext.log Manager: list: Listing contexts for virtual host 'localhost'
04-Jun-2022 16:40:12.491 INFO [http-nio-8090-exec-57] org.apache.catalina.core.ApplicationContext.log Manager: undeploy: Undeploying web application at '/Store'
04-Jun-2022 16:40:13.076 INFO [http-nio-8090-exec-48] org.apache.catalina.core.ApplicationContext.log Manager: install: Installing context configuration at 'file:/C:/Users/ACERES~1/AppData/Local/Temp/context16059143844043565880.xml'
04-Jun-2022 16:40:16.596 INFO [http-nio-8090-exec-49] org.apache.catalina.core.ApplicationContext.log Manager: start: Starting web application '/Store'
04-Jun-2022 16:42:34.529 INFO [http-nio-8090-exec-65] org.apache.catalina.core.ApplicationContext.log Manager: list: Listing contexts for virtual host 'localhost'
04-Jun-2022 16:42:34.549 INFO [http-nio-8090-exec-61] org.apache.catalina.core.ApplicationContext.log Manager: list: Listing contexts for virtual host 'localhost'
04-Jun-2022 16:42:34.609 INFO [http-nio-8090-exec-58] org.apache.catalina.core.ApplicationContext.log Manager: undeploy: Undeploying web application at '/Store'
04-Jun-2022 16:42:35.161 INFO [http-nio-8090-exec-66] org.apache.catalina.core.ApplicationContext.log Manager: install: Installing context configuration at 'file:/C:/Users/ACERES~1/AppData/Local/Temp/context7141414706970196968.xml'
04-Jun-2022 16:42:37.002 INFO [http-nio-8090-exec-66] org.apache.catalina.core.ApplicationContext.log Manager: start: Starting web application '/Store'
04-Jun-2022 16:44:23.217 INFO [http-nio-8090-exec-65] org.apache.catalina.core.ApplicationContext.log Manager: list: Listing contexts for virtual host 'localhost'
04-Jun-2022 16:44:23.234 INFO [http-nio-8090-exec-72] org.apache.catalina.core.ApplicationContext.log Manager: restart: Reloading web application '/Store'
04-Jun-2022 16:45:11.704 INFO [http-nio-8090-exec-65] org.apache.catalina.core.ApplicationContext.log Manager: list: Listing contexts for virtual host 'localhost'
04-Jun-2022 16:45:11.722 INFO [http-nio-8090-exec-62] org.apache.catalina.core.ApplicationContext.log Manager: restart: Reloading web application '/Store'
04-Jun-2022 16:45:14.898 INFO [http-nio-8090-exec-70] org.apache.catalina.core.ApplicationContext.log Manager: list: Listing contexts for virtual host 'localhost'
04-Jun-2022 16:45:14.912 INFO [http-nio-8090-exec-64] org.apache.catalina.core.ApplicationContext.log Manager: restart: Reloading web application '/Store'
04-Jun-2022 16:48:46.083 INFO [http-nio-8090-exec-78] org.apache.catalina.core.ApplicationContext.log Manager: list: Listing contexts for virtual host 'localhost'
04-Jun-2022 16:48:46.100 INFO [http-nio-8090-exec-80] org.apache.catalina.core.ApplicationContext.log Manager: restart: Reloading web application '/Store'
04-Jun-2022 16:49:10.736 INFO [http-nio-8090-exec-78] org.apache.catalina.core.ApplicationContext.log Manager: list: Listing contexts for virtual host 'localhost'
04-Jun-2022 16:49:10.753 INFO [http-nio-8090-exec-85] org.apache.catalina.core.ApplicationContext.log Manager: restart: Reloading web application '/Store'
04-Jun-2022 16:49:48.138 INFO [http-nio-8090-exec-87] org.apache.catalina.core.ApplicationContext.log Manager: list: Listing contexts for virtual host 'localhost'
04-Jun-2022 16:49:48.156 INFO [http-nio-8090-exec-68] org.apache.catalina.core.ApplicationContext.log Manager: restart: Reloading web application '/Store'
04-Jun-2022 16:49:50.385 INFO [http-nio-8090-exec-60] org.apache.catalina.core.ApplicationContext.log Manager: list: Listing contexts for virtual host 'localhost'
04-Jun-2022 16:49:50.398 INFO [http-nio-8090-exec-87] org.apache.catalina.core.ApplicationContext.log Manager: restart: Reloading web application '/Store'
04-Jun-2022 16:50:54.601 INFO [http-nio-8090-exec-82] org.apache.catalina.core.ApplicationContext.log Manager: list: Listing contexts for virtual host 'localhost'
04-Jun-2022 16:50:54.615 INFO [http-nio-8090-exec-92] org.apache.catalina.core.ApplicationContext.log Manager: restart: Reloading web application '/Store'
04-Jun-2022 16:50:57.626 INFO [http-nio-8090-exec-81] org.apache.catalina.core.ApplicationContext.log Manager: list: Listing contexts for virtual host 'localhost'
04-Jun-2022 16:50:57.656 INFO [http-nio-8090-exec-89] org.apache.catalina.core.ApplicationContext.log Manager: list: Listing contexts for virtual host 'localhost'
04-Jun-2022 16:50:57.785 INFO [http-nio-8090-exec-77] org.apache.catalina.core.ApplicationContext.log Manager: restart: Reloading web application '/Store'
04-Jun-2022 16:51:43.050 INFO [http-nio-8090-exec-101] org.apache.catalina.core.ApplicationContext.log Manager: list: Listing contexts for virtual host 'localhost'
04-Jun-2022 16:51:43.067 INFO [http-nio-8090-exec-104] org.apache.catalina.core.ApplicationContext.log Manager: restart: Reloading web application '/Store'
04-Jun-2022 16:51:51.990 INFO [http-nio-8090-exec-103] org.apache.catalina.core.ApplicationContext.log Manager: list: Listing contexts for virtual host 'localhost'
04-Jun-2022 16:51:52.005 INFO [http-nio-8090-exec-95] org.apache.catalina.core.ApplicationContext.log Manager: restart: Reloading web application '/Store'
04-Jun-2022 16:52:16.028 INFO [http-nio-8090-exec-108] org.apache.catalina.core.ApplicationContext.log Manager: list: Listing contexts for virtual host 'localhost'
04-Jun-2022 16:52:16.046 INFO [http-nio-8090-exec-98] org.apache.catalina.core.ApplicationContext.log Manager: restart: Reloading web application '/Store'
04-Jun-2022 16:54:42.941 INFO [http-nio-8090-exec-109] org.apache.catalina.core.ApplicationContext.log Manager: list: Listing contexts for virtual host 'localhost'
04-Jun-2022 16:54:42.963 INFO [http-nio-8090-exec-111] org.apache.catalina.core.ApplicationContext.log Manager: restart: Reloading web application '/Store'
04-Jun-2022 16:54:44.624 INFO [http-nio-8090-exec-100] org.apache.catalina.core.ApplicationContext.log Manager: list: Listing contexts for virtual host 'localhost'
04-Jun-2022 16:54:44.636 INFO [http-nio-8090-exec-108] org.apache.catalina.core.ApplicationContext.log Manager: list: Listing contexts for virtual host 'localhost'
04-Jun-2022 16:54:44.860 INFO [http-nio-8090-exec-109] org.apache.catalina.core.ApplicationContext.log Manager: restart: Reloading web application '/Store'
04-Jun-2022 16:56:41.194 INFO [http-nio-8090-exec-117] org.apache.catalina.core.ApplicationContext.log Manager: list: Listing contexts for virtual host 'localhost'
04-Jun-2022 16:56:56.492 INFO [http-nio-8090-exec-123] org.apache.catalina.core.ApplicationContext.log Manager: list: Listing contexts for virtual host 'localhost'
04-Jun-2022 16:56:56.499 INFO [http-nio-8090-exec-122] org.apache.catalina.core.ApplicationContext.log Manager: list: Listing contexts for virtual host 'localhost'
04-Jun-2022 16:58:19.649 INFO [http-nio-8090-exec-124] org.apache.catalina.core.ApplicationContext.log Manager: list: Listing contexts for virtual host 'localhost'
04-Jun-2022 16:58:58.576 INFO [http-nio-8090-exec-116] org.apache.catalina.core.ApplicationContext.log Manager: list: Listing contexts for virtual host 'localhost'
04-Jun-2022 16:59:03.638 INFO [http-nio-8090-exec-123] org.apache.catalina.core.ApplicationContext.log Manager: list: Listing contexts for virtual host 'localhost'
04-Jun-2022 16:59:04.645 INFO [http-nio-8090-exec-119] org.apache.catalina.core.ApplicationContext.log Manager: list: Listing contexts for virtual host 'localhost'
04-Jun-2022 16:59:21.583 INFO [http-nio-8090-exec-121] org.apache.catalina.core.ApplicationContext.log Manager: list: Listing contexts for virtual host 'localhost'
04-Jun-2022 16:59:21.590 INFO [http-nio-8090-exec-123] org.apache.catalina.core.ApplicationContext.log Manager: list: Listing contexts for virtual host 'localhost'
04-Jun-2022 16:59:21.697 INFO [http-nio-8090-exec-120] org.apache.catalina.core.ApplicationContext.log Manager: undeploy: Undeploying web application at '/Store'
04-Jun-2022 16:59:22.278 INFO [http-nio-8090-exec-121] org.apache.catalina.core.ApplicationContext.log Manager: install: Installing context configuration at 'file:/C:/Users/ACERES~1/AppData/Local/Temp/context14115830337574707715.xml'
04-Jun-2022 16:59:46.605 INFO [http-nio-8090-exec-128] org.apache.catalina.core.ApplicationContext.log Manager: list: Listing contexts for virtual host 'localhost'
04-Jun-2022 16:59:46.618 INFO [http-nio-8090-exec-118] org.apache.catalina.core.ApplicationContext.log Manager: list: Listing contexts for virtual host 'localhost'
04-Jun-2022 16:59:46.648 INFO [http-nio-8090-exec-127] org.apache.catalina.core.ApplicationContext.log Manager: install: Installing context configuration at 'file:/C:/Users/ACERES~1/AppData/Local/Temp/context17054365150303498705.xml'
04-Jun-2022 16:59:52.685 INFO [http-nio-8090-exec-128] org.apache.catalina.core.ApplicationContext.log Manager: start: Starting web application '/Store'
04-Jun-2022 17:02:33.960 INFO [http-nio-8090-exec-133] org.apache.catalina.core.ApplicationContext.log Manager: list: Listing contexts for virtual host 'localhost'
04-Jun-2022 17:02:33.982 INFO [http-nio-8090-exec-132] org.apache.catalina.core.ApplicationContext.log Manager: restart: Reloading web application '/Store'
04-Jun-2022 17:02:36.624 INFO [http-nio-8090-exec-134] org.apache.catalina.core.ApplicationContext.log Manager: list: Listing contexts for virtual host 'localhost'
04-Jun-2022 17:02:36.640 INFO [http-nio-8090-exec-136] org.apache.catalina.core.ApplicationContext.log Manager: restart: Reloading web application '/Store'
04-Jun-2022 17:03:02.837 INFO [http-nio-8090-exec-131] org.apache.catalina.core.ApplicationContext.log Manager: list: Listing contexts for virtual host 'localhost'
04-Jun-2022 17:03:02.853 INFO [http-nio-8090-exec-128] org.apache.catalina.core.ApplicationContext.log Manager: restart: Reloading web application '/Store'
04-Jun-2022 17:03:32.849 INFO [http-nio-8090-exec-137] org.apache.catalina.core.ApplicationContext.log Manager: list: Listing contexts for virtual host 'localhost'
04-Jun-2022 17:03:32.865 INFO [http-nio-8090-exec-126] org.apache.catalina.core.ApplicationContext.log Manager: restart: Reloading web application '/Store'
04-Jun-2022 17:03:57.933 INFO [http-nio-8090-exec-143] org.apache.catalina.core.ApplicationContext.log Manager: list: Listing contexts for virtual host 'localhost'
04-Jun-2022 17:03:57.966 INFO [http-nio-8090-exec-141] org.apache.catalina.core.ApplicationContext.log Manager: list: Listing contexts for virtual host 'localhost'
04-Jun-2022 17:03:58.004 INFO [http-nio-8090-exec-142] org.apache.catalina.core.ApplicationContext.log Manager: undeploy: Undeploying web application at '/Store'
04-Jun-2022 17:03:58.551 INFO [http-nio-8090-exec-133] org.apache.catalina.core.ApplicationContext.log Manager: install: Installing context configuration at 'file:/C:/Users/ACERES~1/AppData/Local/Temp/context10789463853600659767.xml'
04-Jun-2022 17:04:08.585 INFO [http-nio-8090-exec-127] org.apache.catalina.core.ApplicationContext.log Manager: start: Starting web application '/Store'
04-Jun-2022 17:05:20.869 INFO [http-nio-8090-exec-146] org.apache.catalina.core.ApplicationContext.log Manager: list: Listing contexts for virtual host 'localhost'
04-Jun-2022 17:05:20.915 INFO [http-nio-8090-exec-149] org.apache.catalina.core.ApplicationContext.log Manager: restart: Reloading web application '/Store'
04-Jun-2022 17:05:24.053 INFO [http-nio-8090-exec-153] org.apache.catalina.core.ApplicationContext.log Manager: list: Listing contexts for virtual host 'localhost'
04-Jun-2022 17:05:24.069 INFO [http-nio-8090-exec-145] org.apache.catalina.core.ApplicationContext.log Manager: restart: Reloading web application '/Store'
04-Jun-2022 17:05:25.163 INFO [http-nio-8090-exec-150] org.apache.catalina.core.ApplicationContext.log Manager: list: Listing contexts for virtual host 'localhost'
04-Jun-2022 17:05:25.178 INFO [http-nio-8090-exec-144] org.apache.catalina.core.ApplicationContext.log Manager: list: Listing contexts for virtual host 'localhost'
04-Jun-2022 17:05:26.197 INFO [http-nio-8090-exec-152] org.apache.catalina.core.ApplicationContext.log Manager: restart: Reloading web application '/Store'
04-Jun-2022 17:07:19.043 INFO [http-nio-8090-exec-166] org.apache.catalina.core.ApplicationContext.log Manager: list: Listing contexts for virtual host 'localhost'
04-Jun-2022 17:11:52.891 INFO [http-nio-8090-exec-166] org.apache.catalina.core.ApplicationContext.log Manager: list: Listing contexts for virtual host 'localhost'
04-Jun-2022 17:11:52.895 INFO [http-nio-8090-exec-161] org.apache.catalina.core.ApplicationContext.log Manager: list: Listing contexts for virtual host 'localhost'
04-Jun-2022 17:19:42.593 INFO [http-nio-8090-exec-165] org.apache.catalina.core.ApplicationContext.log Manager: list: Listing contexts for virtual host 'localhost'
04-Jun-2022 17:19:57.923 INFO [http-nio-8090-exec-157] org.apache.catalina.core.ApplicationContext.log Manager: list: Listing contexts for virtual host 'localhost'
04-Jun-2022 17:21:50.188 INFO [http-nio-8090-exec-164] org.apache.catalina.core.ApplicationContext.log Manager: list: Listing contexts for virtual host 'localhost'
04-Jun-2022 17:21:51.598 INFO [http-nio-8090-exec-157] org.apache.catalina.core.ApplicationContext.log Manager: list: Listing contexts for virtual host 'localhost'
04-Jun-2022 17:21:51.608 INFO [http-nio-8090-exec-160] org.apache.catalina.core.ApplicationContext.log Manager: list: Listing contexts for virtual host 'localhost'
04-Jun-2022 17:23:53.662 INFO [http-nio-8090-exec-162] org.apache.catalina.core.ApplicationContext.log Manager: list: Listing contexts for virtual host 'localhost'
04-Jun-2022 17:23:55.301 INFO [http-nio-8090-exec-165] org.apache.catalina.core.ApplicationContext.log Manager: list: Listing contexts for virtual host 'localhost'
04-Jun-2022 17:23:55.306 INFO [http-nio-8090-exec-158] org.apache.catalina.core.ApplicationContext.log Manager: list: Listing contexts for virtual host 'localhost'
04-Jun-2022 17:24:44.737 INFO [http-nio-8090-exec-164] org.apache.catalina.core.ApplicationContext.log Manager: list: Listing contexts for virtual host 'localhost'
04-Jun-2022 17:27:12.556 INFO [http-nio-8090-exec-161] org.apache.catalina.core.ApplicationContext.log Manager: list: Listing contexts for virtual host 'localhost'
04-Jun-2022 17:27:12.576 INFO [http-nio-8090-exec-160] org.apache.catalina.core.ApplicationContext.log Manager: restart: Reloading web application '/Store'
04-Jun-2022 17:27:14.928 INFO [http-nio-8090-exec-166] org.apache.catalina.core.ApplicationContext.log Manager: list: Listing contexts for virtual host 'localhost'
04-Jun-2022 17:27:14.944 INFO [http-nio-8090-exec-158] org.apache.catalina.core.ApplicationContext.log Manager: restart: Reloading web application '/Store'
04-Jun-2022 17:35:51.529 INFO [http-nio-8090-exec-175] org.apache.catalina.core.ApplicationContext.log Manager: list: Listing contexts for virtual host 'localhost'
04-Jun-2022 17:35:51.545 INFO [http-nio-8090-exec-169] org.apache.catalina.core.ApplicationContext.log Manager: restart: Reloading web application '/Store'
04-Jun-2022 17:36:28.377 INFO [http-nio-8090-exec-172] org.apache.catalina.core.ApplicationContext.log Manager: list: Listing contexts for virtual host 'localhost'
04-Jun-2022 17:36:28.392 INFO [http-nio-8090-exec-179] org.apache.catalina.core.ApplicationContext.log Manager: restart: Reloading web application '/Store'
04-Jun-2022 17:36:33.332 INFO [http-nio-8090-exec-181] org.apache.catalina.core.ApplicationContext.log Manager: list: Listing contexts for virtual host 'localhost'
04-Jun-2022 17:36:33.346 INFO [http-nio-8090-exec-176] org.apache.catalina.core.ApplicationContext.log Manager: restart: Reloading web application '/Store'
04-Jun-2022 17:37:24.210 INFO [http-nio-8090-exec-170] org.apache.catalina.core.ApplicationContext.log Manager: list: Listing contexts for virtual host 'localhost'
04-Jun-2022 17:37:24.226 INFO [http-nio-8090-exec-168] org.apache.catalina.core.ApplicationContext.log Manager: restart: Reloading web application '/Store'
04-Jun-2022 17:42:10.773 INFO [http-nio-8090-exec-192] org.apache.catalina.core.ApplicationContext.log Manager: list: Listing contexts for virtual host 'localhost'
04-Jun-2022 17:42:55.357 INFO [http-nio-8090-exec-189] org.apache.catalina.core.ApplicationContext.log Manager: list: Listing contexts for virtual host 'localhost'
04-Jun-2022 17:43:22.660 INFO [http-nio-8090-exec-184] org.apache.catalina.core.ApplicationContext.log Manager: list: Listing contexts for virtual host 'localhost'
04-Jun-2022 17:43:36.470 INFO [http-nio-8090-exec-188] org.apache.catalina.core.ApplicationContext.log Manager: list: Listing contexts for virtual host 'localhost'
04-Jun-2022 17:43:41.002 INFO [http-nio-8090-exec-191] org.apache.catalina.core.ApplicationContext.log Manager: list: Listing contexts for virtual host 'localhost'
04-Jun-2022 17:43:41.016 INFO [http-nio-8090-exec-187] org.apache.catalina.core.ApplicationContext.log Manager: restart: Reloading web application '/Store'
04-Jun-2022 17:43:41.727 INFO [http-nio-8090-exec-190] org.apache.catalina.core.ApplicationContext.log Manager: list: Listing contexts for virtual host 'localhost'
04-Jun-2022 17:43:41.737 INFO [http-nio-8090-exec-189] org.apache.catalina.core.ApplicationContext.log Manager: list: Listing contexts for virtual host 'localhost'
04-Jun-2022 17:43:42.965 INFO [http-nio-8090-exec-190] org.apache.catalina.core.ApplicationContext.log Manager: restart: Reloading web application '/Store'
04-Jun-2022 17:44:56.807 INFO [http-nio-8090-exec-201] org.apache.catalina.core.ApplicationContext.log Manager: list: Listing contexts for virtual host 'localhost'
04-Jun-2022 17:45:06.273 INFO [http-nio-8090-exec-202] org.apache.catalina.core.ApplicationContext.log Manager: list: Listing contexts for virtual host 'localhost'
04-Jun-2022 17:45:09.301 INFO [http-nio-8090-exec-198] org.apache.catalina.core.ApplicationContext.log Manager: list: Listing contexts for virtual host 'localhost'
04-Jun-2022 17:45:18.870 INFO [http-nio-8090-exec-199] org.apache.catalina.core.ApplicationContext.log Manager: list: Listing contexts for virtual host 'localhost'
04-Jun-2022 17:45:43.386 INFO [http-nio-8090-exec-201] org.apache.catalina.core.ApplicationContext.log Manager: list: Listing contexts for virtual host 'localhost'
04-Jun-2022 17:46:03.511 INFO [http-nio-8090-exec-203] org.apache.catalina.core.ApplicationContext.log Manager: list: Listing contexts for virtual host 'localhost'
04-Jun-2022 17:46:03.529 INFO [http-nio-8090-exec-201] org.apache.catalina.core.ApplicationContext.log Manager: restart: Reloading web application '/Store'
04-Jun-2022 17:46:26.964 INFO [http-nio-8090-exec-205] org.apache.catalina.core.ApplicationContext.log Manager: list: Listing contexts for virtual host 'localhost'
04-Jun-2022 17:47:48.169 INFO [http-nio-8090-exec-206] org.apache.catalina.core.ApplicationContext.log Manager: list: Listing contexts for virtual host 'localhost'
04-Jun-2022 17:47:48.177 INFO [http-nio-8090-exec-209] org.apache.catalina.core.ApplicationContext.log Manager: list: Listing contexts for virtual host 'localhost'
04-Jun-2022 17:47:48.291 INFO [http-nio-8090-exec-197] org.apache.catalina.core.ApplicationContext.log Manager: restart: Reloading web application '/Store'
04-Jun-2022 17:49:57.434 INFO [http-nio-8090-exec-214] org.apache.catalina.core.ApplicationContext.log Manager: list: Listing contexts for virtual host 'localhost'
04-Jun-2022 17:49:57.450 INFO [http-nio-8090-exec-216] org.apache.catalina.core.ApplicationContext.log Manager: restart: Reloading web application '/Store'
04-Jun-2022 17:50:23.174 INFO [http-nio-8090-exec-213] org.apache.catalina.core.ApplicationContext.log Manager: list: Listing contexts for virtual host 'localhost'
04-Jun-2022 17:50:23.191 INFO [http-nio-8090-exec-217] org.apache.catalina.core.ApplicationContext.log Manager: restart: Reloading web application '/Store'
04-Jun-2022 17:50:33.803 INFO [http-nio-8090-exec-221] org.apache.catalina.core.ApplicationContext.log Manager: list: Listing contexts for virtual host 'localhost'
04-Jun-2022 17:50:33.818 INFO [http-nio-8090-exec-215] org.apache.catalina.core.ApplicationContext.log Manager: restart: Reloading web application '/Store'
04-Jun-2022 17:50:58.230 INFO [http-nio-8090-exec-226] org.apache.catalina.core.ApplicationContext.log Manager: list: Listing contexts for virtual host 'localhost'
04-Jun-2022 17:51:04.180 INFO [http-nio-8090-exec-225] org.apache.catalina.core.ApplicationContext.log Manager: list: Listing contexts for virtual host 'localhost'
04-Jun-2022 17:51:41.168 INFO [http-nio-8090-exec-221] org.apache.catalina.core.ApplicationContext.log Manager: list: Listing contexts for virtual host 'localhost'
04-Jun-2022 17:51:43.375 INFO [http-nio-8090-exec-226] org.apache.catalina.core.ApplicationContext.log Manager: list: Listing contexts for virtual host 'localhost'
04-Jun-2022 17:51:43.381 INFO [http-nio-8090-exec-229] org.apache.catalina.core.ApplicationContext.log Manager: list: Listing contexts for virtual host 'localhost'
04-Jun-2022 17:51:43.546 INFO [http-nio-8090-exec-221] org.apache.catalina.core.ApplicationContext.log Manager: restart: Reloading web application '/Store'
04-Jun-2022 17:56:37.709 INFO [http-nio-8090-exec-232] org.apache.catalina.core.ApplicationContext.log Manager: list: Listing contexts for virtual host 'localhost'
04-Jun-2022 17:56:37.754 INFO [http-nio-8090-exec-234] org.apache.catalina.core.ApplicationContext.log Manager: restart: Reloading web application '/Store'
04-Jun-2022 17:56:40.304 INFO [http-nio-8090-exec-241] org.apache.catalina.core.ApplicationContext.log Manager: list: Listing contexts for virtual host 'localhost'
04-Jun-2022 17:56:40.323 INFO [http-nio-8090-exec-232] org.apache.catalina.core.ApplicationContext.log Manager: restart: Reloading web application '/Store'
04-Jun-2022 17:57:44.059 INFO [http-nio-8090-exec-244] org.apache.catalina.core.ApplicationContext.log Manager: list: Listing contexts for virtual host 'localhost'
04-Jun-2022 17:57:44.076 INFO [http-nio-8090-exec-242] org.apache.catalina.core.ApplicationContext.log Manager: restart: Reloading web application '/Store'
04-Jun-2022 17:58:00.794 INFO [http-nio-8090-exec-237] org.apache.catalina.core.ApplicationContext.log Manager: list: Listing contexts for virtual host 'localhost'
04-Jun-2022 17:58:00.812 INFO [http-nio-8090-exec-244] org.apache.catalina.core.ApplicationContext.log Manager: restart: Reloading web application '/Store'
04-Jun-2022 17:58:18.282 INFO [http-nio-8090-exec-249] org.apache.catalina.core.ApplicationContext.log Manager: list: Listing contexts for virtual host 'localhost'
04-Jun-2022 17:58:18.298 INFO [http-nio-8090-exec-237] org.apache.catalina.core.ApplicationContext.log Manager: restart: Reloading web application '/Store'
04-Jun-2022 17:59:52.414 INFO [http-nio-8090-exec-245] org.apache.catalina.core.ApplicationContext.log Manager: list: Listing contexts for virtual host 'localhost'
04-Jun-2022 17:59:52.430 INFO [http-nio-8090-exec-253] org.apache.catalina.core.ApplicationContext.log Manager: restart: Reloading web application '/Store'
04-Jun-2022 18:00:25.957 INFO [http-nio-8090-exec-245] org.apache.catalina.core.ApplicationContext.log Manager: list: Listing contexts for virtual host 'localhost'
04-Jun-2022 18:00:25.975 INFO [http-nio-8090-exec-246] org.apache.catalina.core.ApplicationContext.log Manager: restart: Reloading web application '/Store'
04-Jun-2022 18:00:27.271 INFO [http-nio-8090-exec-256] org.apache.catalina.core.ApplicationContext.log Manager: list: Listing contexts for virtual host 'localhost'
04-Jun-2022 18:00:27.282 INFO [http-nio-8090-exec-247] org.apache.catalina.core.ApplicationContext.log Manager: list: Listing contexts for virtual host 'localhost'
04-Jun-2022 18:00:27.814 INFO [http-nio-8090-exec-255] org.apache.catalina.core.ApplicationContext.log Manager: restart: Reloading web application '/Store'
04-Jun-2022 18:01:23.328 INFO [http-nio-8090-exec-264] org.apache.catalina.core.ApplicationContext.log Manager: list: Listing contexts for virtual host 'localhost'
04-Jun-2022 18:01:25.713 INFO [http-nio-8090-exec-262] org.apache.catalina.core.ApplicationContext.log Manager: list: Listing contexts for virtual host 'localhost'
04-Jun-2022 18:01:25.727 INFO [http-nio-8090-exec-258] org.apache.catalina.core.ApplicationContext.log Manager: list: Listing contexts for virtual host 'localhost'
04-Jun-2022 18:03:11.933 INFO [http-nio-8090-exec-259] org.apache.catalina.core.ApplicationContext.log Manager: list: Listing contexts for virtual host 'localhost'
04-Jun-2022 18:03:13.964 INFO [http-nio-8090-exec-265] org.apache.catalina.core.ApplicationContext.log Manager: list: Listing contexts for virtual host 'localhost'
04-Jun-2022 18:03:13.971 INFO [http-nio-8090-exec-264] org.apache.catalina.core.ApplicationContext.log Manager: list: Listing contexts for virtual host 'localhost'
