22-May-2022 12:29:45.901 INFO [http-nio-8090-exec-7] org.apache.catalina.core.ApplicationContext.log Manager: init: Associated with Deployer 'Catalina:type=Deployer,host=localhost'
22-May-2022 12:29:45.902 INFO [http-nio-8090-exec-7] org.apache.catalina.core.ApplicationContext.log Manager: init: Global resources are available
22-May-2022 12:29:46.184 INFO [http-nio-8090-exec-5] org.apache.catalina.core.ApplicationContext.log Manager: list: Listing contexts for virtual host 'localhost'
22-May-2022 12:29:46.196 INFO [http-nio-8090-exec-16] org.apache.catalina.core.ApplicationContext.log Manager: list: Listing contexts for virtual host 'localhost'
22-May-2022 12:44:27.896 INFO [http-nio-8090-exec-2] org.apache.catalina.core.ApplicationContext.log Manager: list: Listing contexts for virtual host 'localhost'
22-May-2022 12:46:53.945 INFO [http-nio-8090-exec-3] org.apache.catalina.core.ApplicationContext.log Manager: list: Listing contexts for virtual host 'localhost'
22-May-2022 12:46:53.968 INFO [http-nio-8090-exec-17] org.apache.catalina.core.ApplicationContext.log Manager: restart: Reloading web application '/Store'
22-May-2022 12:48:30.362 INFO [http-nio-8090-exec-19] org.apache.catalina.core.ApplicationContext.log Manager: list: Listing contexts for virtual host 'localhost'
22-May-2022 12:48:30.394 INFO [http-nio-8090-exec-18] org.apache.catalina.core.ApplicationContext.log Manager: restart: Reloading web application '/Store'
22-May-2022 12:48:48.538 INFO [http-nio-8090-exec-20] org.apache.catalina.core.ApplicationContext.log Manager: list: Listing contexts for virtual host 'localhost'
22-May-2022 12:48:48.557 INFO [http-nio-8090-exec-15] org.apache.catalina.core.ApplicationContext.log Manager: restart: Reloading web application '/Store'
22-May-2022 12:49:23.954 INFO [http-nio-8090-exec-3] org.apache.catalina.core.ApplicationContext.log Manager: list: Listing contexts for virtual host 'localhost'
22-May-2022 12:49:41.039 INFO [http-nio-8090-exec-24] org.apache.catalina.core.ApplicationContext.log Manager: list: Listing contexts for virtual host 'localhost'
22-May-2022 12:50:09.500 INFO [http-nio-8090-exec-5] org.apache.catalina.core.ApplicationContext.log Manager: list: Listing contexts for virtual host 'localhost'
22-May-2022 12:50:27.710 INFO [http-nio-8090-exec-13] org.apache.catalina.core.ApplicationContext.log Manager: list: Listing contexts for virtual host 'localhost'
22-May-2022 12:50:27.729 INFO [http-nio-8090-exec-22] org.apache.catalina.core.ApplicationContext.log Manager: list: Listing contexts for virtual host 'localhost'
22-May-2022 12:50:27.862 INFO [http-nio-8090-exec-23] org.apache.catalina.core.ApplicationContext.log Manager: restart: Reloading web application '/Store'
22-May-2022 12:52:37.144 INFO [http-nio-8090-exec-38] org.apache.catalina.core.ApplicationContext.log Manager: list: Listing contexts for virtual host 'localhost'
22-May-2022 12:54:02.035 INFO [http-nio-8090-exec-34] org.apache.catalina.core.ApplicationContext.log Manager: list: Listing contexts for virtual host 'localhost'
22-May-2022 12:54:14.344 INFO [http-nio-8090-exec-38] org.apache.catalina.core.ApplicationContext.log Manager: list: Listing contexts for virtual host 'localhost'
22-May-2022 12:54:17.224 INFO [http-nio-8090-exec-36] org.apache.catalina.core.ApplicationContext.log Manager: list: Listing contexts for virtual host 'localhost'
22-May-2022 12:54:47.676 INFO [http-nio-8090-exec-38] org.apache.catalina.core.ApplicationContext.log Manager: list: Listing contexts for virtual host 'localhost'
22-May-2022 12:54:47.686 INFO [http-nio-8090-exec-36] org.apache.catalina.core.ApplicationContext.log Manager: list: Listing contexts for virtual host 'localhost'
22-May-2022 12:56:04.474 INFO [http-nio-8090-exec-11] org.apache.catalina.core.ApplicationContext.log Manager: init: Associated with Deployer 'Catalina:type=Deployer,host=localhost'
22-May-2022 12:56:04.475 INFO [http-nio-8090-exec-11] org.apache.catalina.core.ApplicationContext.log Manager: init: Global resources are available
22-May-2022 12:56:14.128 INFO [http-nio-8090-exec-10] org.apache.catalina.core.ApplicationContext.log Manager: list: Listing contexts for virtual host 'localhost'
22-May-2022 12:56:14.140 INFO [http-nio-8090-exec-5] org.apache.catalina.core.ApplicationContext.log Manager: list: Listing contexts for virtual host 'localhost'
22-May-2022 12:56:14.705 INFO [http-nio-8090-exec-2] org.apache.catalina.core.ApplicationContext.log Manager: undeploy: Undeploying web application at '/Store'
22-May-2022 12:56:15.965 INFO [http-nio-8090-exec-7] org.apache.catalina.core.ApplicationContext.log Manager: install: Installing context configuration at 'file:/C:/Users/ACERES~1/AppData/Local/Temp/context15733806173707135867.xml'
22-May-2022 12:56:35.771 INFO [http-nio-8090-exec-9] org.apache.catalina.core.ApplicationContext.log Manager: start: Starting web application '/Store'
22-May-2022 13:01:01.349 INFO [http-nio-8090-exec-12] org.apache.catalina.core.ApplicationContext.log Manager: list: Listing contexts for virtual host 'localhost'
22-May-2022 13:01:01.371 INFO [http-nio-8090-exec-18] org.apache.catalina.core.ApplicationContext.log Manager: list: Listing contexts for virtual host 'localhost'
22-May-2022 13:02:38.971 INFO [http-nio-8090-exec-18] org.apache.catalina.core.ApplicationContext.log Manager: list: Listing contexts for virtual host 'localhost'
22-May-2022 13:03:23.807 INFO [http-nio-8090-exec-20] org.apache.catalina.core.ApplicationContext.log Manager: list: Listing contexts for virtual host 'localhost'
22-May-2022 13:03:37.323 INFO [http-nio-8090-exec-14] org.apache.catalina.core.ApplicationContext.log Manager: list: Listing contexts for virtual host 'localhost'
22-May-2022 13:03:37.338 INFO [http-nio-8090-exec-21] org.apache.catalina.core.ApplicationContext.log Manager: restart: Reloading web application '/Store'
22-May-2022 13:06:18.075 INFO [http-nio-8090-exec-23] org.apache.catalina.core.ApplicationContext.log Manager: list: Listing contexts for virtual host 'localhost'
22-May-2022 13:06:18.087 INFO [http-nio-8090-exec-23] org.apache.catalina.core.ApplicationContext.log Manager: list: Listing contexts for virtual host 'localhost'
22-May-2022 13:06:18.233 INFO [http-nio-8090-exec-14] org.apache.catalina.core.ApplicationContext.log Manager: restart: Reloading web application '/Store'
22-May-2022 13:06:46.908 INFO [http-nio-8090-exec-31] org.apache.catalina.core.ApplicationContext.log Manager: list: Listing contexts for virtual host 'localhost'
22-May-2022 13:07:01.348 INFO [http-nio-8090-exec-31] org.apache.catalina.core.ApplicationContext.log Manager: list: Listing contexts for virtual host 'localhost'
22-May-2022 13:07:01.357 INFO [http-nio-8090-exec-37] org.apache.catalina.core.ApplicationContext.log Manager: list: Listing contexts for virtual host 'localhost'
22-May-2022 13:07:49.394 INFO [http-nio-8090-exec-35] org.apache.catalina.core.ApplicationContext.log Manager: list: Listing contexts for virtual host 'localhost'
22-May-2022 13:07:49.412 INFO [http-nio-8090-exec-36] org.apache.catalina.core.ApplicationContext.log Manager: restart: Reloading web application '/Store'
22-May-2022 13:09:59.695 INFO [http-nio-8090-exec-38] org.apache.catalina.core.ApplicationContext.log Manager: list: Listing contexts for virtual host 'localhost'
22-May-2022 13:09:59.761 INFO [http-nio-8090-exec-40] org.apache.catalina.core.ApplicationContext.log Manager: list: Listing contexts for virtual host 'localhost'
22-May-2022 13:09:59.801 INFO [http-nio-8090-exec-41] org.apache.catalina.core.ApplicationContext.log Manager: undeploy: Undeploying web application at '/Store'
22-May-2022 13:10:00.354 INFO [http-nio-8090-exec-43] org.apache.catalina.core.ApplicationContext.log Manager: install: Installing context configuration at 'file:/C:/Users/ACERES~1/AppData/Local/Temp/context2515717127358747826.xml'
22-May-2022 13:10:14.540 INFO [http-nio-8090-exec-42] org.apache.catalina.core.ApplicationContext.log Manager: start: Starting web application '/Store'
22-May-2022 13:12:34.520 INFO [http-nio-8090-exec-47] org.apache.catalina.core.ApplicationContext.log Manager: list: Listing contexts for virtual host 'localhost'
22-May-2022 13:12:34.536 INFO [http-nio-8090-exec-51] org.apache.catalina.core.ApplicationContext.log Manager: restart: Reloading web application '/Store'
22-May-2022 13:12:39.475 INFO [http-nio-8090-exec-50] org.apache.catalina.core.ApplicationContext.log Manager: list: Listing contexts for virtual host 'localhost'
22-May-2022 13:12:39.481 INFO [http-nio-8090-exec-55] org.apache.catalina.core.ApplicationContext.log Manager: list: Listing contexts for virtual host 'localhost'
22-May-2022 13:12:39.591 INFO [http-nio-8090-exec-49] org.apache.catalina.core.ApplicationContext.log Manager: restart: Reloading web application '/Store'
22-May-2022 13:13:04.198 INFO [http-nio-8090-exec-53] org.apache.catalina.core.ApplicationContext.log Manager: list: Listing contexts for virtual host 'localhost'
22-May-2022 13:13:10.313 INFO [http-nio-8090-exec-63] org.apache.catalina.core.ApplicationContext.log Manager: list: Listing contexts for virtual host 'localhost'
22-May-2022 13:13:10.318 INFO [http-nio-8090-exec-58] org.apache.catalina.core.ApplicationContext.log Manager: list: Listing contexts for virtual host 'localhost'
22-May-2022 13:13:50.054 INFO [http-nio-8090-exec-62] org.apache.catalina.core.ApplicationContext.log Manager: list: Listing contexts for virtual host 'localhost'
22-May-2022 13:14:31.872 INFO [http-nio-8090-exec-59] org.apache.catalina.core.ApplicationContext.log Manager: list: Listing contexts for virtual host 'localhost'
22-May-2022 13:14:31.883 INFO [http-nio-8090-exec-65] org.apache.catalina.core.ApplicationContext.log Manager: list: Listing contexts for virtual host 'localhost'
22-May-2022 13:16:36.612 INFO [http-nio-8090-exec-63] org.apache.catalina.core.ApplicationContext.log Manager: list: Listing contexts for virtual host 'localhost'
22-May-2022 13:17:46.870 INFO [http-nio-8090-exec-62] org.apache.catalina.core.ApplicationContext.log Manager: list: Listing contexts for virtual host 'localhost'
22-May-2022 13:17:46.903 INFO [http-nio-8090-exec-58] org.apache.catalina.core.ApplicationContext.log Manager: restart: Reloading web application '/Store'
22-May-2022 13:17:50.717 INFO [http-nio-8090-exec-65] org.apache.catalina.core.ApplicationContext.log Manager: list: Listing contexts for virtual host 'localhost'
22-May-2022 13:17:50.734 INFO [http-nio-8090-exec-68] org.apache.catalina.core.ApplicationContext.log Manager: restart: Reloading web application '/Store'
22-May-2022 13:17:59.320 INFO [http-nio-8090-exec-70] org.apache.catalina.core.ApplicationContext.log Manager: list: Listing contexts for virtual host 'localhost'
22-May-2022 13:18:08.895 INFO [http-nio-8090-exec-70] org.apache.catalina.core.ApplicationContext.log Manager: list: Listing contexts for virtual host 'localhost'
22-May-2022 13:18:08.913 INFO [http-nio-8090-exec-60] org.apache.catalina.core.ApplicationContext.log Manager: restart: Reloading web application '/Store'
22-May-2022 13:18:10.814 INFO [http-nio-8090-exec-59] org.apache.catalina.core.ApplicationContext.log Manager: list: Listing contexts for virtual host 'localhost'
22-May-2022 13:18:12.184 INFO [http-nio-8090-exec-62] org.apache.catalina.core.ApplicationContext.log Manager: list: Listing contexts for virtual host 'localhost'
22-May-2022 13:18:12.204 INFO [http-nio-8090-exec-71] org.apache.catalina.core.ApplicationContext.log Manager: restart: Reloading web application '/Store'
22-May-2022 13:18:21.952 INFO [http-nio-8090-exec-62] org.apache.catalina.core.ApplicationContext.log Manager: list: Listing contexts for virtual host 'localhost'
22-May-2022 13:18:22.005 INFO [http-nio-8090-exec-73] org.apache.catalina.core.ApplicationContext.log Manager: restart: Reloading web application '/Store'
22-May-2022 13:18:25.155 INFO [http-nio-8090-exec-76] org.apache.catalina.core.ApplicationContext.log Manager: list: Listing contexts for virtual host 'localhost'
22-May-2022 13:18:25.180 INFO [http-nio-8090-exec-74] org.apache.catalina.core.ApplicationContext.log Manager: restart: Reloading web application '/Store'
22-May-2022 13:18:39.982 INFO [http-nio-8090-exec-77] org.apache.catalina.core.ApplicationContext.log Manager: list: Listing contexts for virtual host 'localhost'
22-May-2022 13:18:39.998 INFO [http-nio-8090-exec-70] org.apache.catalina.core.ApplicationContext.log Manager: restart: Reloading web application '/Store'
22-May-2022 13:19:33.491 INFO [http-nio-8090-exec-72] org.apache.catalina.core.ApplicationContext.log Manager: list: Listing contexts for virtual host 'localhost'
22-May-2022 13:19:33.511 INFO [http-nio-8090-exec-69] org.apache.catalina.core.ApplicationContext.log Manager: restart: Reloading web application '/Store'
22-May-2022 13:21:02.873 INFO [http-nio-8090-exec-80] org.apache.catalina.core.ApplicationContext.log Manager: list: Listing contexts for virtual host 'localhost'
22-May-2022 13:21:02.897 INFO [http-nio-8090-exec-82] org.apache.catalina.core.ApplicationContext.log Manager: restart: Reloading web application '/Store'
22-May-2022 13:21:43.088 INFO [http-nio-8090-exec-87] org.apache.catalina.core.ApplicationContext.log Manager: list: Listing contexts for virtual host 'localhost'
22-May-2022 13:21:43.123 INFO [http-nio-8090-exec-80] org.apache.catalina.core.ApplicationContext.log Manager: restart: Reloading web application '/Store'
22-May-2022 13:21:50.116 INFO [http-nio-8090-exec-81] org.apache.catalina.core.ApplicationContext.log Manager: list: Listing contexts for virtual host 'localhost'
22-May-2022 13:21:50.142 INFO [http-nio-8090-exec-63] org.apache.catalina.core.ApplicationContext.log Manager: restart: Reloading web application '/Store'
22-May-2022 13:23:21.941 INFO [http-nio-8090-exec-92] org.apache.catalina.core.ApplicationContext.log Manager: list: Listing contexts for virtual host 'localhost'
22-May-2022 13:23:21.992 INFO [http-nio-8090-exec-88] org.apache.catalina.core.ApplicationContext.log Manager: restart: Reloading web application '/Store'
22-May-2022 13:23:27.045 INFO [http-nio-8090-exec-95] org.apache.catalina.core.ApplicationContext.log Manager: list: Listing contexts for virtual host 'localhost'
22-May-2022 13:23:34.301 INFO [http-nio-8090-exec-89] org.apache.catalina.core.ApplicationContext.log Manager: list: Listing contexts for virtual host 'localhost'
22-May-2022 13:24:44.800 INFO [http-nio-8090-exec-99] org.apache.catalina.core.ApplicationContext.log Manager: list: Listing contexts for virtual host 'localhost'
22-May-2022 13:24:44.808 INFO [http-nio-8090-exec-90] org.apache.catalina.core.ApplicationContext.log Manager: list: Listing contexts for virtual host 'localhost'
22-May-2022 13:24:44.933 INFO [http-nio-8090-exec-100] org.apache.catalina.core.ApplicationContext.log Manager: restart: Reloading web application '/Store'
22-May-2022 13:25:29.866 INFO [http-nio-8090-exec-107] org.apache.catalina.core.ApplicationContext.log Manager: list: Listing contexts for virtual host 'localhost'
22-May-2022 13:25:34.147 INFO [http-nio-8090-exec-101] org.apache.catalina.core.ApplicationContext.log Manager: list: Listing contexts for virtual host 'localhost'
22-May-2022 13:25:34.153 INFO [http-nio-8090-exec-102] org.apache.catalina.core.ApplicationContext.log Manager: list: Listing contexts for virtual host 'localhost'
22-May-2022 13:26:47.411 INFO [http-nio-8090-exec-106] org.apache.catalina.core.ApplicationContext.log Manager: list: Listing contexts for virtual host 'localhost'
22-May-2022 13:27:43.909 INFO [http-nio-8090-exec-108] org.apache.catalina.core.ApplicationContext.log Manager: list: Listing contexts for virtual host 'localhost'
22-May-2022 13:27:48.594 INFO [http-nio-8090-exec-106] org.apache.catalina.core.ApplicationContext.log Manager: list: Listing contexts for virtual host 'localhost'
22-May-2022 13:27:48.604 INFO [http-nio-8090-exec-105] org.apache.catalina.core.ApplicationContext.log Manager: list: Listing contexts for virtual host 'localhost'
22-May-2022 13:28:14.434 INFO [http-nio-8090-exec-101] org.apache.catalina.core.ApplicationContext.log Manager: list: Listing contexts for virtual host 'localhost'
22-May-2022 13:28:17.952 INFO [http-nio-8090-exec-104] org.apache.catalina.core.ApplicationContext.log Manager: list: Listing contexts for virtual host 'localhost'
22-May-2022 13:28:17.958 INFO [http-nio-8090-exec-108] org.apache.catalina.core.ApplicationContext.log Manager: list: Listing contexts for virtual host 'localhost'
22-May-2022 13:29:17.430 INFO [http-nio-8090-exec-110] org.apache.catalina.core.ApplicationContext.log Manager: list: Listing contexts for virtual host 'localhost'
22-May-2022 13:29:21.238 INFO [http-nio-8090-exec-109] org.apache.catalina.core.ApplicationContext.log Manager: list: Listing contexts for virtual host 'localhost'
22-May-2022 13:30:30.706 INFO [http-nio-8090-exec-108] org.apache.catalina.core.ApplicationContext.log Manager: list: Listing contexts for virtual host 'localhost'
22-May-2022 13:30:30.722 INFO [http-nio-8090-exec-102] org.apache.catalina.core.ApplicationContext.log Manager: restart: Reloading web application '/Store'
22-May-2022 13:30:40.014 INFO [http-nio-8090-exec-108] org.apache.catalina.core.ApplicationContext.log Manager: list: Listing contexts for virtual host 'localhost'
22-May-2022 13:30:40.029 INFO [http-nio-8090-exec-105] org.apache.catalina.core.ApplicationContext.log Manager: restart: Reloading web application '/Store'
22-May-2022 13:30:59.499 INFO [http-nio-8090-exec-104] org.apache.catalina.core.ApplicationContext.log Manager: list: Listing contexts for virtual host 'localhost'
22-May-2022 13:30:59.518 INFO [http-nio-8090-exec-103] org.apache.catalina.core.ApplicationContext.log Manager: restart: Reloading web application '/Store'
22-May-2022 13:31:04.745 INFO [http-nio-8090-exec-108] org.apache.catalina.core.ApplicationContext.log Manager: list: Listing contexts for virtual host 'localhost'
22-May-2022 13:31:04.761 INFO [http-nio-8090-exec-104] org.apache.catalina.core.ApplicationContext.log Manager: restart: Reloading web application '/Store'
22-May-2022 13:32:22.473 INFO [http-nio-8090-exec-111] org.apache.catalina.core.ApplicationContext.log Manager: list: Listing contexts for virtual host 'localhost'
22-May-2022 13:32:22.490 INFO [http-nio-8090-exec-114] org.apache.catalina.core.ApplicationContext.log Manager: restart: Reloading web application '/Store'
22-May-2022 13:32:42.793 INFO [http-nio-8090-exec-118] org.apache.catalina.core.ApplicationContext.log Manager: list: Listing contexts for virtual host 'localhost'
22-May-2022 13:32:42.810 INFO [http-nio-8090-exec-117] org.apache.catalina.core.ApplicationContext.log Manager: restart: Reloading web application '/Store'
22-May-2022 13:32:48.722 INFO [http-nio-8090-exec-109] org.apache.catalina.core.ApplicationContext.log Manager: list: Listing contexts for virtual host 'localhost'
22-May-2022 13:32:48.739 INFO [http-nio-8090-exec-118] org.apache.catalina.core.ApplicationContext.log Manager: restart: Reloading web application '/Store'
22-May-2022 13:32:50.978 INFO [http-nio-8090-exec-121] org.apache.catalina.core.ApplicationContext.log Manager: list: Listing contexts for virtual host 'localhost'
22-May-2022 13:32:50.993 INFO [http-nio-8090-exec-125] org.apache.catalina.core.ApplicationContext.log Manager: restart: Reloading web application '/Store'
22-May-2022 13:32:52.104 INFO [http-nio-8090-exec-126] org.apache.catalina.core.ApplicationContext.log Manager: list: Listing contexts for virtual host 'localhost'
22-May-2022 13:32:52.110 INFO [http-nio-8090-exec-122] org.apache.catalina.core.ApplicationContext.log Manager: list: Listing contexts for virtual host 'localhost'
22-May-2022 13:32:53.387 INFO [http-nio-8090-exec-123] org.apache.catalina.core.ApplicationContext.log Manager: restart: Reloading web application '/Store'
22-May-2022 13:34:01.307 INFO [http-nio-8090-exec-131] org.apache.catalina.core.ApplicationContext.log Manager: list: Listing contexts for virtual host 'localhost'
22-May-2022 13:34:01.336 INFO [http-nio-8090-exec-132] org.apache.catalina.core.ApplicationContext.log Manager: restart: Reloading web application '/Store'
22-May-2022 13:35:28.886 INFO [http-nio-8090-exec-128] org.apache.catalina.core.ApplicationContext.log Manager: list: Listing contexts for virtual host 'localhost'
22-May-2022 13:35:28.909 INFO [http-nio-8090-exec-136] org.apache.catalina.core.ApplicationContext.log Manager: list: Listing contexts for virtual host 'localhost'
22-May-2022 13:35:28.990 INFO [http-nio-8090-exec-130] org.apache.catalina.core.ApplicationContext.log Manager: undeploy: Undeploying web application at '/Store'
22-May-2022 13:35:29.550 INFO [http-nio-8090-exec-135] org.apache.catalina.core.ApplicationContext.log Manager: install: Installing context configuration at 'file:/C:/Users/ACERES~1/AppData/Local/Temp/context10355246485711693202.xml'
22-May-2022 13:35:35.161 INFO [http-nio-8090-exec-139] org.apache.catalina.core.ApplicationContext.log Manager: start: Starting web application '/Store'
22-May-2022 13:37:11.646 INFO [http-nio-8090-exec-144] org.apache.catalina.core.ApplicationContext.log Manager: list: Listing contexts for virtual host 'localhost'
22-May-2022 13:37:35.965 INFO [http-nio-8090-exec-149] org.apache.catalina.core.ApplicationContext.log Manager: list: Listing contexts for virtual host 'localhost'
22-May-2022 13:37:35.974 INFO [http-nio-8090-exec-152] org.apache.catalina.core.ApplicationContext.log Manager: list: Listing contexts for virtual host 'localhost'
22-May-2022 13:37:36.010 INFO [http-nio-8090-exec-149] org.apache.catalina.core.ApplicationContext.log Manager: undeploy: Undeploying web application at '/Store'
22-May-2022 13:37:36.579 INFO [http-nio-8090-exec-143] org.apache.catalina.core.ApplicationContext.log Manager: install: Installing context configuration at 'file:/C:/Users/ACERES~1/AppData/Local/Temp/context10355449670162056979.xml'
22-May-2022 13:37:50.919 INFO [http-nio-8090-exec-144] org.apache.catalina.core.ApplicationContext.log Manager: start: Starting web application '/Store'
22-May-2022 13:39:10.650 INFO [http-nio-8090-exec-159] org.apache.catalina.core.ApplicationContext.log Manager: list: Listing contexts for virtual host 'localhost'
22-May-2022 13:39:10.666 INFO [http-nio-8090-exec-160] org.apache.catalina.core.ApplicationContext.log Manager: restart: Reloading web application '/Store'
22-May-2022 13:40:36.719 INFO [http-nio-8090-exec-167] org.apache.catalina.core.ApplicationContext.log Manager: list: Listing contexts for virtual host 'localhost'
22-May-2022 13:40:36.746 INFO [http-nio-8090-exec-157] org.apache.catalina.core.ApplicationContext.log Manager: restart: Reloading web application '/Store'
22-May-2022 13:40:51.229 INFO [http-nio-8090-exec-166] org.apache.catalina.core.ApplicationContext.log Manager: list: Listing contexts for virtual host 'localhost'
22-May-2022 13:40:51.242 INFO [http-nio-8090-exec-165] org.apache.catalina.core.ApplicationContext.log Manager: list: Listing contexts for virtual host 'localhost'
22-May-2022 13:40:51.358 INFO [http-nio-8090-exec-164] org.apache.catalina.core.ApplicationContext.log Manager: restart: Reloading web application '/Store'
22-May-2022 13:41:59.954 INFO [http-nio-8090-exec-174] org.apache.catalina.core.ApplicationContext.log Manager: list: Listing contexts for virtual host 'localhost'
22-May-2022 13:41:59.970 INFO [http-nio-8090-exec-175] org.apache.catalina.core.ApplicationContext.log Manager: restart: Reloading web application '/Store'
22-May-2022 13:42:02.341 INFO [http-nio-8090-exec-174] org.apache.catalina.core.ApplicationContext.log Manager: list: Listing contexts for virtual host 'localhost'
22-May-2022 13:42:02.354 INFO [http-nio-8090-exec-178] org.apache.catalina.core.ApplicationContext.log Manager: restart: Reloading web application '/Store'
22-May-2022 13:42:05.883 INFO [http-nio-8090-exec-184] org.apache.catalina.core.ApplicationContext.log Manager: list: Listing contexts for virtual host 'localhost'
22-May-2022 13:42:05.890 INFO [http-nio-8090-exec-174] org.apache.catalina.core.ApplicationContext.log Manager: list: Listing contexts for virtual host 'localhost'
22-May-2022 13:42:06.001 INFO [http-nio-8090-exec-181] org.apache.catalina.core.ApplicationContext.log Manager: restart: Reloading web application '/Store'
22-May-2022 13:43:23.457 INFO [http-nio-8090-exec-192] org.apache.catalina.core.ApplicationContext.log Manager: list: Listing contexts for virtual host 'localhost'
22-May-2022 13:43:23.501 INFO [http-nio-8090-exec-187] org.apache.catalina.core.ApplicationContext.log Manager: restart: Reloading web application '/Store'
22-May-2022 13:43:25.306 INFO [http-nio-8090-exec-186] org.apache.catalina.core.ApplicationContext.log Manager: list: Listing contexts for virtual host 'localhost'
22-May-2022 13:43:25.347 INFO [http-nio-8090-exec-189] org.apache.catalina.core.ApplicationContext.log Manager: list: Listing contexts for virtual host 'localhost'
22-May-2022 13:43:25.754 INFO [http-nio-8090-exec-186] org.apache.catalina.core.ApplicationContext.log Manager: restart: Reloading web application '/Store'
22-May-2022 13:43:47.896 INFO [http-nio-8090-exec-198] org.apache.catalina.core.ApplicationContext.log Manager: list: Listing contexts for virtual host 'localhost'
22-May-2022 13:43:47.917 INFO [http-nio-8090-exec-199] org.apache.catalina.core.ApplicationContext.log Manager: restart: Reloading web application '/Store'
22-May-2022 13:43:54.142 INFO [http-nio-8090-exec-200] org.apache.catalina.core.ApplicationContext.log Manager: list: Listing contexts for virtual host 'localhost'
22-May-2022 13:43:54.148 INFO [http-nio-8090-exec-201] org.apache.catalina.core.ApplicationContext.log Manager: list: Listing contexts for virtual host 'localhost'
22-May-2022 13:43:54.267 INFO [http-nio-8090-exec-204] org.apache.catalina.core.ApplicationContext.log Manager: restart: Reloading web application '/Store'
22-May-2022 13:47:44.906 INFO [http-nio-8090-exec-210] org.apache.catalina.core.ApplicationContext.log Manager: list: Listing contexts for virtual host 'localhost'
22-May-2022 13:47:44.922 INFO [http-nio-8090-exec-211] org.apache.catalina.core.ApplicationContext.log Manager: restart: Reloading web application '/Store'
22-May-2022 13:48:34.130 INFO [http-nio-8090-exec-218] org.apache.catalina.core.ApplicationContext.log Manager: list: Listing contexts for virtual host 'localhost'
22-May-2022 13:48:55.180 INFO [http-nio-8090-exec-210] org.apache.catalina.core.ApplicationContext.log Manager: list: Listing contexts for virtual host 'localhost'
22-May-2022 13:50:39.155 INFO [http-nio-8090-exec-219] org.apache.catalina.core.ApplicationContext.log Manager: list: Listing contexts for virtual host 'localhost'
22-May-2022 13:50:44.698 INFO [http-nio-8090-exec-222] org.apache.catalina.core.ApplicationContext.log Manager: list: Listing contexts for virtual host 'localhost'
22-May-2022 13:52:06.471 INFO [http-nio-8090-exec-217] org.apache.catalina.core.ApplicationContext.log Manager: list: Listing contexts for virtual host 'localhost'
22-May-2022 13:52:43.604 INFO [http-nio-8090-exec-224] org.apache.catalina.core.ApplicationContext.log Manager: list: Listing contexts for virtual host 'localhost'
22-May-2022 13:52:58.090 INFO [http-nio-8090-exec-217] org.apache.catalina.core.ApplicationContext.log Manager: list: Listing contexts for virtual host 'localhost'
22-May-2022 13:53:40.747 INFO [http-nio-8090-exec-225] org.apache.catalina.core.ApplicationContext.log Manager: list: Listing contexts for virtual host 'localhost'
22-May-2022 13:53:45.910 INFO [http-nio-8090-exec-220] org.apache.catalina.core.ApplicationContext.log Manager: list: Listing contexts for virtual host 'localhost'
22-May-2022 13:54:30.174 INFO [http-nio-8090-exec-226] org.apache.catalina.core.ApplicationContext.log Manager: list: Listing contexts for virtual host 'localhost'
22-May-2022 13:54:35.038 INFO [http-nio-8090-exec-224] org.apache.catalina.core.ApplicationContext.log Manager: list: Listing contexts for virtual host 'localhost'
22-May-2022 13:54:49.737 INFO [http-nio-8090-exec-220] org.apache.catalina.core.ApplicationContext.log Manager: list: Listing contexts for virtual host 'localhost'
22-May-2022 13:54:53.115 INFO [http-nio-8090-exec-219] org.apache.catalina.core.ApplicationContext.log Manager: list: Listing contexts for virtual host 'localhost'
22-May-2022 13:55:13.780 INFO [http-nio-8090-exec-222] org.apache.catalina.core.ApplicationContext.log Manager: list: Listing contexts for virtual host 'localhost'
22-May-2022 13:55:13.785 INFO [http-nio-8090-exec-219] org.apache.catalina.core.ApplicationContext.log Manager: list: Listing contexts for virtual host 'localhost'
22-May-2022 13:55:13.893 INFO [http-nio-8090-exec-217] org.apache.catalina.core.ApplicationContext.log Manager: restart: Reloading web application '/Store'
22-May-2022 13:56:47.832 INFO [http-nio-8090-exec-227] org.apache.catalina.core.ApplicationContext.log Manager: list: Listing contexts for virtual host 'localhost'
22-May-2022 13:56:51.202 INFO [http-nio-8090-exec-234] org.apache.catalina.core.ApplicationContext.log Manager: list: Listing contexts for virtual host 'localhost'
22-May-2022 13:56:51.209 INFO [http-nio-8090-exec-236] org.apache.catalina.core.ApplicationContext.log Manager: list: Listing contexts for virtual host 'localhost'
22-May-2022 13:57:46.668 INFO [http-nio-8090-exec-228] org.apache.catalina.core.ApplicationContext.log Manager: list: Listing contexts for virtual host 'localhost'
22-May-2022 13:58:04.200 INFO [http-nio-8090-exec-227] org.apache.catalina.core.ApplicationContext.log Manager: list: Listing contexts for virtual host 'localhost'
22-May-2022 13:58:04.211 INFO [http-nio-8090-exec-236] org.apache.catalina.core.ApplicationContext.log Manager: list: Listing contexts for virtual host 'localhost'
22-May-2022 13:58:04.276 INFO [http-nio-8090-exec-231] org.apache.catalina.core.ApplicationContext.log Manager: undeploy: Undeploying web application at '/Store'
22-May-2022 13:58:04.839 INFO [http-nio-8090-exec-229] org.apache.catalina.core.ApplicationContext.log Manager: install: Installing context configuration at 'file:/C:/Users/ACERES~1/AppData/Local/Temp/context2937525969187767796.xml'
22-May-2022 13:58:10.823 INFO [http-nio-8090-exec-234] org.apache.catalina.core.ApplicationContext.log Manager: start: Starting web application '/Store'
22-May-2022 13:59:24.078 INFO [http-nio-8090-exec-246] org.apache.catalina.core.ApplicationContext.log Manager: list: Listing contexts for virtual host 'localhost'
22-May-2022 13:59:50.334 INFO [http-nio-8090-exec-237] org.apache.catalina.core.ApplicationContext.log Manager: list: Listing contexts for virtual host 'localhost'
22-May-2022 13:59:52.452 INFO [http-nio-8090-exec-239] org.apache.catalina.core.ApplicationContext.log Manager: list: Listing contexts for virtual host 'localhost'
22-May-2022 13:59:52.459 INFO [http-nio-8090-exec-244] org.apache.catalina.core.ApplicationContext.log Manager: list: Listing contexts for virtual host 'localhost'
22-May-2022 14:00:59.275 INFO [http-nio-8090-exec-244] org.apache.catalina.core.ApplicationContext.log Manager: list: Listing contexts for virtual host 'localhost'
22-May-2022 14:01:17.616 INFO [http-nio-8090-exec-239] org.apache.catalina.core.ApplicationContext.log Manager: list: Listing contexts for virtual host 'localhost'
22-May-2022 14:01:17.634 INFO [http-nio-8090-exec-243] org.apache.catalina.core.ApplicationContext.log Manager: restart: Reloading web application '/Store'
22-May-2022 14:01:19.197 INFO [http-nio-8090-exec-242] org.apache.catalina.core.ApplicationContext.log Manager: list: Listing contexts for virtual host 'localhost'
22-May-2022 14:01:19.205 INFO [http-nio-8090-exec-241] org.apache.catalina.core.ApplicationContext.log Manager: list: Listing contexts for virtual host 'localhost'
22-May-2022 14:01:19.596 INFO [http-nio-8090-exec-240] org.apache.catalina.core.ApplicationContext.log Manager: restart: Reloading web application '/Store'
22-May-2022 14:05:20.657 INFO [http-nio-8090-exec-254] org.apache.catalina.core.ApplicationContext.log Manager: list: Listing contexts for virtual host 'localhost'
22-May-2022 14:34:52.067 INFO [http-nio-8090-exec-252] org.apache.catalina.core.ApplicationContext.log Manager: list: Listing contexts for virtual host 'localhost'
22-May-2022 14:34:52.072 INFO [http-nio-8090-exec-250] org.apache.catalina.core.ApplicationContext.log Manager: list: Listing contexts for virtual host 'localhost'
22-May-2022 14:44:40.829 INFO [http-nio-8090-exec-255] org.apache.catalina.core.ApplicationContext.log Manager: list: Listing contexts for virtual host 'localhost'
22-May-2022 14:44:40.988 INFO [http-nio-8090-exec-249] org.apache.catalina.core.ApplicationContext.log Manager: restart: Reloading web application '/Store'
22-May-2022 14:45:10.888 INFO [http-nio-8090-exec-256] org.apache.catalina.core.ApplicationContext.log Manager: list: Listing contexts for virtual host 'localhost'
22-May-2022 14:45:10.903 INFO [http-nio-8090-exec-251] org.apache.catalina.core.ApplicationContext.log Manager: restart: Reloading web application '/Store'
22-May-2022 14:45:16.556 INFO [http-nio-8090-exec-248] org.apache.catalina.core.ApplicationContext.log Manager: list: Listing contexts for virtual host 'localhost'
22-May-2022 14:45:16.570 INFO [http-nio-8090-exec-258] org.apache.catalina.core.ApplicationContext.log Manager: restart: Reloading web application '/Store'
22-May-2022 14:46:19.272 INFO [http-nio-8090-exec-262] org.apache.catalina.core.ApplicationContext.log Manager: list: Listing contexts for virtual host 'localhost'
22-May-2022 14:46:38.827 INFO [http-nio-8090-exec-266] org.apache.catalina.core.ApplicationContext.log Manager: list: Listing contexts for virtual host 'localhost'
22-May-2022 14:46:46.064 INFO [http-nio-8090-exec-265] org.apache.catalina.core.ApplicationContext.log Manager: list: Listing contexts for virtual host 'localhost'
22-May-2022 14:46:46.068 INFO [http-nio-8090-exec-252] org.apache.catalina.core.ApplicationContext.log Manager: list: Listing contexts for virtual host 'localhost'
22-May-2022 14:46:46.215 INFO [http-nio-8090-exec-255] org.apache.catalina.core.ApplicationContext.log Manager: restart: Reloading web application '/Store'
22-May-2022 14:54:06.402 INFO [http-nio-8090-exec-275] org.apache.catalina.core.ApplicationContext.log Manager: list: Listing contexts for virtual host 'localhost'
22-May-2022 14:59:28.829 INFO [http-nio-8090-exec-270] org.apache.catalina.core.ApplicationContext.log Manager: list: Listing contexts for virtual host 'localhost'
22-May-2022 14:59:51.739 INFO [http-nio-8090-exec-277] org.apache.catalina.core.ApplicationContext.log Manager: list: Listing contexts for virtual host 'localhost'
22-May-2022 15:00:04.934 INFO [http-nio-8090-exec-276] org.apache.catalina.core.ApplicationContext.log Manager: list: Listing contexts for virtual host 'localhost'
22-May-2022 15:00:04.964 INFO [http-nio-8090-exec-271] org.apache.catalina.core.ApplicationContext.log Manager: restart: Reloading web application '/Store'
22-May-2022 15:00:06.961 INFO [http-nio-8090-exec-275] org.apache.catalina.core.ApplicationContext.log Manager: list: Listing contexts for virtual host 'localhost'
22-May-2022 15:00:06.980 INFO [http-nio-8090-exec-276] org.apache.catalina.core.ApplicationContext.log Manager: restart: Reloading web application '/Store'
22-May-2022 15:00:18.920 INFO [http-nio-8090-exec-269] org.apache.catalina.core.ApplicationContext.log Manager: list: Listing contexts for virtual host 'localhost'
22-May-2022 15:00:18.950 INFO [http-nio-8090-exec-280] org.apache.catalina.core.ApplicationContext.log Manager: restart: Reloading web application '/Store'
22-May-2022 15:01:03.569 INFO [http-nio-8090-exec-272] org.apache.catalina.core.ApplicationContext.log Manager: list: Listing contexts for virtual host 'localhost'
22-May-2022 15:01:03.595 INFO [http-nio-8090-exec-279] org.apache.catalina.core.ApplicationContext.log Manager: restart: Reloading web application '/Store'
22-May-2022 15:01:05.729 INFO [http-nio-8090-exec-282] org.apache.catalina.core.ApplicationContext.log Manager: list: Listing contexts for virtual host 'localhost'
22-May-2022 15:01:05.745 INFO [http-nio-8090-exec-275] org.apache.catalina.core.ApplicationContext.log Manager: restart: Reloading web application '/Store'
22-May-2022 15:01:09.144 INFO [http-nio-8090-exec-281] org.apache.catalina.core.ApplicationContext.log Manager: list: Listing contexts for virtual host 'localhost'
22-May-2022 15:01:09.159 INFO [http-nio-8090-exec-282] org.apache.catalina.core.ApplicationContext.log Manager: restart: Reloading web application '/Store'
22-May-2022 15:01:12.182 INFO [http-nio-8090-exec-283] org.apache.catalina.core.ApplicationContext.log Manager: list: Listing contexts for virtual host 'localhost'
22-May-2022 15:01:12.360 INFO [http-nio-8090-exec-286] org.apache.catalina.core.ApplicationContext.log Manager: list: Listing contexts for virtual host 'localhost'
22-May-2022 15:01:21.367 INFO [http-nio-8090-exec-281] org.apache.catalina.core.ApplicationContext.log Manager: list: Listing contexts for virtual host 'localhost'
22-May-2022 15:01:21.392 INFO [http-nio-8090-exec-268] org.apache.catalina.core.ApplicationContext.log Manager: restart: Reloading web application '/Store'
22-May-2022 15:01:23.544 INFO [http-nio-8090-exec-288] org.apache.catalina.core.ApplicationContext.log Manager: list: Listing contexts for virtual host 'localhost'
22-May-2022 15:01:23.558 INFO [http-nio-8090-exec-285] org.apache.catalina.core.ApplicationContext.log Manager: restart: Reloading web application '/Store'
22-May-2022 15:01:25.681 INFO [http-nio-8090-exec-288] org.apache.catalina.core.ApplicationContext.log Manager: list: Listing contexts for virtual host 'localhost'
22-May-2022 15:01:25.698 INFO [http-nio-8090-exec-281] org.apache.catalina.core.ApplicationContext.log Manager: restart: Reloading web application '/Store'
22-May-2022 15:02:11.224 INFO [http-nio-8090-exec-292] org.apache.catalina.core.ApplicationContext.log Manager: list: Listing contexts for virtual host 'localhost'
22-May-2022 15:02:11.241 INFO [http-nio-8090-exec-287] org.apache.catalina.core.ApplicationContext.log Manager: restart: Reloading web application '/Store'
22-May-2022 15:02:33.739 INFO [http-nio-8090-exec-291] org.apache.catalina.core.ApplicationContext.log Manager: list: Listing contexts for virtual host 'localhost'
22-May-2022 15:02:33.752 INFO [http-nio-8090-exec-283] org.apache.catalina.core.ApplicationContext.log Manager: restart: Reloading web application '/Store'
22-May-2022 15:03:22.207 INFO [http-nio-8090-exec-286] org.apache.catalina.core.ApplicationContext.log Manager: list: Listing contexts for virtual host 'localhost'
22-May-2022 15:03:22.222 INFO [http-nio-8090-exec-296] org.apache.catalina.core.ApplicationContext.log Manager: restart: Reloading web application '/Store'
22-May-2022 15:03:24.357 INFO [http-nio-8090-exec-289] org.apache.catalina.core.ApplicationContext.log Manager: list: Listing contexts for virtual host 'localhost'
22-May-2022 15:03:24.372 INFO [http-nio-8090-exec-297] org.apache.catalina.core.ApplicationContext.log Manager: restart: Reloading web application '/Store'
22-May-2022 15:06:54.726 INFO [http-nio-8090-exec-303] org.apache.catalina.core.ApplicationContext.log Manager: list: Listing contexts for virtual host 'localhost'
22-May-2022 15:06:54.743 INFO [http-nio-8090-exec-299] org.apache.catalina.core.ApplicationContext.log Manager: restart: Reloading web application '/Store'
22-May-2022 15:06:57.036 INFO [http-nio-8090-exec-303] org.apache.catalina.core.ApplicationContext.log Manager: list: Listing contexts for virtual host 'localhost'
22-May-2022 15:06:57.051 INFO [http-nio-8090-exec-295] org.apache.catalina.core.ApplicationContext.log Manager: restart: Reloading web application '/Store'
22-May-2022 15:07:42.195 INFO [http-nio-8090-exec-302] org.apache.catalina.core.ApplicationContext.log Manager: list: Listing contexts for virtual host 'localhost'
22-May-2022 15:07:42.212 INFO [http-nio-8090-exec-305] org.apache.catalina.core.ApplicationContext.log Manager: restart: Reloading web application '/Store'
22-May-2022 15:08:28.486 INFO [http-nio-8090-exec-307] org.apache.catalina.core.ApplicationContext.log Manager: list: Listing contexts for virtual host 'localhost'
22-May-2022 15:08:28.500 INFO [http-nio-8090-exec-302] org.apache.catalina.core.ApplicationContext.log Manager: restart: Reloading web application '/Store'
22-May-2022 15:09:37.071 INFO [http-nio-8090-exec-310] org.apache.catalina.core.ApplicationContext.log Manager: list: Listing contexts for virtual host 'localhost'
22-May-2022 15:09:37.086 INFO [http-nio-8090-exec-314] org.apache.catalina.core.ApplicationContext.log Manager: restart: Reloading web application '/Store'
22-May-2022 15:09:40.260 INFO [http-nio-8090-exec-301] org.apache.catalina.core.ApplicationContext.log Manager: list: Listing contexts for virtual host 'localhost'
22-May-2022 15:09:40.275 INFO [http-nio-8090-exec-306] org.apache.catalina.core.ApplicationContext.log Manager: restart: Reloading web application '/Store'
22-May-2022 15:10:53.308 INFO [http-nio-8090-exec-312] org.apache.catalina.core.ApplicationContext.log Manager: list: Listing contexts for virtual host 'localhost'
22-May-2022 15:10:53.325 INFO [http-nio-8090-exec-320] org.apache.catalina.core.ApplicationContext.log Manager: restart: Reloading web application '/Store'
22-May-2022 15:11:16.434 INFO [http-nio-8090-exec-317] org.apache.catalina.core.ApplicationContext.log Manager: list: Listing contexts for virtual host 'localhost'
22-May-2022 15:11:16.449 INFO [http-nio-8090-exec-318] org.apache.catalina.core.ApplicationContext.log Manager: restart: Reloading web application '/Store'
22-May-2022 15:12:43.421 INFO [http-nio-8090-exec-312] org.apache.catalina.core.ApplicationContext.log Manager: list: Listing contexts for virtual host 'localhost'
22-May-2022 15:12:43.434 INFO [http-nio-8090-exec-317] org.apache.catalina.core.ApplicationContext.log Manager: restart: Reloading web application '/Store'
22-May-2022 15:13:56.233 INFO [http-nio-8090-exec-321] org.apache.catalina.core.ApplicationContext.log Manager: list: Listing contexts for virtual host 'localhost'
22-May-2022 15:13:56.252 INFO [http-nio-8090-exec-326] org.apache.catalina.core.ApplicationContext.log Manager: restart: Reloading web application '/Store'
22-May-2022 15:14:26.381 INFO [http-nio-8090-exec-330] org.apache.catalina.core.ApplicationContext.log Manager: list: Listing contexts for virtual host 'localhost'
22-May-2022 15:14:26.398 INFO [http-nio-8090-exec-328] org.apache.catalina.core.ApplicationContext.log Manager: restart: Reloading web application '/Store'
22-May-2022 15:14:57.384 INFO [http-nio-8090-exec-334] org.apache.catalina.core.ApplicationContext.log Manager: list: Listing contexts for virtual host 'localhost'
22-May-2022 15:14:57.405 INFO [http-nio-8090-exec-327] org.apache.catalina.core.ApplicationContext.log Manager: restart: Reloading web application '/Store'
22-May-2022 15:17:01.068 INFO [http-nio-8090-exec-337] org.apache.catalina.core.ApplicationContext.log Manager: list: Listing contexts for virtual host 'localhost'
22-May-2022 15:17:01.085 INFO [http-nio-8090-exec-336] org.apache.catalina.core.ApplicationContext.log Manager: restart: Reloading web application '/Store'
22-May-2022 15:18:08.041 INFO [http-nio-8090-exec-343] org.apache.catalina.core.ApplicationContext.log Manager: list: Listing contexts for virtual host 'localhost'
22-May-2022 15:18:08.061 INFO [http-nio-8090-exec-344] org.apache.catalina.core.ApplicationContext.log Manager: restart: Reloading web application '/Store'
22-May-2022 15:19:04.382 INFO [http-nio-8090-exec-337] org.apache.catalina.core.ApplicationContext.log Manager: list: Listing contexts for virtual host 'localhost'
22-May-2022 15:19:04.398 INFO [http-nio-8090-exec-335] org.apache.catalina.core.ApplicationContext.log Manager: restart: Reloading web application '/Store'
22-May-2022 15:19:51.847 INFO [http-nio-8090-exec-343] org.apache.catalina.core.ApplicationContext.log Manager: list: Listing contexts for virtual host 'localhost'
22-May-2022 15:19:51.863 INFO [http-nio-8090-exec-337] org.apache.catalina.core.ApplicationContext.log Manager: restart: Reloading web application '/Store'
22-May-2022 15:20:35.763 INFO [http-nio-8090-exec-343] org.apache.catalina.core.ApplicationContext.log Manager: list: Listing contexts for virtual host 'localhost'
22-May-2022 15:20:35.777 INFO [http-nio-8090-exec-346] org.apache.catalina.core.ApplicationContext.log Manager: restart: Reloading web application '/Store'
22-May-2022 15:20:52.074 INFO [http-nio-8090-exec-343] org.apache.catalina.core.ApplicationContext.log Manager: list: Listing contexts for virtual host 'localhost'
22-May-2022 15:20:52.088 INFO [http-nio-8090-exec-349] org.apache.catalina.core.ApplicationContext.log Manager: restart: Reloading web application '/Store'
22-May-2022 15:21:31.628 INFO [http-nio-8090-exec-354] org.apache.catalina.core.ApplicationContext.log Manager: list: Listing contexts for virtual host 'localhost'
22-May-2022 15:21:31.644 INFO [http-nio-8090-exec-340] org.apache.catalina.core.ApplicationContext.log Manager: restart: Reloading web application '/Store'
22-May-2022 15:21:33.992 INFO [http-nio-8090-exec-351] org.apache.catalina.core.ApplicationContext.log Manager: list: Listing contexts for virtual host 'localhost'
22-May-2022 15:21:34.009 INFO [http-nio-8090-exec-353] org.apache.catalina.core.ApplicationContext.log Manager: restart: Reloading web application '/Store'
22-May-2022 15:21:53.260 INFO [http-nio-8090-exec-354] org.apache.catalina.core.ApplicationContext.log Manager: list: Listing contexts for virtual host 'localhost'
22-May-2022 15:21:53.276 INFO [http-nio-8090-exec-343] org.apache.catalina.core.ApplicationContext.log Manager: restart: Reloading web application '/Store'
22-May-2022 15:24:16.782 INFO [http-nio-8090-exec-362] org.apache.catalina.core.ApplicationContext.log Manager: list: Listing contexts for virtual host 'localhost'
22-May-2022 15:24:16.811 INFO [http-nio-8090-exec-359] org.apache.catalina.core.ApplicationContext.log Manager: restart: Reloading web application '/Store'
22-May-2022 15:24:36.692 INFO [http-nio-8090-exec-364] org.apache.catalina.core.ApplicationContext.log Manager: list: Listing contexts for virtual host 'localhost'
22-May-2022 15:24:36.714 INFO [http-nio-8090-exec-361] org.apache.catalina.core.ApplicationContext.log Manager: restart: Reloading web application '/Store'
22-May-2022 15:24:52.720 INFO [http-nio-8090-exec-363] org.apache.catalina.core.ApplicationContext.log Manager: list: Listing contexts for virtual host 'localhost'
22-May-2022 15:24:52.735 INFO [http-nio-8090-exec-358] org.apache.catalina.core.ApplicationContext.log Manager: restart: Reloading web application '/Store'
22-May-2022 15:25:42.242 INFO [http-nio-8090-exec-352] org.apache.catalina.core.ApplicationContext.log Manager: list: Listing contexts for virtual host 'localhost'
22-May-2022 15:25:42.257 INFO [http-nio-8090-exec-366] org.apache.catalina.core.ApplicationContext.log Manager: restart: Reloading web application '/Store'
22-May-2022 15:27:06.231 INFO [http-nio-8090-exec-371] org.apache.catalina.core.ApplicationContext.log Manager: list: Listing contexts for virtual host 'localhost'
22-May-2022 15:27:06.327 INFO [http-nio-8090-exec-362] org.apache.catalina.core.ApplicationContext.log Manager: restart: Reloading web application '/Store'
22-May-2022 15:28:27.351 INFO [http-nio-8090-exec-377] org.apache.catalina.core.ApplicationContext.log Manager: list: Listing contexts for virtual host 'localhost'
22-May-2022 15:28:27.379 INFO [http-nio-8090-exec-369] org.apache.catalina.core.ApplicationContext.log Manager: restart: Reloading web application '/Store'
22-May-2022 15:28:41.180 INFO [http-nio-8090-exec-377] org.apache.catalina.core.ApplicationContext.log Manager: list: Listing contexts for virtual host 'localhost'
22-May-2022 15:28:41.197 INFO [http-nio-8090-exec-375] org.apache.catalina.core.ApplicationContext.log Manager: restart: Reloading web application '/Store'
22-May-2022 15:28:51.917 INFO [http-nio-8090-exec-374] org.apache.catalina.core.ApplicationContext.log Manager: list: Listing contexts for virtual host 'localhost'
22-May-2022 15:28:51.935 INFO [http-nio-8090-exec-376] org.apache.catalina.core.ApplicationContext.log Manager: restart: Reloading web application '/Store'
22-May-2022 15:30:12.838 INFO [http-nio-8090-exec-385] org.apache.catalina.core.ApplicationContext.log Manager: list: Listing contexts for virtual host 'localhost'
22-May-2022 15:30:12.852 INFO [http-nio-8090-exec-380] org.apache.catalina.core.ApplicationContext.log Manager: restart: Reloading web application '/Store'
22-May-2022 15:30:19.641 INFO [http-nio-8090-exec-382] org.apache.catalina.core.ApplicationContext.log Manager: list: Listing contexts for virtual host 'localhost'
22-May-2022 15:30:19.654 INFO [http-nio-8090-exec-378] org.apache.catalina.core.ApplicationContext.log Manager: restart: Reloading web application '/Store'
22-May-2022 15:32:37.415 INFO [http-nio-8090-exec-389] org.apache.catalina.core.ApplicationContext.log Manager: list: Listing contexts for virtual host 'localhost'
22-May-2022 15:32:37.433 INFO [http-nio-8090-exec-390] org.apache.catalina.core.ApplicationContext.log Manager: restart: Reloading web application '/Store'
22-May-2022 15:32:39.102 INFO [http-nio-8090-exec-393] org.apache.catalina.core.ApplicationContext.log Manager: list: Listing contexts for virtual host 'localhost'
22-May-2022 15:32:39.117 INFO [http-nio-8090-exec-387] org.apache.catalina.core.ApplicationContext.log Manager: restart: Reloading web application '/Store'
22-May-2022 15:32:48.395 INFO [http-nio-8090-exec-389] org.apache.catalina.core.ApplicationContext.log Manager: list: Listing contexts for virtual host 'localhost'
22-May-2022 15:32:48.410 INFO [http-nio-8090-exec-388] org.apache.catalina.core.ApplicationContext.log Manager: restart: Reloading web application '/Store'
22-May-2022 15:32:56.177 INFO [http-nio-8090-exec-398] org.apache.catalina.core.ApplicationContext.log Manager: list: Listing contexts for virtual host 'localhost'
22-May-2022 15:32:56.191 INFO [http-nio-8090-exec-389] org.apache.catalina.core.ApplicationContext.log Manager: restart: Reloading web application '/Store'
22-May-2022 15:32:59.935 INFO [http-nio-8090-exec-394] org.apache.catalina.core.ApplicationContext.log Manager: list: Listing contexts for virtual host 'localhost'
22-May-2022 15:32:59.952 INFO [http-nio-8090-exec-399] org.apache.catalina.core.ApplicationContext.log Manager: restart: Reloading web application '/Store'
22-May-2022 15:33:02.465 INFO [http-nio-8090-exec-394] org.apache.catalina.core.ApplicationContext.log Manager: list: Listing contexts for virtual host 'localhost'
22-May-2022 15:33:02.480 INFO [http-nio-8090-exec-381] org.apache.catalina.core.ApplicationContext.log Manager: restart: Reloading web application '/Store'
22-May-2022 15:33:07.131 INFO [http-nio-8090-exec-396] org.apache.catalina.core.ApplicationContext.log Manager: list: Listing contexts for virtual host 'localhost'
22-May-2022 15:34:16.086 INFO [http-nio-8090-exec-403] org.apache.catalina.core.ApplicationContext.log Manager: list: Listing contexts for virtual host 'localhost'
22-May-2022 15:34:29.439 INFO [http-nio-8090-exec-381] org.apache.catalina.core.ApplicationContext.log Manager: list: Listing contexts for virtual host 'localhost'
22-May-2022 15:34:45.645 INFO [http-nio-8090-exec-402] org.apache.catalina.core.ApplicationContext.log Manager: list: Listing contexts for virtual host 'localhost'
22-May-2022 15:35:20.082 INFO [http-nio-8090-exec-406] org.apache.catalina.core.ApplicationContext.log Manager: list: Listing contexts for virtual host 'localhost'
22-May-2022 15:35:57.851 INFO [http-nio-8090-exec-403] org.apache.catalina.core.ApplicationContext.log Manager: list: Listing contexts for virtual host 'localhost'
22-May-2022 15:36:08.857 INFO [http-nio-8090-exec-407] org.apache.catalina.core.ApplicationContext.log Manager: list: Listing contexts for virtual host 'localhost'
22-May-2022 15:36:25.236 INFO [http-nio-8090-exec-411] org.apache.catalina.core.ApplicationContext.log Manager: list: Listing contexts for virtual host 'localhost'
22-May-2022 15:37:00.528 INFO [http-nio-8090-exec-404] org.apache.catalina.core.ApplicationContext.log Manager: list: Listing contexts for virtual host 'localhost'
22-May-2022 15:37:08.774 INFO [http-nio-8090-exec-411] org.apache.catalina.core.ApplicationContext.log Manager: list: Listing contexts for virtual host 'localhost'
22-May-2022 15:37:18.493 INFO [http-nio-8090-exec-405] org.apache.catalina.core.ApplicationContext.log Manager: list: Listing contexts for virtual host 'localhost'
22-May-2022 15:37:18.497 INFO [http-nio-8090-exec-409] org.apache.catalina.core.ApplicationContext.log Manager: list: Listing contexts for virtual host 'localhost'
22-May-2022 15:37:18.612 INFO [http-nio-8090-exec-403] org.apache.catalina.core.ApplicationContext.log Manager: restart: Reloading web application '/Store'
22-May-2022 15:39:23.921 INFO [http-nio-8090-exec-421] org.apache.catalina.core.ApplicationContext.log Manager: list: Listing contexts for virtual host 'localhost'
22-May-2022 15:39:23.925 INFO [http-nio-8090-exec-412] org.apache.catalina.core.ApplicationContext.log Manager: list: Listing contexts for virtual host 'localhost'
22-May-2022 15:39:23.965 INFO [http-nio-8090-exec-414] org.apache.catalina.core.ApplicationContext.log Manager: undeploy: Undeploying web application at '/Store'
22-May-2022 15:39:24.541 INFO [http-nio-8090-exec-416] org.apache.catalina.core.ApplicationContext.log Manager: install: Installing context configuration at 'file:/C:/Users/ACERES~1/AppData/Local/Temp/context17867354817947458020.xml'
22-May-2022 15:43:09.155 INFO [http-nio-8090-exec-422] org.apache.catalina.core.ApplicationContext.log Manager: start: Starting web application '/Store'
22-May-2022 16:09:14.510 INFO [http-nio-8090-exec-430] org.apache.catalina.core.ApplicationContext.log Manager: list: Listing contexts for virtual host 'localhost'
22-May-2022 16:09:14.530 INFO [http-nio-8090-exec-429] org.apache.catalina.core.ApplicationContext.log Manager: restart: Reloading web application '/Store'
22-May-2022 16:09:16.332 INFO [http-nio-8090-exec-427] org.apache.catalina.core.ApplicationContext.log Manager: list: Listing contexts for virtual host 'localhost'
22-May-2022 16:09:16.336 INFO [http-nio-8090-exec-431] org.apache.catalina.core.ApplicationContext.log Manager: list: Listing contexts for virtual host 'localhost'
22-May-2022 16:09:16.868 INFO [http-nio-8090-exec-427] org.apache.catalina.core.ApplicationContext.log Manager: restart: Reloading web application '/Store'
22-May-2022 16:10:11.852 INFO [http-nio-8090-exec-435] org.apache.catalina.core.ApplicationContext.log Manager: list: Listing contexts for virtual host 'localhost'
22-May-2022 16:10:11.869 INFO [http-nio-8090-exec-436] org.apache.catalina.core.ApplicationContext.log Manager: restart: Reloading web application '/Store'
22-May-2022 16:11:35.745 INFO [http-nio-8090-exec-444] org.apache.catalina.core.ApplicationContext.log Manager: list: Listing contexts for virtual host 'localhost'
22-May-2022 16:11:35.760 INFO [http-nio-8090-exec-440] org.apache.catalina.core.ApplicationContext.log Manager: restart: Reloading web application '/Store'
22-May-2022 16:11:43.660 INFO [http-nio-8090-exec-441] org.apache.catalina.core.ApplicationContext.log Manager: list: Listing contexts for virtual host 'localhost'
22-May-2022 16:11:43.667 INFO [http-nio-8090-exec-435] org.apache.catalina.core.ApplicationContext.log Manager: list: Listing contexts for virtual host 'localhost'
22-May-2022 16:11:43.789 INFO [http-nio-8090-exec-438] org.apache.catalina.core.ApplicationContext.log Manager: restart: Reloading web application '/Store'
22-May-2022 16:12:03.275 INFO [http-nio-8090-exec-446] org.apache.catalina.core.ApplicationContext.log Manager: list: Listing contexts for virtual host 'localhost'
22-May-2022 16:12:03.315 INFO [http-nio-8090-exec-451] org.apache.catalina.core.ApplicationContext.log Manager: restart: Reloading web application '/Store'
22-May-2022 16:12:10.328 INFO [http-nio-8090-exec-454] org.apache.catalina.core.ApplicationContext.log Manager: list: Listing contexts for virtual host 'localhost'
22-May-2022 16:12:10.334 INFO [http-nio-8090-exec-435] org.apache.catalina.core.ApplicationContext.log Manager: list: Listing contexts for virtual host 'localhost'
22-May-2022 16:12:10.441 INFO [http-nio-8090-exec-442] org.apache.catalina.core.ApplicationContext.log Manager: restart: Reloading web application '/Store'
22-May-2022 16:13:36.005 INFO [http-nio-8090-exec-459] org.apache.catalina.core.ApplicationContext.log Manager: list: Listing contexts for virtual host 'localhost'
22-May-2022 16:13:36.020 INFO [http-nio-8090-exec-458] org.apache.catalina.core.ApplicationContext.log Manager: restart: Reloading web application '/Store'
22-May-2022 16:13:51.167 INFO [http-nio-8090-exec-460] org.apache.catalina.core.ApplicationContext.log Manager: list: Listing contexts for virtual host 'localhost'
22-May-2022 16:13:51.181 INFO [http-nio-8090-exec-461] org.apache.catalina.core.ApplicationContext.log Manager: restart: Reloading web application '/Store'
22-May-2022 16:13:53.574 INFO [http-nio-8090-exec-456] org.apache.catalina.core.ApplicationContext.log Manager: list: Listing contexts for virtual host 'localhost'
22-May-2022 16:13:53.583 INFO [http-nio-8090-exec-462] org.apache.catalina.core.ApplicationContext.log Manager: list: Listing contexts for virtual host 'localhost'
22-May-2022 16:13:53.749 INFO [http-nio-8090-exec-445] org.apache.catalina.core.ApplicationContext.log Manager: restart: Reloading web application '/Store'
22-May-2022 16:14:44.441 INFO [http-nio-8090-exec-472] org.apache.catalina.core.ApplicationContext.log Manager: list: Listing contexts for virtual host 'localhost'
22-May-2022 16:14:44.457 INFO [http-nio-8090-exec-468] org.apache.catalina.core.ApplicationContext.log Manager: restart: Reloading web application '/Store'
22-May-2022 16:14:52.278 INFO [http-nio-8090-exec-475] org.apache.catalina.core.ApplicationContext.log Manager: list: Listing contexts for virtual host 'localhost'
22-May-2022 16:14:52.281 INFO [http-nio-8090-exec-464] org.apache.catalina.core.ApplicationContext.log Manager: list: Listing contexts for virtual host 'localhost'
22-May-2022 16:14:52.392 INFO [http-nio-8090-exec-469] org.apache.catalina.core.ApplicationContext.log Manager: restart: Reloading web application '/Store'
22-May-2022 16:15:12.349 INFO [http-nio-8090-exec-476] org.apache.catalina.core.ApplicationContext.log Manager: list: Listing contexts for virtual host 'localhost'
22-May-2022 16:15:12.375 INFO [http-nio-8090-exec-467] org.apache.catalina.core.ApplicationContext.log Manager: restart: Reloading web application '/Store'
22-May-2022 16:15:59.268 INFO [http-nio-8090-exec-484] org.apache.catalina.core.ApplicationContext.log Manager: list: Listing contexts for virtual host 'localhost'
22-May-2022 16:15:59.274 INFO [http-nio-8090-exec-478] org.apache.catalina.core.ApplicationContext.log Manager: list: Listing contexts for virtual host 'localhost'
22-May-2022 16:15:59.307 INFO [http-nio-8090-exec-464] org.apache.catalina.core.ApplicationContext.log Manager: undeploy: Undeploying web application at '/Store'
22-May-2022 16:15:59.875 INFO [http-nio-8090-exec-484] org.apache.catalina.core.ApplicationContext.log Manager: install: Installing context configuration at 'file:/C:/Users/ACERES~1/AppData/Local/Temp/context11869665935009755436.xml'
22-May-2022 16:16:14.677 INFO [http-nio-8090-exec-467] org.apache.catalina.core.ApplicationContext.log Manager: start: Starting web application '/Store'
22-May-2022 16:17:45.771 INFO [http-nio-8090-exec-490] org.apache.catalina.core.ApplicationContext.log Manager: list: Listing contexts for virtual host 'localhost'
22-May-2022 16:17:45.784 INFO [http-nio-8090-exec-491] org.apache.catalina.core.ApplicationContext.log Manager: restart: Reloading web application '/Store'
22-May-2022 16:17:53.244 INFO [http-nio-8090-exec-487] org.apache.catalina.core.ApplicationContext.log Manager: list: Listing contexts for virtual host 'localhost'
22-May-2022 16:17:53.250 INFO [http-nio-8090-exec-494] org.apache.catalina.core.ApplicationContext.log Manager: list: Listing contexts for virtual host 'localhost'
22-May-2022 16:17:53.376 INFO [http-nio-8090-exec-492] org.apache.catalina.core.ApplicationContext.log Manager: restart: Reloading web application '/Store'
22-May-2022 16:18:16.417 INFO [http-nio-8090-exec-496] org.apache.catalina.core.ApplicationContext.log Manager: list: Listing contexts for virtual host 'localhost'
22-May-2022 16:18:16.463 INFO [http-nio-8090-exec-494] org.apache.catalina.core.ApplicationContext.log Manager: restart: Reloading web application '/Store'
22-May-2022 16:18:17.830 INFO [http-nio-8090-exec-500] org.apache.catalina.core.ApplicationContext.log Manager: list: Listing contexts for virtual host 'localhost'
22-May-2022 16:18:17.834 INFO [http-nio-8090-exec-488] org.apache.catalina.core.ApplicationContext.log Manager: list: Listing contexts for virtual host 'localhost'
22-May-2022 16:18:18.357 INFO [http-nio-8090-exec-499] org.apache.catalina.core.ApplicationContext.log Manager: restart: Reloading web application '/Store'
22-May-2022 21:44:30.873 INFO [http-nio-8090-exec-507] org.apache.catalina.core.ApplicationContext.log Manager: list: Listing contexts for virtual host 'localhost'
22-May-2022 21:44:30.877 INFO [http-nio-8090-exec-506] org.apache.catalina.core.ApplicationContext.log Manager: list: Listing contexts for virtual host 'localhost'
22-May-2022 21:46:00.335 INFO [http-nio-8090-exec-510] org.apache.catalina.core.ApplicationContext.log Manager: list: Listing contexts for virtual host 'localhost'
22-May-2022 21:46:00.437 INFO [http-nio-8090-exec-509] org.apache.catalina.core.ApplicationContext.log Manager: restart: Reloading web application '/Store'
22-May-2022 21:46:04.704 INFO [http-nio-8090-exec-513] org.apache.catalina.core.ApplicationContext.log Manager: list: Listing contexts for virtual host 'localhost'
22-May-2022 21:46:04.759 INFO [http-nio-8090-exec-510] org.apache.catalina.core.ApplicationContext.log Manager: restart: Reloading web application '/Store'
22-May-2022 21:46:21.597 INFO [http-nio-8090-exec-512] org.apache.catalina.core.ApplicationContext.log Manager: list: Listing contexts for virtual host 'localhost'
22-May-2022 21:46:21.612 INFO [http-nio-8090-exec-505] org.apache.catalina.core.ApplicationContext.log Manager: restart: Reloading web application '/Store'
22-May-2022 21:46:31.019 INFO [http-nio-8090-exec-507] org.apache.catalina.core.ApplicationContext.log Manager: list: Listing contexts for virtual host 'localhost'
22-May-2022 21:46:31.035 INFO [http-nio-8090-exec-516] org.apache.catalina.core.ApplicationContext.log Manager: restart: Reloading web application '/Store'
22-May-2022 21:47:24.354 INFO [http-nio-8090-exec-521] org.apache.catalina.core.ApplicationContext.log Manager: list: Listing contexts for virtual host 'localhost'
22-May-2022 21:47:24.369 INFO [http-nio-8090-exec-507] org.apache.catalina.core.ApplicationContext.log Manager: restart: Reloading web application '/Store'
22-May-2022 21:50:15.280 INFO [http-nio-8090-exec-524] org.apache.catalina.core.ApplicationContext.log Manager: list: Listing contexts for virtual host 'localhost'
22-May-2022 21:50:15.296 INFO [http-nio-8090-exec-527] org.apache.catalina.core.ApplicationContext.log Manager: restart: Reloading web application '/Store'
22-May-2022 21:50:28.969 INFO [http-nio-8090-exec-525] org.apache.catalina.core.ApplicationContext.log Manager: list: Listing contexts for virtual host 'localhost'
22-May-2022 21:50:29.008 INFO [http-nio-8090-exec-522] org.apache.catalina.core.ApplicationContext.log Manager: restart: Reloading web application '/Store'
22-May-2022 21:50:36.287 INFO [http-nio-8090-exec-525] org.apache.catalina.core.ApplicationContext.log Manager: list: Listing contexts for virtual host 'localhost'
22-May-2022 21:50:36.309 INFO [http-nio-8090-exec-524] org.apache.catalina.core.ApplicationContext.log Manager: restart: Reloading web application '/Store'
