15-Jun-2022 13:08:17.365 INFO [http-nio-8090-exec-217] org.apache.catalina.core.ApplicationContext.log Manager: list: Listing contexts for virtual host 'localhost'
15-Jun-2022 13:08:17.377 INFO [http-nio-8090-exec-213] org.apache.catalina.core.ApplicationContext.log Manager: list: Listing contexts for virtual host 'localhost'
15-Jun-2022 13:08:19.052 INFO [http-nio-8090-exec-215] org.apache.catalina.core.ApplicationContext.log Manager: undeploy: Undeploying web application at '/Store'
15-Jun-2022 13:08:22.005 INFO [http-nio-8090-exec-217] org.apache.catalina.core.ApplicationContext.log Manager: install: Installing context configuration at 'file:/C:/Users/ACERES~1/AppData/Local/Temp/context5633994079483995587.xml'
15-Jun-2022 13:08:38.704 INFO [http-nio-8090-exec-219] org.apache.catalina.core.ApplicationContext.log Manager: start: Starting web application '/Store'
15-Jun-2022 14:56:26.994 INFO [http-nio-8090-exec-223] org.apache.catalina.core.ApplicationContext.log Manager: list: Listing contexts for virtual host 'localhost'
15-Jun-2022 14:56:27.366 INFO [http-nio-8090-exec-228] org.apache.catalina.core.ApplicationContext.log Manager: list: Listing contexts for virtual host 'localhost'
15-Jun-2022 14:57:37.862 INFO [http-nio-8090-exec-222] org.apache.catalina.core.ApplicationContext.log Manager: list: Listing contexts for virtual host 'localhost'
15-Jun-2022 14:57:41.113 INFO [http-nio-8090-exec-229] org.apache.catalina.core.ApplicationContext.log Manager: list: Listing contexts for virtual host 'localhost'
15-Jun-2022 14:58:22.599 INFO [http-nio-8090-exec-225] org.apache.catalina.core.ApplicationContext.log Manager: list: Listing contexts for virtual host 'localhost'
15-Jun-2022 14:58:57.134 INFO [http-nio-8090-exec-230] org.apache.catalina.core.ApplicationContext.log Manager: list: Listing contexts for virtual host 'localhost'
15-Jun-2022 14:59:23.072 INFO [http-nio-8090-exec-227] org.apache.catalina.core.ApplicationContext.log Manager: list: Listing contexts for virtual host 'localhost'
15-Jun-2022 15:01:24.333 INFO [http-nio-8090-exec-226] org.apache.catalina.core.ApplicationContext.log Manager: list: Listing contexts for virtual host 'localhost'
15-Jun-2022 15:02:06.148 INFO [http-nio-8090-exec-227] org.apache.catalina.core.ApplicationContext.log Manager: list: Listing contexts for virtual host 'localhost'
15-Jun-2022 15:02:18.953 INFO [http-nio-8090-exec-230] org.apache.catalina.core.ApplicationContext.log Manager: list: Listing contexts for virtual host 'localhost'
15-Jun-2022 15:02:29.938 INFO [http-nio-8090-exec-227] org.apache.catalina.core.ApplicationContext.log Manager: list: Listing contexts for virtual host 'localhost'
15-Jun-2022 15:02:43.445 INFO [http-nio-8090-exec-229] org.apache.catalina.core.ApplicationContext.log Manager: list: Listing contexts for virtual host 'localhost'
15-Jun-2022 15:03:21.434 INFO [http-nio-8090-exec-226] org.apache.catalina.core.ApplicationContext.log Manager: list: Listing contexts for virtual host 'localhost'
15-Jun-2022 15:03:27.972 INFO [http-nio-8090-exec-222] org.apache.catalina.core.ApplicationContext.log Manager: list: Listing contexts for virtual host 'localhost'
15-Jun-2022 15:03:27.978 INFO [http-nio-8090-exec-225] org.apache.catalina.core.ApplicationContext.log Manager: list: Listing contexts for virtual host 'localhost'
15-Jun-2022 15:03:28.140 INFO [http-nio-8090-exec-221] org.apache.catalina.core.ApplicationContext.log Manager: undeploy: Undeploying web application at '/Store'
15-Jun-2022 15:03:28.731 INFO [http-nio-8090-exec-222] org.apache.catalina.core.ApplicationContext.log Manager: install: Installing context configuration at 'file:/C:/Users/ACERES~1/AppData/Local/Temp/context15954653143167122876.xml'
15-Jun-2022 15:03:31.065 INFO [http-nio-8090-exec-226] org.apache.catalina.core.ApplicationContext.log Manager: start: Starting web application '/Store'
15-Jun-2022 15:10:15.448 INFO [http-nio-8090-exec-235] org.apache.catalina.core.ApplicationContext.log Manager: list: Listing contexts for virtual host 'localhost'
15-Jun-2022 15:10:56.088 INFO [http-nio-8090-exec-231] org.apache.catalina.core.ApplicationContext.log Manager: list: Listing contexts for virtual host 'localhost'
15-Jun-2022 15:11:02.921 INFO [http-nio-8090-exec-236] org.apache.catalina.core.ApplicationContext.log Manager: list: Listing contexts for virtual host 'localhost'
15-Jun-2022 15:11:10.078 INFO [http-nio-8090-exec-231] org.apache.catalina.core.ApplicationContext.log Manager: list: Listing contexts for virtual host 'localhost'
15-Jun-2022 15:11:29.564 INFO [http-nio-8090-exec-235] org.apache.catalina.core.ApplicationContext.log Manager: list: Listing contexts for virtual host 'localhost'
15-Jun-2022 15:11:31.281 INFO [http-nio-8090-exec-237] org.apache.catalina.core.ApplicationContext.log Manager: list: Listing contexts for virtual host 'localhost'
15-Jun-2022 15:11:35.973 INFO [http-nio-8090-exec-232] org.apache.catalina.core.ApplicationContext.log Manager: list: Listing contexts for virtual host 'localhost'
15-Jun-2022 15:11:57.728 INFO [http-nio-8090-exec-231] org.apache.catalina.core.ApplicationContext.log Manager: list: Listing contexts for virtual host 'localhost'
15-Jun-2022 15:12:08.374 INFO [http-nio-8090-exec-237] org.apache.catalina.core.ApplicationContext.log Manager: list: Listing contexts for virtual host 'localhost'
15-Jun-2022 15:12:11.860 INFO [http-nio-8090-exec-240] org.apache.catalina.core.ApplicationContext.log Manager: list: Listing contexts for virtual host 'localhost'
15-Jun-2022 15:12:11.865 INFO [http-nio-8090-exec-236] org.apache.catalina.core.ApplicationContext.log Manager: list: Listing contexts for virtual host 'localhost'
15-Jun-2022 15:12:11.896 INFO [http-nio-8090-exec-231] org.apache.catalina.core.ApplicationContext.log Manager: undeploy: Undeploying web application at '/Store'
15-Jun-2022 15:12:13.013 INFO [http-nio-8090-exec-236] org.apache.catalina.core.ApplicationContext.log Manager: install: Installing context configuration at 'file:/C:/Users/ACERES~1/AppData/Local/Temp/context8729528334301962751.xml'
15-Jun-2022 15:12:14.738 INFO [http-nio-8090-exec-236] org.apache.catalina.core.ApplicationContext.log Manager: start: Starting web application '/Store'
15-Jun-2022 15:12:49.777 INFO [http-nio-8090-exec-242] org.apache.catalina.core.ApplicationContext.log Manager: list: Listing contexts for virtual host 'localhost'
15-Jun-2022 15:12:51.210 INFO [http-nio-8090-exec-250] org.apache.catalina.core.ApplicationContext.log Manager: list: Listing contexts for virtual host 'localhost'
15-Jun-2022 15:12:51.215 INFO [http-nio-8090-exec-250] org.apache.catalina.core.ApplicationContext.log Manager: list: Listing contexts for virtual host 'localhost'
15-Jun-2022 15:12:51.258 INFO [http-nio-8090-exec-245] org.apache.catalina.core.ApplicationContext.log Manager: undeploy: Undeploying web application at '/Store'
15-Jun-2022 15:12:51.819 INFO [http-nio-8090-exec-244] org.apache.catalina.core.ApplicationContext.log Manager: install: Installing context configuration at 'file:/C:/Users/ACERES~1/AppData/Local/Temp/context11389656460853963705.xml'
15-Jun-2022 15:12:53.296 INFO [http-nio-8090-exec-247] org.apache.catalina.core.ApplicationContext.log Manager: start: Starting web application '/Store'
15-Jun-2022 15:14:25.973 INFO [http-nio-8090-exec-254] org.apache.catalina.core.ApplicationContext.log Manager: list: Listing contexts for virtual host 'localhost'
15-Jun-2022 15:14:30.755 INFO [http-nio-8090-exec-260] org.apache.catalina.core.ApplicationContext.log Manager: list: Listing contexts for virtual host 'localhost'
15-Jun-2022 15:14:39.806 INFO [http-nio-8090-exec-257] org.apache.catalina.core.ApplicationContext.log Manager: list: Listing contexts for virtual host 'localhost'
15-Jun-2022 15:15:26.585 INFO [http-nio-8090-exec-256] org.apache.catalina.core.ApplicationContext.log Manager: list: Listing contexts for virtual host 'localhost'
15-Jun-2022 15:15:56.774 INFO [http-nio-8090-exec-260] org.apache.catalina.core.ApplicationContext.log Manager: list: Listing contexts for virtual host 'localhost'
15-Jun-2022 15:15:56.779 INFO [http-nio-8090-exec-252] org.apache.catalina.core.ApplicationContext.log Manager: list: Listing contexts for virtual host 'localhost'
15-Jun-2022 15:15:56.808 INFO [http-nio-8090-exec-259] org.apache.catalina.core.ApplicationContext.log Manager: undeploy: Undeploying web application at '/Store'
15-Jun-2022 15:15:57.376 INFO [http-nio-8090-exec-258] org.apache.catalina.core.ApplicationContext.log Manager: install: Installing context configuration at 'file:/C:/Users/ACERES~1/AppData/Local/Temp/context13259250088858003450.xml'
15-Jun-2022 15:15:58.921 INFO [http-nio-8090-exec-252] org.apache.catalina.core.ApplicationContext.log Manager: start: Starting web application '/Store'
15-Jun-2022 15:17:26.195 INFO [http-nio-8090-exec-263] org.apache.catalina.core.ApplicationContext.log Manager: list: Listing contexts for virtual host 'localhost'
15-Jun-2022 15:17:32.458 INFO [http-nio-8090-exec-265] org.apache.catalina.core.ApplicationContext.log Manager: list: Listing contexts for virtual host 'localhost'
15-Jun-2022 15:17:40.568 INFO [http-nio-8090-exec-268] org.apache.catalina.core.ApplicationContext.log Manager: list: Listing contexts for virtual host 'localhost'
15-Jun-2022 15:18:06.590 INFO [http-nio-8090-exec-267] org.apache.catalina.core.ApplicationContext.log Manager: list: Listing contexts for virtual host 'localhost'
15-Jun-2022 15:18:35.738 INFO [http-nio-8090-exec-269] org.apache.catalina.core.ApplicationContext.log Manager: list: Listing contexts for virtual host 'localhost'
15-Jun-2022 15:18:35.742 INFO [http-nio-8090-exec-264] org.apache.catalina.core.ApplicationContext.log Manager: list: Listing contexts for virtual host 'localhost'
15-Jun-2022 15:18:35.771 INFO [http-nio-8090-exec-268] org.apache.catalina.core.ApplicationContext.log Manager: undeploy: Undeploying web application at '/Store'
15-Jun-2022 15:18:36.344 INFO [http-nio-8090-exec-270] org.apache.catalina.core.ApplicationContext.log Manager: install: Installing context configuration at 'file:/C:/Users/ACERES~1/AppData/Local/Temp/context15600220693917078063.xml'
15-Jun-2022 15:18:38.103 INFO [http-nio-8090-exec-266] org.apache.catalina.core.ApplicationContext.log Manager: start: Starting web application '/Store'
15-Jun-2022 15:20:14.193 INFO [http-nio-8090-exec-271] org.apache.catalina.core.ApplicationContext.log Manager: list: Listing contexts for virtual host 'localhost'
15-Jun-2022 15:20:17.652 INFO [http-nio-8090-exec-276] org.apache.catalina.core.ApplicationContext.log Manager: list: Listing contexts for virtual host 'localhost'
15-Jun-2022 15:20:17.656 INFO [http-nio-8090-exec-274] org.apache.catalina.core.ApplicationContext.log Manager: list: Listing contexts for virtual host 'localhost'
15-Jun-2022 15:20:17.692 INFO [http-nio-8090-exec-278] org.apache.catalina.core.ApplicationContext.log Manager: undeploy: Undeploying web application at '/Store'
15-Jun-2022 15:20:18.241 INFO [http-nio-8090-exec-274] org.apache.catalina.core.ApplicationContext.log Manager: install: Installing context configuration at 'file:/C:/Users/ACERES~1/AppData/Local/Temp/context17341970820002335288.xml'
15-Jun-2022 15:20:19.714 INFO [http-nio-8090-exec-276] org.apache.catalina.core.ApplicationContext.log Manager: start: Starting web application '/Store'
15-Jun-2022 15:20:50.449 INFO [http-nio-8090-exec-287] org.apache.catalina.core.ApplicationContext.log Manager: list: Listing contexts for virtual host 'localhost'
15-Jun-2022 15:21:07.629 INFO [http-nio-8090-exec-286] org.apache.catalina.core.ApplicationContext.log Manager: list: Listing contexts for virtual host 'localhost'
15-Jun-2022 15:21:10.588 INFO [http-nio-8090-exec-290] org.apache.catalina.core.ApplicationContext.log Manager: list: Listing contexts for virtual host 'localhost'
15-Jun-2022 15:21:10.593 INFO [http-nio-8090-exec-284] org.apache.catalina.core.ApplicationContext.log Manager: list: Listing contexts for virtual host 'localhost'
15-Jun-2022 15:21:10.680 INFO [http-nio-8090-exec-287] org.apache.catalina.core.ApplicationContext.log Manager: undeploy: Undeploying web application at '/Store'
15-Jun-2022 15:21:11.250 INFO [http-nio-8090-exec-283] org.apache.catalina.core.ApplicationContext.log Manager: install: Installing context configuration at 'file:/C:/Users/ACERES~1/AppData/Local/Temp/context9520788820578456305.xml'
15-Jun-2022 15:21:13.020 INFO [http-nio-8090-exec-286] org.apache.catalina.core.ApplicationContext.log Manager: start: Starting web application '/Store'
15-Jun-2022 15:24:00.393 INFO [http-nio-8090-exec-296] org.apache.catalina.core.ApplicationContext.log Manager: list: Listing contexts for virtual host 'localhost'
15-Jun-2022 15:24:10.247 INFO [http-nio-8090-exec-292] org.apache.catalina.core.ApplicationContext.log Manager: list: Listing contexts for virtual host 'localhost'
15-Jun-2022 15:24:19.615 INFO [http-nio-8090-exec-293] org.apache.catalina.core.ApplicationContext.log Manager: list: Listing contexts for virtual host 'localhost'
15-Jun-2022 15:24:21.495 INFO [http-nio-8090-exec-300] org.apache.catalina.core.ApplicationContext.log Manager: list: Listing contexts for virtual host 'localhost'
15-Jun-2022 15:25:20.413 INFO [http-nio-8090-exec-294] org.apache.catalina.core.ApplicationContext.log Manager: list: Listing contexts for virtual host 'localhost'
15-Jun-2022 15:25:29.607 INFO [http-nio-8090-exec-295] org.apache.catalina.core.ApplicationContext.log Manager: list: Listing contexts for virtual host 'localhost'
15-Jun-2022 15:25:29.611 INFO [http-nio-8090-exec-299] org.apache.catalina.core.ApplicationContext.log Manager: list: Listing contexts for virtual host 'localhost'
15-Jun-2022 15:25:29.711 INFO [http-nio-8090-exec-298] org.apache.catalina.core.ApplicationContext.log Manager: undeploy: Undeploying web application at '/Store'
15-Jun-2022 15:25:30.280 INFO [http-nio-8090-exec-294] org.apache.catalina.core.ApplicationContext.log Manager: install: Installing context configuration at 'file:/C:/Users/ACERES~1/AppData/Local/Temp/context5397984919863807288.xml'
15-Jun-2022 15:25:31.962 INFO [http-nio-8090-exec-299] org.apache.catalina.core.ApplicationContext.log Manager: start: Starting web application '/Store'
15-Jun-2022 15:27:13.797 INFO [http-nio-8090-exec-304] org.apache.catalina.core.ApplicationContext.log Manager: list: Listing contexts for virtual host 'localhost'
15-Jun-2022 15:27:16.870 INFO [http-nio-8090-exec-307] org.apache.catalina.core.ApplicationContext.log Manager: list: Listing contexts for virtual host 'localhost'
15-Jun-2022 15:27:47.759 INFO [http-nio-8090-exec-308] org.apache.catalina.core.ApplicationContext.log Manager: list: Listing contexts for virtual host 'localhost'
15-Jun-2022 15:27:51.731 INFO [http-nio-8090-exec-307] org.apache.catalina.core.ApplicationContext.log Manager: list: Listing contexts for virtual host 'localhost'
15-Jun-2022 15:28:08.011 INFO [http-nio-8090-exec-305] org.apache.catalina.core.ApplicationContext.log Manager: list: Listing contexts for virtual host 'localhost'
15-Jun-2022 15:28:09.425 INFO [http-nio-8090-exec-305] org.apache.catalina.core.ApplicationContext.log Manager: list: Listing contexts for virtual host 'localhost'
15-Jun-2022 15:28:09.433 INFO [http-nio-8090-exec-301] org.apache.catalina.core.ApplicationContext.log Manager: list: Listing contexts for virtual host 'localhost'
15-Jun-2022 15:28:09.477 INFO [http-nio-8090-exec-305] org.apache.catalina.core.ApplicationContext.log Manager: undeploy: Undeploying web application at '/Store'
15-Jun-2022 15:28:10.023 INFO [http-nio-8090-exec-306] org.apache.catalina.core.ApplicationContext.log Manager: install: Installing context configuration at 'file:/C:/Users/ACERES~1/AppData/Local/Temp/context12731406463851000692.xml'
15-Jun-2022 15:28:11.869 INFO [http-nio-8090-exec-307] org.apache.catalina.core.ApplicationContext.log Manager: start: Starting web application '/Store'
15-Jun-2022 15:28:43.216 INFO [http-nio-8090-exec-314] org.apache.catalina.core.ApplicationContext.log Manager: list: Listing contexts for virtual host 'localhost'
15-Jun-2022 15:28:44.529 INFO [http-nio-8090-exec-312] org.apache.catalina.core.ApplicationContext.log Manager: list: Listing contexts for virtual host 'localhost'
15-Jun-2022 15:28:47.630 INFO [http-nio-8090-exec-311] org.apache.catalina.core.ApplicationContext.log Manager: list: Listing contexts for virtual host 'localhost'
15-Jun-2022 15:28:47.635 INFO [http-nio-8090-exec-307] org.apache.catalina.core.ApplicationContext.log Manager: list: Listing contexts for virtual host 'localhost'
15-Jun-2022 15:28:47.665 INFO [http-nio-8090-exec-313] org.apache.catalina.core.ApplicationContext.log Manager: undeploy: Undeploying web application at '/Store'
15-Jun-2022 15:28:48.778 INFO [http-nio-8090-exec-318] org.apache.catalina.core.ApplicationContext.log Manager: install: Installing context configuration at 'file:/C:/Users/ACERES~1/AppData/Local/Temp/context8804343635242613110.xml'
15-Jun-2022 15:28:50.176 INFO [http-nio-8090-exec-307] org.apache.catalina.core.ApplicationContext.log Manager: start: Starting web application '/Store'
15-Jun-2022 15:30:11.876 INFO [http-nio-8090-exec-319] org.apache.catalina.core.ApplicationContext.log Manager: list: Listing contexts for virtual host 'localhost'
15-Jun-2022 15:30:19.776 INFO [http-nio-8090-exec-322] org.apache.catalina.core.ApplicationContext.log Manager: list: Listing contexts for virtual host 'localhost'
15-Jun-2022 15:30:19.780 INFO [http-nio-8090-exec-319] org.apache.catalina.core.ApplicationContext.log Manager: list: Listing contexts for virtual host 'localhost'
15-Jun-2022 15:30:19.812 INFO [http-nio-8090-exec-325] org.apache.catalina.core.ApplicationContext.log Manager: undeploy: Undeploying web application at '/Store'
15-Jun-2022 15:30:20.391 INFO [http-nio-8090-exec-319] org.apache.catalina.core.ApplicationContext.log Manager: install: Installing context configuration at 'file:/C:/Users/ACERES~1/AppData/Local/Temp/context7521759078014623901.xml'
15-Jun-2022 15:30:22.279 INFO [http-nio-8090-exec-326] org.apache.catalina.core.ApplicationContext.log Manager: start: Starting web application '/Store'
15-Jun-2022 15:54:05.313 INFO [http-nio-8090-exec-330] org.apache.catalina.core.ApplicationContext.log Manager: list: Listing contexts for virtual host 'localhost'
15-Jun-2022 15:56:18.952 INFO [http-nio-8090-exec-334] org.apache.catalina.core.ApplicationContext.log Manager: list: Listing contexts for virtual host 'localhost'
15-Jun-2022 15:56:20.084 INFO [http-nio-8090-exec-335] org.apache.catalina.core.ApplicationContext.log Manager: list: Listing contexts for virtual host 'localhost'
15-Jun-2022 15:56:37.497 INFO [http-nio-8090-exec-337] org.apache.catalina.core.ApplicationContext.log Manager: list: Listing contexts for virtual host 'localhost'
15-Jun-2022 15:56:40.891 INFO [http-nio-8090-exec-332] org.apache.catalina.core.ApplicationContext.log Manager: list: Listing contexts for virtual host 'localhost'
15-Jun-2022 15:56:45.863 INFO [http-nio-8090-exec-338] org.apache.catalina.core.ApplicationContext.log Manager: list: Listing contexts for virtual host 'localhost'
15-Jun-2022 15:58:17.779 INFO [http-nio-8090-exec-331] org.apache.catalina.core.ApplicationContext.log Manager: list: Listing contexts for virtual host 'localhost'
15-Jun-2022 15:58:17.782 INFO [http-nio-8090-exec-334] org.apache.catalina.core.ApplicationContext.log Manager: list: Listing contexts for virtual host 'localhost'
15-Jun-2022 15:58:17.812 INFO [http-nio-8090-exec-330] org.apache.catalina.core.ApplicationContext.log Manager: undeploy: Undeploying web application at '/Store'
15-Jun-2022 15:58:18.365 INFO [http-nio-8090-exec-332] org.apache.catalina.core.ApplicationContext.log Manager: install: Installing context configuration at 'file:/C:/Users/ACERES~1/AppData/Local/Temp/context17670738649846960760.xml'
15-Jun-2022 15:58:20.145 INFO [http-nio-8090-exec-333] org.apache.catalina.core.ApplicationContext.log Manager: start: Starting web application '/Store'
15-Jun-2022 15:59:39.023 INFO [http-nio-8090-exec-339] org.apache.catalina.core.ApplicationContext.log Manager: list: Listing contexts for virtual host 'localhost'
15-Jun-2022 15:59:42.005 INFO [http-nio-8090-exec-347] org.apache.catalina.core.ApplicationContext.log Manager: list: Listing contexts for virtual host 'localhost'
15-Jun-2022 15:59:49.675 INFO [http-nio-8090-exec-345] org.apache.catalina.core.ApplicationContext.log Manager: list: Listing contexts for virtual host 'localhost'
15-Jun-2022 16:01:03.511 INFO [http-nio-8090-exec-344] org.apache.catalina.core.ApplicationContext.log Manager: list: Listing contexts for virtual host 'localhost'
15-Jun-2022 16:01:13.443 INFO [http-nio-8090-exec-347] org.apache.catalina.core.ApplicationContext.log Manager: list: Listing contexts for virtual host 'localhost'
15-Jun-2022 16:01:48.825 INFO [http-nio-8090-exec-340] org.apache.catalina.core.ApplicationContext.log Manager: list: Listing contexts for virtual host 'localhost'
15-Jun-2022 16:02:14.789 INFO [http-nio-8090-exec-347] org.apache.catalina.core.ApplicationContext.log Manager: list: Listing contexts for virtual host 'localhost'
15-Jun-2022 16:02:50.120 INFO [http-nio-8090-exec-345] org.apache.catalina.core.ApplicationContext.log Manager: list: Listing contexts for virtual host 'localhost'
15-Jun-2022 16:02:50.127 INFO [http-nio-8090-exec-346] org.apache.catalina.core.ApplicationContext.log Manager: list: Listing contexts for virtual host 'localhost'
15-Jun-2022 16:02:50.181 INFO [http-nio-8090-exec-342] org.apache.catalina.core.ApplicationContext.log Manager: undeploy: Undeploying web application at '/Store'
15-Jun-2022 16:02:51.267 INFO [http-nio-8090-exec-340] org.apache.catalina.core.ApplicationContext.log Manager: install: Installing context configuration at 'file:/C:/Users/ACERES~1/AppData/Local/Temp/context16207933274254324936.xml'
15-Jun-2022 16:12:59.956 INFO [http-nio-8090-exec-349] org.apache.catalina.core.ApplicationContext.log Manager: start: Starting web application '/Store'
15-Jun-2022 16:18:18.285 INFO [http-nio-8090-exec-357] org.apache.catalina.core.ApplicationContext.log Manager: list: Listing contexts for virtual host 'localhost'
15-Jun-2022 16:18:18.299 INFO [http-nio-8090-exec-349] org.apache.catalina.core.ApplicationContext.log Manager: restart: Reloading web application '/Store'
15-Jun-2022 16:18:19.426 INFO [http-nio-8090-exec-358] org.apache.catalina.core.ApplicationContext.log Manager: list: Listing contexts for virtual host 'localhost'
15-Jun-2022 16:18:19.464 INFO [http-nio-8090-exec-357] org.apache.catalina.core.ApplicationContext.log Manager: list: Listing contexts for virtual host 'localhost'
15-Jun-2022 16:18:20.604 INFO [http-nio-8090-exec-359] org.apache.catalina.core.ApplicationContext.log Manager: undeploy: Undeploying web application at '/Store'
15-Jun-2022 16:18:21.154 INFO [http-nio-8090-exec-351] org.apache.catalina.core.ApplicationContext.log Manager: install: Installing context configuration at 'file:/C:/Users/ACERES~1/AppData/Local/Temp/context14790321123640917067.xml'
15-Jun-2022 16:18:22.540 INFO [http-nio-8090-exec-356] org.apache.catalina.core.ApplicationContext.log Manager: start: Starting web application '/Store'
15-Jun-2022 16:26:13.441 INFO [http-nio-8090-exec-361] org.apache.catalina.core.ApplicationContext.log Manager: list: Listing contexts for virtual host 'localhost'
15-Jun-2022 16:26:13.457 INFO [http-nio-8090-exec-368] org.apache.catalina.core.ApplicationContext.log Manager: restart: Reloading web application '/Store'
15-Jun-2022 16:26:38.653 INFO [http-nio-8090-exec-365] org.apache.catalina.core.ApplicationContext.log Manager: list: Listing contexts for virtual host 'localhost'
15-Jun-2022 16:26:38.668 INFO [http-nio-8090-exec-363] org.apache.catalina.core.ApplicationContext.log Manager: restart: Reloading web application '/Store'
15-Jun-2022 16:27:05.134 INFO [http-nio-8090-exec-365] org.apache.catalina.core.ApplicationContext.log Manager: list: Listing contexts for virtual host 'localhost'
15-Jun-2022 16:27:05.154 INFO [http-nio-8090-exec-372] org.apache.catalina.core.ApplicationContext.log Manager: restart: Reloading web application '/Store'
15-Jun-2022 16:27:30.171 INFO [http-nio-8090-exec-365] org.apache.catalina.core.ApplicationContext.log Manager: list: Listing contexts for virtual host 'localhost'
15-Jun-2022 16:27:30.187 INFO [http-nio-8090-exec-373] org.apache.catalina.core.ApplicationContext.log Manager: restart: Reloading web application '/Store'
15-Jun-2022 16:27:53.930 INFO [http-nio-8090-exec-365] org.apache.catalina.core.ApplicationContext.log Manager: list: Listing contexts for virtual host 'localhost'
15-Jun-2022 16:27:53.944 INFO [http-nio-8090-exec-369] org.apache.catalina.core.ApplicationContext.log Manager: restart: Reloading web application '/Store'
15-Jun-2022 16:27:56.333 INFO [http-nio-8090-exec-366] org.apache.catalina.core.ApplicationContext.log Manager: list: Listing contexts for virtual host 'localhost'
15-Jun-2022 16:27:56.349 INFO [http-nio-8090-exec-370] org.apache.catalina.core.ApplicationContext.log Manager: restart: Reloading web application '/Store'
15-Jun-2022 16:28:20.286 INFO [http-nio-8090-exec-365] org.apache.catalina.core.ApplicationContext.log Manager: list: Listing contexts for virtual host 'localhost'
15-Jun-2022 16:28:20.290 INFO [http-nio-8090-exec-364] org.apache.catalina.core.ApplicationContext.log Manager: list: Listing contexts for virtual host 'localhost'
15-Jun-2022 16:28:20.406 INFO [http-nio-8090-exec-376] org.apache.catalina.core.ApplicationContext.log Manager: undeploy: Undeploying web application at '/Store'
15-Jun-2022 16:28:20.985 INFO [http-nio-8090-exec-380] org.apache.catalina.core.ApplicationContext.log Manager: install: Installing context configuration at 'file:/C:/Users/ACERES~1/AppData/Local/Temp/context15925031909014257453.xml'
15-Jun-2022 16:28:25.655 INFO [http-nio-8090-exec-367] org.apache.catalina.core.ApplicationContext.log Manager: start: Starting web application '/Store'
15-Jun-2022 16:32:24.148 INFO [http-nio-8090-exec-383] org.apache.catalina.core.ApplicationContext.log Manager: list: Listing contexts for virtual host 'localhost'
15-Jun-2022 16:39:37.491 INFO [http-nio-8090-exec-389] org.apache.catalina.core.ApplicationContext.log Manager: list: Listing contexts for virtual host 'localhost'
15-Jun-2022 16:39:37.506 INFO [http-nio-8090-exec-385] org.apache.catalina.core.ApplicationContext.log Manager: restart: Reloading web application '/Store'
15-Jun-2022 16:39:43.437 INFO [http-nio-8090-exec-389] org.apache.catalina.core.ApplicationContext.log Manager: list: Listing contexts for virtual host 'localhost'
15-Jun-2022 16:39:43.452 INFO [http-nio-8090-exec-392] org.apache.catalina.core.ApplicationContext.log Manager: restart: Reloading web application '/Store'
15-Jun-2022 16:39:57.563 INFO [http-nio-8090-exec-394] org.apache.catalina.core.ApplicationContext.log Manager: list: Listing contexts for virtual host 'localhost'
15-Jun-2022 16:39:57.580 INFO [http-nio-8090-exec-390] org.apache.catalina.core.ApplicationContext.log Manager: restart: Reloading web application '/Store'
15-Jun-2022 16:40:01.866 INFO [http-nio-8090-exec-389] org.apache.catalina.core.ApplicationContext.log Manager: list: Listing contexts for virtual host 'localhost'
15-Jun-2022 16:40:01.881 INFO [http-nio-8090-exec-386] org.apache.catalina.core.ApplicationContext.log Manager: restart: Reloading web application '/Store'
15-Jun-2022 16:40:12.296 INFO [http-nio-8090-exec-400] org.apache.catalina.core.ApplicationContext.log Manager: list: Listing contexts for virtual host 'localhost'
15-Jun-2022 16:40:12.312 INFO [http-nio-8090-exec-389] org.apache.catalina.core.ApplicationContext.log Manager: restart: Reloading web application '/Store'
15-Jun-2022 16:41:13.751 INFO [http-nio-8090-exec-401] org.apache.catalina.core.ApplicationContext.log Manager: list: Listing contexts for virtual host 'localhost'
15-Jun-2022 16:41:13.766 INFO [http-nio-8090-exec-388] org.apache.catalina.core.ApplicationContext.log Manager: restart: Reloading web application '/Store'
15-Jun-2022 16:41:32.419 INFO [http-nio-8090-exec-393] org.apache.catalina.core.ApplicationContext.log Manager: list: Listing contexts for virtual host 'localhost'
15-Jun-2022 16:41:32.430 INFO [http-nio-8090-exec-403] org.apache.catalina.core.ApplicationContext.log Manager: restart: Reloading web application '/Store'
15-Jun-2022 16:41:54.829 INFO [http-nio-8090-exec-401] org.apache.catalina.core.ApplicationContext.log Manager: list: Listing contexts for virtual host 'localhost'
15-Jun-2022 16:41:54.841 INFO [http-nio-8090-exec-404] org.apache.catalina.core.ApplicationContext.log Manager: restart: Reloading web application '/Store'
15-Jun-2022 16:42:03.143 INFO [http-nio-8090-exec-406] org.apache.catalina.core.ApplicationContext.log Manager: list: Listing contexts for virtual host 'localhost'
15-Jun-2022 16:42:03.157 INFO [http-nio-8090-exec-399] org.apache.catalina.core.ApplicationContext.log Manager: restart: Reloading web application '/Store'
15-Jun-2022 16:42:14.610 INFO [http-nio-8090-exec-406] org.apache.catalina.core.ApplicationContext.log Manager: list: Listing contexts for virtual host 'localhost'
15-Jun-2022 16:42:14.626 INFO [http-nio-8090-exec-408] org.apache.catalina.core.ApplicationContext.log Manager: restart: Reloading web application '/Store'
15-Jun-2022 16:42:45.157 INFO [http-nio-8090-exec-409] org.apache.catalina.core.ApplicationContext.log Manager: list: Listing contexts for virtual host 'localhost'
15-Jun-2022 16:42:45.174 INFO [http-nio-8090-exec-411] org.apache.catalina.core.ApplicationContext.log Manager: restart: Reloading web application '/Store'
15-Jun-2022 16:43:00.074 INFO [http-nio-8090-exec-409] org.apache.catalina.core.ApplicationContext.log Manager: list: Listing contexts for virtual host 'localhost'
15-Jun-2022 16:43:00.088 INFO [http-nio-8090-exec-401] org.apache.catalina.core.ApplicationContext.log Manager: restart: Reloading web application '/Store'
15-Jun-2022 16:44:19.518 INFO [http-nio-8090-exec-391] org.apache.catalina.core.ApplicationContext.log Manager: list: Listing contexts for virtual host 'localhost'
15-Jun-2022 16:44:19.523 INFO [http-nio-8090-exec-417] org.apache.catalina.core.ApplicationContext.log Manager: list: Listing contexts for virtual host 'localhost'
15-Jun-2022 16:44:19.662 INFO [http-nio-8090-exec-418] org.apache.catalina.core.ApplicationContext.log Manager: undeploy: Undeploying web application at '/Store'
15-Jun-2022 16:44:20.234 INFO [http-nio-8090-exec-407] org.apache.catalina.core.ApplicationContext.log Manager: install: Installing context configuration at 'file:/C:/Users/ACERES~1/AppData/Local/Temp/context4743773291356242788.xml'
15-Jun-2022 16:49:55.094 INFO [http-nio-8090-exec-421] org.apache.catalina.core.ApplicationContext.log Manager: start: Starting web application '/Store'
15-Jun-2022 16:51:04.025 INFO [http-nio-8090-exec-428] org.apache.catalina.core.ApplicationContext.log Manager: list: Listing contexts for virtual host 'localhost'
15-Jun-2022 16:51:28.297 INFO [http-nio-8090-exec-425] org.apache.catalina.core.ApplicationContext.log Manager: list: Listing contexts for virtual host 'localhost'
15-Jun-2022 16:51:59.566 INFO [http-nio-8090-exec-428] org.apache.catalina.core.ApplicationContext.log Manager: list: Listing contexts for virtual host 'localhost'
15-Jun-2022 16:52:14.202 INFO [http-nio-8090-exec-427] org.apache.catalina.core.ApplicationContext.log Manager: list: Listing contexts for virtual host 'localhost'
15-Jun-2022 16:52:27.002 INFO [http-nio-8090-exec-426] org.apache.catalina.core.ApplicationContext.log Manager: list: Listing contexts for virtual host 'localhost'
15-Jun-2022 16:52:40.951 INFO [http-nio-8090-exec-429] org.apache.catalina.core.ApplicationContext.log Manager: list: Listing contexts for virtual host 'localhost'
15-Jun-2022 16:52:53.904 INFO [http-nio-8090-exec-430] org.apache.catalina.core.ApplicationContext.log Manager: list: Listing contexts for virtual host 'localhost'
15-Jun-2022 16:53:15.517 INFO [http-nio-8090-exec-428] org.apache.catalina.core.ApplicationContext.log Manager: list: Listing contexts for virtual host 'localhost'
15-Jun-2022 16:53:28.315 INFO [http-nio-8090-exec-427] org.apache.catalina.core.ApplicationContext.log Manager: list: Listing contexts for virtual host 'localhost'
15-Jun-2022 16:53:28.318 INFO [http-nio-8090-exec-429] org.apache.catalina.core.ApplicationContext.log Manager: list: Listing contexts for virtual host 'localhost'
15-Jun-2022 16:53:28.432 INFO [http-nio-8090-exec-421] org.apache.catalina.core.ApplicationContext.log Manager: undeploy: Undeploying web application at '/Store'
15-Jun-2022 16:53:29.036 INFO [http-nio-8090-exec-426] org.apache.catalina.core.ApplicationContext.log Manager: install: Installing context configuration at 'file:/C:/Users/ACERES~1/AppData/Local/Temp/context9132353389656719517.xml'
15-Jun-2022 16:53:30.475 INFO [http-nio-8090-exec-423] org.apache.catalina.core.ApplicationContext.log Manager: start: Starting web application '/Store'
15-Jun-2022 16:53:51.874 INFO [http-nio-8090-exec-437] org.apache.catalina.core.ApplicationContext.log Manager: list: Listing contexts for virtual host 'localhost'
15-Jun-2022 16:53:54.671 INFO [http-nio-8090-exec-432] org.apache.catalina.core.ApplicationContext.log Manager: list: Listing contexts for virtual host 'localhost'
15-Jun-2022 16:53:54.676 INFO [http-nio-8090-exec-433] org.apache.catalina.core.ApplicationContext.log Manager: list: Listing contexts for virtual host 'localhost'
15-Jun-2022 16:53:54.706 INFO [http-nio-8090-exec-437] org.apache.catalina.core.ApplicationContext.log Manager: undeploy: Undeploying web application at '/Store'
15-Jun-2022 16:53:55.267 INFO [http-nio-8090-exec-436] org.apache.catalina.core.ApplicationContext.log Manager: install: Installing context configuration at 'file:/C:/Users/ACERES~1/AppData/Local/Temp/context4237853779085872044.xml'
15-Jun-2022 16:53:56.716 INFO [http-nio-8090-exec-438] org.apache.catalina.core.ApplicationContext.log Manager: start: Starting web application '/Store'
15-Jun-2022 17:00:04.020 INFO [http-nio-8090-exec-442] org.apache.catalina.core.ApplicationContext.log Manager: list: Listing contexts for virtual host 'localhost'
15-Jun-2022 17:00:04.037 INFO [http-nio-8090-exec-448] org.apache.catalina.core.ApplicationContext.log Manager: restart: Reloading web application '/Store'
15-Jun-2022 17:00:12.326 INFO [http-nio-8090-exec-444] org.apache.catalina.core.ApplicationContext.log Manager: list: Listing contexts for virtual host 'localhost'
15-Jun-2022 17:00:12.338 INFO [http-nio-8090-exec-450] org.apache.catalina.core.ApplicationContext.log Manager: restart: Reloading web application '/Store'
15-Jun-2022 17:00:20.959 INFO [http-nio-8090-exec-452] org.apache.catalina.core.ApplicationContext.log Manager: list: Listing contexts for virtual host 'localhost'
15-Jun-2022 17:00:20.972 INFO [http-nio-8090-exec-447] org.apache.catalina.core.ApplicationContext.log Manager: restart: Reloading web application '/Store'
15-Jun-2022 17:00:23.335 INFO [http-nio-8090-exec-441] org.apache.catalina.core.ApplicationContext.log Manager: list: Listing contexts for virtual host 'localhost'
15-Jun-2022 17:00:23.348 INFO [http-nio-8090-exec-453] org.apache.catalina.core.ApplicationContext.log Manager: restart: Reloading web application '/Store'
15-Jun-2022 17:00:41.160 INFO [http-nio-8090-exec-440] org.apache.catalina.core.ApplicationContext.log Manager: list: Listing contexts for virtual host 'localhost'
15-Jun-2022 17:00:41.175 INFO [http-nio-8090-exec-444] org.apache.catalina.core.ApplicationContext.log Manager: restart: Reloading web application '/Store'
15-Jun-2022 17:00:43.117 INFO [http-nio-8090-exec-451] org.apache.catalina.core.ApplicationContext.log Manager: list: Listing contexts for virtual host 'localhost'
15-Jun-2022 17:00:43.123 INFO [http-nio-8090-exec-455] org.apache.catalina.core.ApplicationContext.log Manager: list: Listing contexts for virtual host 'localhost'
15-Jun-2022 17:00:43.158 INFO [http-nio-8090-exec-449] org.apache.catalina.core.ApplicationContext.log Manager: undeploy: Undeploying web application at '/Store'
15-Jun-2022 17:00:43.708 INFO [http-nio-8090-exec-446] org.apache.catalina.core.ApplicationContext.log Manager: install: Installing context configuration at 'file:/C:/Users/ACERES~1/AppData/Local/Temp/context2775540377105737562.xml'
15-Jun-2022 17:00:45.199 INFO [http-nio-8090-exec-451] org.apache.catalina.core.ApplicationContext.log Manager: start: Starting web application '/Store'
15-Jun-2022 17:03:38.390 INFO [http-nio-8090-exec-464] org.apache.catalina.core.ApplicationContext.log Manager: list: Listing contexts for virtual host 'localhost'
15-Jun-2022 17:03:38.405 INFO [http-nio-8090-exec-466] org.apache.catalina.core.ApplicationContext.log Manager: restart: Reloading web application '/Store'
15-Jun-2022 17:03:40.931 INFO [http-nio-8090-exec-458] org.apache.catalina.core.ApplicationContext.log Manager: list: Listing contexts for virtual host 'localhost'
15-Jun-2022 17:03:40.944 INFO [http-nio-8090-exec-467] org.apache.catalina.core.ApplicationContext.log Manager: restart: Reloading web application '/Store'
15-Jun-2022 17:04:46.736 INFO [http-nio-8090-exec-463] org.apache.catalina.core.ApplicationContext.log Manager: list: Listing contexts for virtual host 'localhost'
15-Jun-2022 17:04:46.758 INFO [http-nio-8090-exec-461] org.apache.catalina.core.ApplicationContext.log Manager: restart: Reloading web application '/Store'
15-Jun-2022 17:05:20.146 INFO [http-nio-8090-exec-469] org.apache.catalina.core.ApplicationContext.log Manager: list: Listing contexts for virtual host 'localhost'
15-Jun-2022 17:05:20.158 INFO [http-nio-8090-exec-471] org.apache.catalina.core.ApplicationContext.log Manager: restart: Reloading web application '/Store'
15-Jun-2022 17:05:30.822 INFO [http-nio-8090-exec-469] org.apache.catalina.core.ApplicationContext.log Manager: list: Listing contexts for virtual host 'localhost'
15-Jun-2022 17:05:30.836 INFO [http-nio-8090-exec-472] org.apache.catalina.core.ApplicationContext.log Manager: restart: Reloading web application '/Store'
15-Jun-2022 17:05:38.201 INFO [http-nio-8090-exec-469] org.apache.catalina.core.ApplicationContext.log Manager: list: Listing contexts for virtual host 'localhost'
15-Jun-2022 17:05:38.212 INFO [http-nio-8090-exec-465] org.apache.catalina.core.ApplicationContext.log Manager: restart: Reloading web application '/Store'
15-Jun-2022 17:05:48.506 INFO [http-nio-8090-exec-469] org.apache.catalina.core.ApplicationContext.log Manager: list: Listing contexts for virtual host 'localhost'
15-Jun-2022 17:05:48.519 INFO [http-nio-8090-exec-463] org.apache.catalina.core.ApplicationContext.log Manager: restart: Reloading web application '/Store'
15-Jun-2022 17:05:57.094 INFO [http-nio-8090-exec-460] org.apache.catalina.core.ApplicationContext.log Manager: list: Listing contexts for virtual host 'localhost'
15-Jun-2022 17:05:57.108 INFO [http-nio-8090-exec-469] org.apache.catalina.core.ApplicationContext.log Manager: restart: Reloading web application '/Store'
15-Jun-2022 17:06:25.911 INFO [http-nio-8090-exec-483] org.apache.catalina.core.ApplicationContext.log Manager: list: Listing contexts for virtual host 'localhost'
15-Jun-2022 17:06:25.935 INFO [http-nio-8090-exec-474] org.apache.catalina.core.ApplicationContext.log Manager: restart: Reloading web application '/Store'
15-Jun-2022 17:06:36.561 INFO [http-nio-8090-exec-479] org.apache.catalina.core.ApplicationContext.log Manager: list: Listing contexts for virtual host 'localhost'
15-Jun-2022 17:06:36.575 INFO [http-nio-8090-exec-482] org.apache.catalina.core.ApplicationContext.log Manager: restart: Reloading web application '/Store'
15-Jun-2022 17:07:13.158 INFO [http-nio-8090-exec-476] org.apache.catalina.core.ApplicationContext.log Manager: list: Listing contexts for virtual host 'localhost'
15-Jun-2022 17:07:13.174 INFO [http-nio-8090-exec-485] org.apache.catalina.core.ApplicationContext.log Manager: restart: Reloading web application '/Store'
15-Jun-2022 17:07:32.848 INFO [http-nio-8090-exec-487] org.apache.catalina.core.ApplicationContext.log Manager: list: Listing contexts for virtual host 'localhost'
15-Jun-2022 17:07:32.865 INFO [http-nio-8090-exec-484] org.apache.catalina.core.ApplicationContext.log Manager: restart: Reloading web application '/Store'
15-Jun-2022 17:07:37.037 INFO [http-nio-8090-exec-491] org.apache.catalina.core.ApplicationContext.log Manager: list: Listing contexts for virtual host 'localhost'
15-Jun-2022 17:07:37.054 INFO [http-nio-8090-exec-487] org.apache.catalina.core.ApplicationContext.log Manager: restart: Reloading web application '/Store'
15-Jun-2022 17:07:50.767 INFO [http-nio-8090-exec-476] org.apache.catalina.core.ApplicationContext.log Manager: list: Listing contexts for virtual host 'localhost'
15-Jun-2022 17:07:50.780 INFO [http-nio-8090-exec-491] org.apache.catalina.core.ApplicationContext.log Manager: restart: Reloading web application '/Store'
15-Jun-2022 17:08:02.522 INFO [http-nio-8090-exec-476] org.apache.catalina.core.ApplicationContext.log Manager: list: Listing contexts for virtual host 'localhost'
15-Jun-2022 17:08:02.537 INFO [http-nio-8090-exec-483] org.apache.catalina.core.ApplicationContext.log Manager: restart: Reloading web application '/Store'
15-Jun-2022 17:08:11.160 INFO [http-nio-8090-exec-495] org.apache.catalina.core.ApplicationContext.log Manager: list: Listing contexts for virtual host 'localhost'
15-Jun-2022 17:08:11.175 INFO [http-nio-8090-exec-476] org.apache.catalina.core.ApplicationContext.log Manager: restart: Reloading web application '/Store'
15-Jun-2022 17:08:20.417 INFO [http-nio-8090-exec-496] org.apache.catalina.core.ApplicationContext.log Manager: list: Listing contexts for virtual host 'localhost'
15-Jun-2022 17:08:20.431 INFO [http-nio-8090-exec-488] org.apache.catalina.core.ApplicationContext.log Manager: restart: Reloading web application '/Store'
15-Jun-2022 17:08:24.180 INFO [http-nio-8090-exec-470] org.apache.catalina.core.ApplicationContext.log Manager: list: Listing contexts for virtual host 'localhost'
15-Jun-2022 17:08:24.195 INFO [http-nio-8090-exec-493] org.apache.catalina.core.ApplicationContext.log Manager: restart: Reloading web application '/Store'
15-Jun-2022 17:08:26.456 INFO [http-nio-8090-exec-460] org.apache.catalina.core.ApplicationContext.log Manager: list: Listing contexts for virtual host 'localhost'
15-Jun-2022 17:08:26.472 INFO [http-nio-8090-exec-500] org.apache.catalina.core.ApplicationContext.log Manager: restart: Reloading web application '/Store'
15-Jun-2022 17:08:36.896 INFO [http-nio-8090-exec-494] org.apache.catalina.core.ApplicationContext.log Manager: list: Listing contexts for virtual host 'localhost'
15-Jun-2022 17:08:36.911 INFO [http-nio-8090-exec-496] org.apache.catalina.core.ApplicationContext.log Manager: restart: Reloading web application '/Store'
15-Jun-2022 17:09:43.376 INFO [http-nio-8090-exec-507] org.apache.catalina.core.ApplicationContext.log Manager: list: Listing contexts for virtual host 'localhost'
15-Jun-2022 17:09:43.394 INFO [http-nio-8090-exec-494] org.apache.catalina.core.ApplicationContext.log Manager: restart: Reloading web application '/Store'
15-Jun-2022 17:09:45.945 INFO [http-nio-8090-exec-504] org.apache.catalina.core.ApplicationContext.log Manager: list: Listing contexts for virtual host 'localhost'
15-Jun-2022 17:09:45.957 INFO [http-nio-8090-exec-507] org.apache.catalina.core.ApplicationContext.log Manager: restart: Reloading web application '/Store'
15-Jun-2022 17:10:06.950 INFO [http-nio-8090-exec-505] org.apache.catalina.core.ApplicationContext.log Manager: list: Listing contexts for virtual host 'localhost'
15-Jun-2022 17:10:06.963 INFO [http-nio-8090-exec-504] org.apache.catalina.core.ApplicationContext.log Manager: restart: Reloading web application '/Store'
15-Jun-2022 17:10:11.447 INFO [http-nio-8090-exec-510] org.apache.catalina.core.ApplicationContext.log Manager: list: Listing contexts for virtual host 'localhost'
15-Jun-2022 17:10:11.461 INFO [http-nio-8090-exec-505] org.apache.catalina.core.ApplicationContext.log Manager: restart: Reloading web application '/Store'
15-Jun-2022 17:10:14.883 INFO [http-nio-8090-exec-511] org.apache.catalina.core.ApplicationContext.log Manager: list: Listing contexts for virtual host 'localhost'
15-Jun-2022 17:10:14.897 INFO [http-nio-8090-exec-502] org.apache.catalina.core.ApplicationContext.log Manager: restart: Reloading web application '/Store'
15-Jun-2022 17:10:53.450 INFO [http-nio-8090-exec-512] org.apache.catalina.core.ApplicationContext.log Manager: list: Listing contexts for virtual host 'localhost'
15-Jun-2022 17:10:53.466 INFO [http-nio-8090-exec-514] org.apache.catalina.core.ApplicationContext.log Manager: restart: Reloading web application '/Store'
15-Jun-2022 17:11:52.075 INFO [http-nio-8090-exec-513] org.apache.catalina.core.ApplicationContext.log Manager: list: Listing contexts for virtual host 'localhost'
15-Jun-2022 17:11:52.091 INFO [http-nio-8090-exec-512] org.apache.catalina.core.ApplicationContext.log Manager: restart: Reloading web application '/Store'
15-Jun-2022 17:11:56.884 INFO [http-nio-8090-exec-511] org.apache.catalina.core.ApplicationContext.log Manager: list: Listing contexts for virtual host 'localhost'
15-Jun-2022 17:11:56.896 INFO [http-nio-8090-exec-521] org.apache.catalina.core.ApplicationContext.log Manager: restart: Reloading web application '/Store'
15-Jun-2022 17:11:58.952 INFO [http-nio-8090-exec-470] org.apache.catalina.core.ApplicationContext.log Manager: list: Listing contexts for virtual host 'localhost'
15-Jun-2022 17:11:58.980 INFO [http-nio-8090-exec-520] org.apache.catalina.core.ApplicationContext.log Manager: restart: Reloading web application '/Store'
15-Jun-2022 17:12:07.647 INFO [http-nio-8090-exec-513] org.apache.catalina.core.ApplicationContext.log Manager: list: Listing contexts for virtual host 'localhost'
15-Jun-2022 17:12:07.666 INFO [http-nio-8090-exec-511] org.apache.catalina.core.ApplicationContext.log Manager: restart: Reloading web application '/Store'
15-Jun-2022 17:13:18.123 INFO [http-nio-8090-exec-525] org.apache.catalina.core.ApplicationContext.log Manager: list: Listing contexts for virtual host 'localhost'
15-Jun-2022 17:13:18.138 INFO [http-nio-8090-exec-517] org.apache.catalina.core.ApplicationContext.log Manager: restart: Reloading web application '/Store'
15-Jun-2022 17:13:21.129 INFO [http-nio-8090-exec-528] org.apache.catalina.core.ApplicationContext.log Manager: list: Listing contexts for virtual host 'localhost'
15-Jun-2022 17:13:21.147 INFO [http-nio-8090-exec-518] org.apache.catalina.core.ApplicationContext.log Manager: restart: Reloading web application '/Store'
15-Jun-2022 17:13:58.670 INFO [http-nio-8090-exec-530] org.apache.catalina.core.ApplicationContext.log Manager: list: Listing contexts for virtual host 'localhost'
15-Jun-2022 17:13:58.691 INFO [http-nio-8090-exec-513] org.apache.catalina.core.ApplicationContext.log Manager: restart: Reloading web application '/Store'
15-Jun-2022 17:14:04.257 INFO [http-nio-8090-exec-530] org.apache.catalina.core.ApplicationContext.log Manager: list: Listing contexts for virtual host 'localhost'
15-Jun-2022 17:14:04.273 INFO [http-nio-8090-exec-532] org.apache.catalina.core.ApplicationContext.log Manager: restart: Reloading web application '/Store'
15-Jun-2022 17:15:41.272 INFO [http-nio-8090-exec-533] org.apache.catalina.core.ApplicationContext.log Manager: list: Listing contexts for virtual host 'localhost'
15-Jun-2022 17:15:41.287 INFO [http-nio-8090-exec-538] org.apache.catalina.core.ApplicationContext.log Manager: restart: Reloading web application '/Store'
15-Jun-2022 17:18:34.285 INFO [http-nio-8090-exec-539] org.apache.catalina.core.ApplicationContext.log Manager: list: Listing contexts for virtual host 'localhost'
15-Jun-2022 17:18:34.301 INFO [http-nio-8090-exec-540] org.apache.catalina.core.ApplicationContext.log Manager: restart: Reloading web application '/Store'
15-Jun-2022 17:18:36.835 INFO [http-nio-8090-exec-526] org.apache.catalina.core.ApplicationContext.log Manager: list: Listing contexts for virtual host 'localhost'
15-Jun-2022 17:18:36.863 INFO [http-nio-8090-exec-545] org.apache.catalina.core.ApplicationContext.log Manager: restart: Reloading web application '/Store'
15-Jun-2022 17:18:43.328 INFO [http-nio-8090-exec-536] org.apache.catalina.core.ApplicationContext.log Manager: list: Listing contexts for virtual host 'localhost'
15-Jun-2022 17:18:43.344 INFO [http-nio-8090-exec-541] org.apache.catalina.core.ApplicationContext.log Manager: restart: Reloading web application '/Store'
15-Jun-2022 17:19:19.683 INFO [http-nio-8090-exec-468] org.apache.catalina.core.ApplicationContext.log Manager: list: Listing contexts for virtual host 'localhost'
15-Jun-2022 17:19:19.698 INFO [http-nio-8090-exec-544] org.apache.catalina.core.ApplicationContext.log Manager: restart: Reloading web application '/Store'
15-Jun-2022 17:19:27.448 INFO [http-nio-8090-exec-551] org.apache.catalina.core.ApplicationContext.log Manager: list: Listing contexts for virtual host 'localhost'
15-Jun-2022 17:19:27.461 INFO [http-nio-8090-exec-546] org.apache.catalina.core.ApplicationContext.log Manager: restart: Reloading web application '/Store'
15-Jun-2022 17:19:39.015 INFO [http-nio-8090-exec-539] org.apache.catalina.core.ApplicationContext.log Manager: list: Listing contexts for virtual host 'localhost'
15-Jun-2022 17:19:39.032 INFO [http-nio-8090-exec-550] org.apache.catalina.core.ApplicationContext.log Manager: restart: Reloading web application '/Store'
15-Jun-2022 17:19:42.285 INFO [http-nio-8090-exec-542] org.apache.catalina.core.ApplicationContext.log Manager: list: Listing contexts for virtual host 'localhost'
15-Jun-2022 17:19:42.298 INFO [http-nio-8090-exec-547] org.apache.catalina.core.ApplicationContext.log Manager: restart: Reloading web application '/Store'
15-Jun-2022 17:20:35.549 INFO [http-nio-8090-exec-548] org.apache.catalina.core.ApplicationContext.log Manager: list: Listing contexts for virtual host 'localhost'
15-Jun-2022 17:21:24.486 INFO [http-nio-8090-exec-549] org.apache.catalina.core.ApplicationContext.log Manager: list: Listing contexts for virtual host 'localhost'
15-Jun-2022 17:21:28.273 INFO [http-nio-8090-exec-556] org.apache.catalina.core.ApplicationContext.log Manager: list: Listing contexts for virtual host 'localhost'
15-Jun-2022 17:21:35.158 INFO [http-nio-8090-exec-560] org.apache.catalina.core.ApplicationContext.log Manager: list: Listing contexts for virtual host 'localhost'
15-Jun-2022 17:21:35.162 INFO [http-nio-8090-exec-558] org.apache.catalina.core.ApplicationContext.log Manager: list: Listing contexts for virtual host 'localhost'
15-Jun-2022 17:21:35.189 INFO [http-nio-8090-exec-549] org.apache.catalina.core.ApplicationContext.log Manager: undeploy: Undeploying web application at '/Store'
15-Jun-2022 17:21:35.739 INFO [http-nio-8090-exec-542] org.apache.catalina.core.ApplicationContext.log Manager: install: Installing context configuration at 'file:/C:/Users/ACERES~1/AppData/Local/Temp/context1512406732251683800.xml'
15-Jun-2022 17:21:37.205 INFO [http-nio-8090-exec-557] org.apache.catalina.core.ApplicationContext.log Manager: start: Starting web application '/Store'
15-Jun-2022 17:23:45.381 INFO [http-nio-8090-exec-563] org.apache.catalina.core.ApplicationContext.log Manager: list: Listing contexts for virtual host 'localhost'
15-Jun-2022 17:23:55.847 INFO [http-nio-8090-exec-565] org.apache.catalina.core.ApplicationContext.log Manager: list: Listing contexts for virtual host 'localhost'
15-Jun-2022 17:24:04.807 INFO [http-nio-8090-exec-561] org.apache.catalina.core.ApplicationContext.log Manager: list: Listing contexts for virtual host 'localhost'
15-Jun-2022 17:24:15.621 INFO [http-nio-8090-exec-565] org.apache.catalina.core.ApplicationContext.log Manager: list: Listing contexts for virtual host 'localhost'
15-Jun-2022 17:24:27.538 INFO [http-nio-8090-exec-561] org.apache.catalina.core.ApplicationContext.log Manager: list: Listing contexts for virtual host 'localhost'
15-Jun-2022 17:24:31.173 INFO [http-nio-8090-exec-568] org.apache.catalina.core.ApplicationContext.log Manager: list: Listing contexts for virtual host 'localhost'
15-Jun-2022 17:24:37.292 INFO [http-nio-8090-exec-564] org.apache.catalina.core.ApplicationContext.log Manager: list: Listing contexts for virtual host 'localhost'
15-Jun-2022 17:24:40.668 INFO [http-nio-8090-exec-561] org.apache.catalina.core.ApplicationContext.log Manager: list: Listing contexts for virtual host 'localhost'
15-Jun-2022 17:24:40.674 INFO [http-nio-8090-exec-564] org.apache.catalina.core.ApplicationContext.log Manager: list: Listing contexts for virtual host 'localhost'
15-Jun-2022 17:24:40.703 INFO [http-nio-8090-exec-566] org.apache.catalina.core.ApplicationContext.log Manager: undeploy: Undeploying web application at '/Store'
15-Jun-2022 17:24:41.266 INFO [http-nio-8090-exec-570] org.apache.catalina.core.ApplicationContext.log Manager: install: Installing context configuration at 'file:/C:/Users/ACERES~1/AppData/Local/Temp/context9567218011968142673.xml'
15-Jun-2022 17:24:42.827 INFO [http-nio-8090-exec-568] org.apache.catalina.core.ApplicationContext.log Manager: start: Starting web application '/Store'
15-Jun-2022 17:26:02.737 INFO [http-nio-8090-exec-571] org.apache.catalina.core.ApplicationContext.log Manager: list: Listing contexts for virtual host 'localhost'
15-Jun-2022 17:26:02.740 INFO [http-nio-8090-exec-572] org.apache.catalina.core.ApplicationContext.log Manager: list: Listing contexts for virtual host 'localhost'
15-Jun-2022 17:26:02.766 INFO [http-nio-8090-exec-577] org.apache.catalina.core.ApplicationContext.log Manager: undeploy: Undeploying web application at '/Store'
15-Jun-2022 17:26:03.335 INFO [http-nio-8090-exec-578] org.apache.catalina.core.ApplicationContext.log Manager: install: Installing context configuration at 'file:/C:/Users/ACERES~1/AppData/Local/Temp/context8547519741341302127.xml'
15-Jun-2022 17:26:28.767 INFO [http-nio-8090-exec-576] org.apache.catalina.core.ApplicationContext.log Manager: start: Starting web application '/Store'
15-Jun-2022 17:27:23.733 INFO [http-nio-8090-exec-582] org.apache.catalina.core.ApplicationContext.log Manager: list: Listing contexts for virtual host 'localhost'
15-Jun-2022 17:27:39.892 INFO [http-nio-8090-exec-588] org.apache.catalina.core.ApplicationContext.log Manager: list: Listing contexts for virtual host 'localhost'
15-Jun-2022 17:27:45.713 INFO [http-nio-8090-exec-590] org.apache.catalina.core.ApplicationContext.log Manager: list: Listing contexts for virtual host 'localhost'
15-Jun-2022 17:27:45.722 INFO [http-nio-8090-exec-588] org.apache.catalina.core.ApplicationContext.log Manager: list: Listing contexts for virtual host 'localhost'
15-Jun-2022 17:27:45.753 INFO [http-nio-8090-exec-581] org.apache.catalina.core.ApplicationContext.log Manager: undeploy: Undeploying web application at '/Store'
15-Jun-2022 17:27:46.326 INFO [http-nio-8090-exec-590] org.apache.catalina.core.ApplicationContext.log Manager: install: Installing context configuration at 'file:/C:/Users/ACERES~1/AppData/Local/Temp/context14127325207616533679.xml'
15-Jun-2022 17:27:47.755 INFO [http-nio-8090-exec-583] org.apache.catalina.core.ApplicationContext.log Manager: start: Starting web application '/Store'
15-Jun-2022 17:29:36.107 INFO [http-nio-8090-exec-596] org.apache.catalina.core.ApplicationContext.log Manager: list: Listing contexts for virtual host 'localhost'
15-Jun-2022 17:29:36.123 INFO [http-nio-8090-exec-592] org.apache.catalina.core.ApplicationContext.log Manager: restart: Reloading web application '/Store'
15-Jun-2022 17:29:48.163 INFO [http-nio-8090-exec-602] org.apache.catalina.core.ApplicationContext.log Manager: list: Listing contexts for virtual host 'localhost'
15-Jun-2022 17:29:48.177 INFO [http-nio-8090-exec-598] org.apache.catalina.core.ApplicationContext.log Manager: restart: Reloading web application '/Store'
15-Jun-2022 17:30:05.963 INFO [http-nio-8090-exec-597] org.apache.catalina.core.ApplicationContext.log Manager: list: Listing contexts for virtual host 'localhost'
15-Jun-2022 17:30:05.966 INFO [http-nio-8090-exec-596] org.apache.catalina.core.ApplicationContext.log Manager: list: Listing contexts for virtual host 'localhost'
15-Jun-2022 17:30:05.994 INFO [http-nio-8090-exec-594] org.apache.catalina.core.ApplicationContext.log Manager: undeploy: Undeploying web application at '/Store'
15-Jun-2022 17:30:06.550 INFO [http-nio-8090-exec-596] org.apache.catalina.core.ApplicationContext.log Manager: install: Installing context configuration at 'file:/C:/Users/ACERES~1/AppData/Local/Temp/context13501188935430503521.xml'
15-Jun-2022 17:30:07.908 INFO [http-nio-8090-exec-599] org.apache.catalina.core.ApplicationContext.log Manager: start: Starting web application '/Store'
15-Jun-2022 17:40:53.175 INFO [http-nio-8090-exec-614] org.apache.catalina.core.ApplicationContext.log Manager: list: Listing contexts for virtual host 'localhost'
15-Jun-2022 17:42:08.044 INFO [http-nio-8090-exec-610] org.apache.catalina.core.ApplicationContext.log Manager: list: Listing contexts for virtual host 'localhost'
15-Jun-2022 17:44:10.909 INFO [http-nio-8090-exec-610] org.apache.catalina.core.ApplicationContext.log Manager: list: Listing contexts for virtual host 'localhost'
15-Jun-2022 17:44:21.648 INFO [http-nio-8090-exec-612] org.apache.catalina.core.ApplicationContext.log Manager: list: Listing contexts for virtual host 'localhost'
15-Jun-2022 17:45:48.277 INFO [http-nio-8090-exec-608] org.apache.catalina.core.ApplicationContext.log Manager: list: Listing contexts for virtual host 'localhost'
15-Jun-2022 17:46:01.840 INFO [http-nio-8090-exec-613] org.apache.catalina.core.ApplicationContext.log Manager: list: Listing contexts for virtual host 'localhost'
15-Jun-2022 17:47:57.527 INFO [http-nio-8090-exec-608] org.apache.catalina.core.ApplicationContext.log Manager: list: Listing contexts for virtual host 'localhost'
15-Jun-2022 17:48:53.786 INFO [http-nio-8090-exec-606] org.apache.catalina.core.ApplicationContext.log Manager: list: Listing contexts for virtual host 'localhost'
15-Jun-2022 17:48:56.837 INFO [http-nio-8090-exec-607] org.apache.catalina.core.ApplicationContext.log Manager: list: Listing contexts for virtual host 'localhost'
15-Jun-2022 21:47:16.338 INFO [http-nio-8090-exec-607] org.apache.catalina.core.ApplicationContext.log Manager: list: Listing contexts for virtual host 'localhost'
15-Jun-2022 21:47:16.362 INFO [http-nio-8090-exec-613] org.apache.catalina.core.ApplicationContext.log Manager: list: Listing contexts for virtual host 'localhost'
15-Jun-2022 21:47:16.439 INFO [http-nio-8090-exec-609] org.apache.catalina.core.ApplicationContext.log Manager: undeploy: Undeploying web application at '/Store'
15-Jun-2022 21:47:17.894 INFO [http-nio-8090-exec-613] org.apache.catalina.core.ApplicationContext.log Manager: install: Installing context configuration at 'file:/C:/Users/ACERES~1/AppData/Local/Temp/context1524653200512665825.xml'
15-Jun-2022 21:47:19.644 INFO [http-nio-8090-exec-614] org.apache.catalina.core.ApplicationContext.log Manager: start: Starting web application '/Store'
15-Jun-2022 22:12:02.324 INFO [http-nio-8090-exec-618] org.apache.catalina.core.ApplicationContext.log Manager: list: Listing contexts for virtual host 'localhost'
15-Jun-2022 22:12:02.350 INFO [http-nio-8090-exec-617] org.apache.catalina.core.ApplicationContext.log Manager: restart: Reloading web application '/Store'
15-Jun-2022 22:12:05.089 INFO [http-nio-8090-exec-618] org.apache.catalina.core.ApplicationContext.log Manager: list: Listing contexts for virtual host 'localhost'
15-Jun-2022 22:12:05.112 INFO [http-nio-8090-exec-624] org.apache.catalina.core.ApplicationContext.log Manager: restart: Reloading web application '/Store'
15-Jun-2022 22:12:48.133 INFO [http-nio-8090-exec-627] org.apache.catalina.core.ApplicationContext.log Manager: list: Listing contexts for virtual host 'localhost'
15-Jun-2022 22:12:48.146 INFO [http-nio-8090-exec-619] org.apache.catalina.core.ApplicationContext.log Manager: restart: Reloading web application '/Store'
15-Jun-2022 22:12:56.786 INFO [http-nio-8090-exec-621] org.apache.catalina.core.ApplicationContext.log Manager: list: Listing contexts for virtual host 'localhost'
15-Jun-2022 22:12:56.800 INFO [http-nio-8090-exec-615] org.apache.catalina.core.ApplicationContext.log Manager: restart: Reloading web application '/Store'
15-Jun-2022 22:12:59.416 INFO [http-nio-8090-exec-628] org.apache.catalina.core.ApplicationContext.log Manager: list: Listing contexts for virtual host 'localhost'
15-Jun-2022 22:12:59.429 INFO [http-nio-8090-exec-618] org.apache.catalina.core.ApplicationContext.log Manager: restart: Reloading web application '/Store'
15-Jun-2022 22:13:03.741 INFO [http-nio-8090-exec-628] org.apache.catalina.core.ApplicationContext.log Manager: list: Listing contexts for virtual host 'localhost'
15-Jun-2022 22:13:03.754 INFO [http-nio-8090-exec-625] org.apache.catalina.core.ApplicationContext.log Manager: restart: Reloading web application '/Store'
15-Jun-2022 22:16:51.722 INFO [http-nio-8090-exec-633] org.apache.catalina.core.ApplicationContext.log Manager: list: Listing contexts for virtual host 'localhost'
15-Jun-2022 22:16:51.774 INFO [http-nio-8090-exec-635] org.apache.catalina.core.ApplicationContext.log Manager: restart: Reloading web application '/Store'
15-Jun-2022 22:16:55.987 INFO [http-nio-8090-exec-637] org.apache.catalina.core.ApplicationContext.log Manager: list: Listing contexts for virtual host 'localhost'
15-Jun-2022 22:16:56.001 INFO [http-nio-8090-exec-638] org.apache.catalina.core.ApplicationContext.log Manager: restart: Reloading web application '/Store'
15-Jun-2022 22:22:47.258 INFO [http-nio-8090-exec-648] org.apache.catalina.core.ApplicationContext.log Manager: list: Listing contexts for virtual host 'localhost'
15-Jun-2022 22:22:47.289 INFO [http-nio-8090-exec-645] org.apache.catalina.core.ApplicationContext.log Manager: restart: Reloading web application '/Store'
15-Jun-2022 22:23:47.374 INFO [http-nio-8090-exec-651] org.apache.catalina.core.ApplicationContext.log Manager: list: Listing contexts for virtual host 'localhost'
15-Jun-2022 22:23:47.389 INFO [http-nio-8090-exec-644] org.apache.catalina.core.ApplicationContext.log Manager: restart: Reloading web application '/Store'
15-Jun-2022 22:23:52.014 INFO [http-nio-8090-exec-650] org.apache.catalina.core.ApplicationContext.log Manager: list: Listing contexts for virtual host 'localhost'
15-Jun-2022 22:23:52.028 INFO [http-nio-8090-exec-643] org.apache.catalina.core.ApplicationContext.log Manager: restart: Reloading web application '/Store'
15-Jun-2022 22:23:58.389 INFO [http-nio-8090-exec-650] org.apache.catalina.core.ApplicationContext.log Manager: list: Listing contexts for virtual host 'localhost'
15-Jun-2022 22:23:58.404 INFO [http-nio-8090-exec-646] org.apache.catalina.core.ApplicationContext.log Manager: restart: Reloading web application '/Store'
15-Jun-2022 22:24:14.068 INFO [http-nio-8090-exec-657] org.apache.catalina.core.ApplicationContext.log Manager: list: Listing contexts for virtual host 'localhost'
15-Jun-2022 22:24:14.083 INFO [http-nio-8090-exec-653] org.apache.catalina.core.ApplicationContext.log Manager: restart: Reloading web application '/Store'
15-Jun-2022 22:24:21.501 INFO [http-nio-8090-exec-658] org.apache.catalina.core.ApplicationContext.log Manager: list: Listing contexts for virtual host 'localhost'
15-Jun-2022 22:24:21.519 INFO [http-nio-8090-exec-656] org.apache.catalina.core.ApplicationContext.log Manager: restart: Reloading web application '/Store'
15-Jun-2022 22:38:37.647 INFO [http-nio-8090-exec-665] org.apache.catalina.core.ApplicationContext.log Manager: list: Listing contexts for virtual host 'localhost'
15-Jun-2022 22:38:37.661 INFO [http-nio-8090-exec-664] org.apache.catalina.core.ApplicationContext.log Manager: restart: Reloading web application '/Store'
15-Jun-2022 22:38:47.866 INFO [http-nio-8090-exec-673] org.apache.catalina.core.ApplicationContext.log Manager: list: Listing contexts for virtual host 'localhost'
15-Jun-2022 22:38:47.882 INFO [http-nio-8090-exec-663] org.apache.catalina.core.ApplicationContext.log Manager: restart: Reloading web application '/Store'
15-Jun-2022 22:39:56.593 INFO [http-nio-8090-exec-673] org.apache.catalina.core.ApplicationContext.log Manager: list: Listing contexts for virtual host 'localhost'
15-Jun-2022 22:39:56.613 INFO [http-nio-8090-exec-671] org.apache.catalina.core.ApplicationContext.log Manager: restart: Reloading web application '/Store'
15-Jun-2022 22:40:42.778 INFO [http-nio-8090-exec-667] org.apache.catalina.core.ApplicationContext.log Manager: list: Listing contexts for virtual host 'localhost'
15-Jun-2022 22:40:42.791 INFO [http-nio-8090-exec-676] org.apache.catalina.core.ApplicationContext.log Manager: restart: Reloading web application '/Store'
15-Jun-2022 22:41:09.259 INFO [http-nio-8090-exec-677] org.apache.catalina.core.ApplicationContext.log Manager: list: Listing contexts for virtual host 'localhost'
15-Jun-2022 22:41:09.281 INFO [http-nio-8090-exec-678] org.apache.catalina.core.ApplicationContext.log Manager: restart: Reloading web application '/Store'
15-Jun-2022 22:42:25.771 INFO [http-nio-8090-exec-682] org.apache.catalina.core.ApplicationContext.log Manager: list: Listing contexts for virtual host 'localhost'
15-Jun-2022 22:42:25.787 INFO [http-nio-8090-exec-679] org.apache.catalina.core.ApplicationContext.log Manager: restart: Reloading web application '/Store'
15-Jun-2022 22:42:50.921 INFO [http-nio-8090-exec-667] org.apache.catalina.core.ApplicationContext.log Manager: list: Listing contexts for virtual host 'localhost'
15-Jun-2022 22:42:50.969 INFO [http-nio-8090-exec-683] org.apache.catalina.core.ApplicationContext.log Manager: restart: Reloading web application '/Store'
15-Jun-2022 23:08:46.836 INFO [http-nio-8090-exec-694] org.apache.catalina.core.ApplicationContext.log Manager: list: Listing contexts for virtual host 'localhost'
15-Jun-2022 23:08:46.857 INFO [http-nio-8090-exec-695] org.apache.catalina.core.ApplicationContext.log Manager: restart: Reloading web application '/Store'
15-Jun-2022 23:08:54.203 INFO [http-nio-8090-exec-699] org.apache.catalina.core.ApplicationContext.log Manager: list: Listing contexts for virtual host 'localhost'
15-Jun-2022 23:08:54.218 INFO [http-nio-8090-exec-691] org.apache.catalina.core.ApplicationContext.log Manager: restart: Reloading web application '/Store'
15-Jun-2022 23:09:02.608 INFO [http-nio-8090-exec-693] org.apache.catalina.core.ApplicationContext.log Manager: list: Listing contexts for virtual host 'localhost'
15-Jun-2022 23:09:02.623 INFO [http-nio-8090-exec-694] org.apache.catalina.core.ApplicationContext.log Manager: restart: Reloading web application '/Store'
15-Jun-2022 23:09:28.780 INFO [http-nio-8090-exec-703] org.apache.catalina.core.ApplicationContext.log Manager: list: Listing contexts for virtual host 'localhost'
15-Jun-2022 23:09:28.794 INFO [http-nio-8090-exec-692] org.apache.catalina.core.ApplicationContext.log Manager: restart: Reloading web application '/Store'
15-Jun-2022 23:09:48.039 INFO [http-nio-8090-exec-701] org.apache.catalina.core.ApplicationContext.log Manager: list: Listing contexts for virtual host 'localhost'
15-Jun-2022 23:09:48.054 INFO [http-nio-8090-exec-703] org.apache.catalina.core.ApplicationContext.log Manager: restart: Reloading web application '/Store'
15-Jun-2022 23:09:55.840 INFO [http-nio-8090-exec-706] org.apache.catalina.core.ApplicationContext.log Manager: list: Listing contexts for virtual host 'localhost'
15-Jun-2022 23:09:55.854 INFO [http-nio-8090-exec-705] org.apache.catalina.core.ApplicationContext.log Manager: restart: Reloading web application '/Store'
15-Jun-2022 23:09:58.507 INFO [http-nio-8090-exec-690] org.apache.catalina.core.ApplicationContext.log Manager: list: Listing contexts for virtual host 'localhost'
15-Jun-2022 23:09:58.520 INFO [http-nio-8090-exec-708] org.apache.catalina.core.ApplicationContext.log Manager: restart: Reloading web application '/Store'
15-Jun-2022 23:11:49.546 INFO [http-nio-8090-exec-712] org.apache.catalina.core.ApplicationContext.log Manager: list: Listing contexts for virtual host 'localhost'
15-Jun-2022 23:11:49.560 INFO [http-nio-8090-exec-709] org.apache.catalina.core.ApplicationContext.log Manager: restart: Reloading web application '/Store'
15-Jun-2022 23:12:03.118 INFO [http-nio-8090-exec-704] org.apache.catalina.core.ApplicationContext.log Manager: list: Listing contexts for virtual host 'localhost'
15-Jun-2022 23:12:03.132 INFO [http-nio-8090-exec-712] org.apache.catalina.core.ApplicationContext.log Manager: restart: Reloading web application '/Store'
15-Jun-2022 23:12:09.027 INFO [http-nio-8090-exec-714] org.apache.catalina.core.ApplicationContext.log Manager: list: Listing contexts for virtual host 'localhost'
15-Jun-2022 23:12:09.042 INFO [http-nio-8090-exec-713] org.apache.catalina.core.ApplicationContext.log Manager: restart: Reloading web application '/Store'
15-Jun-2022 23:12:15.363 INFO [http-nio-8090-exec-711] org.apache.catalina.core.ApplicationContext.log Manager: list: Listing contexts for virtual host 'localhost'
15-Jun-2022 23:12:15.377 INFO [http-nio-8090-exec-715] org.apache.catalina.core.ApplicationContext.log Manager: restart: Reloading web application '/Store'
15-Jun-2022 23:12:20.574 INFO [http-nio-8090-exec-720] org.apache.catalina.core.ApplicationContext.log Manager: list: Listing contexts for virtual host 'localhost'
15-Jun-2022 23:12:20.593 INFO [http-nio-8090-exec-717] org.apache.catalina.core.ApplicationContext.log Manager: restart: Reloading web application '/Store'
15-Jun-2022 23:12:32.487 INFO [http-nio-8090-exec-690] org.apache.catalina.core.ApplicationContext.log Manager: list: Listing contexts for virtual host 'localhost'
15-Jun-2022 23:12:32.507 INFO [http-nio-8090-exec-718] org.apache.catalina.core.ApplicationContext.log Manager: restart: Reloading web application '/Store'
15-Jun-2022 23:13:05.005 INFO [http-nio-8090-exec-716] org.apache.catalina.core.ApplicationContext.log Manager: list: Listing contexts for virtual host 'localhost'
15-Jun-2022 23:13:05.019 INFO [http-nio-8090-exec-688] org.apache.catalina.core.ApplicationContext.log Manager: restart: Reloading web application '/Store'
15-Jun-2022 23:13:28.397 INFO [http-nio-8090-exec-723] org.apache.catalina.core.ApplicationContext.log Manager: list: Listing contexts for virtual host 'localhost'
15-Jun-2022 23:13:28.413 INFO [http-nio-8090-exec-716] org.apache.catalina.core.ApplicationContext.log Manager: restart: Reloading web application '/Store'
15-Jun-2022 23:15:13.782 INFO [http-nio-8090-exec-730] org.apache.catalina.core.ApplicationContext.log Manager: list: Listing contexts for virtual host 'localhost'
15-Jun-2022 23:15:13.810 INFO [http-nio-8090-exec-725] org.apache.catalina.core.ApplicationContext.log Manager: restart: Reloading web application '/Store'
15-Jun-2022 23:15:30.375 INFO [http-nio-8090-exec-722] org.apache.catalina.core.ApplicationContext.log Manager: list: Listing contexts for virtual host 'localhost'
15-Jun-2022 23:15:30.390 INFO [http-nio-8090-exec-732] org.apache.catalina.core.ApplicationContext.log Manager: restart: Reloading web application '/Store'
15-Jun-2022 23:15:41.387 INFO [http-nio-8090-exec-727] org.apache.catalina.core.ApplicationContext.log Manager: list: Listing contexts for virtual host 'localhost'
15-Jun-2022 23:15:41.400 INFO [http-nio-8090-exec-731] org.apache.catalina.core.ApplicationContext.log Manager: restart: Reloading web application '/Store'
15-Jun-2022 23:18:20.342 INFO [http-nio-8090-exec-735] org.apache.catalina.core.ApplicationContext.log Manager: list: Listing contexts for virtual host 'localhost'
15-Jun-2022 23:18:26.875 INFO [http-nio-8090-exec-738] org.apache.catalina.core.ApplicationContext.log Manager: list: Listing contexts for virtual host 'localhost'
15-Jun-2022 23:18:31.713 INFO [http-nio-8090-exec-737] org.apache.catalina.core.ApplicationContext.log Manager: list: Listing contexts for virtual host 'localhost'
15-Jun-2022 23:24:13.690 INFO [http-nio-8090-exec-739] org.apache.catalina.core.ApplicationContext.log Manager: list: Listing contexts for virtual host 'localhost'
15-Jun-2022 23:25:24.658 INFO [http-nio-8090-exec-743] org.apache.catalina.core.ApplicationContext.log Manager: list: Listing contexts for virtual host 'localhost'
15-Jun-2022 23:25:43.278 INFO [http-nio-8090-exec-737] org.apache.catalina.core.ApplicationContext.log Manager: list: Listing contexts for virtual host 'localhost'
15-Jun-2022 23:25:47.647 INFO [http-nio-8090-exec-744] org.apache.catalina.core.ApplicationContext.log Manager: list: Listing contexts for virtual host 'localhost'
15-Jun-2022 23:25:50.628 INFO [http-nio-8090-exec-738] org.apache.catalina.core.ApplicationContext.log Manager: list: Listing contexts for virtual host 'localhost'
15-Jun-2022 23:26:06.952 INFO [http-nio-8090-exec-739] org.apache.catalina.core.ApplicationContext.log Manager: list: Listing contexts for virtual host 'localhost'
15-Jun-2022 23:26:28.156 INFO [http-nio-8090-exec-744] org.apache.catalina.core.ApplicationContext.log Manager: list: Listing contexts for virtual host 'localhost'
15-Jun-2022 23:26:40.088 INFO [http-nio-8090-exec-740] org.apache.catalina.core.ApplicationContext.log Manager: list: Listing contexts for virtual host 'localhost'
15-Jun-2022 23:27:37.306 INFO [http-nio-8090-exec-736] org.apache.catalina.core.ApplicationContext.log Manager: list: Listing contexts for virtual host 'localhost'
15-Jun-2022 23:28:06.455 INFO [http-nio-8090-exec-737] org.apache.catalina.core.ApplicationContext.log Manager: list: Listing contexts for virtual host 'localhost'
15-Jun-2022 23:28:11.161 INFO [http-nio-8090-exec-736] org.apache.catalina.core.ApplicationContext.log Manager: list: Listing contexts for virtual host 'localhost'
15-Jun-2022 23:29:47.663 INFO [http-nio-8090-exec-743] org.apache.catalina.core.ApplicationContext.log Manager: list: Listing contexts for virtual host 'localhost'
15-Jun-2022 23:30:01.071 INFO [http-nio-8090-exec-737] org.apache.catalina.core.ApplicationContext.log Manager: list: Listing contexts for virtual host 'localhost'
15-Jun-2022 23:32:28.339 INFO [http-nio-8090-exec-743] org.apache.catalina.core.ApplicationContext.log Manager: list: Listing contexts for virtual host 'localhost'
15-Jun-2022 23:32:33.770 INFO [http-nio-8090-exec-738] org.apache.catalina.core.ApplicationContext.log Manager: list: Listing contexts for virtual host 'localhost'
15-Jun-2022 23:33:23.698 INFO [http-nio-8090-exec-744] org.apache.catalina.core.ApplicationContext.log Manager: list: Listing contexts for virtual host 'localhost'
15-Jun-2022 23:33:59.574 INFO [http-nio-8090-exec-740] org.apache.catalina.core.ApplicationContext.log Manager: list: Listing contexts for virtual host 'localhost'
15-Jun-2022 23:35:33.195 INFO [http-nio-8090-exec-737] org.apache.catalina.core.ApplicationContext.log Manager: list: Listing contexts for virtual host 'localhost'
15-Jun-2022 23:35:33.206 INFO [http-nio-8090-exec-739] org.apache.catalina.core.ApplicationContext.log Manager: restart: Reloading web application '/Store'
15-Jun-2022 23:37:55.858 INFO [http-nio-8090-exec-746] org.apache.catalina.core.ApplicationContext.log Manager: list: Listing contexts for virtual host 'localhost'
15-Jun-2022 23:37:55.874 INFO [http-nio-8090-exec-747] org.apache.catalina.core.ApplicationContext.log Manager: restart: Reloading web application '/Store'
15-Jun-2022 23:38:19.331 INFO [http-nio-8090-exec-745] org.apache.catalina.core.ApplicationContext.log Manager: list: Listing contexts for virtual host 'localhost'
15-Jun-2022 23:38:53.566 INFO [http-nio-8090-exec-746] org.apache.catalina.core.ApplicationContext.log Manager: list: Listing contexts for virtual host 'localhost'
15-Jun-2022 23:38:53.582 INFO [http-nio-8090-exec-750] org.apache.catalina.core.ApplicationContext.log Manager: restart: Reloading web application '/Store'
15-Jun-2022 23:38:55.140 INFO [http-nio-8090-exec-751] org.apache.catalina.core.ApplicationContext.log Manager: list: Listing contexts for virtual host 'localhost'
15-Jun-2022 23:38:55.145 INFO [http-nio-8090-exec-735] org.apache.catalina.core.ApplicationContext.log Manager: list: Listing contexts for virtual host 'localhost'
15-Jun-2022 23:38:55.318 INFO [http-nio-8090-exec-748] org.apache.catalina.core.ApplicationContext.log Manager: undeploy: Undeploying web application at '/Store'
15-Jun-2022 23:38:55.868 INFO [http-nio-8090-exec-750] org.apache.catalina.core.ApplicationContext.log Manager: install: Installing context configuration at 'file:/C:/Users/ACERES~1/AppData/Local/Temp/context12975835835684576687.xml'
15-Jun-2022 23:38:57.571 INFO [http-nio-8090-exec-754] org.apache.catalina.core.ApplicationContext.log Manager: start: Starting web application '/Store'
15-Jun-2022 23:41:56.044 INFO [http-nio-8090-exec-757] org.apache.catalina.core.ApplicationContext.log Manager: list: Listing contexts for virtual host 'localhost'
15-Jun-2022 23:41:58.780 INFO [http-nio-8090-exec-764] org.apache.catalina.core.ApplicationContext.log Manager: list: Listing contexts for virtual host 'localhost'
15-Jun-2022 23:41:58.784 INFO [http-nio-8090-exec-760] org.apache.catalina.core.ApplicationContext.log Manager: list: Listing contexts for virtual host 'localhost'
15-Jun-2022 23:41:58.819 INFO [http-nio-8090-exec-761] org.apache.catalina.core.ApplicationContext.log Manager: undeploy: Undeploying web application at '/Store'
15-Jun-2022 23:41:59.395 INFO [http-nio-8090-exec-755] org.apache.catalina.core.ApplicationContext.log Manager: install: Installing context configuration at 'file:/C:/Users/ACERES~1/AppData/Local/Temp/context5413844734171425242.xml'
15-Jun-2022 23:42:01.046 INFO [http-nio-8090-exec-759] org.apache.catalina.core.ApplicationContext.log Manager: start: Starting web application '/Store'
15-Jun-2022 23:42:46.836 INFO [http-nio-8090-exec-765] org.apache.catalina.core.ApplicationContext.log Manager: list: Listing contexts for virtual host 'localhost'
15-Jun-2022 23:42:47.760 INFO [http-nio-8090-exec-771] org.apache.catalina.core.ApplicationContext.log Manager: list: Listing contexts for virtual host 'localhost'
15-Jun-2022 23:43:00.701 INFO [http-nio-8090-exec-769] org.apache.catalina.core.ApplicationContext.log Manager: list: Listing contexts for virtual host 'localhost'
15-Jun-2022 23:43:00.704 INFO [http-nio-8090-exec-767] org.apache.catalina.core.ApplicationContext.log Manager: list: Listing contexts for virtual host 'localhost'
15-Jun-2022 23:43:00.748 INFO [http-nio-8090-exec-768] org.apache.catalina.core.ApplicationContext.log Manager: undeploy: Undeploying web application at '/Store'
15-Jun-2022 23:43:01.321 INFO [http-nio-8090-exec-767] org.apache.catalina.core.ApplicationContext.log Manager: install: Installing context configuration at 'file:/C:/Users/ACERES~1/AppData/Local/Temp/context15744790987990492069.xml'
15-Jun-2022 23:43:02.806 INFO [http-nio-8090-exec-769] org.apache.catalina.core.ApplicationContext.log Manager: start: Starting web application '/Store'
15-Jun-2022 23:44:04.858 INFO [http-nio-8090-exec-775] org.apache.catalina.core.ApplicationContext.log Manager: list: Listing contexts for virtual host 'localhost'
15-Jun-2022 23:44:09.800 INFO [http-nio-8090-exec-781] org.apache.catalina.core.ApplicationContext.log Manager: list: Listing contexts for virtual host 'localhost'
15-Jun-2022 23:44:12.078 INFO [http-nio-8090-exec-775] org.apache.catalina.core.ApplicationContext.log Manager: list: Listing contexts for virtual host 'localhost'
15-Jun-2022 23:44:12.084 INFO [http-nio-8090-exec-782] org.apache.catalina.core.ApplicationContext.log Manager: list: Listing contexts for virtual host 'localhost'
15-Jun-2022 23:44:12.117 INFO [http-nio-8090-exec-779] org.apache.catalina.core.ApplicationContext.log Manager: undeploy: Undeploying web application at '/Store'
15-Jun-2022 23:44:12.663 INFO [http-nio-8090-exec-776] org.apache.catalina.core.ApplicationContext.log Manager: install: Installing context configuration at 'file:/C:/Users/ACERES~1/AppData/Local/Temp/context3274357013880785997.xml'
15-Jun-2022 23:44:14.090 INFO [http-nio-8090-exec-782] org.apache.catalina.core.ApplicationContext.log Manager: start: Starting web application '/Store'
15-Jun-2022 23:44:58.745 INFO [http-nio-8090-exec-785] org.apache.catalina.core.ApplicationContext.log Manager: list: Listing contexts for virtual host 'localhost'
15-Jun-2022 23:48:40.407 INFO [http-nio-8090-exec-788] org.apache.catalina.core.ApplicationContext.log Manager: list: Listing contexts for virtual host 'localhost'
15-Jun-2022 23:49:13.188 INFO [http-nio-8090-exec-788] org.apache.catalina.core.ApplicationContext.log Manager: list: Listing contexts for virtual host 'localhost'
15-Jun-2022 23:49:30.452 INFO [http-nio-8090-exec-790] org.apache.catalina.core.ApplicationContext.log Manager: list: Listing contexts for virtual host 'localhost'
15-Jun-2022 23:49:31.727 INFO [http-nio-8090-exec-793] org.apache.catalina.core.ApplicationContext.log Manager: list: Listing contexts for virtual host 'localhost'
15-Jun-2022 23:49:31.732 INFO [http-nio-8090-exec-785] org.apache.catalina.core.ApplicationContext.log Manager: list: Listing contexts for virtual host 'localhost'
15-Jun-2022 23:49:31.762 INFO [http-nio-8090-exec-791] org.apache.catalina.core.ApplicationContext.log Manager: undeploy: Undeploying web application at '/Store'
15-Jun-2022 23:49:32.322 INFO [http-nio-8090-exec-790] org.apache.catalina.core.ApplicationContext.log Manager: install: Installing context configuration at 'file:/C:/Users/ACERES~1/AppData/Local/Temp/context11765303869933962885.xml'
15-Jun-2022 23:49:34.028 INFO [http-nio-8090-exec-789] org.apache.catalina.core.ApplicationContext.log Manager: start: Starting web application '/Store'
15-Jun-2022 23:50:52.698 INFO [http-nio-8090-exec-801] org.apache.catalina.core.ApplicationContext.log Manager: list: Listing contexts for virtual host 'localhost'
15-Jun-2022 23:51:25.321 INFO [http-nio-8090-exec-795] org.apache.catalina.core.ApplicationContext.log Manager: list: Listing contexts for virtual host 'localhost'
15-Jun-2022 23:51:25.324 INFO [http-nio-8090-exec-801] org.apache.catalina.core.ApplicationContext.log Manager: list: Listing contexts for virtual host 'localhost'
15-Jun-2022 23:51:25.356 INFO [http-nio-8090-exec-796] org.apache.catalina.core.ApplicationContext.log Manager: undeploy: Undeploying web application at '/Store'
15-Jun-2022 23:51:25.905 INFO [http-nio-8090-exec-800] org.apache.catalina.core.ApplicationContext.log Manager: install: Installing context configuration at 'file:/C:/Users/ACERES~1/AppData/Local/Temp/context6058859300989920340.xml'
15-Jun-2022 23:51:27.548 INFO [http-nio-8090-exec-797] org.apache.catalina.core.ApplicationContext.log Manager: start: Starting web application '/Store'
15-Jun-2022 23:52:42.131 INFO [http-nio-8090-exec-798] org.apache.catalina.core.ApplicationContext.log Manager: list: Listing contexts for virtual host 'localhost'
15-Jun-2022 23:52:42.147 INFO [http-nio-8090-exec-807] org.apache.catalina.core.ApplicationContext.log Manager: restart: Reloading web application '/Store'
15-Jun-2022 23:52:58.060 INFO [http-nio-8090-exec-798] org.apache.catalina.core.ApplicationContext.log Manager: list: Listing contexts for virtual host 'localhost'
15-Jun-2022 23:52:58.073 INFO [http-nio-8090-exec-803] org.apache.catalina.core.ApplicationContext.log Manager: restart: Reloading web application '/Store'
15-Jun-2022 23:53:41.431 INFO [http-nio-8090-exec-814] org.apache.catalina.core.ApplicationContext.log Manager: list: Listing contexts for virtual host 'localhost'
15-Jun-2022 23:53:41.436 INFO [http-nio-8090-exec-817] org.apache.catalina.core.ApplicationContext.log Manager: list: Listing contexts for virtual host 'localhost'
15-Jun-2022 23:53:41.472 INFO [http-nio-8090-exec-806] org.apache.catalina.core.ApplicationContext.log Manager: undeploy: Undeploying web application at '/Store'
15-Jun-2022 23:53:42.020 INFO [http-nio-8090-exec-812] org.apache.catalina.core.ApplicationContext.log Manager: install: Installing context configuration at 'file:/C:/Users/ACERES~1/AppData/Local/Temp/context896317688301310689.xml'
15-Jun-2022 23:54:20.225 INFO [http-nio-8090-exec-805] org.apache.catalina.core.ApplicationContext.log Manager: start: Starting web application '/Store'
15-Jun-2022 23:56:05.797 INFO [http-nio-8090-exec-825] org.apache.catalina.core.ApplicationContext.log Manager: list: Listing contexts for virtual host 'localhost'
15-Jun-2022 23:56:58.963 INFO [http-nio-8090-exec-826] org.apache.catalina.core.ApplicationContext.log Manager: list: Listing contexts for virtual host 'localhost'
15-Jun-2022 23:57:59.301 INFO [http-nio-8090-exec-823] org.apache.catalina.core.ApplicationContext.log Manager: list: Listing contexts for virtual host 'localhost'
15-Jun-2022 23:58:09.294 INFO [http-nio-8090-exec-826] org.apache.catalina.core.ApplicationContext.log Manager: list: Listing contexts for virtual host 'localhost'
15-Jun-2022 23:58:09.299 INFO [http-nio-8090-exec-818] org.apache.catalina.core.ApplicationContext.log Manager: list: Listing contexts for virtual host 'localhost'
15-Jun-2022 23:58:09.337 INFO [http-nio-8090-exec-820] org.apache.catalina.core.ApplicationContext.log Manager: undeploy: Undeploying web application at '/Store'
15-Jun-2022 23:58:09.910 INFO [http-nio-8090-exec-821] org.apache.catalina.core.ApplicationContext.log Manager: install: Installing context configuration at 'file:/C:/Users/ACERES~1/AppData/Local/Temp/context10585814922724603201.xml'
15-Jun-2022 23:58:11.515 INFO [http-nio-8090-exec-818] org.apache.catalina.core.ApplicationContext.log Manager: start: Starting web application '/Store'
15-Jun-2022 23:58:30.959 INFO [http-nio-8090-exec-830] org.apache.catalina.core.ApplicationContext.log Manager: list: Listing contexts for virtual host 'localhost'
15-Jun-2022 23:58:30.962 INFO [http-nio-8090-exec-831] org.apache.catalina.core.ApplicationContext.log Manager: list: Listing contexts for virtual host 'localhost'
15-Jun-2022 23:58:30.994 INFO [http-nio-8090-exec-829] org.apache.catalina.core.ApplicationContext.log Manager: undeploy: Undeploying web application at '/Store'
15-Jun-2022 23:58:31.531 INFO [http-nio-8090-exec-822] org.apache.catalina.core.ApplicationContext.log Manager: install: Installing context configuration at 'file:/C:/Users/ACERES~1/AppData/Local/Temp/context12224732155589841542.xml'
15-Jun-2022 23:58:37.177 INFO [http-nio-8090-exec-819] org.apache.catalina.core.ApplicationContext.log Manager: start: Starting web application '/Store'
