16-Jun-2022 00:00:24.751 INFO [http-nio-8090-exec-839] org.apache.catalina.core.ApplicationContext.log Manager: list: Listing contexts for virtual host 'localhost'
16-Jun-2022 00:01:00.125 INFO [http-nio-8090-exec-839] org.apache.catalina.core.ApplicationContext.log Manager: list: Listing contexts for virtual host 'localhost'
16-Jun-2022 00:01:24.428 INFO [http-nio-8090-exec-836] org.apache.catalina.core.ApplicationContext.log Manager: list: Listing contexts for virtual host 'localhost'
16-Jun-2022 00:01:24.431 INFO [http-nio-8090-exec-839] org.apache.catalina.core.ApplicationContext.log Manager: list: Listing contexts for virtual host 'localhost'
16-Jun-2022 00:01:24.477 INFO [http-nio-8090-exec-833] org.apache.catalina.core.ApplicationContext.log Manager: undeploy: Undeploying web application at '/Store'
16-Jun-2022 00:01:25.055 INFO [http-nio-8090-exec-839] org.apache.catalina.core.ApplicationContext.log Manager: install: Installing context configuration at 'file:/C:/Users/ACERES~1/AppData/Local/Temp/context905810041552109455.xml'
16-Jun-2022 00:01:29.757 INFO [http-nio-8090-exec-840] org.apache.catalina.core.ApplicationContext.log Manager: start: Starting web application '/Store'
16-Jun-2022 00:19:29.559 INFO [http-nio-8090-exec-848] org.apache.catalina.core.ApplicationContext.log Manager: list: Listing contexts for virtual host 'localhost'
16-Jun-2022 00:19:29.563 INFO [http-nio-8090-exec-844] org.apache.catalina.core.ApplicationContext.log Manager: list: Listing contexts for virtual host 'localhost'
16-Jun-2022 00:19:29.600 INFO [http-nio-8090-exec-843] org.apache.catalina.core.ApplicationContext.log Manager: undeploy: Undeploying web application at '/Store'
16-Jun-2022 00:19:30.165 INFO [http-nio-8090-exec-844] org.apache.catalina.core.ApplicationContext.log Manager: install: Installing context configuration at 'file:/C:/Users/ACERES~1/AppData/Local/Temp/context14078877417112365354.xml'
16-Jun-2022 00:19:32.282 INFO [http-nio-8090-exec-845] org.apache.catalina.core.ApplicationContext.log Manager: start: Starting web application '/Store'
16-Jun-2022 00:19:33.287 INFO [http-nio-8090-exec-850] org.apache.catalina.core.ApplicationContext.log Manager: list: Listing contexts for virtual host 'localhost'
16-Jun-2022 00:19:33.300 INFO [http-nio-8090-exec-851] org.apache.catalina.core.ApplicationContext.log Manager: restart: Reloading web application '/Store'
16-Jun-2022 00:19:35.719 INFO [http-nio-8090-exec-847] org.apache.catalina.core.ApplicationContext.log Manager: list: Listing contexts for virtual host 'localhost'
16-Jun-2022 00:19:35.735 INFO [http-nio-8090-exec-856] org.apache.catalina.core.ApplicationContext.log Manager: restart: Reloading web application '/Store'
16-Jun-2022 00:19:54.725 INFO [http-nio-8090-exec-855] org.apache.catalina.core.ApplicationContext.log Manager: list: Listing contexts for virtual host 'localhost'
16-Jun-2022 00:19:54.741 INFO [http-nio-8090-exec-853] org.apache.catalina.core.ApplicationContext.log Manager: restart: Reloading web application '/Store'
16-Jun-2022 00:22:02.829 INFO [http-nio-8090-exec-860] org.apache.catalina.core.ApplicationContext.log Manager: list: Listing contexts for virtual host 'localhost'
16-Jun-2022 00:22:02.847 INFO [http-nio-8090-exec-857] org.apache.catalina.core.ApplicationContext.log Manager: restart: Reloading web application '/Store'
16-Jun-2022 00:22:05.603 INFO [http-nio-8090-exec-859] org.apache.catalina.core.ApplicationContext.log Manager: list: Listing contexts for virtual host 'localhost'
16-Jun-2022 00:22:05.616 INFO [http-nio-8090-exec-849] org.apache.catalina.core.ApplicationContext.log Manager: restart: Reloading web application '/Store'
16-Jun-2022 00:22:13.527 INFO [http-nio-8090-exec-864] org.apache.catalina.core.ApplicationContext.log Manager: list: Listing contexts for virtual host 'localhost'
16-Jun-2022 00:22:13.542 INFO [http-nio-8090-exec-846] org.apache.catalina.core.ApplicationContext.log Manager: restart: Reloading web application '/Store'
16-Jun-2022 00:22:15.901 INFO [http-nio-8090-exec-847] org.apache.catalina.core.ApplicationContext.log Manager: list: Listing contexts for virtual host 'localhost'
16-Jun-2022 00:22:15.913 INFO [http-nio-8090-exec-866] org.apache.catalina.core.ApplicationContext.log Manager: restart: Reloading web application '/Store'
16-Jun-2022 00:22:42.646 INFO [http-nio-8090-exec-859] org.apache.catalina.core.ApplicationContext.log Manager: list: Listing contexts for virtual host 'localhost'
16-Jun-2022 00:22:42.660 INFO [http-nio-8090-exec-864] org.apache.catalina.core.ApplicationContext.log Manager: restart: Reloading web application '/Store'
16-Jun-2022 00:23:34.478 INFO [http-nio-8090-exec-869] org.apache.catalina.core.ApplicationContext.log Manager: list: Listing contexts for virtual host 'localhost'
16-Jun-2022 00:23:34.490 INFO [http-nio-8090-exec-862] org.apache.catalina.core.ApplicationContext.log Manager: restart: Reloading web application '/Store'
16-Jun-2022 00:27:52.155 INFO [http-nio-8090-exec-873] org.apache.catalina.core.ApplicationContext.log Manager: list: Listing contexts for virtual host 'localhost'
16-Jun-2022 00:27:52.175 INFO [http-nio-8090-exec-875] org.apache.catalina.core.ApplicationContext.log Manager: restart: Reloading web application '/Store'
16-Jun-2022 00:30:58.950 INFO [http-nio-8090-exec-884] org.apache.catalina.core.ApplicationContext.log Manager: list: Listing contexts for virtual host 'localhost'
16-Jun-2022 00:30:58.963 INFO [http-nio-8090-exec-885] org.apache.catalina.core.ApplicationContext.log Manager: restart: Reloading web application '/Store'
16-Jun-2022 00:31:10.758 INFO [http-nio-8090-exec-882] org.apache.catalina.core.ApplicationContext.log Manager: list: Listing contexts for virtual host 'localhost'
16-Jun-2022 00:31:10.763 INFO [http-nio-8090-exec-886] org.apache.catalina.core.ApplicationContext.log Manager: list: Listing contexts for virtual host 'localhost'
16-Jun-2022 00:31:10.798 INFO [http-nio-8090-exec-888] org.apache.catalina.core.ApplicationContext.log Manager: undeploy: Undeploying web application at '/Store'
16-Jun-2022 00:31:11.334 INFO [http-nio-8090-exec-886] org.apache.catalina.core.ApplicationContext.log Manager: install: Installing context configuration at 'file:/C:/Users/ACERES~1/AppData/Local/Temp/context14221015161416244551.xml'
16-Jun-2022 00:31:12.785 INFO [http-nio-8090-exec-882] org.apache.catalina.core.ApplicationContext.log Manager: start: Starting web application '/Store'
16-Jun-2022 00:32:16.314 INFO [http-nio-8090-exec-898] org.apache.catalina.core.ApplicationContext.log Manager: list: Listing contexts for virtual host 'localhost'
16-Jun-2022 00:32:16.338 INFO [http-nio-8090-exec-894] org.apache.catalina.core.ApplicationContext.log Manager: restart: Reloading web application '/Store'
16-Jun-2022 00:32:31.675 INFO [http-nio-8090-exec-904] org.apache.catalina.core.ApplicationContext.log Manager: list: Listing contexts for virtual host 'localhost'
16-Jun-2022 00:32:31.690 INFO [http-nio-8090-exec-901] org.apache.catalina.core.ApplicationContext.log Manager: restart: Reloading web application '/Store'
16-Jun-2022 00:32:36.611 INFO [http-nio-8090-exec-903] org.apache.catalina.core.ApplicationContext.log Manager: list: Listing contexts for virtual host 'localhost'
16-Jun-2022 00:32:36.627 INFO [http-nio-8090-exec-897] org.apache.catalina.core.ApplicationContext.log Manager: restart: Reloading web application '/Store'
16-Jun-2022 00:32:44.797 INFO [http-nio-8090-exec-898] org.apache.catalina.core.ApplicationContext.log Manager: list: Listing contexts for virtual host 'localhost'
16-Jun-2022 00:33:25.875 INFO [http-nio-8090-exec-909] org.apache.catalina.core.ApplicationContext.log Manager: list: Listing contexts for virtual host 'localhost'
16-Jun-2022 00:33:25.890 INFO [http-nio-8090-exec-895] org.apache.catalina.core.ApplicationContext.log Manager: restart: Reloading web application '/Store'
16-Jun-2022 00:33:28.019 INFO [http-nio-8090-exec-910] org.apache.catalina.core.ApplicationContext.log Manager: list: Listing contexts for virtual host 'localhost'
16-Jun-2022 00:33:28.044 INFO [http-nio-8090-exec-912] org.apache.catalina.core.ApplicationContext.log Manager: restart: Reloading web application '/Store'
16-Jun-2022 00:33:37.648 INFO [http-nio-8090-exec-911] org.apache.catalina.core.ApplicationContext.log Manager: list: Listing contexts for virtual host 'localhost'
16-Jun-2022 00:33:37.663 INFO [http-nio-8090-exec-909] org.apache.catalina.core.ApplicationContext.log Manager: restart: Reloading web application '/Store'
16-Jun-2022 00:33:39.999 INFO [http-nio-8090-exec-910] org.apache.catalina.core.ApplicationContext.log Manager: list: Listing contexts for virtual host 'localhost'
16-Jun-2022 00:33:40.013 INFO [http-nio-8090-exec-916] org.apache.catalina.core.ApplicationContext.log Manager: restart: Reloading web application '/Store'
16-Jun-2022 00:33:47.542 INFO [http-nio-8090-exec-907] org.apache.catalina.core.ApplicationContext.log Manager: list: Listing contexts for virtual host 'localhost'
16-Jun-2022 00:33:47.573 INFO [http-nio-8090-exec-915] org.apache.catalina.core.ApplicationContext.log Manager: restart: Reloading web application '/Store'
16-Jun-2022 00:33:59.845 INFO [http-nio-8090-exec-911] org.apache.catalina.core.ApplicationContext.log Manager: list: Listing contexts for virtual host 'localhost'
16-Jun-2022 00:33:59.856 INFO [http-nio-8090-exec-909] org.apache.catalina.core.ApplicationContext.log Manager: restart: Reloading web application '/Store'
16-Jun-2022 00:34:17.516 INFO [http-nio-8090-exec-918] org.apache.catalina.core.ApplicationContext.log Manager: list: Listing contexts for virtual host 'localhost'
16-Jun-2022 00:34:19.706 INFO [http-nio-8090-exec-922] org.apache.catalina.core.ApplicationContext.log Manager: list: Listing contexts for virtual host 'localhost'
16-Jun-2022 00:34:19.716 INFO [http-nio-8090-exec-902] org.apache.catalina.core.ApplicationContext.log Manager: list: Listing contexts for virtual host 'localhost'
16-Jun-2022 00:34:19.756 INFO [http-nio-8090-exec-910] org.apache.catalina.core.ApplicationContext.log Manager: undeploy: Undeploying web application at '/Store'
16-Jun-2022 00:34:20.346 INFO [http-nio-8090-exec-902] org.apache.catalina.core.ApplicationContext.log Manager: install: Installing context configuration at 'file:/C:/Users/ACERES~1/AppData/Local/Temp/context1189785316741883807.xml'
16-Jun-2022 00:34:22.162 INFO [http-nio-8090-exec-918] org.apache.catalina.core.ApplicationContext.log Manager: start: Starting web application '/Store'
16-Jun-2022 00:34:45.121 INFO [http-nio-8090-exec-910] org.apache.catalina.core.ApplicationContext.log Manager: list: Listing contexts for virtual host 'localhost'
16-Jun-2022 00:34:52.772 INFO [http-nio-8090-exec-924] org.apache.catalina.core.ApplicationContext.log Manager: list: Listing contexts for virtual host 'localhost'
16-Jun-2022 19:40:23.630 INFO [http-nio-8090-exec-5] org.apache.catalina.core.ApplicationContext.log Manager: init: Associated with Deployer 'Catalina:type=Deployer,host=localhost'
16-Jun-2022 19:40:23.631 INFO [http-nio-8090-exec-5] org.apache.catalina.core.ApplicationContext.log Manager: init: Global resources are available
16-Jun-2022 19:40:23.776 INFO [http-nio-8090-exec-6] org.apache.catalina.core.ApplicationContext.log Manager: list: Listing contexts for virtual host 'localhost'
16-Jun-2022 19:40:23.784 INFO [http-nio-8090-exec-15] org.apache.catalina.core.ApplicationContext.log Manager: list: Listing contexts for virtual host 'localhost'
16-Jun-2022 19:40:23.966 INFO [http-nio-8090-exec-22] org.apache.catalina.core.ApplicationContext.log Manager: undeploy: Undeploying web application at '/Store'
16-Jun-2022 19:40:25.070 INFO [http-nio-8090-exec-16] org.apache.catalina.core.ApplicationContext.log Manager: install: Installing context configuration at 'file:/C:/Users/ACERES~1/AppData/Local/Temp/context6380563218857529717.xml'
16-Jun-2022 19:40:26.637 INFO [http-nio-8090-exec-18] org.apache.catalina.core.ApplicationContext.log Manager: start: Starting web application '/Store'
16-Jun-2022 19:45:47.153 INFO [http-nio-8090-exec-28] org.apache.catalina.core.ApplicationContext.log Manager: list: Listing contexts for virtual host 'localhost'
16-Jun-2022 19:45:47.195 INFO [http-nio-8090-exec-29] org.apache.catalina.core.ApplicationContext.log Manager: restart: Reloading web application '/Store'
16-Jun-2022 19:46:06.308 INFO [http-nio-8090-exec-36] org.apache.catalina.core.ApplicationContext.log Manager: list: Listing contexts for virtual host 'localhost'
16-Jun-2022 19:46:06.331 INFO [http-nio-8090-exec-37] org.apache.catalina.core.ApplicationContext.log Manager: restart: Reloading web application '/Store'
16-Jun-2022 19:46:18.424 INFO [http-nio-8090-exec-28] org.apache.catalina.core.ApplicationContext.log Manager: list: Listing contexts for virtual host 'localhost'
16-Jun-2022 19:46:18.433 INFO [http-nio-8090-exec-32] org.apache.catalina.core.ApplicationContext.log Manager: list: Listing contexts for virtual host 'localhost'
16-Jun-2022 19:46:18.476 INFO [http-nio-8090-exec-38] org.apache.catalina.core.ApplicationContext.log Manager: undeploy: Undeploying web application at '/Store'
16-Jun-2022 19:46:19.051 INFO [http-nio-8090-exec-39] org.apache.catalina.core.ApplicationContext.log Manager: install: Installing context configuration at 'file:/C:/Users/ACERES~1/AppData/Local/Temp/context17120112917149444814.xml'
16-Jun-2022 19:46:20.551 INFO [http-nio-8090-exec-37] org.apache.catalina.core.ApplicationContext.log Manager: start: Starting web application '/Store'
16-Jun-2022 19:50:11.460 INFO [http-nio-8090-exec-42] org.apache.catalina.core.ApplicationContext.log Manager: list: Listing contexts for virtual host 'localhost'
16-Jun-2022 19:50:11.513 INFO [http-nio-8090-exec-43] org.apache.catalina.core.ApplicationContext.log Manager: restart: Reloading web application '/Store'
16-Jun-2022 19:50:25.871 INFO [http-nio-8090-exec-49] org.apache.catalina.core.ApplicationContext.log Manager: list: Listing contexts for virtual host 'localhost'
16-Jun-2022 19:50:25.888 INFO [http-nio-8090-exec-46] org.apache.catalina.core.ApplicationContext.log Manager: restart: Reloading web application '/Store'
16-Jun-2022 19:50:46.093 INFO [http-nio-8090-exec-48] org.apache.catalina.core.ApplicationContext.log Manager: list: Listing contexts for virtual host 'localhost'
16-Jun-2022 19:50:46.107 INFO [http-nio-8090-exec-53] org.apache.catalina.core.ApplicationContext.log Manager: list: Listing contexts for virtual host 'localhost'
16-Jun-2022 19:50:46.161 INFO [http-nio-8090-exec-41] org.apache.catalina.core.ApplicationContext.log Manager: undeploy: Undeploying web application at '/Store'
16-Jun-2022 19:50:46.737 INFO [http-nio-8090-exec-48] org.apache.catalina.core.ApplicationContext.log Manager: install: Installing context configuration at 'file:/C:/Users/ACERES~1/AppData/Local/Temp/context17648785394449615565.xml'
16-Jun-2022 19:50:48.354 INFO [http-nio-8090-exec-40] org.apache.catalina.core.ApplicationContext.log Manager: start: Starting web application '/Store'
16-Jun-2022 19:52:18.143 INFO [http-nio-8090-exec-59] org.apache.catalina.core.ApplicationContext.log Manager: list: Listing contexts for virtual host 'localhost'
16-Jun-2022 19:52:28.935 INFO [http-nio-8090-exec-60] org.apache.catalina.core.ApplicationContext.log Manager: list: Listing contexts for virtual host 'localhost'
16-Jun-2022 19:52:31.747 INFO [http-nio-8090-exec-58] org.apache.catalina.core.ApplicationContext.log Manager: list: Listing contexts for virtual host 'localhost'
16-Jun-2022 19:52:31.759 INFO [http-nio-8090-exec-57] org.apache.catalina.core.ApplicationContext.log Manager: list: Listing contexts for virtual host 'localhost'
16-Jun-2022 19:52:31.807 INFO [http-nio-8090-exec-55] org.apache.catalina.core.ApplicationContext.log Manager: undeploy: Undeploying web application at '/Store'
16-Jun-2022 19:52:32.371 INFO [http-nio-8090-exec-57] org.apache.catalina.core.ApplicationContext.log Manager: install: Installing context configuration at 'file:/C:/Users/ACERES~1/AppData/Local/Temp/context2717820203420487344.xml'
16-Jun-2022 19:52:33.930 INFO [http-nio-8090-exec-63] org.apache.catalina.core.ApplicationContext.log Manager: start: Starting web application '/Store'
16-Jun-2022 19:55:47.943 INFO [http-nio-8090-exec-66] org.apache.catalina.core.ApplicationContext.log Manager: list: Listing contexts for virtual host 'localhost'
16-Jun-2022 19:56:22.826 INFO [http-nio-8090-exec-69] org.apache.catalina.core.ApplicationContext.log Manager: list: Listing contexts for virtual host 'localhost'
16-Jun-2022 19:56:25.750 INFO [http-nio-8090-exec-73] org.apache.catalina.core.ApplicationContext.log Manager: list: Listing contexts for virtual host 'localhost'
16-Jun-2022 19:56:25.758 INFO [http-nio-8090-exec-67] org.apache.catalina.core.ApplicationContext.log Manager: list: Listing contexts for virtual host 'localhost'
16-Jun-2022 19:56:25.819 INFO [http-nio-8090-exec-69] org.apache.catalina.core.ApplicationContext.log Manager: undeploy: Undeploying web application at '/Store'
16-Jun-2022 19:56:26.425 INFO [http-nio-8090-exec-67] org.apache.catalina.core.ApplicationContext.log Manager: install: Installing context configuration at 'file:/C:/Users/ACERES~1/AppData/Local/Temp/context4983136787996039160.xml'
16-Jun-2022 19:56:28.007 INFO [http-nio-8090-exec-71] org.apache.catalina.core.ApplicationContext.log Manager: start: Starting web application '/Store'
16-Jun-2022 19:56:54.498 INFO [http-nio-8090-exec-79] org.apache.catalina.core.ApplicationContext.log Manager: list: Listing contexts for virtual host 'localhost'
16-Jun-2022 19:56:57.491 INFO [http-nio-8090-exec-76] org.apache.catalina.core.ApplicationContext.log Manager: list: Listing contexts for virtual host 'localhost'
16-Jun-2022 19:56:57.499 INFO [http-nio-8090-exec-75] org.apache.catalina.core.ApplicationContext.log Manager: list: Listing contexts for virtual host 'localhost'
16-Jun-2022 19:56:57.531 INFO [http-nio-8090-exec-74] org.apache.catalina.core.ApplicationContext.log Manager: undeploy: Undeploying web application at '/Store'
16-Jun-2022 19:56:58.111 INFO [http-nio-8090-exec-64] org.apache.catalina.core.ApplicationContext.log Manager: install: Installing context configuration at 'file:/C:/Users/ACERES~1/AppData/Local/Temp/context12929625447367883322.xml'
16-Jun-2022 19:56:59.770 INFO [http-nio-8090-exec-80] org.apache.catalina.core.ApplicationContext.log Manager: start: Starting web application '/Store'
16-Jun-2022 19:57:43.452 INFO [http-nio-8090-exec-85] org.apache.catalina.core.ApplicationContext.log Manager: list: Listing contexts for virtual host 'localhost'
16-Jun-2022 20:00:25.099 INFO [http-nio-8090-exec-8] org.apache.catalina.core.ApplicationContext.log Manager: init: Associated with Deployer 'Catalina:type=Deployer,host=localhost'
16-Jun-2022 20:00:25.101 INFO [http-nio-8090-exec-8] org.apache.catalina.core.ApplicationContext.log Manager: init: Global resources are available
16-Jun-2022 20:00:31.346 INFO [http-nio-8090-exec-10] org.apache.catalina.core.ApplicationContext.log Manager: list: Listing contexts for virtual host 'localhost'
16-Jun-2022 20:00:31.393 INFO [http-nio-8090-exec-1] org.apache.catalina.core.ApplicationContext.log Manager: list: Listing contexts for virtual host 'localhost'
16-Jun-2022 20:00:31.458 INFO [http-nio-8090-exec-7] org.apache.catalina.core.ApplicationContext.log Manager: undeploy: Undeploying web application at '/Store'
16-Jun-2022 20:00:32.087 INFO [http-nio-8090-exec-4] org.apache.catalina.core.ApplicationContext.log Manager: install: Installing context configuration at 'file:/C:/Users/ACERES~1/AppData/Local/Temp/context8679948237364339965.xml'
16-Jun-2022 20:01:00.308 INFO [http-nio-8090-exec-9] org.apache.catalina.core.ApplicationContext.log Manager: start: Starting web application '/Store'
16-Jun-2022 20:02:35.684 INFO [http-nio-8090-exec-11] org.apache.catalina.core.ApplicationContext.log Manager: list: Listing contexts for virtual host 'localhost'
16-Jun-2022 20:02:49.369 INFO [http-nio-8090-exec-14] org.apache.catalina.core.ApplicationContext.log Manager: list: Listing contexts for virtual host 'localhost'
16-Jun-2022 20:02:49.377 INFO [http-nio-8090-exec-14] org.apache.catalina.core.ApplicationContext.log Manager: list: Listing contexts for virtual host 'localhost'
16-Jun-2022 20:02:49.419 INFO [http-nio-8090-exec-15] org.apache.catalina.core.ApplicationContext.log Manager: undeploy: Undeploying web application at '/Store'
16-Jun-2022 20:02:50.005 INFO [http-nio-8090-exec-11] org.apache.catalina.core.ApplicationContext.log Manager: install: Installing context configuration at 'file:/C:/Users/ACERES~1/AppData/Local/Temp/context1992368925307972149.xml'
16-Jun-2022 20:02:51.917 INFO [http-nio-8090-exec-13] org.apache.catalina.core.ApplicationContext.log Manager: start: Starting web application '/Store'
16-Jun-2022 20:05:07.706 INFO [http-nio-8090-exec-22] org.apache.catalina.core.ApplicationContext.log Manager: list: Listing contexts for virtual host 'localhost'
16-Jun-2022 20:05:07.746 INFO [http-nio-8090-exec-28] org.apache.catalina.core.ApplicationContext.log Manager: restart: Reloading web application '/Store'
16-Jun-2022 20:05:14.617 INFO [http-nio-8090-exec-24] org.apache.catalina.core.ApplicationContext.log Manager: list: Listing contexts for virtual host 'localhost'
16-Jun-2022 20:05:14.637 INFO [http-nio-8090-exec-26] org.apache.catalina.core.ApplicationContext.log Manager: restart: Reloading web application '/Store'
16-Jun-2022 20:05:43.337 INFO [http-nio-8090-exec-25] org.apache.catalina.core.ApplicationContext.log Manager: list: Listing contexts for virtual host 'localhost'
16-Jun-2022 20:06:46.147 INFO [http-nio-8090-exec-34] org.apache.catalina.core.ApplicationContext.log Manager: list: Listing contexts for virtual host 'localhost'
16-Jun-2022 20:06:49.139 INFO [http-nio-8090-exec-35] org.apache.catalina.core.ApplicationContext.log Manager: list: Listing contexts for virtual host 'localhost'
16-Jun-2022 20:06:49.154 INFO [http-nio-8090-exec-36] org.apache.catalina.core.ApplicationContext.log Manager: list: Listing contexts for virtual host 'localhost'
16-Jun-2022 20:06:49.202 INFO [http-nio-8090-exec-34] org.apache.catalina.core.ApplicationContext.log Manager: undeploy: Undeploying web application at '/Store'
16-Jun-2022 20:06:49.983 INFO [http-nio-8090-exec-25] org.apache.catalina.core.ApplicationContext.log Manager: install: Installing context configuration at 'file:/C:/Users/ACERES~1/AppData/Local/Temp/context16967171461992469942.xml'
16-Jun-2022 20:06:52.135 INFO [http-nio-8090-exec-37] org.apache.catalina.core.ApplicationContext.log Manager: start: Starting web application '/Store'
16-Jun-2022 20:07:51.229 INFO [http-nio-8090-exec-47] org.apache.catalina.core.ApplicationContext.log Manager: list: Listing contexts for virtual host 'localhost'
16-Jun-2022 20:07:51.244 INFO [http-nio-8090-exec-42] org.apache.catalina.core.ApplicationContext.log Manager: list: Listing contexts for virtual host 'localhost'
16-Jun-2022 20:07:51.296 INFO [http-nio-8090-exec-48] org.apache.catalina.core.ApplicationContext.log Manager: undeploy: Undeploying web application at '/Store'
16-Jun-2022 20:07:51.874 INFO [http-nio-8090-exec-41] org.apache.catalina.core.ApplicationContext.log Manager: install: Installing context configuration at 'file:/C:/Users/ACERES~1/AppData/Local/Temp/context3640412301840405669.xml'
16-Jun-2022 20:07:58.684 INFO [http-nio-8090-exec-45] org.apache.catalina.core.ApplicationContext.log Manager: start: Starting web application '/Store'
16-Jun-2022 20:09:29.510 INFO [http-nio-8090-exec-57] org.apache.catalina.core.ApplicationContext.log Manager: list: Listing contexts for virtual host 'localhost'
16-Jun-2022 20:09:29.549 INFO [http-nio-8090-exec-53] org.apache.catalina.core.ApplicationContext.log Manager: restart: Reloading web application '/Store'
16-Jun-2022 20:09:35.774 INFO [http-nio-8090-exec-58] org.apache.catalina.core.ApplicationContext.log Manager: list: Listing contexts for virtual host 'localhost'
16-Jun-2022 20:09:35.823 INFO [http-nio-8090-exec-54] org.apache.catalina.core.ApplicationContext.log Manager: restart: Reloading web application '/Store'
16-Jun-2022 20:09:53.466 INFO [http-nio-8090-exec-60] org.apache.catalina.core.ApplicationContext.log Manager: list: Listing contexts for virtual host 'localhost'
16-Jun-2022 20:10:01.258 INFO [http-nio-8090-exec-61] org.apache.catalina.core.ApplicationContext.log Manager: list: Listing contexts for virtual host 'localhost'
16-Jun-2022 20:10:01.311 INFO [http-nio-8090-exec-49] org.apache.catalina.core.ApplicationContext.log Manager: restart: Reloading web application '/Store'
16-Jun-2022 20:10:03.378 INFO [http-nio-8090-exec-62] org.apache.catalina.core.ApplicationContext.log Manager: list: Listing contexts for virtual host 'localhost'
16-Jun-2022 20:10:03.389 INFO [http-nio-8090-exec-47] org.apache.catalina.core.ApplicationContext.log Manager: list: Listing contexts for virtual host 'localhost'
16-Jun-2022 20:10:03.617 INFO [http-nio-8090-exec-55] org.apache.catalina.core.ApplicationContext.log Manager: undeploy: Undeploying web application at '/Store'
16-Jun-2022 20:10:04.175 INFO [http-nio-8090-exec-60] org.apache.catalina.core.ApplicationContext.log Manager: install: Installing context configuration at 'file:/C:/Users/ACERES~1/AppData/Local/Temp/context12884891305427123054.xml'
16-Jun-2022 20:10:05.851 INFO [http-nio-8090-exec-49] org.apache.catalina.core.ApplicationContext.log Manager: start: Starting web application '/Store'
16-Jun-2022 20:10:32.710 INFO [http-nio-8090-exec-65] org.apache.catalina.core.ApplicationContext.log Manager: list: Listing contexts for virtual host 'localhost'
16-Jun-2022 20:10:34.693 INFO [http-nio-8090-exec-67] org.apache.catalina.core.ApplicationContext.log Manager: list: Listing contexts for virtual host 'localhost'
16-Jun-2022 20:10:34.705 INFO [http-nio-8090-exec-69] org.apache.catalina.core.ApplicationContext.log Manager: list: Listing contexts for virtual host 'localhost'
16-Jun-2022 20:10:34.754 INFO [http-nio-8090-exec-65] org.apache.catalina.core.ApplicationContext.log Manager: undeploy: Undeploying web application at '/Store'
16-Jun-2022 20:10:35.318 INFO [http-nio-8090-exec-64] org.apache.catalina.core.ApplicationContext.log Manager: install: Installing context configuration at 'file:/C:/Users/ACERES~1/AppData/Local/Temp/context3983540279443875143.xml'
16-Jun-2022 20:10:37.067 INFO [http-nio-8090-exec-66] org.apache.catalina.core.ApplicationContext.log Manager: start: Starting web application '/Store'
16-Jun-2022 20:14:19.816 INFO [http-nio-8090-exec-79] org.apache.catalina.core.ApplicationContext.log Manager: list: Listing contexts for virtual host 'localhost'
16-Jun-2022 20:15:16.246 INFO [http-nio-8090-exec-73] org.apache.catalina.core.ApplicationContext.log Manager: list: Listing contexts for virtual host 'localhost'
16-Jun-2022 20:15:35.657 INFO [http-nio-8090-exec-71] org.apache.catalina.core.ApplicationContext.log Manager: list: Listing contexts for virtual host 'localhost'
16-Jun-2022 20:15:50.538 INFO [http-nio-8090-exec-78] org.apache.catalina.core.ApplicationContext.log Manager: list: Listing contexts for virtual host 'localhost'
16-Jun-2022 20:15:58.072 INFO [http-nio-8090-exec-75] org.apache.catalina.core.ApplicationContext.log Manager: list: Listing contexts for virtual host 'localhost'
16-Jun-2022 20:16:09.070 INFO [http-nio-8090-exec-71] org.apache.catalina.core.ApplicationContext.log Manager: list: Listing contexts for virtual host 'localhost'
16-Jun-2022 20:16:40.383 INFO [http-nio-8090-exec-79] org.apache.catalina.core.ApplicationContext.log Manager: list: Listing contexts for virtual host 'localhost'
16-Jun-2022 20:16:47.638 INFO [http-nio-8090-exec-71] org.apache.catalina.core.ApplicationContext.log Manager: list: Listing contexts for virtual host 'localhost'
16-Jun-2022 20:16:54.710 INFO [http-nio-8090-exec-78] org.apache.catalina.core.ApplicationContext.log Manager: list: Listing contexts for virtual host 'localhost'
16-Jun-2022 20:16:58.919 INFO [http-nio-8090-exec-77] org.apache.catalina.core.ApplicationContext.log Manager: list: Listing contexts for virtual host 'localhost'
16-Jun-2022 20:17:07.593 INFO [http-nio-8090-exec-73] org.apache.catalina.core.ApplicationContext.log Manager: list: Listing contexts for virtual host 'localhost'
16-Jun-2022 20:17:07.604 INFO [http-nio-8090-exec-76] org.apache.catalina.core.ApplicationContext.log Manager: list: Listing contexts for virtual host 'localhost'
16-Jun-2022 20:17:07.815 INFO [http-nio-8090-exec-71] org.apache.catalina.core.ApplicationContext.log Manager: undeploy: Undeploying web application at '/Store'
16-Jun-2022 20:17:08.377 INFO [http-nio-8090-exec-75] org.apache.catalina.core.ApplicationContext.log Manager: install: Installing context configuration at 'file:/C:/Users/ACERES~1/AppData/Local/Temp/context11651619266790868683.xml'
16-Jun-2022 20:17:10.134 INFO [http-nio-8090-exec-76] org.apache.catalina.core.ApplicationContext.log Manager: start: Starting web application '/Store'
16-Jun-2022 20:18:26.716 INFO [http-nio-8090-exec-87] org.apache.catalina.core.ApplicationContext.log Manager: list: Listing contexts for virtual host 'localhost'
16-Jun-2022 20:18:33.151 INFO [http-nio-8090-exec-85] org.apache.catalina.core.ApplicationContext.log Manager: list: Listing contexts for virtual host 'localhost'
16-Jun-2022 20:18:36.524 INFO [http-nio-8090-exec-83] org.apache.catalina.core.ApplicationContext.log Manager: list: Listing contexts for virtual host 'localhost'
16-Jun-2022 20:18:40.038 INFO [http-nio-8090-exec-87] org.apache.catalina.core.ApplicationContext.log Manager: list: Listing contexts for virtual host 'localhost'
16-Jun-2022 20:18:43.122 INFO [http-nio-8090-exec-89] org.apache.catalina.core.ApplicationContext.log Manager: list: Listing contexts for virtual host 'localhost'
16-Jun-2022 20:18:49.357 INFO [http-nio-8090-exec-81] org.apache.catalina.core.ApplicationContext.log Manager: list: Listing contexts for virtual host 'localhost'
16-Jun-2022 20:18:49.363 INFO [http-nio-8090-exec-83] org.apache.catalina.core.ApplicationContext.log Manager: list: Listing contexts for virtual host 'localhost'
16-Jun-2022 20:18:49.400 INFO [http-nio-8090-exec-84] org.apache.catalina.core.ApplicationContext.log Manager: undeploy: Undeploying web application at '/Store'
16-Jun-2022 20:18:50.468 INFO [http-nio-8090-exec-85] org.apache.catalina.core.ApplicationContext.log Manager: install: Installing context configuration at 'file:/C:/Users/ACERES~1/AppData/Local/Temp/context5677716333306614243.xml'
16-Jun-2022 20:18:52.148 INFO [http-nio-8090-exec-83] org.apache.catalina.core.ApplicationContext.log Manager: start: Starting web application '/Store'
16-Jun-2022 20:20:37.971 INFO [http-nio-8090-exec-95] org.apache.catalina.core.ApplicationContext.log Manager: list: Listing contexts for virtual host 'localhost'
16-Jun-2022 20:20:47.166 INFO [http-nio-8090-exec-92] org.apache.catalina.core.ApplicationContext.log Manager: list: Listing contexts for virtual host 'localhost'
16-Jun-2022 20:20:47.176 INFO [http-nio-8090-exec-100] org.apache.catalina.core.ApplicationContext.log Manager: list: Listing contexts for virtual host 'localhost'
16-Jun-2022 20:20:47.208 INFO [http-nio-8090-exec-93] org.apache.catalina.core.ApplicationContext.log Manager: undeploy: Undeploying web application at '/Store'
16-Jun-2022 20:20:47.762 INFO [http-nio-8090-exec-100] org.apache.catalina.core.ApplicationContext.log Manager: install: Installing context configuration at 'file:/C:/Users/ACERES~1/AppData/Local/Temp/context7114879816533018853.xml'
16-Jun-2022 20:20:49.234 INFO [http-nio-8090-exec-92] org.apache.catalina.core.ApplicationContext.log Manager: start: Starting web application '/Store'
