14-Jun-2022 11:21:22.847 INFO [http-nio-8090-exec-9] org.apache.catalina.core.ApplicationContext.log Manager: init: Associated with Deployer 'Catalina:type=Deployer,host=localhost'
14-Jun-2022 11:21:22.848 INFO [http-nio-8090-exec-9] org.apache.catalina.core.ApplicationContext.log Manager: init: Global resources are available
14-Jun-2022 11:21:23.124 INFO [http-nio-8090-exec-9] org.apache.catalina.core.ApplicationContext.log Manager: list: Listing contexts for virtual host 'localhost'
14-Jun-2022 11:21:23.137 INFO [http-nio-8090-exec-3] org.apache.catalina.core.ApplicationContext.log Manager: list: Listing contexts for virtual host 'localhost'
14-Jun-2022 11:21:23.287 INFO [http-nio-8090-exec-7] org.apache.catalina.core.ApplicationContext.log Manager: undeploy: Undeploying web application at '/Store'
14-Jun-2022 11:21:24.113 INFO [http-nio-8090-exec-10] org.apache.catalina.core.ApplicationContext.log Manager: install: Installing context configuration at 'file:/C:/Users/ACERES~1/AppData/Local/Temp/context441265913557338293.xml'
14-Jun-2022 11:21:25.946 INFO [http-nio-8090-exec-4] org.apache.catalina.core.ApplicationContext.log Manager: start: Starting web application '/Store'
14-Jun-2022 11:25:58.509 INFO [http-nio-8090-exec-26] org.apache.catalina.core.ApplicationContext.log Manager: list: Listing contexts for virtual host 'localhost'
14-Jun-2022 11:25:58.555 INFO [http-nio-8090-exec-19] org.apache.catalina.core.ApplicationContext.log Manager: restart: Reloading web application '/Store'
14-Jun-2022 11:26:25.636 INFO [http-nio-8090-exec-24] org.apache.catalina.core.ApplicationContext.log Manager: list: Listing contexts for virtual host 'localhost'
14-Jun-2022 11:26:25.659 INFO [http-nio-8090-exec-28] org.apache.catalina.core.ApplicationContext.log Manager: restart: Reloading web application '/Store'
14-Jun-2022 11:27:17.650 INFO [http-nio-8090-exec-24] org.apache.catalina.core.ApplicationContext.log Manager: list: Listing contexts for virtual host 'localhost'
14-Jun-2022 11:27:32.889 INFO [http-nio-8090-exec-33] org.apache.catalina.core.ApplicationContext.log Manager: list: Listing contexts for virtual host 'localhost'
14-Jun-2022 11:27:41.820 INFO [http-nio-8090-exec-29] org.apache.catalina.core.ApplicationContext.log Manager: list: Listing contexts for virtual host 'localhost'
14-Jun-2022 11:32:26.292 INFO [http-nio-8090-exec-32] org.apache.catalina.core.ApplicationContext.log Manager: list: Listing contexts for virtual host 'localhost'
14-Jun-2022 11:32:28.372 INFO [http-nio-8090-exec-32] org.apache.catalina.core.ApplicationContext.log Manager: list: Listing contexts for virtual host 'localhost'
14-Jun-2022 11:32:36.644 INFO [http-nio-8090-exec-29] org.apache.catalina.core.ApplicationContext.log Manager: list: Listing contexts for virtual host 'localhost'
14-Jun-2022 11:34:17.921 INFO [http-nio-8090-exec-33] org.apache.catalina.core.ApplicationContext.log Manager: list: Listing contexts for virtual host 'localhost'
14-Jun-2022 11:36:26.371 INFO [http-nio-8090-exec-35] org.apache.catalina.core.ApplicationContext.log Manager: list: Listing contexts for virtual host 'localhost'
14-Jun-2022 11:36:26.399 INFO [http-nio-8090-exec-33] org.apache.catalina.core.ApplicationContext.log Manager: restart: Reloading web application '/Store'
14-Jun-2022 11:36:30.992 INFO [http-nio-8090-exec-31] org.apache.catalina.core.ApplicationContext.log Manager: list: Listing contexts for virtual host 'localhost'
14-Jun-2022 11:36:31.025 INFO [http-nio-8090-exec-37] org.apache.catalina.core.ApplicationContext.log Manager: restart: Reloading web application '/Store'
14-Jun-2022 11:36:34.080 INFO [http-nio-8090-exec-31] org.apache.catalina.core.ApplicationContext.log Manager: list: Listing contexts for virtual host 'localhost'
14-Jun-2022 11:36:34.117 INFO [http-nio-8090-exec-34] org.apache.catalina.core.ApplicationContext.log Manager: restart: Reloading web application '/Store'
14-Jun-2022 11:37:57.070 INFO [http-nio-8090-exec-35] org.apache.catalina.core.ApplicationContext.log Manager: list: Listing contexts for virtual host 'localhost'
14-Jun-2022 11:38:11.606 INFO [http-nio-8090-exec-29] org.apache.catalina.core.ApplicationContext.log Manager: list: Listing contexts for virtual host 'localhost'
14-Jun-2022 11:38:12.031 INFO [http-nio-8090-exec-42] org.apache.catalina.core.ApplicationContext.log Manager: list: Listing contexts for virtual host 'localhost'
14-Jun-2022 11:39:25.208 INFO [http-nio-8090-exec-41] org.apache.catalina.core.ApplicationContext.log Manager: list: Listing contexts for virtual host 'localhost'
14-Jun-2022 11:39:41.794 INFO [http-nio-8090-exec-46] org.apache.catalina.core.ApplicationContext.log Manager: list: Listing contexts for virtual host 'localhost'
14-Jun-2022 11:40:00.295 INFO [http-nio-8090-exec-46] org.apache.catalina.core.ApplicationContext.log Manager: list: Listing contexts for virtual host 'localhost'
14-Jun-2022 11:40:39.218 INFO [http-nio-8090-exec-49] org.apache.catalina.core.ApplicationContext.log Manager: list: Listing contexts for virtual host 'localhost'
14-Jun-2022 11:40:39.257 INFO [http-nio-8090-exec-41] org.apache.catalina.core.ApplicationContext.log Manager: restart: Reloading web application '/Store'
14-Jun-2022 11:40:57.573 INFO [http-nio-8090-exec-52] org.apache.catalina.core.ApplicationContext.log Manager: list: Listing contexts for virtual host 'localhost'
14-Jun-2022 11:40:57.588 INFO [http-nio-8090-exec-45] org.apache.catalina.core.ApplicationContext.log Manager: restart: Reloading web application '/Store'
14-Jun-2022 11:41:16.630 INFO [http-nio-8090-exec-42] org.apache.catalina.core.ApplicationContext.log Manager: list: Listing contexts for virtual host 'localhost'
14-Jun-2022 11:41:16.661 INFO [http-nio-8090-exec-50] org.apache.catalina.core.ApplicationContext.log Manager: restart: Reloading web application '/Store'
14-Jun-2022 11:41:21.233 INFO [http-nio-8090-exec-43] org.apache.catalina.core.ApplicationContext.log Manager: list: Listing contexts for virtual host 'localhost'
14-Jun-2022 11:41:21.248 INFO [http-nio-8090-exec-49] org.apache.catalina.core.ApplicationContext.log Manager: list: Listing contexts for virtual host 'localhost'
14-Jun-2022 11:41:21.299 INFO [http-nio-8090-exec-43] org.apache.catalina.core.ApplicationContext.log Manager: undeploy: Undeploying web application at '/Store'
14-Jun-2022 11:41:21.880 INFO [http-nio-8090-exec-46] org.apache.catalina.core.ApplicationContext.log Manager: install: Installing context configuration at 'file:/C:/Users/ACERES~1/AppData/Local/Temp/context17108979927607229043.xml'
14-Jun-2022 11:41:23.183 INFO [http-nio-8090-exec-55] org.apache.catalina.core.ApplicationContext.log Manager: start: Starting web application '/Store'
14-Jun-2022 11:41:38.588 INFO [http-nio-8090-exec-60] org.apache.catalina.core.ApplicationContext.log Manager: list: Listing contexts for virtual host 'localhost'
14-Jun-2022 11:41:41.989 INFO [http-nio-8090-exec-55] org.apache.catalina.core.ApplicationContext.log Manager: list: Listing contexts for virtual host 'localhost'
14-Jun-2022 11:41:41.998 INFO [http-nio-8090-exec-61] org.apache.catalina.core.ApplicationContext.log Manager: list: Listing contexts for virtual host 'localhost'
14-Jun-2022 11:41:42.046 INFO [http-nio-8090-exec-52] org.apache.catalina.core.ApplicationContext.log Manager: undeploy: Undeploying web application at '/Store'
14-Jun-2022 11:41:42.625 INFO [http-nio-8090-exec-55] org.apache.catalina.core.ApplicationContext.log Manager: install: Installing context configuration at 'file:/C:/Users/ACERES~1/AppData/Local/Temp/context5648262014043257160.xml'
14-Jun-2022 11:41:44.621 INFO [http-nio-8090-exec-60] org.apache.catalina.core.ApplicationContext.log Manager: start: Starting web application '/Store'
14-Jun-2022 12:09:48.110 INFO [http-nio-8090-exec-63] org.apache.catalina.core.ApplicationContext.log Manager: list: Listing contexts for virtual host 'localhost'
14-Jun-2022 12:13:02.061 INFO [http-nio-8090-exec-62] org.apache.catalina.core.ApplicationContext.log Manager: list: Listing contexts for virtual host 'localhost'
14-Jun-2022 12:13:05.017 INFO [http-nio-8090-exec-64] org.apache.catalina.core.ApplicationContext.log Manager: list: Listing contexts for virtual host 'localhost'
14-Jun-2022 12:13:05.022 INFO [http-nio-8090-exec-67] org.apache.catalina.core.ApplicationContext.log Manager: list: Listing contexts for virtual host 'localhost'
14-Jun-2022 12:13:05.059 INFO [http-nio-8090-exec-68] org.apache.catalina.core.ApplicationContext.log Manager: undeploy: Undeploying web application at '/Store'
14-Jun-2022 12:13:05.618 INFO [http-nio-8090-exec-67] org.apache.catalina.core.ApplicationContext.log Manager: install: Installing context configuration at 'file:/C:/Users/ACERES~1/AppData/Local/Temp/context16914929034891878027.xml'
14-Jun-2022 12:13:07.006 INFO [http-nio-8090-exec-71] org.apache.catalina.core.ApplicationContext.log Manager: start: Starting web application '/Store'
14-Jun-2022 12:30:11.052 INFO [http-nio-8090-exec-73] org.apache.catalina.core.ApplicationContext.log Manager: list: Listing contexts for virtual host 'localhost'
14-Jun-2022 12:30:18.689 INFO [http-nio-8090-exec-75] org.apache.catalina.core.ApplicationContext.log Manager: list: Listing contexts for virtual host 'localhost'
14-Jun-2022 12:30:37.931 INFO [http-nio-8090-exec-74] org.apache.catalina.core.ApplicationContext.log Manager: list: Listing contexts for virtual host 'localhost'
14-Jun-2022 12:30:42.317 INFO [http-nio-8090-exec-80] org.apache.catalina.core.ApplicationContext.log Manager: list: Listing contexts for virtual host 'localhost'
14-Jun-2022 12:30:42.323 INFO [http-nio-8090-exec-76] org.apache.catalina.core.ApplicationContext.log Manager: list: Listing contexts for virtual host 'localhost'
14-Jun-2022 12:30:42.371 INFO [http-nio-8090-exec-74] org.apache.catalina.core.ApplicationContext.log Manager: undeploy: Undeploying web application at '/Store'
14-Jun-2022 12:30:42.941 INFO [http-nio-8090-exec-73] org.apache.catalina.core.ApplicationContext.log Manager: install: Installing context configuration at 'file:/C:/Users/ACERES~1/AppData/Local/Temp/context1782299168666501058.xml'
14-Jun-2022 12:30:44.502 INFO [http-nio-8090-exec-81] org.apache.catalina.core.ApplicationContext.log Manager: start: Starting web application '/Store'
14-Jun-2022 12:31:26.750 INFO [http-nio-8090-exec-85] org.apache.catalina.core.ApplicationContext.log Manager: list: Listing contexts for virtual host 'localhost'
14-Jun-2022 12:31:29.351 INFO [http-nio-8090-exec-86] org.apache.catalina.core.ApplicationContext.log Manager: list: Listing contexts for virtual host 'localhost'
14-Jun-2022 12:31:29.359 INFO [http-nio-8090-exec-89] org.apache.catalina.core.ApplicationContext.log Manager: list: Listing contexts for virtual host 'localhost'
14-Jun-2022 12:31:29.393 INFO [http-nio-8090-exec-85] org.apache.catalina.core.ApplicationContext.log Manager: undeploy: Undeploying web application at '/Store'
14-Jun-2022 12:31:29.958 INFO [http-nio-8090-exec-84] org.apache.catalina.core.ApplicationContext.log Manager: install: Installing context configuration at 'file:/C:/Users/ACERES~1/AppData/Local/Temp/context5141400171849925471.xml'
14-Jun-2022 12:31:31.350 INFO [http-nio-8090-exec-81] org.apache.catalina.core.ApplicationContext.log Manager: start: Starting web application '/Store'
14-Jun-2022 13:33:25.379 INFO [http-nio-8090-exec-97] org.apache.catalina.core.ApplicationContext.log Manager: list: Listing contexts for virtual host 'localhost'
14-Jun-2022 13:33:25.914 INFO [http-nio-8090-exec-100] org.apache.catalina.core.ApplicationContext.log Manager: list: Listing contexts for virtual host 'localhost'
14-Jun-2022 13:34:25.093 INFO [http-nio-8090-exec-96] org.apache.catalina.core.ApplicationContext.log Manager: list: Listing contexts for virtual host 'localhost'
14-Jun-2022 13:34:28.737 INFO [http-nio-8090-exec-100] org.apache.catalina.core.ApplicationContext.log Manager: list: Listing contexts for virtual host 'localhost'
14-Jun-2022 13:34:34.077 INFO [http-nio-8090-exec-95] org.apache.catalina.core.ApplicationContext.log Manager: list: Listing contexts for virtual host 'localhost'
14-Jun-2022 13:34:41.626 INFO [http-nio-8090-exec-92] org.apache.catalina.core.ApplicationContext.log Manager: list: Listing contexts for virtual host 'localhost'
14-Jun-2022 13:35:23.229 INFO [http-nio-8090-exec-98] org.apache.catalina.core.ApplicationContext.log Manager: list: Listing contexts for virtual host 'localhost'
14-Jun-2022 13:35:35.240 INFO [http-nio-8090-exec-95] org.apache.catalina.core.ApplicationContext.log Manager: list: Listing contexts for virtual host 'localhost'
14-Jun-2022 13:36:11.126 INFO [http-nio-8090-exec-100] org.apache.catalina.core.ApplicationContext.log Manager: list: Listing contexts for virtual host 'localhost'
14-Jun-2022 13:37:08.166 INFO [http-nio-8090-exec-98] org.apache.catalina.core.ApplicationContext.log Manager: list: Listing contexts for virtual host 'localhost'
14-Jun-2022 13:37:08.394 INFO [http-nio-8090-exec-99] org.apache.catalina.core.ApplicationContext.log Manager: restart: Reloading web application '/Store'
14-Jun-2022 13:37:12.840 INFO [http-nio-8090-exec-97] org.apache.catalina.core.ApplicationContext.log Manager: list: Listing contexts for virtual host 'localhost'
14-Jun-2022 13:37:12.861 INFO [http-nio-8090-exec-98] org.apache.catalina.core.ApplicationContext.log Manager: restart: Reloading web application '/Store'
14-Jun-2022 13:37:15.603 INFO [http-nio-8090-exec-97] org.apache.catalina.core.ApplicationContext.log Manager: list: Listing contexts for virtual host 'localhost'
14-Jun-2022 13:37:15.620 INFO [http-nio-8090-exec-91] org.apache.catalina.core.ApplicationContext.log Manager: restart: Reloading web application '/Store'
14-Jun-2022 13:37:21.310 INFO [http-nio-8090-exec-101] org.apache.catalina.core.ApplicationContext.log Manager: list: Listing contexts for virtual host 'localhost'
14-Jun-2022 13:37:21.356 INFO [http-nio-8090-exec-92] org.apache.catalina.core.ApplicationContext.log Manager: restart: Reloading web application '/Store'
14-Jun-2022 13:37:37.129 INFO [http-nio-8090-exec-103] org.apache.catalina.core.ApplicationContext.log Manager: list: Listing contexts for virtual host 'localhost'
14-Jun-2022 13:37:37.144 INFO [http-nio-8090-exec-104] org.apache.catalina.core.ApplicationContext.log Manager: restart: Reloading web application '/Store'
14-Jun-2022 13:37:48.976 INFO [http-nio-8090-exec-108] org.apache.catalina.core.ApplicationContext.log Manager: list: Listing contexts for virtual host 'localhost'
14-Jun-2022 13:37:48.991 INFO [http-nio-8090-exec-106] org.apache.catalina.core.ApplicationContext.log Manager: restart: Reloading web application '/Store'
14-Jun-2022 13:37:51.034 INFO [http-nio-8090-exec-97] org.apache.catalina.core.ApplicationContext.log Manager: list: Listing contexts for virtual host 'localhost'
14-Jun-2022 13:37:51.049 INFO [http-nio-8090-exec-94] org.apache.catalina.core.ApplicationContext.log Manager: list: Listing contexts for virtual host 'localhost'
14-Jun-2022 13:37:51.113 INFO [http-nio-8090-exec-105] org.apache.catalina.core.ApplicationContext.log Manager: undeploy: Undeploying web application at '/Store'
14-Jun-2022 13:37:51.743 INFO [http-nio-8090-exec-100] org.apache.catalina.core.ApplicationContext.log Manager: install: Installing context configuration at 'file:/C:/Users/ACERES~1/AppData/Local/Temp/context12747731518431236689.xml'
14-Jun-2022 13:37:53.333 INFO [http-nio-8090-exec-107] org.apache.catalina.core.ApplicationContext.log Manager: start: Starting web application '/Store'
14-Jun-2022 13:38:41.525 INFO [http-nio-8090-exec-111] org.apache.catalina.core.ApplicationContext.log Manager: list: Listing contexts for virtual host 'localhost'
14-Jun-2022 13:38:45.421 INFO [http-nio-8090-exec-110] org.apache.catalina.core.ApplicationContext.log Manager: list: Listing contexts for virtual host 'localhost'
14-Jun-2022 13:38:45.428 INFO [http-nio-8090-exec-111] org.apache.catalina.core.ApplicationContext.log Manager: list: Listing contexts for virtual host 'localhost'
14-Jun-2022 13:38:45.477 INFO [http-nio-8090-exec-119] org.apache.catalina.core.ApplicationContext.log Manager: undeploy: Undeploying web application at '/Store'
14-Jun-2022 13:38:46.058 INFO [http-nio-8090-exec-114] org.apache.catalina.core.ApplicationContext.log Manager: install: Installing context configuration at 'file:/C:/Users/ACERES~1/AppData/Local/Temp/context14848114266933668239.xml'
14-Jun-2022 13:38:47.778 INFO [http-nio-8090-exec-114] org.apache.catalina.core.ApplicationContext.log Manager: start: Starting web application '/Store'
14-Jun-2022 13:40:45.809 INFO [http-nio-8090-exec-129] org.apache.catalina.core.ApplicationContext.log Manager: list: Listing contexts for virtual host 'localhost'
14-Jun-2022 13:40:57.316 INFO [http-nio-8090-exec-127] org.apache.catalina.core.ApplicationContext.log Manager: list: Listing contexts for virtual host 'localhost'
14-Jun-2022 13:41:24.538 INFO [http-nio-8090-exec-123] org.apache.catalina.core.ApplicationContext.log Manager: list: Listing contexts for virtual host 'localhost'
14-Jun-2022 13:41:44.075 INFO [http-nio-8090-exec-127] org.apache.catalina.core.ApplicationContext.log Manager: list: Listing contexts for virtual host 'localhost'
14-Jun-2022 13:41:51.141 INFO [http-nio-8090-exec-121] org.apache.catalina.core.ApplicationContext.log Manager: list: Listing contexts for virtual host 'localhost'
14-Jun-2022 13:41:51.150 INFO [http-nio-8090-exec-129] org.apache.catalina.core.ApplicationContext.log Manager: list: Listing contexts for virtual host 'localhost'
14-Jun-2022 13:41:51.187 INFO [http-nio-8090-exec-124] org.apache.catalina.core.ApplicationContext.log Manager: undeploy: Undeploying web application at '/Store'
14-Jun-2022 13:41:51.754 INFO [http-nio-8090-exec-125] org.apache.catalina.core.ApplicationContext.log Manager: install: Installing context configuration at 'file:/C:/Users/ACERES~1/AppData/Local/Temp/context7998051704211118789.xml'
14-Jun-2022 13:41:53.230 INFO [http-nio-8090-exec-127] org.apache.catalina.core.ApplicationContext.log Manager: start: Starting web application '/Store'
14-Jun-2022 13:47:03.887 INFO [http-nio-8090-exec-133] org.apache.catalina.core.ApplicationContext.log Manager: list: Listing contexts for virtual host 'localhost'
14-Jun-2022 13:47:03.906 INFO [http-nio-8090-exec-132] org.apache.catalina.core.ApplicationContext.log Manager: restart: Reloading web application '/Store'
14-Jun-2022 13:48:03.611 INFO [http-nio-8090-exec-133] org.apache.catalina.core.ApplicationContext.log Manager: list: Listing contexts for virtual host 'localhost'
14-Jun-2022 13:48:03.982 INFO [http-nio-8090-exec-135] org.apache.catalina.core.ApplicationContext.log Manager: list: Listing contexts for virtual host 'localhost'
14-Jun-2022 13:48:07.472 INFO [http-nio-8090-exec-138] org.apache.catalina.core.ApplicationContext.log Manager: list: Listing contexts for virtual host 'localhost'
14-Jun-2022 14:05:01.523 INFO [http-nio-8090-exec-140] org.apache.catalina.core.ApplicationContext.log Manager: list: Listing contexts for virtual host 'localhost'
14-Jun-2022 14:05:01.551 INFO [http-nio-8090-exec-142] org.apache.catalina.core.ApplicationContext.log Manager: restart: Reloading web application '/Store'
14-Jun-2022 14:05:04.364 INFO [http-nio-8090-exec-140] org.apache.catalina.core.ApplicationContext.log Manager: list: Listing contexts for virtual host 'localhost'
14-Jun-2022 14:05:04.377 INFO [http-nio-8090-exec-141] org.apache.catalina.core.ApplicationContext.log Manager: restart: Reloading web application '/Store'
14-Jun-2022 14:05:27.443 INFO [http-nio-8090-exec-152] org.apache.catalina.core.ApplicationContext.log Manager: list: Listing contexts for virtual host 'localhost'
14-Jun-2022 14:05:27.464 INFO [http-nio-8090-exec-150] org.apache.catalina.core.ApplicationContext.log Manager: restart: Reloading web application '/Store'
14-Jun-2022 14:05:29.563 INFO [http-nio-8090-exec-151] org.apache.catalina.core.ApplicationContext.log Manager: list: Listing contexts for virtual host 'localhost'
14-Jun-2022 14:05:29.584 INFO [http-nio-8090-exec-146] org.apache.catalina.core.ApplicationContext.log Manager: restart: Reloading web application '/Store'
14-Jun-2022 14:07:01.337 INFO [http-nio-8090-exec-153] org.apache.catalina.core.ApplicationContext.log Manager: list: Listing contexts for virtual host 'localhost'
14-Jun-2022 14:07:01.354 INFO [http-nio-8090-exec-157] org.apache.catalina.core.ApplicationContext.log Manager: restart: Reloading web application '/Store'
14-Jun-2022 14:08:34.189 INFO [http-nio-8090-exec-147] org.apache.catalina.core.ApplicationContext.log Manager: list: Listing contexts for virtual host 'localhost'
14-Jun-2022 14:08:34.206 INFO [http-nio-8090-exec-155] org.apache.catalina.core.ApplicationContext.log Manager: restart: Reloading web application '/Store'
14-Jun-2022 14:11:44.163 INFO [http-nio-8090-exec-164] org.apache.catalina.core.ApplicationContext.log Manager: list: Listing contexts for virtual host 'localhost'
14-Jun-2022 14:11:44.186 INFO [http-nio-8090-exec-165] org.apache.catalina.core.ApplicationContext.log Manager: restart: Reloading web application '/Store'
14-Jun-2022 14:11:46.410 INFO [http-nio-8090-exec-168] org.apache.catalina.core.ApplicationContext.log Manager: list: Listing contexts for virtual host 'localhost'
14-Jun-2022 14:11:46.441 INFO [http-nio-8090-exec-169] org.apache.catalina.core.ApplicationContext.log Manager: restart: Reloading web application '/Store'
14-Jun-2022 14:11:51.856 INFO [http-nio-8090-exec-164] org.apache.catalina.core.ApplicationContext.log Manager: list: Listing contexts for virtual host 'localhost'
14-Jun-2022 14:11:51.870 INFO [http-nio-8090-exec-166] org.apache.catalina.core.ApplicationContext.log Manager: restart: Reloading web application '/Store'
14-Jun-2022 14:12:36.538 INFO [http-nio-8090-exec-163] org.apache.catalina.core.ApplicationContext.log Manager: list: Listing contexts for virtual host 'localhost'
14-Jun-2022 14:12:36.556 INFO [http-nio-8090-exec-172] org.apache.catalina.core.ApplicationContext.log Manager: restart: Reloading web application '/Store'
14-Jun-2022 14:12:53.210 INFO [http-nio-8090-exec-163] org.apache.catalina.core.ApplicationContext.log Manager: list: Listing contexts for virtual host 'localhost'
14-Jun-2022 14:12:53.226 INFO [http-nio-8090-exec-164] org.apache.catalina.core.ApplicationContext.log Manager: restart: Reloading web application '/Store'
14-Jun-2022 14:13:00.824 INFO [http-nio-8090-exec-163] org.apache.catalina.core.ApplicationContext.log Manager: list: Listing contexts for virtual host 'localhost'
14-Jun-2022 14:13:00.840 INFO [http-nio-8090-exec-175] org.apache.catalina.core.ApplicationContext.log Manager: restart: Reloading web application '/Store'
14-Jun-2022 14:13:40.165 INFO [http-nio-8090-exec-174] org.apache.catalina.core.ApplicationContext.log Manager: list: Listing contexts for virtual host 'localhost'
14-Jun-2022 14:13:40.182 INFO [http-nio-8090-exec-163] org.apache.catalina.core.ApplicationContext.log Manager: restart: Reloading web application '/Store'
14-Jun-2022 14:13:44.694 INFO [http-nio-8090-exec-182] org.apache.catalina.core.ApplicationContext.log Manager: list: Listing contexts for virtual host 'localhost'
14-Jun-2022 14:13:44.710 INFO [http-nio-8090-exec-179] org.apache.catalina.core.ApplicationContext.log Manager: restart: Reloading web application '/Store'
14-Jun-2022 14:13:47.269 INFO [http-nio-8090-exec-171] org.apache.catalina.core.ApplicationContext.log Manager: list: Listing contexts for virtual host 'localhost'
14-Jun-2022 14:13:47.316 INFO [http-nio-8090-exec-176] org.apache.catalina.core.ApplicationContext.log Manager: restart: Reloading web application '/Store'
14-Jun-2022 14:14:20.642 INFO [http-nio-8090-exec-183] org.apache.catalina.core.ApplicationContext.log Manager: list: Listing contexts for virtual host 'localhost'
14-Jun-2022 14:14:20.658 INFO [http-nio-8090-exec-174] org.apache.catalina.core.ApplicationContext.log Manager: restart: Reloading web application '/Store'
14-Jun-2022 14:14:57.470 INFO [http-nio-8090-exec-173] org.apache.catalina.core.ApplicationContext.log Manager: list: Listing contexts for virtual host 'localhost'
14-Jun-2022 14:14:57.486 INFO [http-nio-8090-exec-185] org.apache.catalina.core.ApplicationContext.log Manager: restart: Reloading web application '/Store'
14-Jun-2022 14:15:10.553 INFO [http-nio-8090-exec-173] org.apache.catalina.core.ApplicationContext.log Manager: list: Listing contexts for virtual host 'localhost'
14-Jun-2022 14:15:10.567 INFO [http-nio-8090-exec-180] org.apache.catalina.core.ApplicationContext.log Manager: restart: Reloading web application '/Store'
14-Jun-2022 14:15:57.723 INFO [http-nio-8090-exec-189] org.apache.catalina.core.ApplicationContext.log Manager: list: Listing contexts for virtual host 'localhost'
14-Jun-2022 14:15:57.738 INFO [http-nio-8090-exec-192] org.apache.catalina.core.ApplicationContext.log Manager: restart: Reloading web application '/Store'
14-Jun-2022 14:16:11.532 INFO [http-nio-8090-exec-194] org.apache.catalina.core.ApplicationContext.log Manager: list: Listing contexts for virtual host 'localhost'
14-Jun-2022 14:16:11.551 INFO [http-nio-8090-exec-181] org.apache.catalina.core.ApplicationContext.log Manager: restart: Reloading web application '/Store'
14-Jun-2022 14:16:45.470 INFO [http-nio-8090-exec-189] org.apache.catalina.core.ApplicationContext.log Manager: list: Listing contexts for virtual host 'localhost'
14-Jun-2022 14:16:45.547 INFO [http-nio-8090-exec-196] org.apache.catalina.core.ApplicationContext.log Manager: restart: Reloading web application '/Store'
14-Jun-2022 14:16:53.409 INFO [http-nio-8090-exec-171] org.apache.catalina.core.ApplicationContext.log Manager: list: Listing contexts for virtual host 'localhost'
14-Jun-2022 14:16:53.426 INFO [http-nio-8090-exec-198] org.apache.catalina.core.ApplicationContext.log Manager: restart: Reloading web application '/Store'
14-Jun-2022 14:17:16.968 INFO [http-nio-8090-exec-194] org.apache.catalina.core.ApplicationContext.log Manager: list: Listing contexts for virtual host 'localhost'
14-Jun-2022 14:17:16.984 INFO [http-nio-8090-exec-184] org.apache.catalina.core.ApplicationContext.log Manager: restart: Reloading web application '/Store'
14-Jun-2022 14:17:23.585 INFO [http-nio-8090-exec-199] org.apache.catalina.core.ApplicationContext.log Manager: list: Listing contexts for virtual host 'localhost'
14-Jun-2022 14:17:23.603 INFO [http-nio-8090-exec-197] org.apache.catalina.core.ApplicationContext.log Manager: restart: Reloading web application '/Store'
14-Jun-2022 14:17:44.413 INFO [http-nio-8090-exec-190] org.apache.catalina.core.ApplicationContext.log Manager: list: Listing contexts for virtual host 'localhost'
14-Jun-2022 14:17:44.428 INFO [http-nio-8090-exec-204] org.apache.catalina.core.ApplicationContext.log Manager: restart: Reloading web application '/Store'
14-Jun-2022 14:18:00.953 INFO [http-nio-8090-exec-206] org.apache.catalina.core.ApplicationContext.log Manager: list: Listing contexts for virtual host 'localhost'
14-Jun-2022 14:18:00.968 INFO [http-nio-8090-exec-194] org.apache.catalina.core.ApplicationContext.log Manager: restart: Reloading web application '/Store'
14-Jun-2022 14:18:05.788 INFO [http-nio-8090-exec-205] org.apache.catalina.core.ApplicationContext.log Manager: list: Listing contexts for virtual host 'localhost'
14-Jun-2022 14:18:05.802 INFO [http-nio-8090-exec-190] org.apache.catalina.core.ApplicationContext.log Manager: restart: Reloading web application '/Store'
14-Jun-2022 14:18:19.648 INFO [http-nio-8090-exec-210] org.apache.catalina.core.ApplicationContext.log Manager: list: Listing contexts for virtual host 'localhost'
14-Jun-2022 14:18:19.672 INFO [http-nio-8090-exec-202] org.apache.catalina.core.ApplicationContext.log Manager: restart: Reloading web application '/Store'
14-Jun-2022 14:18:52.646 INFO [http-nio-8090-exec-212] org.apache.catalina.core.ApplicationContext.log Manager: list: Listing contexts for virtual host 'localhost'
14-Jun-2022 14:18:52.661 INFO [http-nio-8090-exec-205] org.apache.catalina.core.ApplicationContext.log Manager: restart: Reloading web application '/Store'
14-Jun-2022 14:18:58.409 INFO [http-nio-8090-exec-210] org.apache.catalina.core.ApplicationContext.log Manager: list: Listing contexts for virtual host 'localhost'
14-Jun-2022 14:18:58.426 INFO [http-nio-8090-exec-207] org.apache.catalina.core.ApplicationContext.log Manager: restart: Reloading web application '/Store'
14-Jun-2022 14:20:36.164 INFO [http-nio-8090-exec-218] org.apache.catalina.core.ApplicationContext.log Manager: list: Listing contexts for virtual host 'localhost'
14-Jun-2022 14:20:36.181 INFO [http-nio-8090-exec-171] org.apache.catalina.core.ApplicationContext.log Manager: restart: Reloading web application '/Store'
14-Jun-2022 14:20:48.955 INFO [http-nio-8090-exec-170] org.apache.catalina.core.ApplicationContext.log Manager: list: Listing contexts for virtual host 'localhost'
14-Jun-2022 14:20:48.971 INFO [http-nio-8090-exec-211] org.apache.catalina.core.ApplicationContext.log Manager: restart: Reloading web application '/Store'
14-Jun-2022 14:20:59.106 INFO [http-nio-8090-exec-219] org.apache.catalina.core.ApplicationContext.log Manager: list: Listing contexts for virtual host 'localhost'
14-Jun-2022 14:20:59.128 INFO [http-nio-8090-exec-201] org.apache.catalina.core.ApplicationContext.log Manager: restart: Reloading web application '/Store'
14-Jun-2022 14:21:11.431 INFO [http-nio-8090-exec-224] org.apache.catalina.core.ApplicationContext.log Manager: list: Listing contexts for virtual host 'localhost'
14-Jun-2022 14:21:11.453 INFO [http-nio-8090-exec-222] org.apache.catalina.core.ApplicationContext.log Manager: restart: Reloading web application '/Store'
14-Jun-2022 14:21:17.721 INFO [http-nio-8090-exec-223] org.apache.catalina.core.ApplicationContext.log Manager: list: Listing contexts for virtual host 'localhost'
14-Jun-2022 14:21:17.738 INFO [http-nio-8090-exec-170] org.apache.catalina.core.ApplicationContext.log Manager: restart: Reloading web application '/Store'
14-Jun-2022 14:21:26.091 INFO [http-nio-8090-exec-223] org.apache.catalina.core.ApplicationContext.log Manager: list: Listing contexts for virtual host 'localhost'
14-Jun-2022 14:21:26.108 INFO [http-nio-8090-exec-217] org.apache.catalina.core.ApplicationContext.log Manager: restart: Reloading web application '/Store'
14-Jun-2022 14:21:28.628 INFO [http-nio-8090-exec-221] org.apache.catalina.core.ApplicationContext.log Manager: list: Listing contexts for virtual host 'localhost'
14-Jun-2022 14:21:28.645 INFO [http-nio-8090-exec-225] org.apache.catalina.core.ApplicationContext.log Manager: restart: Reloading web application '/Store'
14-Jun-2022 14:21:43.350 INFO [http-nio-8090-exec-229] org.apache.catalina.core.ApplicationContext.log Manager: list: Listing contexts for virtual host 'localhost'
14-Jun-2022 14:21:43.365 INFO [http-nio-8090-exec-216] org.apache.catalina.core.ApplicationContext.log Manager: restart: Reloading web application '/Store'
14-Jun-2022 14:32:11.199 INFO [http-nio-8090-exec-235] org.apache.catalina.core.ApplicationContext.log Manager: list: Listing contexts for virtual host 'localhost'
14-Jun-2022 14:32:11.215 INFO [http-nio-8090-exec-236] org.apache.catalina.core.ApplicationContext.log Manager: restart: Reloading web application '/Store'
14-Jun-2022 14:32:20.862 INFO [http-nio-8090-exec-244] org.apache.catalina.core.ApplicationContext.log Manager: list: Listing contexts for virtual host 'localhost'
14-Jun-2022 14:32:20.878 INFO [http-nio-8090-exec-233] org.apache.catalina.core.ApplicationContext.log Manager: restart: Reloading web application '/Store'
14-Jun-2022 14:32:36.981 INFO [http-nio-8090-exec-241] org.apache.catalina.core.ApplicationContext.log Manager: list: Listing contexts for virtual host 'localhost'
14-Jun-2022 14:32:36.996 INFO [http-nio-8090-exec-240] org.apache.catalina.core.ApplicationContext.log Manager: restart: Reloading web application '/Store'
14-Jun-2022 14:32:44.296 INFO [http-nio-8090-exec-243] org.apache.catalina.core.ApplicationContext.log Manager: list: Listing contexts for virtual host 'localhost'
14-Jun-2022 14:32:44.310 INFO [http-nio-8090-exec-237] org.apache.catalina.core.ApplicationContext.log Manager: restart: Reloading web application '/Store'
14-Jun-2022 14:33:11.928 INFO [http-nio-8090-exec-246] org.apache.catalina.core.ApplicationContext.log Manager: list: Listing contexts for virtual host 'localhost'
14-Jun-2022 14:33:11.942 INFO [http-nio-8090-exec-245] org.apache.catalina.core.ApplicationContext.log Manager: restart: Reloading web application '/Store'
14-Jun-2022 14:33:28.207 INFO [http-nio-8090-exec-246] org.apache.catalina.core.ApplicationContext.log Manager: list: Listing contexts for virtual host 'localhost'
14-Jun-2022 14:33:28.224 INFO [http-nio-8090-exec-243] org.apache.catalina.core.ApplicationContext.log Manager: restart: Reloading web application '/Store'
14-Jun-2022 14:33:36.797 INFO [http-nio-8090-exec-242] org.apache.catalina.core.ApplicationContext.log Manager: list: Listing contexts for virtual host 'localhost'
14-Jun-2022 14:33:36.816 INFO [http-nio-8090-exec-247] org.apache.catalina.core.ApplicationContext.log Manager: restart: Reloading web application '/Store'
14-Jun-2022 14:33:38.841 INFO [http-nio-8090-exec-248] org.apache.catalina.core.ApplicationContext.log Manager: list: Listing contexts for virtual host 'localhost'
14-Jun-2022 14:33:38.860 INFO [http-nio-8090-exec-242] org.apache.catalina.core.ApplicationContext.log Manager: restart: Reloading web application '/Store'
14-Jun-2022 14:33:50.675 INFO [http-nio-8090-exec-251] org.apache.catalina.core.ApplicationContext.log Manager: list: Listing contexts for virtual host 'localhost'
14-Jun-2022 14:33:50.693 INFO [http-nio-8090-exec-246] org.apache.catalina.core.ApplicationContext.log Manager: restart: Reloading web application '/Store'
14-Jun-2022 14:33:53.200 INFO [http-nio-8090-exec-248] org.apache.catalina.core.ApplicationContext.log Manager: list: Listing contexts for virtual host 'localhost'
14-Jun-2022 14:33:53.256 INFO [http-nio-8090-exec-257] org.apache.catalina.core.ApplicationContext.log Manager: restart: Reloading web application '/Store'
14-Jun-2022 14:34:26.499 INFO [http-nio-8090-exec-260] org.apache.catalina.core.ApplicationContext.log Manager: list: Listing contexts for virtual host 'localhost'
14-Jun-2022 14:34:26.515 INFO [http-nio-8090-exec-253] org.apache.catalina.core.ApplicationContext.log Manager: restart: Reloading web application '/Store'
14-Jun-2022 14:34:30.268 INFO [http-nio-8090-exec-254] org.apache.catalina.core.ApplicationContext.log Manager: list: Listing contexts for virtual host 'localhost'
14-Jun-2022 14:34:30.292 INFO [http-nio-8090-exec-256] org.apache.catalina.core.ApplicationContext.log Manager: restart: Reloading web application '/Store'
14-Jun-2022 14:34:56.833 INFO [http-nio-8090-exec-264] org.apache.catalina.core.ApplicationContext.log Manager: list: Listing contexts for virtual host 'localhost'
14-Jun-2022 14:34:56.853 INFO [http-nio-8090-exec-254] org.apache.catalina.core.ApplicationContext.log Manager: restart: Reloading web application '/Store'
14-Jun-2022 14:35:02.658 INFO [http-nio-8090-exec-262] org.apache.catalina.core.ApplicationContext.log Manager: list: Listing contexts for virtual host 'localhost'
14-Jun-2022 14:35:02.676 INFO [http-nio-8090-exec-258] org.apache.catalina.core.ApplicationContext.log Manager: restart: Reloading web application '/Store'
14-Jun-2022 14:35:30.384 INFO [http-nio-8090-exec-268] org.apache.catalina.core.ApplicationContext.log Manager: list: Listing contexts for virtual host 'localhost'
14-Jun-2022 14:35:30.406 INFO [http-nio-8090-exec-265] org.apache.catalina.core.ApplicationContext.log Manager: restart: Reloading web application '/Store'
14-Jun-2022 14:36:15.544 INFO [http-nio-8090-exec-267] org.apache.catalina.core.ApplicationContext.log Manager: list: Listing contexts for virtual host 'localhost'
14-Jun-2022 14:36:15.563 INFO [http-nio-8090-exec-268] org.apache.catalina.core.ApplicationContext.log Manager: restart: Reloading web application '/Store'
14-Jun-2022 14:36:25.672 INFO [http-nio-8090-exec-269] org.apache.catalina.core.ApplicationContext.log Manager: list: Listing contexts for virtual host 'localhost'
14-Jun-2022 14:36:25.690 INFO [http-nio-8090-exec-259] org.apache.catalina.core.ApplicationContext.log Manager: restart: Reloading web application '/Store'
14-Jun-2022 14:36:43.816 INFO [http-nio-8090-exec-239] org.apache.catalina.core.ApplicationContext.log Manager: list: Listing contexts for virtual host 'localhost'
14-Jun-2022 14:36:43.830 INFO [http-nio-8090-exec-274] org.apache.catalina.core.ApplicationContext.log Manager: restart: Reloading web application '/Store'
14-Jun-2022 14:37:24.989 INFO [http-nio-8090-exec-273] org.apache.catalina.core.ApplicationContext.log Manager: list: Listing contexts for virtual host 'localhost'
14-Jun-2022 14:37:25.002 INFO [http-nio-8090-exec-267] org.apache.catalina.core.ApplicationContext.log Manager: restart: Reloading web application '/Store'
14-Jun-2022 14:37:37.151 INFO [http-nio-8090-exec-278] org.apache.catalina.core.ApplicationContext.log Manager: list: Listing contexts for virtual host 'localhost'
14-Jun-2022 14:37:37.168 INFO [http-nio-8090-exec-273] org.apache.catalina.core.ApplicationContext.log Manager: restart: Reloading web application '/Store'
14-Jun-2022 14:38:11.058 INFO [http-nio-8090-exec-280] org.apache.catalina.core.ApplicationContext.log Manager: list: Listing contexts for virtual host 'localhost'
14-Jun-2022 14:38:11.079 INFO [http-nio-8090-exec-275] org.apache.catalina.core.ApplicationContext.log Manager: restart: Reloading web application '/Store'
14-Jun-2022 14:46:54.481 INFO [http-nio-8090-exec-283] org.apache.catalina.core.ApplicationContext.log Manager: list: Listing contexts for virtual host 'localhost'
14-Jun-2022 14:46:54.496 INFO [http-nio-8090-exec-284] org.apache.catalina.core.ApplicationContext.log Manager: restart: Reloading web application '/Store'
14-Jun-2022 14:47:02.020 INFO [http-nio-8090-exec-289] org.apache.catalina.core.ApplicationContext.log Manager: list: Listing contexts for virtual host 'localhost'
14-Jun-2022 14:47:02.036 INFO [http-nio-8090-exec-287] org.apache.catalina.core.ApplicationContext.log Manager: restart: Reloading web application '/Store'
14-Jun-2022 14:52:22.064 INFO [http-nio-8090-exec-293] org.apache.catalina.core.ApplicationContext.log Manager: list: Listing contexts for virtual host 'localhost'
14-Jun-2022 14:53:47.172 INFO [http-nio-8090-exec-298] org.apache.catalina.core.ApplicationContext.log Manager: list: Listing contexts for virtual host 'localhost'
14-Jun-2022 14:54:55.048 INFO [http-nio-8090-exec-294] org.apache.catalina.core.ApplicationContext.log Manager: list: Listing contexts for virtual host 'localhost'
14-Jun-2022 14:54:57.902 INFO [http-nio-8090-exec-300] org.apache.catalina.core.ApplicationContext.log Manager: list: Listing contexts for virtual host 'localhost'
14-Jun-2022 14:55:51.483 INFO [http-nio-8090-exec-10] org.apache.catalina.core.ApplicationContext.log Manager: init: Associated with Deployer 'Catalina:type=Deployer,host=localhost'
14-Jun-2022 14:55:51.484 INFO [http-nio-8090-exec-10] org.apache.catalina.core.ApplicationContext.log Manager: init: Global resources are available
14-Jun-2022 14:55:58.701 INFO [http-nio-8090-exec-7] org.apache.catalina.core.ApplicationContext.log Manager: list: Listing contexts for virtual host 'localhost'
14-Jun-2022 14:55:58.762 INFO [http-nio-8090-exec-4] org.apache.catalina.core.ApplicationContext.log Manager: list: Listing contexts for virtual host 'localhost'
14-Jun-2022 14:55:58.827 INFO [http-nio-8090-exec-8] org.apache.catalina.core.ApplicationContext.log Manager: undeploy: Undeploying web application at '/Store'
14-Jun-2022 14:55:59.478 INFO [http-nio-8090-exec-1] org.apache.catalina.core.ApplicationContext.log Manager: install: Installing context configuration at 'file:/C:/Users/ACERES~1/AppData/Local/Temp/context4267578380213892278.xml'
14-Jun-2022 14:57:14.588 INFO [http-nio-8090-exec-11] org.apache.catalina.core.ApplicationContext.log Manager: start: Starting web application '/Store'
14-Jun-2022 14:59:34.889 INFO [http-nio-8090-exec-11] org.apache.catalina.core.ApplicationContext.log Manager: list: Listing contexts for virtual host 'localhost'
14-Jun-2022 14:59:44.237 INFO [http-nio-8090-exec-16] org.apache.catalina.core.ApplicationContext.log Manager: list: Listing contexts for virtual host 'localhost'
14-Jun-2022 14:59:44.246 INFO [http-nio-8090-exec-17] org.apache.catalina.core.ApplicationContext.log Manager: list: Listing contexts for virtual host 'localhost'
14-Jun-2022 14:59:44.278 INFO [http-nio-8090-exec-13] org.apache.catalina.core.ApplicationContext.log Manager: undeploy: Undeploying web application at '/Store'
14-Jun-2022 14:59:44.861 INFO [http-nio-8090-exec-12] org.apache.catalina.core.ApplicationContext.log Manager: install: Installing context configuration at 'file:/C:/Users/ACERES~1/AppData/Local/Temp/context822055095394181548.xml'
14-Jun-2022 14:59:46.644 INFO [http-nio-8090-exec-19] org.apache.catalina.core.ApplicationContext.log Manager: start: Starting web application '/Store'
14-Jun-2022 15:01:18.561 INFO [http-nio-8090-exec-30] org.apache.catalina.core.ApplicationContext.log Manager: list: Listing contexts for virtual host 'localhost'
14-Jun-2022 15:01:20.869 INFO [http-nio-8090-exec-30] org.apache.catalina.core.ApplicationContext.log Manager: list: Listing contexts for virtual host 'localhost'
14-Jun-2022 15:01:20.880 INFO [http-nio-8090-exec-24] org.apache.catalina.core.ApplicationContext.log Manager: list: Listing contexts for virtual host 'localhost'
14-Jun-2022 15:01:20.945 INFO [http-nio-8090-exec-23] org.apache.catalina.core.ApplicationContext.log Manager: undeploy: Undeploying web application at '/Store'
14-Jun-2022 15:01:21.540 INFO [http-nio-8090-exec-28] org.apache.catalina.core.ApplicationContext.log Manager: install: Installing context configuration at 'file:/C:/Users/ACERES~1/AppData/Local/Temp/context3709522295651913446.xml'
14-Jun-2022 15:01:23.108 INFO [http-nio-8090-exec-28] org.apache.catalina.core.ApplicationContext.log Manager: start: Starting web application '/Store'
14-Jun-2022 15:02:44.849 INFO [http-nio-8090-exec-40] org.apache.catalina.core.ApplicationContext.log Manager: list: Listing contexts for virtual host 'localhost'
14-Jun-2022 15:02:51.930 INFO [http-nio-8090-exec-32] org.apache.catalina.core.ApplicationContext.log Manager: list: Listing contexts for virtual host 'localhost'
14-Jun-2022 15:07:15.589 INFO [http-nio-8090-exec-32] org.apache.catalina.core.ApplicationContext.log Manager: list: Listing contexts for virtual host 'localhost'
14-Jun-2022 15:07:40.447 INFO [http-nio-8090-exec-36] org.apache.catalina.core.ApplicationContext.log Manager: list: Listing contexts for virtual host 'localhost'
14-Jun-2022 15:08:07.457 INFO [http-nio-8090-exec-38] org.apache.catalina.core.ApplicationContext.log Manager: list: Listing contexts for virtual host 'localhost'
14-Jun-2022 15:08:17.047 INFO [http-nio-8090-exec-38] org.apache.catalina.core.ApplicationContext.log Manager: list: Listing contexts for virtual host 'localhost'
14-Jun-2022 15:08:27.250 INFO [http-nio-8090-exec-31] org.apache.catalina.core.ApplicationContext.log Manager: list: Listing contexts for virtual host 'localhost'
14-Jun-2022 15:08:29.376 INFO [http-nio-8090-exec-31] org.apache.catalina.core.ApplicationContext.log Manager: list: Listing contexts for virtual host 'localhost'
14-Jun-2022 15:08:42.723 INFO [http-nio-8090-exec-34] org.apache.catalina.core.ApplicationContext.log Manager: list: Listing contexts for virtual host 'localhost'
14-Jun-2022 15:09:05.914 INFO [http-nio-8090-exec-40] org.apache.catalina.core.ApplicationContext.log Manager: list: Listing contexts for virtual host 'localhost'
14-Jun-2022 15:09:09.663 INFO [http-nio-8090-exec-38] org.apache.catalina.core.ApplicationContext.log Manager: list: Listing contexts for virtual host 'localhost'
14-Jun-2022 15:09:33.207 INFO [http-nio-8090-exec-35] org.apache.catalina.core.ApplicationContext.log Manager: list: Listing contexts for virtual host 'localhost'
14-Jun-2022 15:09:51.714 INFO [http-nio-8090-exec-36] org.apache.catalina.core.ApplicationContext.log Manager: list: Listing contexts for virtual host 'localhost'
14-Jun-2022 15:10:05.705 INFO [http-nio-8090-exec-32] org.apache.catalina.core.ApplicationContext.log Manager: list: Listing contexts for virtual host 'localhost'
14-Jun-2022 15:10:15.684 INFO [http-nio-8090-exec-33] org.apache.catalina.core.ApplicationContext.log Manager: list: Listing contexts for virtual host 'localhost'
14-Jun-2022 15:10:24.320 INFO [http-nio-8090-exec-37] org.apache.catalina.core.ApplicationContext.log Manager: list: Listing contexts for virtual host 'localhost'
14-Jun-2022 15:10:32.022 INFO [http-nio-8090-exec-36] org.apache.catalina.core.ApplicationContext.log Manager: list: Listing contexts for virtual host 'localhost'
14-Jun-2022 15:10:44.462 INFO [http-nio-8090-exec-40] org.apache.catalina.core.ApplicationContext.log Manager: list: Listing contexts for virtual host 'localhost'
14-Jun-2022 15:11:21.830 INFO [http-nio-8090-exec-34] org.apache.catalina.core.ApplicationContext.log Manager: list: Listing contexts for virtual host 'localhost'
14-Jun-2022 15:11:30.585 INFO [http-nio-8090-exec-31] org.apache.catalina.core.ApplicationContext.log Manager: list: Listing contexts for virtual host 'localhost'
14-Jun-2022 15:12:35.205 INFO [http-nio-8090-exec-32] org.apache.catalina.core.ApplicationContext.log Manager: list: Listing contexts for virtual host 'localhost'
14-Jun-2022 15:12:55.052 INFO [http-nio-8090-exec-36] org.apache.catalina.core.ApplicationContext.log Manager: list: Listing contexts for virtual host 'localhost'
14-Jun-2022 15:13:04.677 INFO [http-nio-8090-exec-39] org.apache.catalina.core.ApplicationContext.log Manager: list: Listing contexts for virtual host 'localhost'
14-Jun-2022 15:14:07.620 INFO [http-nio-8090-exec-36] org.apache.catalina.core.ApplicationContext.log Manager: list: Listing contexts for virtual host 'localhost'
14-Jun-2022 15:14:44.932 INFO [http-nio-8090-exec-37] org.apache.catalina.core.ApplicationContext.log Manager: list: Listing contexts for virtual host 'localhost'
14-Jun-2022 15:15:25.087 INFO [http-nio-8090-exec-38] org.apache.catalina.core.ApplicationContext.log Manager: list: Listing contexts for virtual host 'localhost'
14-Jun-2022 15:15:34.595 INFO [http-nio-8090-exec-33] org.apache.catalina.core.ApplicationContext.log Manager: list: Listing contexts for virtual host 'localhost'
14-Jun-2022 15:17:28.817 INFO [http-nio-8090-exec-32] org.apache.catalina.core.ApplicationContext.log Manager: list: Listing contexts for virtual host 'localhost'
14-Jun-2022 15:17:30.965 INFO [http-nio-8090-exec-34] org.apache.catalina.core.ApplicationContext.log Manager: list: Listing contexts for virtual host 'localhost'
14-Jun-2022 15:17:33.587 INFO [http-nio-8090-exec-37] org.apache.catalina.core.ApplicationContext.log Manager: list: Listing contexts for virtual host 'localhost'
14-Jun-2022 15:21:20.734 INFO [http-nio-8090-exec-40] org.apache.catalina.core.ApplicationContext.log Manager: list: Listing contexts for virtual host 'localhost'
14-Jun-2022 15:21:41.462 INFO [http-nio-8090-exec-36] org.apache.catalina.core.ApplicationContext.log Manager: list: Listing contexts for virtual host 'localhost'
14-Jun-2022 15:22:03.008 INFO [http-nio-8090-exec-36] org.apache.catalina.core.ApplicationContext.log Manager: list: Listing contexts for virtual host 'localhost'
14-Jun-2022 15:22:17.439 INFO [http-nio-8090-exec-39] org.apache.catalina.core.ApplicationContext.log Manager: list: Listing contexts for virtual host 'localhost'
14-Jun-2022 15:22:38.487 INFO [http-nio-8090-exec-35] org.apache.catalina.core.ApplicationContext.log Manager: list: Listing contexts for virtual host 'localhost'
14-Jun-2022 15:23:32.554 INFO [http-nio-8090-exec-40] org.apache.catalina.core.ApplicationContext.log Manager: list: Listing contexts for virtual host 'localhost'
14-Jun-2022 15:23:32.572 INFO [http-nio-8090-exec-39] org.apache.catalina.core.ApplicationContext.log Manager: list: Listing contexts for virtual host 'localhost'
14-Jun-2022 15:23:32.672 INFO [http-nio-8090-exec-37] org.apache.catalina.core.ApplicationContext.log Manager: undeploy: Undeploying web application at '/Store'
14-Jun-2022 15:23:33.317 INFO [http-nio-8090-exec-34] org.apache.catalina.core.ApplicationContext.log Manager: install: Installing context configuration at 'file:/C:/Users/ACERES~1/AppData/Local/Temp/context10477006600935587914.xml'
14-Jun-2022 15:23:38.268 INFO [http-nio-8090-exec-35] org.apache.catalina.core.ApplicationContext.log Manager: start: Starting web application '/Store'
14-Jun-2022 15:27:27.350 INFO [http-nio-8090-exec-47] org.apache.catalina.core.ApplicationContext.log Manager: list: Listing contexts for virtual host 'localhost'
14-Jun-2022 15:27:51.790 INFO [http-nio-8090-exec-42] org.apache.catalina.core.ApplicationContext.log Manager: list: Listing contexts for virtual host 'localhost'
14-Jun-2022 15:28:02.690 INFO [http-nio-8090-exec-44] org.apache.catalina.core.ApplicationContext.log Manager: list: Listing contexts for virtual host 'localhost'
14-Jun-2022 15:28:02.742 INFO [http-nio-8090-exec-49] org.apache.catalina.core.ApplicationContext.log Manager: restart: Reloading web application '/Store'
14-Jun-2022 15:28:03.598 INFO [http-nio-8090-exec-47] org.apache.catalina.core.ApplicationContext.log Manager: list: Listing contexts for virtual host 'localhost'
14-Jun-2022 15:28:03.610 INFO [http-nio-8090-exec-44] org.apache.catalina.core.ApplicationContext.log Manager: list: Listing contexts for virtual host 'localhost'
14-Jun-2022 15:28:04.919 INFO [http-nio-8090-exec-46] org.apache.catalina.core.ApplicationContext.log Manager: undeploy: Undeploying web application at '/Store'
14-Jun-2022 15:28:05.516 INFO [http-nio-8090-exec-44] org.apache.catalina.core.ApplicationContext.log Manager: install: Installing context configuration at 'file:/C:/Users/ACERES~1/AppData/Local/Temp/context2788977669865052344.xml'
14-Jun-2022 15:28:07.069 INFO [http-nio-8090-exec-41] org.apache.catalina.core.ApplicationContext.log Manager: start: Starting web application '/Store'
14-Jun-2022 15:31:09.279 INFO [http-nio-8090-exec-55] org.apache.catalina.core.ApplicationContext.log Manager: list: Listing contexts for virtual host 'localhost'
14-Jun-2022 15:35:17.338 INFO [http-nio-8090-exec-55] org.apache.catalina.core.ApplicationContext.log Manager: list: Listing contexts for virtual host 'localhost'
14-Jun-2022 15:35:17.350 INFO [http-nio-8090-exec-62] org.apache.catalina.core.ApplicationContext.log Manager: restart: Reloading web application '/Store'
14-Jun-2022 15:35:19.573 INFO [http-nio-8090-exec-61] org.apache.catalina.core.ApplicationContext.log Manager: list: Listing contexts for virtual host 'localhost'
14-Jun-2022 15:35:19.580 INFO [http-nio-8090-exec-63] org.apache.catalina.core.ApplicationContext.log Manager: list: Listing contexts for virtual host 'localhost'
14-Jun-2022 15:35:20.249 INFO [http-nio-8090-exec-61] org.apache.catalina.core.ApplicationContext.log Manager: undeploy: Undeploying web application at '/Store'
14-Jun-2022 15:35:20.834 INFO [http-nio-8090-exec-55] org.apache.catalina.core.ApplicationContext.log Manager: install: Installing context configuration at 'file:/C:/Users/ACERES~1/AppData/Local/Temp/context3049304346430206595.xml'
14-Jun-2022 15:35:22.191 INFO [http-nio-8090-exec-56] org.apache.catalina.core.ApplicationContext.log Manager: start: Starting web application '/Store'
14-Jun-2022 15:40:44.073 INFO [http-nio-8090-exec-66] org.apache.catalina.core.ApplicationContext.log Manager: list: Listing contexts for virtual host 'localhost'
14-Jun-2022 15:40:44.090 INFO [http-nio-8090-exec-72] org.apache.catalina.core.ApplicationContext.log Manager: restart: Reloading web application '/Store'
14-Jun-2022 15:40:46.790 INFO [http-nio-8090-exec-70] org.apache.catalina.core.ApplicationContext.log Manager: list: Listing contexts for virtual host 'localhost'
14-Jun-2022 15:40:46.821 INFO [http-nio-8090-exec-67] org.apache.catalina.core.ApplicationContext.log Manager: restart: Reloading web application '/Store'
14-Jun-2022 15:40:49.361 INFO [http-nio-8090-exec-73] org.apache.catalina.core.ApplicationContext.log Manager: list: Listing contexts for virtual host 'localhost'
14-Jun-2022 15:40:49.377 INFO [http-nio-8090-exec-68] org.apache.catalina.core.ApplicationContext.log Manager: restart: Reloading web application '/Store'
14-Jun-2022 15:43:06.859 INFO [http-nio-8090-exec-78] org.apache.catalina.core.ApplicationContext.log Manager: list: Listing contexts for virtual host 'localhost'
14-Jun-2022 15:43:06.873 INFO [http-nio-8090-exec-81] org.apache.catalina.core.ApplicationContext.log Manager: restart: Reloading web application '/Store'
14-Jun-2022 15:43:47.289 INFO [http-nio-8090-exec-69] org.apache.catalina.core.ApplicationContext.log Manager: list: Listing contexts for virtual host 'localhost'
14-Jun-2022 15:43:47.310 INFO [http-nio-8090-exec-79] org.apache.catalina.core.ApplicationContext.log Manager: restart: Reloading web application '/Store'
14-Jun-2022 15:43:55.207 INFO [http-nio-8090-exec-78] org.apache.catalina.core.ApplicationContext.log Manager: list: Listing contexts for virtual host 'localhost'
14-Jun-2022 15:43:55.221 INFO [http-nio-8090-exec-64] org.apache.catalina.core.ApplicationContext.log Manager: restart: Reloading web application '/Store'
14-Jun-2022 15:45:57.340 INFO [http-nio-8090-exec-83] org.apache.catalina.core.ApplicationContext.log Manager: list: Listing contexts for virtual host 'localhost'
14-Jun-2022 15:45:57.355 INFO [http-nio-8090-exec-87] org.apache.catalina.core.ApplicationContext.log Manager: restart: Reloading web application '/Store'
14-Jun-2022 15:46:34.748 INFO [http-nio-8090-exec-83] org.apache.catalina.core.ApplicationContext.log Manager: list: Listing contexts for virtual host 'localhost'
14-Jun-2022 15:46:34.767 INFO [http-nio-8090-exec-78] org.apache.catalina.core.ApplicationContext.log Manager: restart: Reloading web application '/Store'
14-Jun-2022 15:46:53.929 INFO [http-nio-8090-exec-91] org.apache.catalina.core.ApplicationContext.log Manager: list: Listing contexts for virtual host 'localhost'
14-Jun-2022 15:46:53.942 INFO [http-nio-8090-exec-80] org.apache.catalina.core.ApplicationContext.log Manager: restart: Reloading web application '/Store'
14-Jun-2022 15:46:58.349 INFO [http-nio-8090-exec-83] org.apache.catalina.core.ApplicationContext.log Manager: list: Listing contexts for virtual host 'localhost'
14-Jun-2022 15:46:58.364 INFO [http-nio-8090-exec-92] org.apache.catalina.core.ApplicationContext.log Manager: restart: Reloading web application '/Store'
14-Jun-2022 15:47:13.144 INFO [http-nio-8090-exec-93] org.apache.catalina.core.ApplicationContext.log Manager: list: Listing contexts for virtual host 'localhost'
14-Jun-2022 15:47:13.157 INFO [http-nio-8090-exec-89] org.apache.catalina.core.ApplicationContext.log Manager: restart: Reloading web application '/Store'
14-Jun-2022 15:47:52.592 INFO [http-nio-8090-exec-97] org.apache.catalina.core.ApplicationContext.log Manager: list: Listing contexts for virtual host 'localhost'
14-Jun-2022 15:47:52.611 INFO [http-nio-8090-exec-83] org.apache.catalina.core.ApplicationContext.log Manager: restart: Reloading web application '/Store'
14-Jun-2022 15:47:58.361 INFO [http-nio-8090-exec-93] org.apache.catalina.core.ApplicationContext.log Manager: list: Listing contexts for virtual host 'localhost'
14-Jun-2022 15:47:58.378 INFO [http-nio-8090-exec-99] org.apache.catalina.core.ApplicationContext.log Manager: restart: Reloading web application '/Store'
14-Jun-2022 15:48:12.856 INFO [http-nio-8090-exec-102] org.apache.catalina.core.ApplicationContext.log Manager: list: Listing contexts for virtual host 'localhost'
14-Jun-2022 15:48:12.871 INFO [http-nio-8090-exec-100] org.apache.catalina.core.ApplicationContext.log Manager: restart: Reloading web application '/Store'
14-Jun-2022 15:48:20.794 INFO [http-nio-8090-exec-106] org.apache.catalina.core.ApplicationContext.log Manager: list: Listing contexts for virtual host 'localhost'
14-Jun-2022 15:48:20.818 INFO [http-nio-8090-exec-104] org.apache.catalina.core.ApplicationContext.log Manager: restart: Reloading web application '/Store'
14-Jun-2022 15:48:24.611 INFO [http-nio-8090-exec-101] org.apache.catalina.core.ApplicationContext.log Manager: list: Listing contexts for virtual host 'localhost'
14-Jun-2022 15:48:24.628 INFO [http-nio-8090-exec-105] org.apache.catalina.core.ApplicationContext.log Manager: restart: Reloading web application '/Store'
14-Jun-2022 15:48:31.315 INFO [http-nio-8090-exec-101] org.apache.catalina.core.ApplicationContext.log Manager: list: Listing contexts for virtual host 'localhost'
14-Jun-2022 15:48:31.335 INFO [http-nio-8090-exec-93] org.apache.catalina.core.ApplicationContext.log Manager: restart: Reloading web application '/Store'
14-Jun-2022 15:48:33.896 INFO [http-nio-8090-exec-91] org.apache.catalina.core.ApplicationContext.log Manager: list: Listing contexts for virtual host 'localhost'
14-Jun-2022 15:48:33.909 INFO [http-nio-8090-exec-97] org.apache.catalina.core.ApplicationContext.log Manager: restart: Reloading web application '/Store'
14-Jun-2022 15:48:44.293 INFO [http-nio-8090-exec-106] org.apache.catalina.core.ApplicationContext.log Manager: list: Listing contexts for virtual host 'localhost'
14-Jun-2022 15:48:44.307 INFO [http-nio-8090-exec-108] org.apache.catalina.core.ApplicationContext.log Manager: restart: Reloading web application '/Store'
14-Jun-2022 15:49:10.146 INFO [http-nio-8090-exec-107] org.apache.catalina.core.ApplicationContext.log Manager: list: Listing contexts for virtual host 'localhost'
14-Jun-2022 15:49:10.160 INFO [http-nio-8090-exec-113] org.apache.catalina.core.ApplicationContext.log Manager: restart: Reloading web application '/Store'
14-Jun-2022 15:49:51.142 INFO [http-nio-8090-exec-108] org.apache.catalina.core.ApplicationContext.log Manager: list: Listing contexts for virtual host 'localhost'
14-Jun-2022 15:49:51.156 INFO [http-nio-8090-exec-107] org.apache.catalina.core.ApplicationContext.log Manager: restart: Reloading web application '/Store'
14-Jun-2022 15:50:33.350 INFO [http-nio-8090-exec-119] org.apache.catalina.core.ApplicationContext.log Manager: list: Listing contexts for virtual host 'localhost'
14-Jun-2022 15:50:33.373 INFO [http-nio-8090-exec-108] org.apache.catalina.core.ApplicationContext.log Manager: restart: Reloading web application '/Store'
14-Jun-2022 15:50:40.096 INFO [http-nio-8090-exec-119] org.apache.catalina.core.ApplicationContext.log Manager: list: Listing contexts for virtual host 'localhost'
14-Jun-2022 15:50:40.131 INFO [http-nio-8090-exec-91] org.apache.catalina.core.ApplicationContext.log Manager: restart: Reloading web application '/Store'
14-Jun-2022 15:50:49.173 INFO [http-nio-8090-exec-119] org.apache.catalina.core.ApplicationContext.log Manager: list: Listing contexts for virtual host 'localhost'
14-Jun-2022 15:50:49.191 INFO [http-nio-8090-exec-116] org.apache.catalina.core.ApplicationContext.log Manager: restart: Reloading web application '/Store'
14-Jun-2022 15:51:01.486 INFO [http-nio-8090-exec-119] org.apache.catalina.core.ApplicationContext.log Manager: list: Listing contexts for virtual host 'localhost'
14-Jun-2022 15:51:01.502 INFO [http-nio-8090-exec-111] org.apache.catalina.core.ApplicationContext.log Manager: restart: Reloading web application '/Store'
14-Jun-2022 15:51:46.798 INFO [http-nio-8090-exec-119] org.apache.catalina.core.ApplicationContext.log Manager: list: Listing contexts for virtual host 'localhost'
14-Jun-2022 15:51:46.841 INFO [http-nio-8090-exec-124] org.apache.catalina.core.ApplicationContext.log Manager: restart: Reloading web application '/Store'
14-Jun-2022 15:52:18.093 INFO [http-nio-8090-exec-129] org.apache.catalina.core.ApplicationContext.log Manager: list: Listing contexts for virtual host 'localhost'
14-Jun-2022 15:52:18.111 INFO [http-nio-8090-exec-122] org.apache.catalina.core.ApplicationContext.log Manager: restart: Reloading web application '/Store'
14-Jun-2022 15:52:25.720 INFO [http-nio-8090-exec-126] org.apache.catalina.core.ApplicationContext.log Manager: list: Listing contexts for virtual host 'localhost'
14-Jun-2022 15:52:25.735 INFO [http-nio-8090-exec-125] org.apache.catalina.core.ApplicationContext.log Manager: restart: Reloading web application '/Store'
14-Jun-2022 15:52:29.961 INFO [http-nio-8090-exec-131] org.apache.catalina.core.ApplicationContext.log Manager: list: Listing contexts for virtual host 'localhost'
14-Jun-2022 15:52:29.984 INFO [http-nio-8090-exec-126] org.apache.catalina.core.ApplicationContext.log Manager: restart: Reloading web application '/Store'
14-Jun-2022 15:52:50.199 INFO [http-nio-8090-exec-121] org.apache.catalina.core.ApplicationContext.log Manager: list: Listing contexts for virtual host 'localhost'
14-Jun-2022 15:52:50.217 INFO [http-nio-8090-exec-117] org.apache.catalina.core.ApplicationContext.log Manager: restart: Reloading web application '/Store'
14-Jun-2022 15:53:06.627 INFO [http-nio-8090-exec-137] org.apache.catalina.core.ApplicationContext.log Manager: list: Listing contexts for virtual host 'localhost'
14-Jun-2022 15:53:06.644 INFO [http-nio-8090-exec-135] org.apache.catalina.core.ApplicationContext.log Manager: restart: Reloading web application '/Store'
14-Jun-2022 15:53:12.274 INFO [http-nio-8090-exec-139] org.apache.catalina.core.ApplicationContext.log Manager: list: Listing contexts for virtual host 'localhost'
14-Jun-2022 15:53:12.291 INFO [http-nio-8090-exec-119] org.apache.catalina.core.ApplicationContext.log Manager: restart: Reloading web application '/Store'
14-Jun-2022 15:53:15.906 INFO [http-nio-8090-exec-133] org.apache.catalina.core.ApplicationContext.log Manager: list: Listing contexts for virtual host 'localhost'
14-Jun-2022 15:53:15.921 INFO [http-nio-8090-exec-140] org.apache.catalina.core.ApplicationContext.log Manager: restart: Reloading web application '/Store'
14-Jun-2022 15:53:21.000 INFO [http-nio-8090-exec-128] org.apache.catalina.core.ApplicationContext.log Manager: list: Listing contexts for virtual host 'localhost'
14-Jun-2022 15:53:21.091 INFO [http-nio-8090-exec-141] org.apache.catalina.core.ApplicationContext.log Manager: restart: Reloading web application '/Store'
14-Jun-2022 15:53:32.994 INFO [http-nio-8090-exec-137] org.apache.catalina.core.ApplicationContext.log Manager: list: Listing contexts for virtual host 'localhost'
14-Jun-2022 15:53:33.009 INFO [http-nio-8090-exec-143] org.apache.catalina.core.ApplicationContext.log Manager: restart: Reloading web application '/Store'
14-Jun-2022 15:53:37.502 INFO [http-nio-8090-exec-128] org.apache.catalina.core.ApplicationContext.log Manager: list: Listing contexts for virtual host 'localhost'
14-Jun-2022 15:53:37.517 INFO [http-nio-8090-exec-137] org.apache.catalina.core.ApplicationContext.log Manager: restart: Reloading web application '/Store'
14-Jun-2022 15:53:42.958 INFO [http-nio-8090-exec-131] org.apache.catalina.core.ApplicationContext.log Manager: list: Listing contexts for virtual host 'localhost'
14-Jun-2022 15:53:42.975 INFO [http-nio-8090-exec-146] org.apache.catalina.core.ApplicationContext.log Manager: restart: Reloading web application '/Store'
14-Jun-2022 15:53:45.561 INFO [http-nio-8090-exec-147] org.apache.catalina.core.ApplicationContext.log Manager: list: Listing contexts for virtual host 'localhost'
14-Jun-2022 15:53:45.580 INFO [http-nio-8090-exec-150] org.apache.catalina.core.ApplicationContext.log Manager: restart: Reloading web application '/Store'
14-Jun-2022 15:53:48.049 INFO [http-nio-8090-exec-147] org.apache.catalina.core.ApplicationContext.log Manager: list: Listing contexts for virtual host 'localhost'
14-Jun-2022 15:53:48.066 INFO [http-nio-8090-exec-101] org.apache.catalina.core.ApplicationContext.log Manager: restart: Reloading web application '/Store'
14-Jun-2022 15:54:33.618 INFO [http-nio-8090-exec-148] org.apache.catalina.core.ApplicationContext.log Manager: list: Listing contexts for virtual host 'localhost'
14-Jun-2022 15:54:33.636 INFO [http-nio-8090-exec-128] org.apache.catalina.core.ApplicationContext.log Manager: restart: Reloading web application '/Store'
14-Jun-2022 15:55:08.211 INFO [http-nio-8090-exec-138] org.apache.catalina.core.ApplicationContext.log Manager: list: Listing contexts for virtual host 'localhost'
14-Jun-2022 15:55:08.223 INFO [http-nio-8090-exec-153] org.apache.catalina.core.ApplicationContext.log Manager: restart: Reloading web application '/Store'
14-Jun-2022 15:55:16.992 INFO [http-nio-8090-exec-129] org.apache.catalina.core.ApplicationContext.log Manager: list: Listing contexts for virtual host 'localhost'
14-Jun-2022 15:55:17.008 INFO [http-nio-8090-exec-148] org.apache.catalina.core.ApplicationContext.log Manager: restart: Reloading web application '/Store'
14-Jun-2022 15:55:30.394 INFO [http-nio-8090-exec-152] org.apache.catalina.core.ApplicationContext.log Manager: list: Listing contexts for virtual host 'localhost'
14-Jun-2022 15:55:30.426 INFO [http-nio-8090-exec-138] org.apache.catalina.core.ApplicationContext.log Manager: restart: Reloading web application '/Store'
14-Jun-2022 15:55:44.314 INFO [http-nio-8090-exec-131] org.apache.catalina.core.ApplicationContext.log Manager: list: Listing contexts for virtual host 'localhost'
14-Jun-2022 15:55:44.330 INFO [http-nio-8090-exec-159] org.apache.catalina.core.ApplicationContext.log Manager: restart: Reloading web application '/Store'
14-Jun-2022 15:55:59.607 INFO [http-nio-8090-exec-158] org.apache.catalina.core.ApplicationContext.log Manager: list: Listing contexts for virtual host 'localhost'
14-Jun-2022 15:55:59.624 INFO [http-nio-8090-exec-161] org.apache.catalina.core.ApplicationContext.log Manager: restart: Reloading web application '/Store'
14-Jun-2022 15:56:18.112 INFO [http-nio-8090-exec-163] org.apache.catalina.core.ApplicationContext.log Manager: list: Listing contexts for virtual host 'localhost'
14-Jun-2022 15:56:18.129 INFO [http-nio-8090-exec-160] org.apache.catalina.core.ApplicationContext.log Manager: restart: Reloading web application '/Store'
14-Jun-2022 15:56:20.228 INFO [http-nio-8090-exec-154] org.apache.catalina.core.ApplicationContext.log Manager: list: Listing contexts for virtual host 'localhost'
14-Jun-2022 15:56:20.244 INFO [http-nio-8090-exec-129] org.apache.catalina.core.ApplicationContext.log Manager: restart: Reloading web application '/Store'
14-Jun-2022 15:57:15.026 INFO [http-nio-8090-exec-166] org.apache.catalina.core.ApplicationContext.log Manager: list: Listing contexts for virtual host 'localhost'
14-Jun-2022 15:57:15.046 INFO [http-nio-8090-exec-158] org.apache.catalina.core.ApplicationContext.log Manager: restart: Reloading web application '/Store'
14-Jun-2022 15:57:17.317 INFO [http-nio-8090-exec-131] org.apache.catalina.core.ApplicationContext.log Manager: list: Listing contexts for virtual host 'localhost'
14-Jun-2022 15:57:17.332 INFO [http-nio-8090-exec-163] org.apache.catalina.core.ApplicationContext.log Manager: restart: Reloading web application '/Store'
14-Jun-2022 15:57:19.340 INFO [http-nio-8090-exec-165] org.apache.catalina.core.ApplicationContext.log Manager: list: Listing contexts for virtual host 'localhost'
14-Jun-2022 15:57:19.353 INFO [http-nio-8090-exec-131] org.apache.catalina.core.ApplicationContext.log Manager: restart: Reloading web application '/Store'
14-Jun-2022 15:57:35.925 INFO [http-nio-8090-exec-166] org.apache.catalina.core.ApplicationContext.log Manager: list: Listing contexts for virtual host 'localhost'
14-Jun-2022 15:57:35.940 INFO [http-nio-8090-exec-144] org.apache.catalina.core.ApplicationContext.log Manager: restart: Reloading web application '/Store'
14-Jun-2022 15:58:58.954 INFO [http-nio-8090-exec-176] org.apache.catalina.core.ApplicationContext.log Manager: list: Listing contexts for virtual host 'localhost'
14-Jun-2022 15:58:58.969 INFO [http-nio-8090-exec-171] org.apache.catalina.core.ApplicationContext.log Manager: restart: Reloading web application '/Store'
14-Jun-2022 15:59:07.660 INFO [http-nio-8090-exec-172] org.apache.catalina.core.ApplicationContext.log Manager: list: Listing contexts for virtual host 'localhost'
14-Jun-2022 15:59:07.675 INFO [http-nio-8090-exec-176] org.apache.catalina.core.ApplicationContext.log Manager: restart: Reloading web application '/Store'
14-Jun-2022 16:00:00.304 INFO [http-nio-8090-exec-166] org.apache.catalina.core.ApplicationContext.log Manager: list: Listing contexts for virtual host 'localhost'
14-Jun-2022 16:00:00.319 INFO [http-nio-8090-exec-172] org.apache.catalina.core.ApplicationContext.log Manager: restart: Reloading web application '/Store'
14-Jun-2022 16:00:46.904 INFO [http-nio-8090-exec-178] org.apache.catalina.core.ApplicationContext.log Manager: list: Listing contexts for virtual host 'localhost'
14-Jun-2022 16:00:46.918 INFO [http-nio-8090-exec-166] org.apache.catalina.core.ApplicationContext.log Manager: restart: Reloading web application '/Store'
14-Jun-2022 16:01:24.820 INFO [http-nio-8090-exec-180] org.apache.catalina.core.ApplicationContext.log Manager: list: Listing contexts for virtual host 'localhost'
14-Jun-2022 16:01:24.833 INFO [http-nio-8090-exec-179] org.apache.catalina.core.ApplicationContext.log Manager: restart: Reloading web application '/Store'
14-Jun-2022 16:01:26.875 INFO [http-nio-8090-exec-154] org.apache.catalina.core.ApplicationContext.log Manager: list: Listing contexts for virtual host 'localhost'
14-Jun-2022 16:01:26.891 INFO [http-nio-8090-exec-182] org.apache.catalina.core.ApplicationContext.log Manager: restart: Reloading web application '/Store'
14-Jun-2022 16:03:12.094 INFO [http-nio-8090-exec-173] org.apache.catalina.core.ApplicationContext.log Manager: list: Listing contexts for virtual host 'localhost'
14-Jun-2022 16:03:12.109 INFO [http-nio-8090-exec-189] org.apache.catalina.core.ApplicationContext.log Manager: restart: Reloading web application '/Store'
14-Jun-2022 16:03:31.284 INFO [http-nio-8090-exec-178] org.apache.catalina.core.ApplicationContext.log Manager: list: Listing contexts for virtual host 'localhost'
14-Jun-2022 16:03:31.300 INFO [http-nio-8090-exec-186] org.apache.catalina.core.ApplicationContext.log Manager: restart: Reloading web application '/Store'
14-Jun-2022 16:03:48.855 INFO [http-nio-8090-exec-178] org.apache.catalina.core.ApplicationContext.log Manager: list: Listing contexts for virtual host 'localhost'
14-Jun-2022 16:03:48.867 INFO [http-nio-8090-exec-187] org.apache.catalina.core.ApplicationContext.log Manager: restart: Reloading web application '/Store'
14-Jun-2022 16:05:00.770 INFO [http-nio-8090-exec-194] org.apache.catalina.core.ApplicationContext.log Manager: list: Listing contexts for virtual host 'localhost'
14-Jun-2022 16:05:00.789 INFO [http-nio-8090-exec-178] org.apache.catalina.core.ApplicationContext.log Manager: restart: Reloading web application '/Store'
14-Jun-2022 16:05:11.386 INFO [http-nio-8090-exec-193] org.apache.catalina.core.ApplicationContext.log Manager: list: Listing contexts for virtual host 'localhost'
14-Jun-2022 16:05:11.400 INFO [http-nio-8090-exec-195] org.apache.catalina.core.ApplicationContext.log Manager: restart: Reloading web application '/Store'
14-Jun-2022 16:06:00.027 INFO [http-nio-8090-exec-193] org.apache.catalina.core.ApplicationContext.log Manager: list: Listing contexts for virtual host 'localhost'
14-Jun-2022 16:06:00.049 INFO [http-nio-8090-exec-194] org.apache.catalina.core.ApplicationContext.log Manager: restart: Reloading web application '/Store'
14-Jun-2022 16:06:07.956 INFO [http-nio-8090-exec-197] org.apache.catalina.core.ApplicationContext.log Manager: list: Listing contexts for virtual host 'localhost'
14-Jun-2022 16:06:07.970 INFO [http-nio-8090-exec-199] org.apache.catalina.core.ApplicationContext.log Manager: restart: Reloading web application '/Store'
14-Jun-2022 16:06:10.145 INFO [http-nio-8090-exec-192] org.apache.catalina.core.ApplicationContext.log Manager: list: Listing contexts for virtual host 'localhost'
14-Jun-2022 16:06:10.162 INFO [http-nio-8090-exec-188] org.apache.catalina.core.ApplicationContext.log Manager: restart: Reloading web application '/Store'
14-Jun-2022 16:07:24.228 INFO [http-nio-8090-exec-197] org.apache.catalina.core.ApplicationContext.log Manager: list: Listing contexts for virtual host 'localhost'
14-Jun-2022 16:07:24.242 INFO [http-nio-8090-exec-203] org.apache.catalina.core.ApplicationContext.log Manager: restart: Reloading web application '/Store'
14-Jun-2022 16:07:26.178 INFO [http-nio-8090-exec-197] org.apache.catalina.core.ApplicationContext.log Manager: list: Listing contexts for virtual host 'localhost'
14-Jun-2022 16:07:26.192 INFO [http-nio-8090-exec-204] org.apache.catalina.core.ApplicationContext.log Manager: restart: Reloading web application '/Store'
14-Jun-2022 16:07:27.051 INFO [http-nio-8090-exec-201] org.apache.catalina.core.ApplicationContext.log Manager: list: Listing contexts for virtual host 'localhost'
14-Jun-2022 16:07:27.070 INFO [http-nio-8090-exec-205] org.apache.catalina.core.ApplicationContext.log Manager: list: Listing contexts for virtual host 'localhost'
14-Jun-2022 16:07:27.941 INFO [http-nio-8090-exec-209] org.apache.catalina.core.ApplicationContext.log Manager: undeploy: Undeploying web application at '/Store'
14-Jun-2022 16:07:28.506 INFO [http-nio-8090-exec-147] org.apache.catalina.core.ApplicationContext.log Manager: install: Installing context configuration at 'file:/C:/Users/ACERES~1/AppData/Local/Temp/context6607966998177496218.xml'
14-Jun-2022 16:07:29.872 INFO [http-nio-8090-exec-204] org.apache.catalina.core.ApplicationContext.log Manager: start: Starting web application '/Store'
