22-Mar-2022 08:57:13.568 INFO [http-nio-8090-exec-40] org.apache.catalina.core.ApplicationContext.log Manager: list: Listing contexts for virtual host 'localhost'
22-Mar-2022 08:57:13.573 INFO [http-nio-8090-exec-39] org.apache.catalina.core.ApplicationContext.log Manager: list: Listing contexts for virtual host 'localhost'
22-Mar-2022 08:57:13.769 INFO [http-nio-8090-exec-41] org.apache.catalina.core.ApplicationContext.log Manager: restart: Reloading web application '/Store'
22-Mar-2022 08:59:58.896 INFO [http-nio-8090-exec-50] org.apache.catalina.core.ApplicationContext.log Manager: list: Listing contexts for virtual host 'localhost'
22-Mar-2022 08:59:58.921 INFO [http-nio-8090-exec-51] org.apache.catalina.core.ApplicationContext.log Manager: list: Listing contexts for virtual host 'localhost'
22-Mar-2022 09:00:02.083 INFO [http-nio-8090-exec-57] org.apache.catalina.core.ApplicationContext.log Manager: undeploy: Undeploying web application at '/Store'
22-Mar-2022 09:00:02.982 INFO [http-nio-8090-exec-56] org.apache.catalina.core.ApplicationContext.log Manager: install: Installing context configuration at 'file:/C:/Users/ACERES~1/AppData/Local/Temp/context10429394582994308405.xml'
22-Mar-2022 09:00:11.754 INFO [http-nio-8090-exec-53] org.apache.catalina.core.ApplicationContext.log Manager: start: Starting web application '/Store'
22-Mar-2022 09:12:00.023 INFO [http-nio-8090-exec-67] org.apache.catalina.core.ApplicationContext.log Manager: list: Listing contexts for virtual host 'localhost'
22-Mar-2022 09:12:00.040 INFO [http-nio-8090-exec-60] org.apache.catalina.core.ApplicationContext.log Manager: restart: Reloading web application '/Store'
22-Mar-2022 09:12:07.971 INFO [http-nio-8090-exec-68] org.apache.catalina.core.ApplicationContext.log Manager: list: Listing contexts for virtual host 'localhost'
22-Mar-2022 09:12:07.987 INFO [http-nio-8090-exec-69] org.apache.catalina.core.ApplicationContext.log Manager: list: Listing contexts for virtual host 'localhost'
22-Mar-2022 09:12:08.033 INFO [http-nio-8090-exec-65] org.apache.catalina.core.ApplicationContext.log Manager: undeploy: Undeploying web application at '/Store'
22-Mar-2022 09:12:08.619 INFO [http-nio-8090-exec-63] org.apache.catalina.core.ApplicationContext.log Manager: install: Installing context configuration at 'file:/C:/Users/ACERES~1/AppData/Local/Temp/context12702394939745896894.xml'
22-Mar-2022 09:17:09.333 INFO [http-nio-8090-exec-71] org.apache.catalina.core.ApplicationContext.log Manager: start: Starting web application '/Store'
22-Mar-2022 09:19:24.058 INFO [http-nio-8090-exec-73] org.apache.catalina.core.ApplicationContext.log Manager: list: Listing contexts for virtual host 'localhost'
22-Mar-2022 09:19:24.083 INFO [http-nio-8090-exec-74] org.apache.catalina.core.ApplicationContext.log Manager: restart: Reloading web application '/Store'
22-Mar-2022 09:19:32.359 INFO [http-nio-8090-exec-72] org.apache.catalina.core.ApplicationContext.log Manager: list: Listing contexts for virtual host 'localhost'
22-Mar-2022 09:19:32.371 INFO [http-nio-8090-exec-81] org.apache.catalina.core.ApplicationContext.log Manager: list: Listing contexts for virtual host 'localhost'
22-Mar-2022 09:19:32.459 INFO [http-nio-8090-exec-71] org.apache.catalina.core.ApplicationContext.log Manager: undeploy: Undeploying web application at '/Store'
22-Mar-2022 09:19:33.019 INFO [http-nio-8090-exec-83] org.apache.catalina.core.ApplicationContext.log Manager: install: Installing context configuration at 'file:/C:/Users/ACERES~1/AppData/Local/Temp/context3850650673365695174.xml'
22-Mar-2022 09:24:57.741 INFO [http-nio-8090-exec-84] org.apache.catalina.core.ApplicationContext.log Manager: start: Starting web application '/Store'
22-Mar-2022 09:28:04.680 INFO [http-nio-8090-exec-91] org.apache.catalina.core.ApplicationContext.log Manager: list: Listing contexts for virtual host 'localhost'
22-Mar-2022 09:28:04.696 INFO [http-nio-8090-exec-88] org.apache.catalina.core.ApplicationContext.log Manager: restart: Reloading web application '/Store'
22-Mar-2022 09:34:00.246 INFO [http-nio-8090-exec-98] org.apache.catalina.core.ApplicationContext.log Manager: list: Listing contexts for virtual host 'localhost'
22-Mar-2022 09:34:00.255 INFO [http-nio-8090-exec-94] org.apache.catalina.core.ApplicationContext.log Manager: list: Listing contexts for virtual host 'localhost'
22-Mar-2022 09:34:00.315 INFO [http-nio-8090-exec-95] org.apache.catalina.core.ApplicationContext.log Manager: undeploy: Undeploying web application at '/Store'
22-Mar-2022 09:34:00.895 INFO [http-nio-8090-exec-98] org.apache.catalina.core.ApplicationContext.log Manager: install: Installing context configuration at 'file:/C:/Users/ACERES~1/AppData/Local/Temp/context17884795054447299652.xml'
22-Mar-2022 09:34:30.069 INFO [http-nio-8090-exec-103] org.apache.catalina.core.ApplicationContext.log Manager: start: Starting web application '/Store'
22-Mar-2022 09:43:33.629 INFO [http-nio-8090-exec-111] org.apache.catalina.core.ApplicationContext.log Manager: list: Listing contexts for virtual host 'localhost'
22-Mar-2022 09:43:33.660 INFO [http-nio-8090-exec-104] org.apache.catalina.core.ApplicationContext.log Manager: restart: Reloading web application '/Store'
22-Mar-2022 09:43:42.610 INFO [http-nio-8090-exec-105] org.apache.catalina.core.ApplicationContext.log Manager: list: Listing contexts for virtual host 'localhost'
22-Mar-2022 09:43:42.621 INFO [http-nio-8090-exec-116] org.apache.catalina.core.ApplicationContext.log Manager: list: Listing contexts for virtual host 'localhost'
22-Mar-2022 09:43:42.671 INFO [http-nio-8090-exec-111] org.apache.catalina.core.ApplicationContext.log Manager: undeploy: Undeploying web application at '/Store'
22-Mar-2022 09:43:43.221 INFO [http-nio-8090-exec-113] org.apache.catalina.core.ApplicationContext.log Manager: install: Installing context configuration at 'file:/C:/Users/ACERES~1/AppData/Local/Temp/context8576064352703999567.xml'
22-Mar-2022 09:44:06.284 INFO [http-nio-8090-exec-114] org.apache.catalina.core.ApplicationContext.log Manager: start: Starting web application '/Store'
22-Mar-2022 09:57:03.252 INFO [http-nio-8090-exec-118] org.apache.catalina.core.ApplicationContext.log Manager: list: Listing contexts for virtual host 'localhost'
22-Mar-2022 09:57:03.281 INFO [http-nio-8090-exec-126] org.apache.catalina.core.ApplicationContext.log Manager: restart: Reloading web application '/Store'
22-Mar-2022 09:57:09.424 INFO [http-nio-8090-exec-128] org.apache.catalina.core.ApplicationContext.log Manager: list: Listing contexts for virtual host 'localhost'
22-Mar-2022 09:57:09.436 INFO [http-nio-8090-exec-127] org.apache.catalina.core.ApplicationContext.log Manager: list: Listing contexts for virtual host 'localhost'
22-Mar-2022 09:57:09.556 INFO [http-nio-8090-exec-123] org.apache.catalina.core.ApplicationContext.log Manager: restart: Reloading web application '/Store'
22-Mar-2022 09:59:13.354 INFO [http-nio-8090-exec-136] org.apache.catalina.core.ApplicationContext.log Manager: list: Listing contexts for virtual host 'localhost'
22-Mar-2022 09:59:13.360 INFO [http-nio-8090-exec-131] org.apache.catalina.core.ApplicationContext.log Manager: list: Listing contexts for virtual host 'localhost'
22-Mar-2022 09:59:13.437 INFO [http-nio-8090-exec-133] org.apache.catalina.core.ApplicationContext.log Manager: undeploy: Undeploying web application at '/Store'
22-Mar-2022 09:59:14.010 INFO [http-nio-8090-exec-135] org.apache.catalina.core.ApplicationContext.log Manager: install: Installing context configuration at 'file:/C:/Users/ACERES~1/AppData/Local/Temp/context13576570342797780282.xml'
22-Mar-2022 09:59:19.062 INFO [http-nio-8090-exec-130] org.apache.catalina.core.ApplicationContext.log Manager: start: Starting web application '/Store'
22-Mar-2022 10:04:33.900 INFO [http-nio-8090-exec-148] org.apache.catalina.core.ApplicationContext.log Manager: list: Listing contexts for virtual host 'localhost'
22-Mar-2022 10:04:33.950 INFO [http-nio-8090-exec-142] org.apache.catalina.core.ApplicationContext.log Manager: restart: Reloading web application '/Store'
22-Mar-2022 10:04:37.709 INFO [http-nio-8090-exec-144] org.apache.catalina.core.ApplicationContext.log Manager: list: Listing contexts for virtual host 'localhost'
22-Mar-2022 10:04:37.716 INFO [http-nio-8090-exec-142] org.apache.catalina.core.ApplicationContext.log Manager: list: Listing contexts for virtual host 'localhost'
22-Mar-2022 10:04:37.852 INFO [http-nio-8090-exec-147] org.apache.catalina.core.ApplicationContext.log Manager: restart: Reloading web application '/Store'
22-Mar-2022 10:05:58.275 INFO [http-nio-8090-exec-158] org.apache.catalina.core.ApplicationContext.log Manager: list: Listing contexts for virtual host 'localhost'
22-Mar-2022 10:05:58.296 INFO [http-nio-8090-exec-152] org.apache.catalina.core.ApplicationContext.log Manager: restart: Reloading web application '/Store'
22-Mar-2022 10:06:50.669 INFO [http-nio-8090-exec-162] org.apache.catalina.core.ApplicationContext.log Manager: list: Listing contexts for virtual host 'localhost'
22-Mar-2022 10:06:50.686 INFO [http-nio-8090-exec-157] org.apache.catalina.core.ApplicationContext.log Manager: restart: Reloading web application '/Store'
22-Mar-2022 10:07:36.574 INFO [http-nio-8090-exec-160] org.apache.catalina.core.ApplicationContext.log Manager: list: Listing contexts for virtual host 'localhost'
22-Mar-2022 10:07:36.591 INFO [http-nio-8090-exec-161] org.apache.catalina.core.ApplicationContext.log Manager: restart: Reloading web application '/Store'
22-Mar-2022 10:07:49.467 INFO [http-nio-8090-exec-155] org.apache.catalina.core.ApplicationContext.log Manager: list: Listing contexts for virtual host 'localhost'
22-Mar-2022 10:07:49.488 INFO [http-nio-8090-exec-160] org.apache.catalina.core.ApplicationContext.log Manager: restart: Reloading web application '/Store'
22-Mar-2022 10:07:51.204 INFO [http-nio-8090-exec-166] org.apache.catalina.core.ApplicationContext.log Manager: list: Listing contexts for virtual host 'localhost'
22-Mar-2022 10:07:51.217 INFO [http-nio-8090-exec-167] org.apache.catalina.core.ApplicationContext.log Manager: list: Listing contexts for virtual host 'localhost'
22-Mar-2022 10:07:51.705 INFO [http-nio-8090-exec-160] org.apache.catalina.core.ApplicationContext.log Manager: restart: Reloading web application '/Store'
22-Mar-2022 10:12:24.644 INFO [http-nio-8090-exec-168] org.apache.catalina.core.ApplicationContext.log Manager: list: Listing contexts for virtual host 'localhost'
22-Mar-2022 10:12:24.672 INFO [http-nio-8090-exec-174] org.apache.catalina.core.ApplicationContext.log Manager: restart: Reloading web application '/Store'
22-Mar-2022 10:12:43.459 INFO [http-nio-8090-exec-178] org.apache.catalina.core.ApplicationContext.log Manager: list: Listing contexts for virtual host 'localhost'
22-Mar-2022 10:12:43.493 INFO [http-nio-8090-exec-175] org.apache.catalina.core.ApplicationContext.log Manager: restart: Reloading web application '/Store'
22-Mar-2022 10:12:49.333 INFO [http-nio-8090-exec-181] org.apache.catalina.core.ApplicationContext.log Manager: list: Listing contexts for virtual host 'localhost'
22-Mar-2022 10:12:49.343 INFO [http-nio-8090-exec-180] org.apache.catalina.core.ApplicationContext.log Manager: list: Listing contexts for virtual host 'localhost'
22-Mar-2022 10:12:49.452 INFO [http-nio-8090-exec-168] org.apache.catalina.core.ApplicationContext.log Manager: restart: Reloading web application '/Store'
22-Mar-2022 10:15:22.145 INFO [http-nio-8090-exec-182] org.apache.catalina.core.ApplicationContext.log Manager: list: Listing contexts for virtual host 'localhost'
22-Mar-2022 10:15:22.163 INFO [http-nio-8090-exec-191] org.apache.catalina.core.ApplicationContext.log Manager: restart: Reloading web application '/Store'
22-Mar-2022 10:15:23.977 INFO [http-nio-8090-exec-188] org.apache.catalina.core.ApplicationContext.log Manager: list: Listing contexts for virtual host 'localhost'
22-Mar-2022 10:15:23.983 INFO [http-nio-8090-exec-186] org.apache.catalina.core.ApplicationContext.log Manager: list: Listing contexts for virtual host 'localhost'
22-Mar-2022 10:15:24.544 INFO [http-nio-8090-exec-191] org.apache.catalina.core.ApplicationContext.log Manager: restart: Reloading web application '/Store'
22-Mar-2022 10:16:51.590 INFO [http-nio-8090-exec-201] org.apache.catalina.core.ApplicationContext.log Manager: list: Listing contexts for virtual host 'localhost'
22-Mar-2022 10:16:56.769 INFO [http-nio-8090-exec-200] org.apache.catalina.core.ApplicationContext.log Manager: list: Listing contexts for virtual host 'localhost'
22-Mar-2022 10:16:56.775 INFO [http-nio-8090-exec-202] org.apache.catalina.core.ApplicationContext.log Manager: list: Listing contexts for virtual host 'localhost'
22-Mar-2022 10:20:31.235 INFO [http-nio-8090-exec-200] org.apache.catalina.core.ApplicationContext.log Manager: list: Listing contexts for virtual host 'localhost'
22-Mar-2022 10:20:31.251 INFO [http-nio-8090-exec-199] org.apache.catalina.core.ApplicationContext.log Manager: restart: Reloading web application '/Store'
22-Mar-2022 10:20:45.459 INFO [http-nio-8090-exec-194] org.apache.catalina.core.ApplicationContext.log Manager: list: Listing contexts for virtual host 'localhost'
22-Mar-2022 10:20:45.475 INFO [http-nio-8090-exec-200] org.apache.catalina.core.ApplicationContext.log Manager: restart: Reloading web application '/Store'
22-Mar-2022 10:20:58.859 INFO [http-nio-8090-exec-203] org.apache.catalina.core.ApplicationContext.log Manager: list: Listing contexts for virtual host 'localhost'
22-Mar-2022 10:20:58.905 INFO [http-nio-8090-exec-195] org.apache.catalina.core.ApplicationContext.log Manager: restart: Reloading web application '/Store'
22-Mar-2022 10:21:02.456 INFO [http-nio-8090-exec-196] org.apache.catalina.core.ApplicationContext.log Manager: list: Listing contexts for virtual host 'localhost'
22-Mar-2022 10:21:02.471 INFO [http-nio-8090-exec-206] org.apache.catalina.core.ApplicationContext.log Manager: restart: Reloading web application '/Store'
22-Mar-2022 10:21:04.164 INFO [http-nio-8090-exec-193] org.apache.catalina.core.ApplicationContext.log Manager: list: Listing contexts for virtual host 'localhost'
22-Mar-2022 10:21:04.173 INFO [http-nio-8090-exec-205] org.apache.catalina.core.ApplicationContext.log Manager: list: Listing contexts for virtual host 'localhost'
22-Mar-2022 10:21:04.458 INFO [http-nio-8090-exec-198] org.apache.catalina.core.ApplicationContext.log Manager: restart: Reloading web application '/Store'
22-Mar-2022 14:24:44.078 INFO [http-nio-8090-exec-210] org.apache.catalina.core.ApplicationContext.log Manager: list: Listing contexts for virtual host 'localhost'
22-Mar-2022 14:24:44.078 INFO [http-nio-8090-exec-212] org.apache.catalina.core.ApplicationContext.log Manager: list: Listing contexts for virtual host 'localhost'
22-Mar-2022 14:24:44.171 INFO [http-nio-8090-exec-214] org.apache.catalina.core.ApplicationContext.log Manager: list: Listing contexts for virtual host 'localhost'
22-Mar-2022 14:24:44.171 INFO [http-nio-8090-exec-218] org.apache.catalina.core.ApplicationContext.log Manager: list: Listing contexts for virtual host 'localhost'
22-Mar-2022 14:34:53.190 INFO [http-nio-8090-exec-215] org.apache.catalina.core.ApplicationContext.log Manager: list: Listing contexts for virtual host 'localhost'
22-Mar-2022 14:41:52.386 INFO [http-nio-8090-exec-215] org.apache.catalina.core.ApplicationContext.log Manager: list: Listing contexts for virtual host 'localhost'
22-Mar-2022 14:42:30.667 INFO [http-nio-8090-exec-217] org.apache.catalina.core.ApplicationContext.log Manager: list: Listing contexts for virtual host 'localhost'
22-Mar-2022 14:42:30.676 INFO [http-nio-8090-exec-215] org.apache.catalina.core.ApplicationContext.log Manager: list: Listing contexts for virtual host 'localhost'
22-Mar-2022 14:45:14.577 INFO [http-nio-8090-exec-219] org.apache.catalina.core.ApplicationContext.log Manager: list: Listing contexts for virtual host 'localhost'
22-Mar-2022 14:45:18.764 INFO [http-nio-8090-exec-216] org.apache.catalina.core.ApplicationContext.log Manager: list: Listing contexts for virtual host 'localhost'
22-Mar-2022 14:45:18.818 INFO [http-nio-8090-exec-211] org.apache.catalina.core.ApplicationContext.log Manager: list: Listing contexts for virtual host 'localhost'
22-Mar-2022 14:47:51.321 INFO [http-nio-8090-exec-210] org.apache.catalina.core.ApplicationContext.log Manager: list: Listing contexts for virtual host 'localhost'
22-Mar-2022 14:47:52.712 INFO [http-nio-8090-exec-219] org.apache.catalina.core.ApplicationContext.log Manager: list: Listing contexts for virtual host 'localhost'
22-Mar-2022 14:47:54.466 INFO [http-nio-8090-exec-210] org.apache.catalina.core.ApplicationContext.log Manager: list: Listing contexts for virtual host 'localhost'
22-Mar-2022 14:47:54.487 INFO [http-nio-8090-exec-212] org.apache.catalina.core.ApplicationContext.log Manager: list: Listing contexts for virtual host 'localhost'
