28-May-2022 14:48:28.233 INFO [http-nio-8090-exec-29] org.apache.catalina.core.ApplicationContext.log Manager: list: Listing contexts for virtual host 'localhost'
28-May-2022 14:48:28.325 INFO [http-nio-8090-exec-27] org.apache.catalina.core.ApplicationContext.log Manager: restart: Reloading web application '/Store'
28-May-2022 14:49:01.746 INFO [http-nio-8090-exec-19] org.apache.catalina.core.ApplicationContext.log Manager: list: Listing contexts for virtual host 'localhost'
28-May-2022 14:49:01.796 INFO [http-nio-8090-exec-28] org.apache.catalina.core.ApplicationContext.log Manager: restart: Reloading web application '/Store'
28-May-2022 14:52:10.633 INFO [http-nio-8090-exec-34] org.apache.catalina.core.ApplicationContext.log Manager: list: Listing contexts for virtual host 'localhost'
28-May-2022 14:52:10.705 INFO [http-nio-8090-exec-35] org.apache.catalina.core.ApplicationContext.log Manager: restart: Reloading web application '/Store'
28-May-2022 14:52:15.728 INFO [http-nio-8090-exec-36] org.apache.catalina.core.ApplicationContext.log Manager: list: Listing contexts for virtual host 'localhost'
28-May-2022 14:52:15.755 INFO [http-nio-8090-exec-33] org.apache.catalina.core.ApplicationContext.log Manager: restart: Reloading web application '/Store'
28-May-2022 14:53:45.712 INFO [http-nio-8090-exec-43] org.apache.catalina.core.ApplicationContext.log Manager: list: Listing contexts for virtual host 'localhost'
28-May-2022 14:53:45.733 INFO [http-nio-8090-exec-46] org.apache.catalina.core.ApplicationContext.log Manager: restart: Reloading web application '/Store'
28-May-2022 14:57:53.551 INFO [http-nio-8090-exec-47] org.apache.catalina.core.ApplicationContext.log Manager: list: Listing contexts for virtual host 'localhost'
28-May-2022 14:57:53.574 INFO [http-nio-8090-exec-49] org.apache.catalina.core.ApplicationContext.log Manager: restart: Reloading web application '/Store'
28-May-2022 14:58:03.761 INFO [http-nio-8090-exec-55] org.apache.catalina.core.ApplicationContext.log Manager: list: Listing contexts for virtual host 'localhost'
28-May-2022 14:58:03.794 INFO [http-nio-8090-exec-48] org.apache.catalina.core.ApplicationContext.log Manager: restart: Reloading web application '/Store'
28-May-2022 14:58:51.021 INFO [http-nio-8090-exec-59] org.apache.catalina.core.ApplicationContext.log Manager: list: Listing contexts for virtual host 'localhost'
28-May-2022 14:58:51.042 INFO [http-nio-8090-exec-55] org.apache.catalina.core.ApplicationContext.log Manager: restart: Reloading web application '/Store'
28-May-2022 15:02:44.018 INFO [http-nio-8090-exec-61] org.apache.catalina.core.ApplicationContext.log Manager: list: Listing contexts for virtual host 'localhost'
28-May-2022 15:02:44.038 INFO [http-nio-8090-exec-62] org.apache.catalina.core.ApplicationContext.log Manager: restart: Reloading web application '/Store'
28-May-2022 15:04:10.019 INFO [http-nio-8090-exec-65] org.apache.catalina.core.ApplicationContext.log Manager: list: Listing contexts for virtual host 'localhost'
28-May-2022 15:04:10.047 INFO [http-nio-8090-exec-63] org.apache.catalina.core.ApplicationContext.log Manager: restart: Reloading web application '/Store'
28-May-2022 15:04:14.468 INFO [http-nio-8090-exec-60] org.apache.catalina.core.ApplicationContext.log Manager: list: Listing contexts for virtual host 'localhost'
28-May-2022 15:04:14.495 INFO [http-nio-8090-exec-64] org.apache.catalina.core.ApplicationContext.log Manager: restart: Reloading web application '/Store'
28-May-2022 15:04:19.619 INFO [http-nio-8090-exec-72] org.apache.catalina.core.ApplicationContext.log Manager: list: Listing contexts for virtual host 'localhost'
28-May-2022 15:04:19.642 INFO [http-nio-8090-exec-60] org.apache.catalina.core.ApplicationContext.log Manager: restart: Reloading web application '/Store'
28-May-2022 15:04:22.020 INFO [http-nio-8090-exec-65] org.apache.catalina.core.ApplicationContext.log Manager: list: Listing contexts for virtual host 'localhost'
28-May-2022 15:04:22.068 INFO [http-nio-8090-exec-68] org.apache.catalina.core.ApplicationContext.log Manager: restart: Reloading web application '/Store'
28-May-2022 15:09:12.428 INFO [http-nio-8090-exec-85] org.apache.catalina.core.ApplicationContext.log Manager: list: Listing contexts for virtual host 'localhost'
28-May-2022 15:09:12.457 INFO [http-nio-8090-exec-77] org.apache.catalina.core.ApplicationContext.log Manager: restart: Reloading web application '/Store'
28-May-2022 15:09:19.075 INFO [http-nio-8090-exec-79] org.apache.catalina.core.ApplicationContext.log Manager: list: Listing contexts for virtual host 'localhost'
28-May-2022 15:09:19.092 INFO [http-nio-8090-exec-87] org.apache.catalina.core.ApplicationContext.log Manager: restart: Reloading web application '/Store'
28-May-2022 15:12:39.900 INFO [http-nio-8090-exec-88] org.apache.catalina.core.ApplicationContext.log Manager: list: Listing contexts for virtual host 'localhost'
28-May-2022 15:12:39.927 INFO [http-nio-8090-exec-89] org.apache.catalina.core.ApplicationContext.log Manager: restart: Reloading web application '/Store'
28-May-2022 15:13:00.530 INFO [http-nio-8090-exec-92] org.apache.catalina.core.ApplicationContext.log Manager: list: Listing contexts for virtual host 'localhost'
28-May-2022 15:13:00.550 INFO [http-nio-8090-exec-81] org.apache.catalina.core.ApplicationContext.log Manager: restart: Reloading web application '/Store'
28-May-2022 15:13:54.176 INFO [http-nio-8090-exec-92] org.apache.catalina.core.ApplicationContext.log Manager: list: Listing contexts for virtual host 'localhost'
28-May-2022 15:13:54.196 INFO [http-nio-8090-exec-99] org.apache.catalina.core.ApplicationContext.log Manager: restart: Reloading web application '/Store'
28-May-2022 15:13:58.694 INFO [http-nio-8090-exec-79] org.apache.catalina.core.ApplicationContext.log Manager: list: Listing contexts for virtual host 'localhost'
28-May-2022 15:13:58.715 INFO [http-nio-8090-exec-96] org.apache.catalina.core.ApplicationContext.log Manager: restart: Reloading web application '/Store'
28-May-2022 15:15:33.661 INFO [http-nio-8090-exec-104] org.apache.catalina.core.ApplicationContext.log Manager: list: Listing contexts for virtual host 'localhost'
28-May-2022 15:15:33.680 INFO [http-nio-8090-exec-102] org.apache.catalina.core.ApplicationContext.log Manager: restart: Reloading web application '/Store'
28-May-2022 15:16:07.694 INFO [http-nio-8090-exec-101] org.apache.catalina.core.ApplicationContext.log Manager: list: Listing contexts for virtual host 'localhost'
28-May-2022 15:16:07.711 INFO [http-nio-8090-exec-94] org.apache.catalina.core.ApplicationContext.log Manager: restart: Reloading web application '/Store'
28-May-2022 15:16:35.120 INFO [http-nio-8090-exec-109] org.apache.catalina.core.ApplicationContext.log Manager: list: Listing contexts for virtual host 'localhost'
28-May-2022 15:16:35.142 INFO [http-nio-8090-exec-105] org.apache.catalina.core.ApplicationContext.log Manager: restart: Reloading web application '/Store'
28-May-2022 15:17:36.661 INFO [http-nio-8090-exec-110] org.apache.catalina.core.ApplicationContext.log Manager: list: Listing contexts for virtual host 'localhost'
28-May-2022 15:17:36.680 INFO [http-nio-8090-exec-104] org.apache.catalina.core.ApplicationContext.log Manager: restart: Reloading web application '/Store'
28-May-2022 15:17:48.210 INFO [http-nio-8090-exec-114] org.apache.catalina.core.ApplicationContext.log Manager: list: Listing contexts for virtual host 'localhost'
28-May-2022 15:17:48.229 INFO [http-nio-8090-exec-108] org.apache.catalina.core.ApplicationContext.log Manager: restart: Reloading web application '/Store'
28-May-2022 15:18:40.191 INFO [http-nio-8090-exec-100] org.apache.catalina.core.ApplicationContext.log Manager: list: Listing contexts for virtual host 'localhost'
28-May-2022 15:18:40.209 INFO [http-nio-8090-exec-106] org.apache.catalina.core.ApplicationContext.log Manager: restart: Reloading web application '/Store'
28-May-2022 15:19:18.810 INFO [http-nio-8090-exec-114] org.apache.catalina.core.ApplicationContext.log Manager: list: Listing contexts for virtual host 'localhost'
28-May-2022 15:19:18.829 INFO [http-nio-8090-exec-100] org.apache.catalina.core.ApplicationContext.log Manager: restart: Reloading web application '/Store'
28-May-2022 15:19:50.164 INFO [http-nio-8090-exec-120] org.apache.catalina.core.ApplicationContext.log Manager: list: Listing contexts for virtual host 'localhost'
28-May-2022 15:19:50.181 INFO [http-nio-8090-exec-118] org.apache.catalina.core.ApplicationContext.log Manager: restart: Reloading web application '/Store'
28-May-2022 15:26:08.972 INFO [http-nio-8090-exec-125] org.apache.catalina.core.ApplicationContext.log Manager: list: Listing contexts for virtual host 'localhost'
28-May-2022 15:26:08.997 INFO [http-nio-8090-exec-123] org.apache.catalina.core.ApplicationContext.log Manager: restart: Reloading web application '/Store'
28-May-2022 15:26:54.254 INFO [http-nio-8090-exec-126] org.apache.catalina.core.ApplicationContext.log Manager: list: Listing contexts for virtual host 'localhost'
28-May-2022 15:26:54.271 INFO [http-nio-8090-exec-124] org.apache.catalina.core.ApplicationContext.log Manager: restart: Reloading web application '/Store'
28-May-2022 15:27:11.203 INFO [http-nio-8090-exec-130] org.apache.catalina.core.ApplicationContext.log Manager: list: Listing contexts for virtual host 'localhost'
28-May-2022 15:27:11.226 INFO [http-nio-8090-exec-127] org.apache.catalina.core.ApplicationContext.log Manager: restart: Reloading web application '/Store'
28-May-2022 15:27:32.919 INFO [http-nio-8090-exec-133] org.apache.catalina.core.ApplicationContext.log Manager: list: Listing contexts for virtual host 'localhost'
28-May-2022 15:27:32.939 INFO [http-nio-8090-exec-126] org.apache.catalina.core.ApplicationContext.log Manager: restart: Reloading web application '/Store'
28-May-2022 15:27:37.060 INFO [http-nio-8090-exec-109] org.apache.catalina.core.ApplicationContext.log Manager: list: Listing contexts for virtual host 'localhost'
28-May-2022 15:27:37.077 INFO [http-nio-8090-exec-133] org.apache.catalina.core.ApplicationContext.log Manager: restart: Reloading web application '/Store'
28-May-2022 15:27:42.930 INFO [http-nio-8090-exec-134] org.apache.catalina.core.ApplicationContext.log Manager: list: Listing contexts for virtual host 'localhost'
28-May-2022 15:27:42.951 INFO [http-nio-8090-exec-136] org.apache.catalina.core.ApplicationContext.log Manager: restart: Reloading web application '/Store'
28-May-2022 15:28:22.710 INFO [http-nio-8090-exec-137] org.apache.catalina.core.ApplicationContext.log Manager: list: Listing contexts for virtual host 'localhost'
28-May-2022 15:28:22.732 INFO [http-nio-8090-exec-138] org.apache.catalina.core.ApplicationContext.log Manager: restart: Reloading web application '/Store'
28-May-2022 15:29:02.225 INFO [http-nio-8090-exec-139] org.apache.catalina.core.ApplicationContext.log Manager: list: Listing contexts for virtual host 'localhost'
28-May-2022 15:29:02.247 INFO [http-nio-8090-exec-143] org.apache.catalina.core.ApplicationContext.log Manager: restart: Reloading web application '/Store'
28-May-2022 15:29:28.650 INFO [http-nio-8090-exec-132] org.apache.catalina.core.ApplicationContext.log Manager: list: Listing contexts for virtual host 'localhost'
28-May-2022 15:29:28.666 INFO [http-nio-8090-exec-142] org.apache.catalina.core.ApplicationContext.log Manager: restart: Reloading web application '/Store'
28-May-2022 15:39:17.229 INFO [http-nio-8090-exec-155] org.apache.catalina.core.ApplicationContext.log Manager: list: Listing contexts for virtual host 'localhost'
28-May-2022 15:39:31.837 INFO [http-nio-8090-exec-150] org.apache.catalina.core.ApplicationContext.log Manager: list: Listing contexts for virtual host 'localhost'
28-May-2022 15:39:31.861 INFO [http-nio-8090-exec-154] org.apache.catalina.core.ApplicationContext.log Manager: restart: Reloading web application '/Store'
28-May-2022 15:40:06.092 INFO [http-nio-8090-exec-153] org.apache.catalina.core.ApplicationContext.log Manager: list: Listing contexts for virtual host 'localhost'
28-May-2022 15:40:06.114 INFO [http-nio-8090-exec-148] org.apache.catalina.core.ApplicationContext.log Manager: restart: Reloading web application '/Store'
28-May-2022 15:46:42.783 INFO [http-nio-8090-exec-160] org.apache.catalina.core.ApplicationContext.log Manager: list: Listing contexts for virtual host 'localhost'
28-May-2022 15:46:42.802 INFO [http-nio-8090-exec-159] org.apache.catalina.core.ApplicationContext.log Manager: restart: Reloading web application '/Store'
28-May-2022 15:48:51.103 INFO [http-nio-8090-exec-167] org.apache.catalina.core.ApplicationContext.log Manager: list: Listing contexts for virtual host 'localhost'
28-May-2022 15:48:51.122 INFO [http-nio-8090-exec-170] org.apache.catalina.core.ApplicationContext.log Manager: restart: Reloading web application '/Store'
28-May-2022 15:49:05.016 INFO [http-nio-8090-exec-171] org.apache.catalina.core.ApplicationContext.log Manager: list: Listing contexts for virtual host 'localhost'
28-May-2022 15:49:05.037 INFO [http-nio-8090-exec-169] org.apache.catalina.core.ApplicationContext.log Manager: restart: Reloading web application '/Store'
28-May-2022 15:50:38.254 INFO [http-nio-8090-exec-179] org.apache.catalina.core.ApplicationContext.log Manager: list: Listing contexts for virtual host 'localhost'
28-May-2022 15:50:38.271 INFO [http-nio-8090-exec-173] org.apache.catalina.core.ApplicationContext.log Manager: restart: Reloading web application '/Store'
28-May-2022 15:52:20.468 INFO [http-nio-8090-exec-180] org.apache.catalina.core.ApplicationContext.log Manager: list: Listing contexts for virtual host 'localhost'
28-May-2022 15:52:20.518 INFO [http-nio-8090-exec-183] org.apache.catalina.core.ApplicationContext.log Manager: restart: Reloading web application '/Store'
28-May-2022 15:56:20.673 INFO [http-nio-8090-exec-185] org.apache.catalina.core.ApplicationContext.log Manager: list: Listing contexts for virtual host 'localhost'
28-May-2022 15:56:20.694 INFO [http-nio-8090-exec-187] org.apache.catalina.core.ApplicationContext.log Manager: restart: Reloading web application '/Store'
28-May-2022 15:56:34.784 INFO [http-nio-8090-exec-185] org.apache.catalina.core.ApplicationContext.log Manager: list: Listing contexts for virtual host 'localhost'
28-May-2022 15:56:34.804 INFO [http-nio-8090-exec-190] org.apache.catalina.core.ApplicationContext.log Manager: restart: Reloading web application '/Store'
28-May-2022 15:56:48.096 INFO [http-nio-8090-exec-184] org.apache.catalina.core.ApplicationContext.log Manager: list: Listing contexts for virtual host 'localhost'
28-May-2022 15:56:48.115 INFO [http-nio-8090-exec-185] org.apache.catalina.core.ApplicationContext.log Manager: restart: Reloading web application '/Store'
28-May-2022 15:57:02.303 INFO [http-nio-8090-exec-177] org.apache.catalina.core.ApplicationContext.log Manager: list: Listing contexts for virtual host 'localhost'
28-May-2022 15:57:02.326 INFO [http-nio-8090-exec-189] org.apache.catalina.core.ApplicationContext.log Manager: restart: Reloading web application '/Store'
28-May-2022 15:58:06.593 INFO [http-nio-8090-exec-193] org.apache.catalina.core.ApplicationContext.log Manager: list: Listing contexts for virtual host 'localhost'
28-May-2022 15:58:06.626 INFO [http-nio-8090-exec-195] org.apache.catalina.core.ApplicationContext.log Manager: restart: Reloading web application '/Store'
28-May-2022 15:59:09.415 INFO [http-nio-8090-exec-200] org.apache.catalina.core.ApplicationContext.log Manager: list: Listing contexts for virtual host 'localhost'
28-May-2022 15:59:09.434 INFO [http-nio-8090-exec-205] org.apache.catalina.core.ApplicationContext.log Manager: restart: Reloading web application '/Store'
28-May-2022 16:00:10.589 INFO [http-nio-8090-exec-206] org.apache.catalina.core.ApplicationContext.log Manager: list: Listing contexts for virtual host 'localhost'
28-May-2022 16:00:10.612 INFO [http-nio-8090-exec-208] org.apache.catalina.core.ApplicationContext.log Manager: restart: Reloading web application '/Store'
28-May-2022 16:01:08.286 INFO [http-nio-8090-exec-3] org.apache.catalina.core.ApplicationContext.log Manager: init: Associated with Deployer 'Catalina:type=Deployer,host=localhost'
28-May-2022 16:01:08.286 INFO [http-nio-8090-exec-3] org.apache.catalina.core.ApplicationContext.log Manager: init: Global resources are available
28-May-2022 16:01:16.174 INFO [http-nio-8090-exec-1] org.apache.catalina.core.ApplicationContext.log Manager: list: Listing contexts for virtual host 'localhost'
28-May-2022 16:01:16.197 INFO [http-nio-8090-exec-7] org.apache.catalina.core.ApplicationContext.log Manager: list: Listing contexts for virtual host 'localhost'
28-May-2022 16:01:16.305 INFO [http-nio-8090-exec-9] org.apache.catalina.core.ApplicationContext.log Manager: undeploy: Undeploying web application at '/Store'
28-May-2022 16:01:17.785 INFO [http-nio-8090-exec-4] org.apache.catalina.core.ApplicationContext.log Manager: install: Installing context configuration at 'file:/C:/Users/ACERES~1/AppData/Local/Temp/context16168183887645124307.xml'
28-May-2022 16:02:27.604 INFO [http-nio-8090-exec-11] org.apache.catalina.core.ApplicationContext.log Manager: start: Starting web application '/Store'
28-May-2022 16:06:05.401 INFO [http-nio-8090-exec-13] org.apache.catalina.core.ApplicationContext.log Manager: list: Listing contexts for virtual host 'localhost'
28-May-2022 16:06:05.418 INFO [http-nio-8090-exec-11] org.apache.catalina.core.ApplicationContext.log Manager: restart: Reloading web application '/Store'
28-May-2022 16:06:22.827 INFO [http-nio-8090-exec-23] org.apache.catalina.core.ApplicationContext.log Manager: list: Listing contexts for virtual host 'localhost'
28-May-2022 16:06:22.853 INFO [http-nio-8090-exec-19] org.apache.catalina.core.ApplicationContext.log Manager: list: Listing contexts for virtual host 'localhost'
28-May-2022 16:06:22.884 INFO [http-nio-8090-exec-13] org.apache.catalina.core.ApplicationContext.log Manager: undeploy: Undeploying web application at '/Store'
28-May-2022 16:06:23.460 INFO [http-nio-8090-exec-14] org.apache.catalina.core.ApplicationContext.log Manager: install: Installing context configuration at 'file:/C:/Users/ACERES~1/AppData/Local/Temp/context6662233080305643776.xml'
28-May-2022 16:06:56.139 INFO [http-nio-8090-exec-23] org.apache.catalina.core.ApplicationContext.log Manager: start: Starting web application '/Store'
28-May-2022 16:08:58.235 INFO [http-nio-8090-exec-24] org.apache.catalina.core.ApplicationContext.log Manager: list: Listing contexts for virtual host 'localhost'
28-May-2022 16:08:58.256 INFO [http-nio-8090-exec-25] org.apache.catalina.core.ApplicationContext.log Manager: restart: Reloading web application '/Store'
28-May-2022 16:10:11.259 INFO [http-nio-8090-exec-36] org.apache.catalina.core.ApplicationContext.log Manager: list: Listing contexts for virtual host 'localhost'
28-May-2022 16:10:11.299 INFO [http-nio-8090-exec-37] org.apache.catalina.core.ApplicationContext.log Manager: restart: Reloading web application '/Store'
28-May-2022 16:12:14.326 INFO [http-nio-8090-exec-38] org.apache.catalina.core.ApplicationContext.log Manager: list: Listing contexts for virtual host 'localhost'
28-May-2022 16:12:14.343 INFO [http-nio-8090-exec-39] org.apache.catalina.core.ApplicationContext.log Manager: restart: Reloading web application '/Store'
28-May-2022 16:13:46.101 INFO [http-nio-8090-exec-42] org.apache.catalina.core.ApplicationContext.log Manager: list: Listing contexts for virtual host 'localhost'
28-May-2022 16:13:46.121 INFO [http-nio-8090-exec-30] org.apache.catalina.core.ApplicationContext.log Manager: list: Listing contexts for virtual host 'localhost'
28-May-2022 16:13:46.194 INFO [http-nio-8090-exec-27] org.apache.catalina.core.ApplicationContext.log Manager: undeploy: Undeploying web application at '/Store'
28-May-2022 16:13:46.793 INFO [http-nio-8090-exec-42] org.apache.catalina.core.ApplicationContext.log Manager: install: Installing context configuration at 'file:/C:/Users/ACERES~1/AppData/Local/Temp/context12173733576362230193.xml'
28-May-2022 16:15:01.976 INFO [http-nio-8090-exec-40] org.apache.catalina.core.ApplicationContext.log Manager: start: Starting web application '/Store'
28-May-2022 16:19:21.885 INFO [http-nio-8090-exec-57] org.apache.catalina.core.ApplicationContext.log Manager: list: Listing contexts for virtual host 'localhost'
28-May-2022 16:19:21.940 INFO [http-nio-8090-exec-49] org.apache.catalina.core.ApplicationContext.log Manager: restart: Reloading web application '/Store'
28-May-2022 16:20:05.352 INFO [http-nio-8090-exec-53] org.apache.catalina.core.ApplicationContext.log Manager: list: Listing contexts for virtual host 'localhost'
28-May-2022 16:20:05.372 INFO [http-nio-8090-exec-56] org.apache.catalina.core.ApplicationContext.log Manager: restart: Reloading web application '/Store'
28-May-2022 16:20:12.316 INFO [http-nio-8090-exec-60] org.apache.catalina.core.ApplicationContext.log Manager: list: Listing contexts for virtual host 'localhost'
28-May-2022 16:20:12.333 INFO [http-nio-8090-exec-59] org.apache.catalina.core.ApplicationContext.log Manager: list: Listing contexts for virtual host 'localhost'
28-May-2022 16:20:12.455 INFO [http-nio-8090-exec-50] org.apache.catalina.core.ApplicationContext.log Manager: restart: Reloading web application '/Store'
28-May-2022 16:22:49.572 INFO [http-nio-8090-exec-62] org.apache.catalina.core.ApplicationContext.log Manager: list: Listing contexts for virtual host 'localhost'
28-May-2022 16:22:49.594 INFO [http-nio-8090-exec-63] org.apache.catalina.core.ApplicationContext.log Manager: restart: Reloading web application '/Store'
28-May-2022 16:23:11.095 INFO [http-nio-8090-exec-48] org.apache.catalina.core.ApplicationContext.log Manager: list: Listing contexts for virtual host 'localhost'
28-May-2022 16:23:11.103 INFO [http-nio-8090-exec-71] org.apache.catalina.core.ApplicationContext.log Manager: list: Listing contexts for virtual host 'localhost'
28-May-2022 16:23:11.139 INFO [http-nio-8090-exec-72] org.apache.catalina.core.ApplicationContext.log Manager: undeploy: Undeploying web application at '/Store'
28-May-2022 16:23:11.693 INFO [http-nio-8090-exec-66] org.apache.catalina.core.ApplicationContext.log Manager: install: Installing context configuration at 'file:/C:/Users/ACERES~1/AppData/Local/Temp/context17935692350665793703.xml'
28-May-2022 16:23:20.897 INFO [http-nio-8090-exec-48] org.apache.catalina.core.ApplicationContext.log Manager: start: Starting web application '/Store'
28-May-2022 16:24:52.668 INFO [http-nio-8090-exec-76] org.apache.catalina.core.ApplicationContext.log Manager: list: Listing contexts for virtual host 'localhost'
28-May-2022 16:24:52.687 INFO [http-nio-8090-exec-77] org.apache.catalina.core.ApplicationContext.log Manager: restart: Reloading web application '/Store'
28-May-2022 16:25:17.453 INFO [http-nio-8090-exec-84] org.apache.catalina.core.ApplicationContext.log Manager: list: Listing contexts for virtual host 'localhost'
28-May-2022 16:25:17.459 INFO [http-nio-8090-exec-76] org.apache.catalina.core.ApplicationContext.log Manager: list: Listing contexts for virtual host 'localhost'
28-May-2022 16:25:17.498 INFO [http-nio-8090-exec-86] org.apache.catalina.core.ApplicationContext.log Manager: undeploy: Undeploying web application at '/Store'
28-May-2022 16:25:18.030 INFO [http-nio-8090-exec-76] org.apache.catalina.core.ApplicationContext.log Manager: install: Installing context configuration at 'file:/C:/Users/ACERES~1/AppData/Local/Temp/context7296592456718369258.xml'
28-May-2022 16:25:22.875 INFO [http-nio-8090-exec-76] org.apache.catalina.core.ApplicationContext.log Manager: start: Starting web application '/Store'
28-May-2022 16:27:06.216 INFO [http-nio-8090-exec-87] org.apache.catalina.core.ApplicationContext.log Manager: list: Listing contexts for virtual host 'localhost'
28-May-2022 16:27:06.296 INFO [http-nio-8090-exec-91] org.apache.catalina.core.ApplicationContext.log Manager: restart: Reloading web application '/Store'
28-May-2022 16:28:48.868 INFO [http-nio-8090-exec-96] org.apache.catalina.core.ApplicationContext.log Manager: list: Listing contexts for virtual host 'localhost'
28-May-2022 16:28:48.892 INFO [http-nio-8090-exec-90] org.apache.catalina.core.ApplicationContext.log Manager: restart: Reloading web application '/Store'
28-May-2022 16:28:56.615 INFO [http-nio-8090-exec-87] org.apache.catalina.core.ApplicationContext.log Manager: list: Listing contexts for virtual host 'localhost'
28-May-2022 16:28:56.631 INFO [http-nio-8090-exec-98] org.apache.catalina.core.ApplicationContext.log Manager: restart: Reloading web application '/Store'
28-May-2022 16:29:00.501 INFO [http-nio-8090-exec-88] org.apache.catalina.core.ApplicationContext.log Manager: list: Listing contexts for virtual host 'localhost'
28-May-2022 16:29:00.520 INFO [http-nio-8090-exec-97] org.apache.catalina.core.ApplicationContext.log Manager: restart: Reloading web application '/Store'
28-May-2022 16:29:31.161 INFO [http-nio-8090-exec-96] org.apache.catalina.core.ApplicationContext.log Manager: list: Listing contexts for virtual host 'localhost'
28-May-2022 16:29:31.175 INFO [http-nio-8090-exec-102] org.apache.catalina.core.ApplicationContext.log Manager: list: Listing contexts for virtual host 'localhost'
28-May-2022 16:29:31.218 INFO [http-nio-8090-exec-103] org.apache.catalina.core.ApplicationContext.log Manager: undeploy: Undeploying web application at '/Store'
28-May-2022 16:29:31.762 INFO [http-nio-8090-exec-95] org.apache.catalina.core.ApplicationContext.log Manager: install: Installing context configuration at 'file:/C:/Users/ACERES~1/AppData/Local/Temp/context6635679947183908514.xml'
28-May-2022 16:32:00.212 INFO [http-nio-8090-exec-107] org.apache.catalina.core.ApplicationContext.log Manager: start: Starting web application '/Store'
28-May-2022 16:34:36.959 INFO [http-nio-8090-exec-111] org.apache.catalina.core.ApplicationContext.log Manager: list: Listing contexts for virtual host 'localhost'
28-May-2022 16:34:36.986 INFO [http-nio-8090-exec-113] org.apache.catalina.core.ApplicationContext.log Manager: restart: Reloading web application '/Store'
28-May-2022 16:35:49.275 INFO [http-nio-8090-exec-116] org.apache.catalina.core.ApplicationContext.log Manager: list: Listing contexts for virtual host 'localhost'
28-May-2022 16:35:49.294 INFO [http-nio-8090-exec-112] org.apache.catalina.core.ApplicationContext.log Manager: restart: Reloading web application '/Store'
28-May-2022 16:35:57.991 INFO [http-nio-8090-exec-111] org.apache.catalina.core.ApplicationContext.log Manager: list: Listing contexts for virtual host 'localhost'
28-May-2022 16:35:58.011 INFO [http-nio-8090-exec-110] org.apache.catalina.core.ApplicationContext.log Manager: restart: Reloading web application '/Store'
28-May-2022 16:36:06.527 INFO [http-nio-8090-exec-121] org.apache.catalina.core.ApplicationContext.log Manager: list: Listing contexts for virtual host 'localhost'
28-May-2022 16:36:06.548 INFO [http-nio-8090-exec-111] org.apache.catalina.core.ApplicationContext.log Manager: restart: Reloading web application '/Store'
28-May-2022 16:37:08.744 INFO [http-nio-8090-exec-127] org.apache.catalina.core.ApplicationContext.log Manager: list: Listing contexts for virtual host 'localhost'
28-May-2022 16:37:08.770 INFO [http-nio-8090-exec-125] org.apache.catalina.core.ApplicationContext.log Manager: restart: Reloading web application '/Store'
28-May-2022 16:37:22.666 INFO [http-nio-8090-exec-129] org.apache.catalina.core.ApplicationContext.log Manager: list: Listing contexts for virtual host 'localhost'
28-May-2022 16:37:22.687 INFO [http-nio-8090-exec-118] org.apache.catalina.core.ApplicationContext.log Manager: restart: Reloading web application '/Store'
28-May-2022 16:37:31.088 INFO [http-nio-8090-exec-130] org.apache.catalina.core.ApplicationContext.log Manager: list: Listing contexts for virtual host 'localhost'
28-May-2022 16:37:31.107 INFO [http-nio-8090-exec-120] org.apache.catalina.core.ApplicationContext.log Manager: restart: Reloading web application '/Store'
28-May-2022 16:38:06.990 INFO [http-nio-8090-exec-126] org.apache.catalina.core.ApplicationContext.log Manager: list: Listing contexts for virtual host 'localhost'
28-May-2022 16:38:07.010 INFO [http-nio-8090-exec-133] org.apache.catalina.core.ApplicationContext.log Manager: restart: Reloading web application '/Store'
28-May-2022 16:38:19.189 INFO [http-nio-8090-exec-107] org.apache.catalina.core.ApplicationContext.log Manager: list: Listing contexts for virtual host 'localhost'
28-May-2022 16:38:19.213 INFO [http-nio-8090-exec-108] org.apache.catalina.core.ApplicationContext.log Manager: restart: Reloading web application '/Store'
28-May-2022 16:38:27.595 INFO [http-nio-8090-exec-121] org.apache.catalina.core.ApplicationContext.log Manager: list: Listing contexts for virtual host 'localhost'
28-May-2022 16:38:27.616 INFO [http-nio-8090-exec-137] org.apache.catalina.core.ApplicationContext.log Manager: restart: Reloading web application '/Store'
28-May-2022 16:38:38.773 INFO [http-nio-8090-exec-132] org.apache.catalina.core.ApplicationContext.log Manager: list: Listing contexts for virtual host 'localhost'
28-May-2022 16:38:38.788 INFO [http-nio-8090-exec-124] org.apache.catalina.core.ApplicationContext.log Manager: restart: Reloading web application '/Store'
28-May-2022 16:43:30.180 INFO [http-nio-8090-exec-141] org.apache.catalina.core.ApplicationContext.log Manager: list: Listing contexts for virtual host 'localhost'
28-May-2022 16:43:30.206 INFO [http-nio-8090-exec-142] org.apache.catalina.core.ApplicationContext.log Manager: restart: Reloading web application '/Store'
28-May-2022 16:47:28.921 INFO [http-nio-8090-exec-149] org.apache.catalina.core.ApplicationContext.log Manager: list: Listing contexts for virtual host 'localhost'
28-May-2022 16:47:40.187 INFO [http-nio-8090-exec-153] org.apache.catalina.core.ApplicationContext.log Manager: list: Listing contexts for virtual host 'localhost'
28-May-2022 16:47:40.218 INFO [http-nio-8090-exec-155] org.apache.catalina.core.ApplicationContext.log Manager: restart: Reloading web application '/Store'
28-May-2022 16:48:24.905 INFO [http-nio-8090-exec-152] org.apache.catalina.core.ApplicationContext.log Manager: list: Listing contexts for virtual host 'localhost'
28-May-2022 16:48:24.926 INFO [http-nio-8090-exec-160] org.apache.catalina.core.ApplicationContext.log Manager: restart: Reloading web application '/Store'
28-May-2022 16:48:37.052 INFO [http-nio-8090-exec-151] org.apache.catalina.core.ApplicationContext.log Manager: list: Listing contexts for virtual host 'localhost'
28-May-2022 16:48:37.089 INFO [http-nio-8090-exec-152] org.apache.catalina.core.ApplicationContext.log Manager: restart: Reloading web application '/Store'
28-May-2022 16:48:39.610 INFO [http-nio-8090-exec-150] org.apache.catalina.core.ApplicationContext.log Manager: list: Listing contexts for virtual host 'localhost'
28-May-2022 16:48:39.626 INFO [http-nio-8090-exec-158] org.apache.catalina.core.ApplicationContext.log Manager: restart: Reloading web application '/Store'
28-May-2022 16:48:48.787 INFO [http-nio-8090-exec-157] org.apache.catalina.core.ApplicationContext.log Manager: list: Listing contexts for virtual host 'localhost'
28-May-2022 16:48:48.810 INFO [http-nio-8090-exec-159] org.apache.catalina.core.ApplicationContext.log Manager: restart: Reloading web application '/Store'
28-May-2022 16:48:50.811 INFO [http-nio-8090-exec-153] org.apache.catalina.core.ApplicationContext.log Manager: list: Listing contexts for virtual host 'localhost'
28-May-2022 16:48:50.828 INFO [http-nio-8090-exec-161] org.apache.catalina.core.ApplicationContext.log Manager: restart: Reloading web application '/Store'
28-May-2022 16:48:53.235 INFO [http-nio-8090-exec-165] org.apache.catalina.core.ApplicationContext.log Manager: list: Listing contexts for virtual host 'localhost'
28-May-2022 16:48:53.251 INFO [http-nio-8090-exec-163] org.apache.catalina.core.ApplicationContext.log Manager: restart: Reloading web application '/Store'
28-May-2022 16:48:55.769 INFO [http-nio-8090-exec-166] org.apache.catalina.core.ApplicationContext.log Manager: list: Listing contexts for virtual host 'localhost'
28-May-2022 16:48:55.784 INFO [http-nio-8090-exec-151] org.apache.catalina.core.ApplicationContext.log Manager: restart: Reloading web application '/Store'
28-May-2022 16:50:01.339 INFO [http-nio-8090-exec-169] org.apache.catalina.core.ApplicationContext.log Manager: list: Listing contexts for virtual host 'localhost'
28-May-2022 16:50:01.382 INFO [http-nio-8090-exec-156] org.apache.catalina.core.ApplicationContext.log Manager: restart: Reloading web application '/Store'
28-May-2022 16:50:03.879 INFO [http-nio-8090-exec-173] org.apache.catalina.core.ApplicationContext.log Manager: list: Listing contexts for virtual host 'localhost'
28-May-2022 16:50:03.900 INFO [http-nio-8090-exec-172] org.apache.catalina.core.ApplicationContext.log Manager: restart: Reloading web application '/Store'
28-May-2022 16:50:06.358 INFO [http-nio-8090-exec-153] org.apache.catalina.core.ApplicationContext.log Manager: list: Listing contexts for virtual host 'localhost'
28-May-2022 16:50:06.381 INFO [http-nio-8090-exec-169] org.apache.catalina.core.ApplicationContext.log Manager: restart: Reloading web application '/Store'
28-May-2022 16:50:08.887 INFO [http-nio-8090-exec-170] org.apache.catalina.core.ApplicationContext.log Manager: list: Listing contexts for virtual host 'localhost'
28-May-2022 16:50:08.905 INFO [http-nio-8090-exec-175] org.apache.catalina.core.ApplicationContext.log Manager: restart: Reloading web application '/Store'
28-May-2022 16:50:11.758 INFO [http-nio-8090-exec-153] org.apache.catalina.core.ApplicationContext.log Manager: list: Listing contexts for virtual host 'localhost'
28-May-2022 16:50:11.773 INFO [http-nio-8090-exec-176] org.apache.catalina.core.ApplicationContext.log Manager: restart: Reloading web application '/Store'
28-May-2022 16:50:41.097 INFO [http-nio-8090-exec-171] org.apache.catalina.core.ApplicationContext.log Manager: list: Listing contexts for virtual host 'localhost'
28-May-2022 16:50:41.115 INFO [http-nio-8090-exec-164] org.apache.catalina.core.ApplicationContext.log Manager: restart: Reloading web application '/Store'
28-May-2022 16:50:43.501 INFO [http-nio-8090-exec-178] org.apache.catalina.core.ApplicationContext.log Manager: list: Listing contexts for virtual host 'localhost'
28-May-2022 16:50:43.514 INFO [http-nio-8090-exec-153] org.apache.catalina.core.ApplicationContext.log Manager: restart: Reloading web application '/Store'
28-May-2022 16:50:48.876 INFO [http-nio-8090-exec-181] org.apache.catalina.core.ApplicationContext.log Manager: list: Listing contexts for virtual host 'localhost'
28-May-2022 16:50:48.898 INFO [http-nio-8090-exec-170] org.apache.catalina.core.ApplicationContext.log Manager: restart: Reloading web application '/Store'
28-May-2022 16:51:30.343 INFO [http-nio-8090-exec-180] org.apache.catalina.core.ApplicationContext.log Manager: list: Listing contexts for virtual host 'localhost'
28-May-2022 16:51:30.349 INFO [http-nio-8090-exec-174] org.apache.catalina.core.ApplicationContext.log Manager: list: Listing contexts for virtual host 'localhost'
28-May-2022 16:51:30.415 INFO [http-nio-8090-exec-182] org.apache.catalina.core.ApplicationContext.log Manager: undeploy: Undeploying web application at '/Store'
28-May-2022 16:51:30.979 INFO [http-nio-8090-exec-179] org.apache.catalina.core.ApplicationContext.log Manager: install: Installing context configuration at 'file:/C:/Users/ACERES~1/AppData/Local/Temp/context254982547104935564.xml'
28-May-2022 16:51:59.039 INFO [http-nio-8090-exec-180] org.apache.catalina.core.ApplicationContext.log Manager: start: Starting web application '/Store'
28-May-2022 16:53:48.360 INFO [http-nio-8090-exec-187] org.apache.catalina.core.ApplicationContext.log Manager: list: Listing contexts for virtual host 'localhost'
28-May-2022 16:53:48.376 INFO [http-nio-8090-exec-188] org.apache.catalina.core.ApplicationContext.log Manager: restart: Reloading web application '/Store'
28-May-2022 16:53:53.883 INFO [http-nio-8090-exec-196] org.apache.catalina.core.ApplicationContext.log Manager: list: Listing contexts for virtual host 'localhost'
28-May-2022 16:53:53.902 INFO [http-nio-8090-exec-193] org.apache.catalina.core.ApplicationContext.log Manager: restart: Reloading web application '/Store'
28-May-2022 16:54:55.176 INFO [http-nio-8090-exec-198] org.apache.catalina.core.ApplicationContext.log Manager: list: Listing contexts for virtual host 'localhost'
28-May-2022 16:54:55.195 INFO [http-nio-8090-exec-195] org.apache.catalina.core.ApplicationContext.log Manager: restart: Reloading web application '/Store'
28-May-2022 16:55:14.689 INFO [http-nio-8090-exec-198] org.apache.catalina.core.ApplicationContext.log Manager: list: Listing contexts for virtual host 'localhost'
28-May-2022 16:55:14.704 INFO [http-nio-8090-exec-199] org.apache.catalina.core.ApplicationContext.log Manager: restart: Reloading web application '/Store'
28-May-2022 16:55:19.498 INFO [http-nio-8090-exec-203] org.apache.catalina.core.ApplicationContext.log Manager: list: Listing contexts for virtual host 'localhost'
28-May-2022 16:55:19.530 INFO [http-nio-8090-exec-201] org.apache.catalina.core.ApplicationContext.log Manager: list: Listing contexts for virtual host 'localhost'
28-May-2022 16:55:19.641 INFO [http-nio-8090-exec-202] org.apache.catalina.core.ApplicationContext.log Manager: restart: Reloading web application '/Store'
28-May-2022 16:55:47.381 INFO [http-nio-8090-exec-211] org.apache.catalina.core.ApplicationContext.log Manager: list: Listing contexts for virtual host 'localhost'
28-May-2022 16:55:47.399 INFO [http-nio-8090-exec-203] org.apache.catalina.core.ApplicationContext.log Manager: restart: Reloading web application '/Store'
28-May-2022 16:55:59.862 INFO [http-nio-8090-exec-214] org.apache.catalina.core.ApplicationContext.log Manager: list: Listing contexts for virtual host 'localhost'
28-May-2022 16:55:59.871 INFO [http-nio-8090-exec-204] org.apache.catalina.core.ApplicationContext.log Manager: list: Listing contexts for virtual host 'localhost'
28-May-2022 16:55:59.987 INFO [http-nio-8090-exec-207] org.apache.catalina.core.ApplicationContext.log Manager: restart: Reloading web application '/Store'
28-May-2022 16:59:10.831 INFO [http-nio-8090-exec-215] org.apache.catalina.core.ApplicationContext.log Manager: list: Listing contexts for virtual host 'localhost'
28-May-2022 16:59:10.854 INFO [http-nio-8090-exec-217] org.apache.catalina.core.ApplicationContext.log Manager: restart: Reloading web application '/Store'
28-May-2022 17:00:32.843 INFO [http-nio-8090-exec-227] org.apache.catalina.core.ApplicationContext.log Manager: list: Listing contexts for virtual host 'localhost'
28-May-2022 17:00:32.911 INFO [http-nio-8090-exec-228] org.apache.catalina.core.ApplicationContext.log Manager: restart: Reloading web application '/Store'
28-May-2022 17:00:38.932 INFO [http-nio-8090-exec-222] org.apache.catalina.core.ApplicationContext.log Manager: list: Listing contexts for virtual host 'localhost'
28-May-2022 17:00:38.943 INFO [http-nio-8090-exec-229] org.apache.catalina.core.ApplicationContext.log Manager: list: Listing contexts for virtual host 'localhost'
28-May-2022 17:00:39.094 INFO [http-nio-8090-exec-222] org.apache.catalina.core.ApplicationContext.log Manager: restart: Reloading web application '/Store'
