12-Apr-2022 15:16:28.452 INFO [http-nio-8090-exec-8] org.apache.catalina.core.ApplicationContext.log Manager: init: Associated with Deployer 'Catalina:type=Deployer,host=localhost'
12-Apr-2022 15:16:28.452 INFO [http-nio-8090-exec-8] org.apache.catalina.core.ApplicationContext.log Manager: init: Global resources are available
12-Apr-2022 15:16:28.676 INFO [http-nio-8090-exec-1] org.apache.catalina.core.ApplicationContext.log Manager: list: Listing contexts for virtual host 'localhost'
12-Apr-2022 15:16:28.704 INFO [http-nio-8090-exec-2] org.apache.catalina.core.ApplicationContext.log Manager: list: Listing contexts for virtual host 'localhost'
12-Apr-2022 15:16:28.962 INFO [http-nio-8090-exec-4] org.apache.catalina.core.ApplicationContext.log Manager: restart: Reloading web application '/Store'
12-Apr-2022 15:28:45.628 INFO [http-nio-8090-exec-15] org.apache.catalina.core.ApplicationContext.log Manager: list: Listing contexts for virtual host 'localhost'
12-Apr-2022 15:28:45.656 INFO [http-nio-8090-exec-13] org.apache.catalina.core.ApplicationContext.log Manager: restart: Reloading web application '/Store'
12-Apr-2022 15:28:50.032 INFO [http-nio-8090-exec-22] org.apache.catalina.core.ApplicationContext.log Manager: list: Listing contexts for virtual host 'localhost'
12-Apr-2022 15:28:50.083 INFO [http-nio-8090-exec-19] org.apache.catalina.core.ApplicationContext.log Manager: restart: Reloading web application '/Store'
12-Apr-2022 15:28:53.234 INFO [http-nio-8090-exec-23] org.apache.catalina.core.ApplicationContext.log Manager: list: Listing contexts for virtual host 'localhost'
12-Apr-2022 15:28:53.252 INFO [http-nio-8090-exec-12] org.apache.catalina.core.ApplicationContext.log Manager: restart: Reloading web application '/Store'
12-Apr-2022 15:28:57.492 INFO [http-nio-8090-exec-21] org.apache.catalina.core.ApplicationContext.log Manager: list: Listing contexts for virtual host 'localhost'
12-Apr-2022 15:28:57.509 INFO [http-nio-8090-exec-15] org.apache.catalina.core.ApplicationContext.log Manager: restart: Reloading web application '/Store'
12-Apr-2022 15:29:03.901 INFO [http-nio-8090-exec-20] org.apache.catalina.core.ApplicationContext.log Manager: list: Listing contexts for virtual host 'localhost'
12-Apr-2022 15:29:03.921 INFO [http-nio-8090-exec-22] org.apache.catalina.core.ApplicationContext.log Manager: restart: Reloading web application '/Store'
12-Apr-2022 15:29:15.681 INFO [http-nio-8090-exec-24] org.apache.catalina.core.ApplicationContext.log Manager: list: Listing contexts for virtual host 'localhost'
12-Apr-2022 15:29:15.704 INFO [http-nio-8090-exec-16] org.apache.catalina.core.ApplicationContext.log Manager: restart: Reloading web application '/Store'
12-Apr-2022 15:32:47.143 INFO [http-nio-8090-exec-7] org.apache.catalina.core.ApplicationContext.log Manager: init: Associated with Deployer 'Catalina:type=Deployer,host=localhost'
12-Apr-2022 15:32:47.144 INFO [http-nio-8090-exec-7] org.apache.catalina.core.ApplicationContext.log Manager: init: Global resources are available
12-Apr-2022 15:33:03.173 INFO [http-nio-8090-exec-1] org.apache.catalina.core.ApplicationContext.log Manager: list: Listing contexts for virtual host 'localhost'
12-Apr-2022 15:33:03.189 INFO [http-nio-8090-exec-3] org.apache.catalina.core.ApplicationContext.log Manager: list: Listing contexts for virtual host 'localhost'
12-Apr-2022 15:33:03.234 INFO [http-nio-8090-exec-6] org.apache.catalina.core.ApplicationContext.log Manager: undeploy: Undeploying web application at '/Store'
12-Apr-2022 15:33:04.354 INFO [http-nio-8090-exec-3] org.apache.catalina.core.ApplicationContext.log Manager: install: Installing context configuration at 'file:/C:/Users/ACERES~1/AppData/Local/Temp/context4145981506894114091.xml'
12-Apr-2022 15:33:11.950 INFO [http-nio-8090-exec-8] org.apache.catalina.core.ApplicationContext.log Manager: start: Starting web application '/Store'
12-Apr-2022 15:39:58.984 INFO [http-nio-8090-exec-16] org.apache.catalina.core.ApplicationContext.log Manager: list: Listing contexts for virtual host 'localhost'
12-Apr-2022 15:39:59.003 INFO [http-nio-8090-exec-18] org.apache.catalina.core.ApplicationContext.log Manager: restart: Reloading web application '/Store'
12-Apr-2022 15:40:06.431 INFO [http-nio-8090-exec-20] org.apache.catalina.core.ApplicationContext.log Manager: list: Listing contexts for virtual host 'localhost'
12-Apr-2022 15:40:06.459 INFO [http-nio-8090-exec-14] org.apache.catalina.core.ApplicationContext.log Manager: restart: Reloading web application '/Store'
12-Apr-2022 15:40:19.734 INFO [http-nio-8090-exec-21] org.apache.catalina.core.ApplicationContext.log Manager: list: Listing contexts for virtual host 'localhost'
12-Apr-2022 15:40:19.759 INFO [http-nio-8090-exec-19] org.apache.catalina.core.ApplicationContext.log Manager: restart: Reloading web application '/Store'
12-Apr-2022 15:40:37.134 INFO [http-nio-8090-exec-26] org.apache.catalina.core.ApplicationContext.log Manager: list: Listing contexts for virtual host 'localhost'
12-Apr-2022 15:40:37.162 INFO [http-nio-8090-exec-20] org.apache.catalina.core.ApplicationContext.log Manager: restart: Reloading web application '/Store'
12-Apr-2022 15:54:41.596 INFO [http-nio-8090-exec-28] org.apache.catalina.core.ApplicationContext.log Manager: list: Listing contexts for virtual host 'localhost'
12-Apr-2022 15:54:41.652 INFO [http-nio-8090-exec-31] org.apache.catalina.core.ApplicationContext.log Manager: list: Listing contexts for virtual host 'localhost'
12-Apr-2022 15:54:41.709 INFO [http-nio-8090-exec-32] org.apache.catalina.core.ApplicationContext.log Manager: undeploy: Undeploying web application at '/Store'
12-Apr-2022 15:54:42.267 INFO [http-nio-8090-exec-33] org.apache.catalina.core.ApplicationContext.log Manager: install: Installing context configuration at 'file:/C:/Users/ACERES~1/AppData/Local/Temp/context946627413609256865.xml'
12-Apr-2022 15:54:59.325 INFO [http-nio-8090-exec-27] org.apache.catalina.core.ApplicationContext.log Manager: start: Starting web application '/Store'
12-Apr-2022 15:56:42.347 INFO [http-nio-8090-exec-41] org.apache.catalina.core.ApplicationContext.log Manager: list: Listing contexts for virtual host 'localhost'
12-Apr-2022 15:56:42.366 INFO [http-nio-8090-exec-43] org.apache.catalina.core.ApplicationContext.log Manager: restart: Reloading web application '/Store'
12-Apr-2022 15:57:02.303 INFO [http-nio-8090-exec-39] org.apache.catalina.core.ApplicationContext.log Manager: list: Listing contexts for virtual host 'localhost'
12-Apr-2022 15:57:02.318 INFO [http-nio-8090-exec-45] org.apache.catalina.core.ApplicationContext.log Manager: list: Listing contexts for virtual host 'localhost'
12-Apr-2022 15:57:02.369 INFO [http-nio-8090-exec-49] org.apache.catalina.core.ApplicationContext.log Manager: undeploy: Undeploying web application at '/Store'
12-Apr-2022 15:57:02.957 INFO [http-nio-8090-exec-45] org.apache.catalina.core.ApplicationContext.log Manager: install: Installing context configuration at 'file:/C:/Users/ACERES~1/AppData/Local/Temp/context6861743744563967666.xml'
12-Apr-2022 16:20:31.470 INFO [http-nio-8090-exec-52] org.apache.catalina.core.ApplicationContext.log Manager: list: Listing contexts for virtual host 'localhost'
12-Apr-2022 16:20:31.503 INFO [http-nio-8090-exec-55] org.apache.catalina.core.ApplicationContext.log Manager: list: Listing contexts for virtual host 'localhost'
12-Apr-2022 16:20:31.587 INFO [http-nio-8090-exec-50] org.apache.catalina.core.ApplicationContext.log Manager: undeploy: Undeploying web application at '/Store'
12-Apr-2022 16:20:32.146 INFO [http-nio-8090-exec-59] org.apache.catalina.core.ApplicationContext.log Manager: install: Installing context configuration at 'file:/C:/Users/ACERES~1/AppData/Local/Temp/context2849221561248784340.xml'
12-Apr-2022 16:20:38.439 INFO [http-nio-8090-exec-53] org.apache.catalina.core.ApplicationContext.log Manager: start: Starting web application '/Store'
12-Apr-2022 16:25:19.514 INFO [http-nio-8090-exec-64] org.apache.catalina.core.ApplicationContext.log Manager: list: Listing contexts for virtual host 'localhost'
12-Apr-2022 16:25:19.532 INFO [http-nio-8090-exec-66] org.apache.catalina.core.ApplicationContext.log Manager: restart: Reloading web application '/Store'
12-Apr-2022 16:25:40.060 INFO [http-nio-8090-exec-65] org.apache.catalina.core.ApplicationContext.log Manager: list: Listing contexts for virtual host 'localhost'
12-Apr-2022 16:25:40.079 INFO [http-nio-8090-exec-67] org.apache.catalina.core.ApplicationContext.log Manager: restart: Reloading web application '/Store'
12-Apr-2022 16:25:55.789 INFO [http-nio-8090-exec-60] org.apache.catalina.core.ApplicationContext.log Manager: list: Listing contexts for virtual host 'localhost'
12-Apr-2022 16:25:55.806 INFO [http-nio-8090-exec-69] org.apache.catalina.core.ApplicationContext.log Manager: list: Listing contexts for virtual host 'localhost'
12-Apr-2022 16:25:55.857 INFO [http-nio-8090-exec-62] org.apache.catalina.core.ApplicationContext.log Manager: undeploy: Undeploying web application at '/Store'
12-Apr-2022 16:25:56.443 INFO [http-nio-8090-exec-73] org.apache.catalina.core.ApplicationContext.log Manager: install: Installing context configuration at 'file:/C:/Users/ACERES~1/AppData/Local/Temp/context4503079518741860445.xml'
12-Apr-2022 16:26:54.437 INFO [http-nio-8090-exec-63] org.apache.catalina.core.ApplicationContext.log Manager: start: Starting web application '/Store'
12-Apr-2022 16:32:04.428 INFO [http-nio-8090-exec-79] org.apache.catalina.core.ApplicationContext.log Manager: list: Listing contexts for virtual host 'localhost'
12-Apr-2022 16:32:04.443 INFO [http-nio-8090-exec-80] org.apache.catalina.core.ApplicationContext.log Manager: restart: Reloading web application '/Store'
12-Apr-2022 16:32:28.932 INFO [http-nio-8090-exec-86] org.apache.catalina.core.ApplicationContext.log Manager: list: Listing contexts for virtual host 'localhost'
12-Apr-2022 16:32:28.954 INFO [http-nio-8090-exec-79] org.apache.catalina.core.ApplicationContext.log Manager: restart: Reloading web application '/Store'
12-Apr-2022 16:32:53.808 INFO [http-nio-8090-exec-85] org.apache.catalina.core.ApplicationContext.log Manager: list: Listing contexts for virtual host 'localhost'
12-Apr-2022 16:32:53.818 INFO [http-nio-8090-exec-89] org.apache.catalina.core.ApplicationContext.log Manager: list: Listing contexts for virtual host 'localhost'
12-Apr-2022 16:32:53.886 INFO [http-nio-8090-exec-81] org.apache.catalina.core.ApplicationContext.log Manager: undeploy: Undeploying web application at '/Store'
12-Apr-2022 16:32:55.029 INFO [http-nio-8090-exec-76] org.apache.catalina.core.ApplicationContext.log Manager: install: Installing context configuration at 'file:/C:/Users/ACERES~1/AppData/Local/Temp/context12282481841756279926.xml'
12-Apr-2022 16:34:18.080 INFO [http-nio-8090-exec-75] org.apache.catalina.core.ApplicationContext.log Manager: start: Starting web application '/Store'
