09-May-2022 19:22:16.258 INFO [http-nio-8090-exec-11] org.apache.catalina.core.ApplicationContext.log Manager: init: Associated with Deployer 'Catalina:type=Deployer,host=localhost'
09-May-2022 19:22:16.259 INFO [http-nio-8090-exec-11] org.apache.catalina.core.ApplicationContext.log Manager: init: Global resources are available
09-May-2022 19:22:16.718 INFO [http-nio-8090-exec-10] org.apache.catalina.core.ApplicationContext.log Manager: list: Listing contexts for virtual host 'localhost'
09-May-2022 19:22:16.729 INFO [http-nio-8090-exec-11] org.apache.catalina.core.ApplicationContext.log Manager: list: Listing contexts for virtual host 'localhost'
09-May-2022 19:27:53.519 INFO [http-nio-8090-exec-7] org.apache.catalina.core.ApplicationContext.log Manager: list: Listing contexts for virtual host 'localhost'
09-May-2022 19:32:34.792 INFO [http-nio-8090-exec-9] org.apache.catalina.core.ApplicationContext.log Manager: list: Listing contexts for virtual host 'localhost'
09-May-2022 19:32:34.833 INFO [http-nio-8090-exec-7] org.apache.catalina.core.ApplicationContext.log Manager: restart: Reloading web application '/Store'
09-May-2022 19:32:41.163 INFO [http-nio-8090-exec-2] org.apache.catalina.core.ApplicationContext.log Manager: list: Listing contexts for virtual host 'localhost'
09-May-2022 19:32:41.182 INFO [http-nio-8090-exec-5] org.apache.catalina.core.ApplicationContext.log Manager: restart: Reloading web application '/Store'
09-May-2022 19:32:48.278 INFO [http-nio-8090-exec-2] org.apache.catalina.core.ApplicationContext.log Manager: list: Listing contexts for virtual host 'localhost'
09-May-2022 19:32:48.307 INFO [http-nio-8090-exec-13] org.apache.catalina.core.ApplicationContext.log Manager: restart: Reloading web application '/Store'
09-May-2022 19:33:04.067 INFO [http-nio-8090-exec-15] org.apache.catalina.core.ApplicationContext.log Manager: list: Listing contexts for virtual host 'localhost'
09-May-2022 19:33:04.102 INFO [http-nio-8090-exec-12] org.apache.catalina.core.ApplicationContext.log Manager: restart: Reloading web application '/Store'
09-May-2022 19:35:57.459 INFO [http-nio-8090-exec-18] org.apache.catalina.core.ApplicationContext.log Manager: list: Listing contexts for virtual host 'localhost'
09-May-2022 19:36:08.441 INFO [http-nio-8090-exec-25] org.apache.catalina.core.ApplicationContext.log Manager: list: Listing contexts for virtual host 'localhost'
09-May-2022 19:36:13.524 INFO [http-nio-8090-exec-21] org.apache.catalina.core.ApplicationContext.log Manager: list: Listing contexts for virtual host 'localhost'
09-May-2022 19:38:00.298 INFO [http-nio-8090-exec-21] org.apache.catalina.core.ApplicationContext.log Manager: list: Listing contexts for virtual host 'localhost'
09-May-2022 19:38:00.326 INFO [http-nio-8090-exec-22] org.apache.catalina.core.ApplicationContext.log Manager: restart: Reloading web application '/Store'
09-May-2022 19:38:35.768 INFO [http-nio-8090-exec-29] org.apache.catalina.core.ApplicationContext.log Manager: list: Listing contexts for virtual host 'localhost'
09-May-2022 19:38:44.560 INFO [http-nio-8090-exec-28] org.apache.catalina.core.ApplicationContext.log Manager: list: Listing contexts for virtual host 'localhost'
09-May-2022 19:39:39.168 INFO [http-nio-8090-exec-10] org.apache.catalina.core.ApplicationContext.log Manager: init: Associated with Deployer 'Catalina:type=Deployer,host=localhost'
09-May-2022 19:39:39.169 INFO [http-nio-8090-exec-10] org.apache.catalina.core.ApplicationContext.log Manager: init: Global resources are available
09-May-2022 19:39:48.978 INFO [http-nio-8090-exec-8] org.apache.catalina.core.ApplicationContext.log Manager: list: Listing contexts for virtual host 'localhost'
09-May-2022 19:39:49.000 INFO [http-nio-8090-exec-6] org.apache.catalina.core.ApplicationContext.log Manager: list: Listing contexts for virtual host 'localhost'
09-May-2022 19:39:49.066 INFO [http-nio-8090-exec-9] org.apache.catalina.core.ApplicationContext.log Manager: undeploy: Undeploying web application at '/Store'
09-May-2022 19:39:50.172 INFO [http-nio-8090-exec-8] org.apache.catalina.core.ApplicationContext.log Manager: install: Installing context configuration at 'file:/C:/Users/ACERES~1/AppData/Local/Temp/context14903199191861187780.xml'
09-May-2022 19:41:37.870 INFO [http-nio-8090-exec-11] org.apache.catalina.core.ApplicationContext.log Manager: start: Starting web application '/Store'
09-May-2022 19:48:32.852 INFO [http-nio-8090-exec-11] org.apache.catalina.core.ApplicationContext.log Manager: list: Listing contexts for virtual host 'localhost'
09-May-2022 19:48:32.860 INFO [http-nio-8090-exec-14] org.apache.catalina.core.ApplicationContext.log Manager: list: Listing contexts for virtual host 'localhost'
09-May-2022 19:48:32.885 INFO [http-nio-8090-exec-15] org.apache.catalina.core.ApplicationContext.log Manager: undeploy: Undeploying web application at '/Store'
09-May-2022 19:48:33.954 INFO [http-nio-8090-exec-20] org.apache.catalina.core.ApplicationContext.log Manager: install: Installing context configuration at 'file:/C:/Users/ACERES~1/AppData/Local/Temp/context2764838329177858435.xml'
09-May-2022 19:48:43.417 INFO [http-nio-8090-exec-17] org.apache.catalina.core.ApplicationContext.log Manager: start: Starting web application '/Store'
09-May-2022 19:52:59.830 INFO [http-nio-8090-exec-22] org.apache.catalina.core.ApplicationContext.log Manager: list: Listing contexts for virtual host 'localhost'
09-May-2022 19:53:19.643 INFO [http-nio-8090-exec-30] org.apache.catalina.core.ApplicationContext.log Manager: list: Listing contexts for virtual host 'localhost'
09-May-2022 19:53:22.291 INFO [http-nio-8090-exec-22] org.apache.catalina.core.ApplicationContext.log Manager: list: Listing contexts for virtual host 'localhost'
09-May-2022 19:53:22.319 INFO [http-nio-8090-exec-27] org.apache.catalina.core.ApplicationContext.log Manager: list: Listing contexts for virtual host 'localhost'
09-May-2022 19:54:19.922 INFO [http-nio-8090-exec-29] org.apache.catalina.core.ApplicationContext.log Manager: list: Listing contexts for virtual host 'localhost'
09-May-2022 19:54:19.933 INFO [http-nio-8090-exec-29] org.apache.catalina.core.ApplicationContext.log Manager: list: Listing contexts for virtual host 'localhost'
09-May-2022 19:54:20.000 INFO [http-nio-8090-exec-21] org.apache.catalina.core.ApplicationContext.log Manager: undeploy: Undeploying web application at '/Store'
09-May-2022 19:54:20.596 INFO [http-nio-8090-exec-27] org.apache.catalina.core.ApplicationContext.log Manager: install: Installing context configuration at 'file:/C:/Users/ACERES~1/AppData/Local/Temp/context17439901082372580587.xml'
09-May-2022 19:54:26.887 INFO [http-nio-8090-exec-30] org.apache.catalina.core.ApplicationContext.log Manager: start: Starting web application '/Store'
09-May-2022 19:56:32.506 INFO [http-nio-8090-exec-23] org.apache.catalina.core.ApplicationContext.log Manager: list: Listing contexts for virtual host 'localhost'
09-May-2022 19:57:00.380 INFO [http-nio-8090-exec-32] org.apache.catalina.core.ApplicationContext.log Manager: list: Listing contexts for virtual host 'localhost'
09-May-2022 19:57:00.389 INFO [http-nio-8090-exec-31] org.apache.catalina.core.ApplicationContext.log Manager: list: Listing contexts for virtual host 'localhost'
09-May-2022 21:09:32.427 INFO [http-nio-8090-exec-36] org.apache.catalina.core.ApplicationContext.log Manager: list: Listing contexts for virtual host 'localhost'
09-May-2022 21:09:32.449 INFO [http-nio-8090-exec-40] org.apache.catalina.core.ApplicationContext.log Manager: restart: Reloading web application '/Store'
09-May-2022 21:11:00.472 INFO [http-nio-8090-exec-42] org.apache.catalina.core.ApplicationContext.log Manager: list: Listing contexts for virtual host 'localhost'
09-May-2022 21:11:00.488 INFO [http-nio-8090-exec-37] org.apache.catalina.core.ApplicationContext.log Manager: restart: Reloading web application '/Store'
09-May-2022 21:11:09.603 INFO [http-nio-8090-exec-45] org.apache.catalina.core.ApplicationContext.log Manager: list: Listing contexts for virtual host 'localhost'
09-May-2022 21:11:09.616 INFO [http-nio-8090-exec-43] org.apache.catalina.core.ApplicationContext.log Manager: list: Listing contexts for virtual host 'localhost'
09-May-2022 21:11:09.753 INFO [http-nio-8090-exec-33] org.apache.catalina.core.ApplicationContext.log Manager: restart: Reloading web application '/Store'
09-May-2022 21:16:35.268 INFO [http-nio-8090-exec-52] org.apache.catalina.core.ApplicationContext.log Manager: list: Listing contexts for virtual host 'localhost'
09-May-2022 21:16:35.283 INFO [http-nio-8090-exec-47] org.apache.catalina.core.ApplicationContext.log Manager: restart: Reloading web application '/Store'
09-May-2022 21:17:00.916 INFO [http-nio-8090-exec-49] org.apache.catalina.core.ApplicationContext.log Manager: list: Listing contexts for virtual host 'localhost'
09-May-2022 21:17:03.108 INFO [http-nio-8090-exec-55] org.apache.catalina.core.ApplicationContext.log Manager: list: Listing contexts for virtual host 'localhost'
09-May-2022 21:17:03.118 INFO [http-nio-8090-exec-56] org.apache.catalina.core.ApplicationContext.log Manager: list: Listing contexts for virtual host 'localhost'
09-May-2022 21:17:03.275 INFO [http-nio-8090-exec-48] org.apache.catalina.core.ApplicationContext.log Manager: restart: Reloading web application '/Store'
09-May-2022 21:17:53.784 INFO [http-nio-8090-exec-62] org.apache.catalina.core.ApplicationContext.log Manager: list: Listing contexts for virtual host 'localhost'
09-May-2022 21:18:14.945 INFO [http-nio-8090-exec-64] org.apache.catalina.core.ApplicationContext.log Manager: list: Listing contexts for virtual host 'localhost'
09-May-2022 21:20:20.741 INFO [http-nio-8090-exec-60] org.apache.catalina.core.ApplicationContext.log Manager: list: Listing contexts for virtual host 'localhost'
09-May-2022 21:20:20.750 INFO [http-nio-8090-exec-68] org.apache.catalina.core.ApplicationContext.log Manager: list: Listing contexts for virtual host 'localhost'
09-May-2022 21:21:42.550 INFO [http-nio-8090-exec-66] org.apache.catalina.core.ApplicationContext.log Manager: list: Listing contexts for virtual host 'localhost'
09-May-2022 21:21:56.977 INFO [http-nio-8090-exec-64] org.apache.catalina.core.ApplicationContext.log Manager: list: Listing contexts for virtual host 'localhost'
09-May-2022 21:22:18.016 INFO [http-nio-8090-exec-69] org.apache.catalina.core.ApplicationContext.log Manager: list: Listing contexts for virtual host 'localhost'
09-May-2022 21:22:40.533 INFO [http-nio-8090-exec-65] org.apache.catalina.core.ApplicationContext.log Manager: list: Listing contexts for virtual host 'localhost'
09-May-2022 21:23:05.438 INFO [http-nio-8090-exec-65] org.apache.catalina.core.ApplicationContext.log Manager: list: Listing contexts for virtual host 'localhost'
09-May-2022 21:23:22.201 INFO [http-nio-8090-exec-61] org.apache.catalina.core.ApplicationContext.log Manager: list: Listing contexts for virtual host 'localhost'
09-May-2022 21:24:12.809 INFO [http-nio-8090-exec-66] org.apache.catalina.core.ApplicationContext.log Manager: list: Listing contexts for virtual host 'localhost'
09-May-2022 21:24:12.818 INFO [http-nio-8090-exec-68] org.apache.catalina.core.ApplicationContext.log Manager: list: Listing contexts for virtual host 'localhost'
09-May-2022 21:25:00.656 INFO [http-nio-8090-exec-60] org.apache.catalina.core.ApplicationContext.log Manager: list: Listing contexts for virtual host 'localhost'
09-May-2022 21:25:00.663 INFO [http-nio-8090-exec-65] org.apache.catalina.core.ApplicationContext.log Manager: list: Listing contexts for virtual host 'localhost'
09-May-2022 21:30:01.626 INFO [http-nio-8090-exec-62] org.apache.catalina.core.ApplicationContext.log Manager: list: Listing contexts for virtual host 'localhost'
09-May-2022 21:30:01.642 INFO [http-nio-8090-exec-64] org.apache.catalina.core.ApplicationContext.log Manager: restart: Reloading web application '/Store'
09-May-2022 21:31:50.741 INFO [http-nio-8090-exec-69] org.apache.catalina.core.ApplicationContext.log Manager: list: Listing contexts for virtual host 'localhost'
09-May-2022 21:31:50.757 INFO [http-nio-8090-exec-63] org.apache.catalina.core.ApplicationContext.log Manager: restart: Reloading web application '/Store'
09-May-2022 21:32:28.342 INFO [http-nio-8090-exec-72] org.apache.catalina.core.ApplicationContext.log Manager: list: Listing contexts for virtual host 'localhost'
09-May-2022 21:32:28.359 INFO [http-nio-8090-exec-68] org.apache.catalina.core.ApplicationContext.log Manager: restart: Reloading web application '/Store'
09-May-2022 21:32:30.716 INFO [http-nio-8090-exec-69] org.apache.catalina.core.ApplicationContext.log Manager: list: Listing contexts for virtual host 'localhost'
09-May-2022 21:32:30.723 INFO [http-nio-8090-exec-65] org.apache.catalina.core.ApplicationContext.log Manager: list: Listing contexts for virtual host 'localhost'
09-May-2022 21:32:30.857 INFO [http-nio-8090-exec-70] org.apache.catalina.core.ApplicationContext.log Manager: restart: Reloading web application '/Store'
09-May-2022 21:33:06.052 INFO [http-nio-8090-exec-83] org.apache.catalina.core.ApplicationContext.log Manager: list: Listing contexts for virtual host 'localhost'
09-May-2022 21:33:16.215 INFO [http-nio-8090-exec-80] org.apache.catalina.core.ApplicationContext.log Manager: list: Listing contexts for virtual host 'localhost'
09-May-2022 21:33:28.225 INFO [http-nio-8090-exec-79] org.apache.catalina.core.ApplicationContext.log Manager: list: Listing contexts for virtual host 'localhost'
09-May-2022 21:33:28.236 INFO [http-nio-8090-exec-74] org.apache.catalina.core.ApplicationContext.log Manager: list: Listing contexts for virtual host 'localhost'
09-May-2022 21:34:25.114 INFO [http-nio-8090-exec-79] org.apache.catalina.core.ApplicationContext.log Manager: list: Listing contexts for virtual host 'localhost'
09-May-2022 21:34:32.419 INFO [http-nio-8090-exec-77] org.apache.catalina.core.ApplicationContext.log Manager: list: Listing contexts for virtual host 'localhost'
09-May-2022 21:34:37.622 INFO [http-nio-8090-exec-80] org.apache.catalina.core.ApplicationContext.log Manager: list: Listing contexts for virtual host 'localhost'
09-May-2022 21:34:40.667 INFO [http-nio-8090-exec-78] org.apache.catalina.core.ApplicationContext.log Manager: list: Listing contexts for virtual host 'localhost'
09-May-2022 21:34:40.683 INFO [http-nio-8090-exec-81] org.apache.catalina.core.ApplicationContext.log Manager: list: Listing contexts for virtual host 'localhost'
09-May-2022 21:37:52.320 INFO [http-nio-8090-exec-79] org.apache.catalina.core.ApplicationContext.log Manager: list: Listing contexts for virtual host 'localhost'
