19-Jun-2022 16:34:40.472 INFO [http-nio-8090-exec-12] org.apache.catalina.core.ApplicationContext.log Manager: list: Listing contexts for virtual host 'localhost'
19-Jun-2022 16:34:51.953 INFO [http-nio-8090-exec-12] org.apache.catalina.core.ApplicationContext.log Manager: list: Listing contexts for virtual host 'localhost'
19-Jun-2022 16:34:54.765 INFO [http-nio-8090-exec-20] org.apache.catalina.core.ApplicationContext.log Manager: undeploy: Undeploying web application at '/Store'
19-Jun-2022 16:35:23.489 INFO [http-nio-8090-exec-12] org.apache.catalina.core.ApplicationContext.log Manager: install: Installing context configuration at 'file:/C:/Users/ACERES~1/AppData/Local/Temp/context13734744320975038160.xml'
19-Jun-2022 16:36:06.268 INFO [http-nio-8090-exec-21] org.apache.catalina.core.ApplicationContext.log Manager: start: Starting web application '/Store'
19-Jun-2022 17:04:34.077 INFO [http-nio-8090-exec-22] org.apache.catalina.core.ApplicationContext.log Manager: list: Listing contexts for virtual host 'localhost'
19-Jun-2022 17:04:34.111 INFO [http-nio-8090-exec-30] org.apache.catalina.core.ApplicationContext.log Manager: list: Listing contexts for virtual host 'localhost'
19-Jun-2022 17:04:34.648 INFO [http-nio-8090-exec-21] org.apache.catalina.core.ApplicationContext.log Manager: undeploy: Undeploying web application at '/Store'
19-Jun-2022 17:04:35.427 INFO [http-nio-8090-exec-25] org.apache.catalina.core.ApplicationContext.log Manager: install: Installing context configuration at 'file:/C:/Users/ACERES~1/AppData/Local/Temp/context82602251160638084.xml'
19-Jun-2022 17:04:39.197 INFO [http-nio-8090-exec-27] org.apache.catalina.core.ApplicationContext.log Manager: start: Starting web application '/Store'
19-Jun-2022 22:38:03.227 INFO [http-nio-8090-exec-38] org.apache.catalina.core.ApplicationContext.log Manager: list: Listing contexts for virtual host 'localhost'
19-Jun-2022 22:38:03.232 INFO [http-nio-8090-exec-40] org.apache.catalina.core.ApplicationContext.log Manager: list: Listing contexts for virtual host 'localhost'
19-Jun-2022 23:14:41.837 INFO [http-nio-8090-exec-36] org.apache.catalina.core.ApplicationContext.log Manager: list: Listing contexts for virtual host 'localhost'
19-Jun-2022 23:14:41.907 INFO [http-nio-8090-exec-31] org.apache.catalina.core.ApplicationContext.log Manager: restart: Reloading web application '/Store'
19-Jun-2022 23:14:48.447 INFO [http-nio-8090-exec-37] org.apache.catalina.core.ApplicationContext.log Manager: list: Listing contexts for virtual host 'localhost'
19-Jun-2022 23:14:48.474 INFO [http-nio-8090-exec-38] org.apache.catalina.core.ApplicationContext.log Manager: restart: Reloading web application '/Store'
19-Jun-2022 23:40:04.663 INFO [http-nio-8090-exec-42] org.apache.catalina.core.ApplicationContext.log Manager: list: Listing contexts for virtual host 'localhost'
19-Jun-2022 23:40:04.718 INFO [http-nio-8090-exec-46] org.apache.catalina.core.ApplicationContext.log Manager: undeploy: Undeploying web application at '/Store'
19-Jun-2022 23:40:05.923 INFO [http-nio-8090-exec-45] org.apache.catalina.core.ApplicationContext.log Manager: install: Installing context configuration at 'file:/C:/Users/ACERES~1/AppData/Local/Temp/context7254581628510259610.xml'
19-Jun-2022 23:40:07.778 INFO [http-nio-8090-exec-47] org.apache.catalina.core.ApplicationContext.log Manager: start: Starting web application '/Store'
